Running 20m test @ http://10.109.59.73:8080/wrk2-api/post/compose
  16 threads and 32 connections
  Thread calibration: mean lat.: 22.308ms, rate sampling interval: 62ms
  Thread calibration: mean lat.: 32.976ms, rate sampling interval: 108ms
  Thread calibration: mean lat.: 21.791ms, rate sampling interval: 62ms
  Thread calibration: mean lat.: 28.106ms, rate sampling interval: 81ms
  Thread calibration: mean lat.: 24.248ms, rate sampling interval: 77ms
  Thread calibration: mean lat.: 20.938ms, rate sampling interval: 67ms
  Thread calibration: mean lat.: 21.737ms, rate sampling interval: 66ms
  Thread calibration: mean lat.: 21.315ms, rate sampling interval: 67ms
  Thread calibration: mean lat.: 29.166ms, rate sampling interval: 80ms
  Thread calibration: mean lat.: 19.791ms, rate sampling interval: 54ms
  Thread calibration: mean lat.: 29.131ms, rate sampling interval: 84ms
  Thread calibration: mean lat.: 26.528ms, rate sampling interval: 72ms
  Thread calibration: mean lat.: 24.647ms, rate sampling interval: 85ms
  Thread calibration: mean lat.: 28.698ms, rate sampling interval: 95ms
  Thread calibration: mean lat.: 26.423ms, rate sampling interval: 66ms
  Thread calibration: mean lat.: 25.129ms, rate sampling interval: 77ms
  Thread Stats   Avg      Stdev     99%   +/- Stdev
    Latency    25.09ms   17.98ms  89.47ms   91.41%
    Req/Sec     5.87      8.98    37.00     86.98%
  Latency Distribution (HdrHistogram - Recorded Latency)
 50.000%   19.69ms
 75.000%   27.53ms
 90.000%   40.58ms
 99.000%   89.47ms
 99.900%  231.81ms
 99.990%  279.30ms
 99.999%    1.03s 
100.000%    1.05s 

  Detailed Percentile spectrum:
       Value   Percentile   TotalCount 1/(1-Percentile)

       2.813     0.000000            1         1.00
      14.535     0.100000        11527         1.11
      15.575     0.200000        22949         1.25
      16.719     0.300000        34437         1.43
      18.031     0.400000        45859         1.67
      19.695     0.500000        57242         2.00
      20.719     0.550000        62954         2.22
      21.919     0.600000        68706         2.50
      23.407     0.650000        74389         2.86
      25.215     0.700000        80102         3.33
      27.535     0.750000        85828         4.00
      28.879     0.775000        88713         4.44
      30.431     0.800000        91545         5.00
      32.207     0.825000        94417         5.71
      34.399     0.850000        97282         6.67
      37.119     0.875000       100133         8.00
      38.751     0.887500       101570         8.89
      40.575     0.900000       102995        10.00
      42.815     0.912500       104435        11.43
      45.343     0.925000       105855        13.33
      48.703     0.937500       107283        16.00
      50.527     0.943750       107991        17.78
      52.863     0.950000       108710        20.00
      55.551     0.956250       109425        22.86
      58.815     0.962500       110138        26.67
      62.527     0.968750       110853        32.00
      64.671     0.971875       111211        35.56
      67.071     0.975000       111571        40.00
      69.951     0.978125       111925        45.71
      73.343     0.981250       112285        53.33
      77.631     0.984375       112643        64.00
      80.127     0.985938       112821        71.11
      83.391     0.987500       112999        80.00
      86.783     0.989062       113177        91.43
      91.199     0.990625       113357       106.67
      96.063     0.992188       113534       128.00
      99.903     0.992969       113624       142.22
     104.895     0.993750       113712       160.00
     110.079     0.994531       113802       182.86
     117.055     0.995313       113891       213.33
     127.551     0.996094       113981       256.00
     133.247     0.996484       114025       284.44
     144.511     0.996875       114070       320.00
     156.159     0.997266       114115       365.71
     174.847     0.997656       114159       426.67
     215.807     0.998047       114205       512.00
     221.439     0.998242       114227       568.89
     224.639     0.998437       114249       640.00
     226.687     0.998633       114271       731.43
     229.375     0.998828       114294       853.33
     232.063     0.999023       114316      1024.00
     233.855     0.999121       114327      1137.78
     235.775     0.999219       114338      1280.00
     237.055     0.999316       114349      1462.86
     241.023     0.999414       114361      1706.67
     242.431     0.999512       114372      2048.00
     243.967     0.999561       114377      2275.56
     246.527     0.999609       114384      2560.00
     248.447     0.999658       114388      2925.71
     249.855     0.999707       114395      3413.33
     253.951     0.999756       114400      4096.00
     256.511     0.999780       114402      4551.11
     258.175     0.999805       114405      5120.00
     262.911     0.999829       114408      5851.43
     264.191     0.999854       114411      6826.67
     268.287     0.999878       114414      8192.00
     269.823     0.999890       114415      9102.22
     279.295     0.999902       114416     10240.00
     294.911     0.999915       114418     11702.86
     295.935     0.999927       114419     13653.33
     296.447     0.999939       114421     16384.00
     296.447     0.999945       114421     18204.44
     312.319     0.999951       114422     20480.00
     316.159     0.999957       114423     23405.71
     316.159     0.999963       114423     27306.67
     331.775     0.999969       114424     32768.00
     331.775     0.999973       114424     36408.89
     404.223     0.999976       114425     40960.00
     404.223     0.999979       114425     46811.43
     404.223     0.999982       114425     54613.33
    1034.751     0.999985       114426     65536.00
    1034.751     0.999986       114426     72817.78
    1034.751     0.999988       114426     81920.00
    1034.751     0.999989       114426     93622.86
    1034.751     0.999991       114426    109226.67
    1049.599     0.999992       114427    131072.00
    1049.599     1.000000       114427          inf
#[Mean    =       25.088, StdDeviation   =       17.983]
#[Max     =     1048.576, Total count    =       114427]
#[Buckets =           27, SubBuckets     =         2048]
----------------------------------------------------------
  115417 requests in 20.00m, 23.67MB read
  Socket errors: connect 0, read 0, write 0, timeout 50
Requests/sec:     96.17
Transfer/sec:     20.19KB
