Running 20m test @ http://10.109.59.73:8080/wrk2-api/home-timeline/read
  16 threads and 32 connections
  Thread calibration: mean lat.: 35.670ms, rate sampling interval: 176ms
  Thread calibration: mean lat.: 50.597ms, rate sampling interval: 235ms
  Thread calibration: mean lat.: 18.780ms, rate sampling interval: 66ms
  Thread calibration: mean lat.: 33.805ms, rate sampling interval: 120ms
  Thread calibration: mean lat.: 30.320ms, rate sampling interval: 114ms
  Thread calibration: mean lat.: 37.893ms, rate sampling interval: 135ms
  Thread calibration: mean lat.: 50.182ms, rate sampling interval: 189ms
  Thread calibration: mean lat.: 20.619ms, rate sampling interval: 72ms
  Thread calibration: mean lat.: 18.086ms, rate sampling interval: 65ms
  Thread calibration: mean lat.: 33.986ms, rate sampling interval: 140ms
  Thread calibration: mean lat.: 29.698ms, rate sampling interval: 112ms
  Thread calibration: mean lat.: 21.987ms, rate sampling interval: 82ms
  Thread calibration: mean lat.: 21.095ms, rate sampling interval: 76ms
  Thread calibration: mean lat.: 45.845ms, rate sampling interval: 180ms
  Thread calibration: mean lat.: 19.521ms, rate sampling interval: 72ms
  Thread calibration: mean lat.: 32.118ms, rate sampling interval: 101ms
  Thread Stats   Avg      Stdev     99%   +/- Stdev
    Latency    62.62ms  241.66ms   1.09s    97.34%
    Req/Sec    36.80     19.40    92.00     68.29%
  Latency Distribution (HdrHistogram - Recorded Latency)
 50.000%   21.30ms
 75.000%   37.53ms
 90.000%   75.58ms
 99.000%    1.09s 
 99.900%    3.39s 
 99.990%    4.74s 
 99.999%    5.01s 
100.000%    5.05s 

  Detailed Percentile spectrum:
       Value   Percentile   TotalCount 1/(1-Percentile)

       2.189     0.000000            1         1.00
      10.647     0.100000        70555         1.11
      12.735     0.200000       141187         1.25
      15.055     0.300000       211749         1.43
      17.839     0.400000       282273         1.67
      21.295     0.500000       352613         2.00
      23.407     0.550000       387850         2.22
      25.903     0.600000       423129         2.50
      28.895     0.650000       458473         2.86
      32.639     0.700000       493633         3.33
      37.535     0.750000       529003         4.00
      40.607     0.775000       546528         4.44
      44.287     0.800000       564084         5.00
      48.959     0.825000       581792         5.71
      54.975     0.850000       599364         6.67
      63.167     0.875000       616978         8.00
      68.671     0.887500       625808         8.89
      75.583     0.900000       634644        10.00
      84.543     0.912500       643411        11.43
      97.151     0.925000       652226        13.33
     115.839     0.937500       661037        16.00
     128.895     0.943750       665435        17.78
     145.791     0.950000       669853        20.00
     168.575     0.956250       674263        22.86
     200.447     0.962500       678665        26.67
     248.575     0.968750       683065        32.00
     283.391     0.971875       685269        35.56
     332.031     0.975000       687469        40.00
     400.383     0.978125       689673        45.71
     495.359     0.981250       691879        53.33
     628.223     0.984375       694084        64.00
     720.895     0.985938       695180        71.11
     842.239     0.987500       696282        80.00
     986.111     0.989062       697384        91.43
    1162.239     0.990625       698485       106.67
    1389.567     0.992188       699588       128.00
    1544.191     0.992969       700141       142.22
    1715.199     0.993750       700689       160.00
    1899.519     0.994531       701242       182.86
    2065.407     0.995313       701790       213.33
    2215.935     0.996094       702341       256.00
    2306.047     0.996484       702617       284.44
    2410.495     0.996875       702893       320.00
    2527.231     0.997266       703171       365.71
    2660.351     0.997656       703443       426.67
    2822.143     0.998047       703718       512.00
    2926.591     0.998242       703856       568.89
    3053.567     0.998437       703994       640.00
    3178.495     0.998633       704134       731.43
    3278.847     0.998828       704269       853.33
    3405.823     0.999023       704408      1024.00
    3483.647     0.999121       704476      1137.78
    3555.327     0.999219       704546      1280.00
    3661.823     0.999316       704615      1462.86
    3856.383     0.999414       704682      1706.67
    4022.271     0.999512       704753      2048.00
    4077.567     0.999561       704786      2275.56
    4149.247     0.999609       704822      2560.00
    4177.919     0.999658       704857      2925.71
    4218.879     0.999707       704889      3413.33
    4284.415     0.999756       704923      4096.00
    4333.567     0.999780       704941      4551.11
    4419.583     0.999805       704959      5120.00
    4481.023     0.999829       704975      5851.43
    4550.655     0.999854       704992      6826.67
    4677.631     0.999878       705009      8192.00
    4702.207     0.999890       705018      9102.22
    4775.935     0.999902       705027     10240.00
    4837.375     0.999915       705036     11702.86
    4874.239     0.999927       705044     13653.33
    4907.007     0.999939       705052     16384.00
    4919.295     0.999945       705057     18204.44
    4927.487     0.999951       705062     20480.00
    4935.679     0.999957       705066     23405.71
    4947.967     0.999963       705073     27306.67
    4956.159     0.999969       705074     32768.00
    4960.255     0.999973       705078     36408.89
    4960.255     0.999976       705078     40960.00
    4968.447     0.999979       705081     46811.43
    4976.639     0.999982       705083     54613.33
    4993.023     0.999985       705086     65536.00
    4993.023     0.999986       705086     72817.78
    4997.119     0.999988       705087     81920.00
    5009.407     0.999989       705089     93622.86
    5009.407     0.999991       705089    109226.67
    5013.503     0.999992       705090    131072.00
    5021.695     0.999993       705091    145635.56
    5021.695     0.999994       705091    163840.00
    5033.983     0.999995       705093    187245.71
    5033.983     0.999995       705093    218453.33
    5033.983     0.999996       705093    262144.00
    5033.983     0.999997       705093    291271.11
    5033.983     0.999997       705093    327680.00
    5042.175     0.999997       705094    374491.43
    5042.175     0.999998       705094    436906.67
    5042.175     0.999998       705094    524288.00
    5042.175     0.999998       705094    582542.22
    5042.175     0.999998       705094    655360.00
    5054.463     0.999999       705095    748982.86
    5054.463     1.000000       705095          inf
#[Mean    =       62.619, StdDeviation   =      241.660]
#[Max     =     5050.368, Total count    =       705095]
#[Buckets =           27, SubBuckets     =         2048]
----------------------------------------------------------
  711013 requests in 20.00m, 8.50GB read
Requests/sec:    592.49
Transfer/sec:      7.25MB
