Running 20m test @ http://10.105.166.53:8080/wrk2-api/post/compose
  16 threads and 32 connections
  Thread calibration: mean lat.: 39.364ms, rate sampling interval: 132ms
  Thread calibration: mean lat.: 46.090ms, rate sampling interval: 160ms
  Thread calibration: mean lat.: 75.224ms, rate sampling interval: 269ms
  Thread calibration: mean lat.: 46.659ms, rate sampling interval: 168ms
  Thread calibration: mean lat.: 42.745ms, rate sampling interval: 160ms
  Thread calibration: mean lat.: 57.012ms, rate sampling interval: 190ms
  Thread calibration: mean lat.: 57.544ms, rate sampling interval: 222ms
  Thread calibration: mean lat.: 60.492ms, rate sampling interval: 223ms
  Thread calibration: mean lat.: 34.456ms, rate sampling interval: 122ms
  Thread calibration: mean lat.: 50.057ms, rate sampling interval: 189ms
  Thread calibration: mean lat.: 52.047ms, rate sampling interval: 172ms
  Thread calibration: mean lat.: 43.182ms, rate sampling interval: 159ms
  Thread calibration: mean lat.: 41.995ms, rate sampling interval: 144ms
  Thread calibration: mean lat.: 51.427ms, rate sampling interval: 161ms
  Thread calibration: mean lat.: 47.933ms, rate sampling interval: 143ms
  Thread calibration: mean lat.: 70.969ms, rate sampling interval: 243ms
  Thread Stats   Avg      Stdev     99%   +/- Stdev
    Latency    26.11ms   45.80ms  88.57ms   98.12%
    Req/Sec     5.71      5.87    24.00     87.50%
  Latency Distribution (HdrHistogram - Recorded Latency)
 50.000%   20.13ms
 75.000%   27.89ms
 90.000%   40.58ms
 99.000%   88.57ms
 99.900%  260.86ms
 99.990%    1.09s 
 99.999%    4.94s 
100.000%    5.03s 

  Detailed Percentile spectrum:
       Value   Percentile   TotalCount 1/(1-Percentile)

       8.999     0.000000            1         1.00
      14.663     0.100000        11462         1.11
      15.807     0.200000        22952         1.25
      17.007     0.300000        34345         1.43
      18.415     0.400000        45873         1.67
      20.127     0.500000        57235         2.00
      21.167     0.550000        62995         2.22
      22.415     0.600000        68721         2.50
      23.903     0.650000        74413         2.86
      25.679     0.700000        80121         3.33
      27.887     0.750000        85821         4.00
      29.199     0.775000        88711         4.44
      30.703     0.800000        91550         5.00
      32.463     0.825000        94419         5.71
      34.655     0.850000        97284         6.67
      37.247     0.875000       100130         8.00
      38.847     0.887500       101573         8.89
      40.575     0.900000       102994        10.00
      42.687     0.912500       104440        11.43
      45.279     0.925000       105848        13.33
      48.383     0.937500       107280        16.00
      50.239     0.943750       107997        17.78
      52.255     0.950000       108709        20.00
      54.559     0.956250       109421        22.86
      57.439     0.962500       110142        26.67
      60.863     0.968750       110853        32.00
      62.943     0.971875       111212        35.56
      65.535     0.975000       111567        40.00
      68.287     0.978125       111926        45.71
      72.063     0.981250       112280        53.33
      76.351     0.984375       112641        64.00
      78.527     0.985938       112818        71.11
      81.791     0.987500       112995        80.00
      85.567     0.989062       113174        91.43
      91.071     0.990625       113352       106.67
      98.751     0.992188       113531       128.00
     103.039     0.992969       113621       142.22
     110.527     0.993750       113709       160.00
     123.135     0.994531       113799       182.86
     142.591     0.995313       113888       213.33
     183.935     0.996094       113978       256.00
     213.375     0.996484       114022       284.44
     221.439     0.996875       114069       320.00
     225.791     0.997266       114115       365.71
     229.503     0.997656       114156       426.67
     234.879     0.998047       114201       512.00
     237.311     0.998242       114224       568.89
     240.639     0.998437       114246       640.00
     244.607     0.998633       114269       731.43
     248.959     0.998828       114290       853.33
     263.679     0.999023       114315      1024.00
     275.967     0.999121       114324      1137.78
     331.007     0.999219       114335      1280.00
     383.743     0.999316       114346      1462.86
     426.495     0.999414       114357      1706.67
     485.375     0.999512       114369      2048.00
     578.047     0.999561       114374      2275.56
     665.087     0.999609       114380      2560.00
     818.687     0.999658       114385      2925.71
     919.551     0.999707       114391      3413.33
    1027.583     0.999756       114397      4096.00
    1032.703     0.999780       114399      4551.11
    1039.359     0.999805       114403      5120.00
    1044.991     0.999829       114405      5851.43
    1048.575     0.999854       114408      6826.67
    1054.719     0.999878       114411      8192.00
    1063.935     0.999890       114412      9102.22
    1093.631     0.999902       114413     10240.00
    1202.175     0.999915       114415     11702.86
    2185.215     0.999927       114416     13653.33
    3930.111     0.999939       114418     16384.00
    3930.111     0.999945       114418     18204.44
    4155.391     0.999951       114419     20480.00
    4218.879     0.999957       114420     23405.71
    4218.879     0.999963       114420     27306.67
    4567.039     0.999969       114421     32768.00
    4567.039     0.999973       114421     36408.89
    4857.855     0.999976       114422     40960.00
    4857.855     0.999979       114422     46811.43
    4857.855     0.999982       114422     54613.33
    4939.775     0.999985       114423     65536.00
    4939.775     0.999986       114423     72817.78
    4939.775     0.999988       114423     81920.00
    4939.775     0.999989       114423     93622.86
    4939.775     0.999991       114423    109226.67
    5025.791     0.999992       114424    131072.00
    5025.791     1.000000       114424          inf
#[Mean    =       26.109, StdDeviation   =       45.803]
#[Max     =     5021.696, Total count    =       114424]
#[Buckets =           27, SubBuckets     =         2048]
----------------------------------------------------------
  115425 requests in 20.00m, 23.67MB read
  Socket errors: connect 0, read 0, write 0, timeout 50
Requests/sec:     96.18
Transfer/sec:     20.19KB
