Running 20m test @ http://10.108.128.98:8080/wrk2-api/post/compose
  16 threads and 32 connections
  Thread calibration: mean lat.: 21.531ms, rate sampling interval: 59ms
  Thread calibration: mean lat.: 20.426ms, rate sampling interval: 56ms
  Thread calibration: mean lat.: 26.224ms, rate sampling interval: 70ms
  Thread calibration: mean lat.: 19.578ms, rate sampling interval: 54ms
  Thread calibration: mean lat.: 21.534ms, rate sampling interval: 66ms
  Thread calibration: mean lat.: 19.869ms, rate sampling interval: 54ms
  Thread calibration: mean lat.: 21.568ms, rate sampling interval: 61ms
  Thread calibration: mean lat.: 19.104ms, rate sampling interval: 51ms
  Thread calibration: mean lat.: 20.730ms, rate sampling interval: 57ms
  Thread calibration: mean lat.: 22.868ms, rate sampling interval: 67ms
  Thread calibration: mean lat.: 21.566ms, rate sampling interval: 61ms
  Thread calibration: mean lat.: 19.788ms, rate sampling interval: 46ms
  Thread calibration: mean lat.: 21.301ms, rate sampling interval: 66ms
  Thread calibration: mean lat.: 19.439ms, rate sampling interval: 51ms
  Thread calibration: mean lat.: 18.660ms, rate sampling interval: 44ms
  Thread calibration: mean lat.: 20.661ms, rate sampling interval: 57ms
  Thread Stats   Avg      Stdev     99%   +/- Stdev
    Latency    20.83ms   12.13ms  51.65ms   93.08%
    Req/Sec     4.92      9.31    37.00     80.38%
  Latency Distribution (HdrHistogram - Recorded Latency)
 50.000%   18.03ms
 75.000%   22.82ms
 90.000%   29.93ms
 99.000%   51.65ms
 99.900%  223.62ms
 99.990%  250.49ms
 99.999%  967.17ms
100.000%    1.03s 

  Detailed Percentile spectrum:
       Value   Percentile   TotalCount 1/(1-Percentile)

      11.255     0.000000            1         1.00
      14.239     0.100000         9594         1.11
      15.087     0.200000        19096         1.25
      15.935     0.300000        28647         1.43
      16.911     0.400000        38220         1.67
      18.031     0.500000        47642         2.00
      18.735     0.550000        52483         2.22
      19.519     0.600000        57190         2.50
      20.399     0.650000        61921         2.86
      21.503     0.700000        66700         3.33
      22.815     0.750000        71462         4.00
      23.583     0.775000        73844         4.44
      24.463     0.800000        76226         5.00
      25.455     0.825000        78597         5.71
      26.671     0.850000        80995         6.67
      28.127     0.875000        83370         8.00
      28.991     0.887500        84555         8.89
      29.935     0.900000        85736        10.00
      30.975     0.912500        86925        11.43
      32.303     0.925000        88122        13.33
      33.823     0.937500        89316        16.00
      34.783     0.943750        89902        17.78
      35.839     0.950000        90515        20.00
      36.895     0.956250        91103        22.86
      38.239     0.962500        91692        26.67
      39.935     0.968750        92289        32.00
      40.991     0.971875        92585        35.56
      42.079     0.975000        92880        40.00
      43.423     0.978125        93182        45.71
      44.927     0.981250        93482        53.33
      46.719     0.984375        93771        64.00
      47.775     0.985938        93920        71.11
      48.959     0.987500        94070        80.00
      50.463     0.989062        94218        91.43
      52.319     0.990625        94367       106.67
      54.527     0.992188        94517       128.00
      55.679     0.992969        94590       142.22
      57.407     0.993750        94665       160.00
      59.743     0.994531        94739       182.86
      62.303     0.995313        94814       213.33
      65.855     0.996094        94888       256.00
      68.287     0.996484        94926       284.44
      70.335     0.996875        94962       320.00
      74.751     0.997266        95000       365.71
      81.279     0.997656        95036       426.67
      95.103     0.998047        95073       512.00
     105.919     0.998242        95092       568.89
     161.663     0.998437        95111       640.00
     199.167     0.998633        95129       731.43
     220.543     0.998828        95148       853.33
     224.127     0.999023        95166      1024.00
     226.175     0.999121        95176      1137.78
     228.351     0.999219        95186      1280.00
     229.503     0.999316        95196      1462.86
     231.295     0.999414        95204      1706.67
     232.831     0.999512        95213      2048.00
     234.751     0.999561        95218      2275.56
     235.775     0.999609        95222      2560.00
     237.183     0.999658        95228      2925.71
     238.463     0.999707        95232      3413.33
     239.743     0.999756        95236      4096.00
     240.639     0.999780        95239      4551.11
     241.663     0.999805        95241      5120.00
     242.047     0.999829        95243      5851.43
     245.631     0.999854        95246      6826.67
     249.215     0.999878        95248      8192.00
     250.495     0.999890        95249      9102.22
     251.135     0.999902        95250     10240.00
     252.415     0.999915        95251     11702.86
     254.847     0.999927        95253     13653.33
     271.103     0.999939        95254     16384.00
     271.103     0.999945        95254     18204.44
     272.895     0.999951        95255     20480.00
     272.895     0.999957        95255     23405.71
     273.151     0.999963        95256     27306.67
     417.023     0.999969        95257     32768.00
     417.023     0.999973        95257     36408.89
     417.023     0.999976        95257     40960.00
     417.023     0.999979        95257     46811.43
     967.167     0.999982        95258     54613.33
     967.167     0.999985        95258     65536.00
     967.167     0.999986        95258     72817.78
     967.167     0.999988        95258     81920.00
     967.167     0.999989        95258     93622.86
    1026.559     0.999991        95259    109226.67
    1026.559     1.000000        95259          inf
#[Mean    =       20.828, StdDeviation   =       12.127]
#[Max     =     1026.048, Total count    =        95259]
#[Buckets =           27, SubBuckets     =         2048]
----------------------------------------------------------
  96090 requests in 20.00m, 19.70MB read
  Socket errors: connect 0, read 0, write 0, timeout 129
Requests/sec:     80.07
Transfer/sec:     16.81KB
