Running 20m test @ http://10.108.128.98:8080/wrk2-api/home-timeline/read
  16 threads and 32 connections
  Thread calibration: mean lat.: 19.872ms, rate sampling interval: 68ms
  Thread calibration: mean lat.: 18.402ms, rate sampling interval: 61ms
  Thread calibration: mean lat.: 21.493ms, rate sampling interval: 79ms
  Thread calibration: mean lat.: 27.209ms, rate sampling interval: 89ms
  Thread calibration: mean lat.: 17.372ms, rate sampling interval: 57ms
  Thread calibration: mean lat.: 19.821ms, rate sampling interval: 67ms
  Thread calibration: mean lat.: 20.299ms, rate sampling interval: 68ms
  Thread calibration: mean lat.: 17.132ms, rate sampling interval: 56ms
  Thread calibration: mean lat.: 24.150ms, rate sampling interval: 72ms
  Thread calibration: mean lat.: 15.065ms, rate sampling interval: 46ms
  Thread calibration: mean lat.: 20.437ms, rate sampling interval: 75ms
  Thread calibration: mean lat.: 19.357ms, rate sampling interval: 67ms
  Thread calibration: mean lat.: 21.733ms, rate sampling interval: 76ms
  Thread calibration: mean lat.: 23.561ms, rate sampling interval: 72ms
  Thread calibration: mean lat.: 19.651ms, rate sampling interval: 73ms
  Thread calibration: mean lat.: 19.110ms, rate sampling interval: 66ms
  Thread Stats   Avg      Stdev     99%   +/- Stdev
    Latency    20.00ms   13.14ms  67.71ms   88.43%
    Req/Sec    32.83     21.66    89.00     74.70%
  Latency Distribution (HdrHistogram - Recorded Latency)
 50.000%   16.25ms
 75.000%   23.60ms
 90.000%   34.21ms
 99.000%   67.71ms
 99.900%  128.96ms
 99.990%  249.47ms
 99.999%  299.52ms
100.000%  329.21ms

  Detailed Percentile spectrum:
       Value   Percentile   TotalCount 1/(1-Percentile)

       0.774     0.000000            1         1.00
       9.951     0.100000        63173         1.11
      11.351     0.200000       126145         1.25
      12.783     0.300000       189019         1.43
      14.367     0.400000       251636         1.67
      16.255     0.500000       314740         2.00
      17.343     0.550000       346116         2.22
      18.575     0.600000       377679         2.50
      19.983     0.650000       408969         2.86
      21.615     0.700000       440286         3.33
      23.599     0.750000       471861         4.00
      24.767     0.775000       487602         4.44
      26.095     0.800000       503307         5.00
      27.615     0.825000       518948         5.71
      29.407     0.850000       534661         6.67
      31.567     0.875000       550428         8.00
      32.831     0.887500       558326         8.89
      34.207     0.900000       566077        10.00
      35.839     0.912500       574018        11.43
      37.759     0.925000       581897        13.33
      40.063     0.937500       589714        16.00
      41.439     0.943750       593633        17.78
      43.039     0.950000       597576        20.00
      44.863     0.956250       601482        22.86
      46.975     0.962500       605403        26.67
      49.503     0.968750       609361        32.00
      51.007     0.971875       611287        35.56
      52.735     0.975000       613241        40.00
      54.783     0.978125       615217        45.71
      57.087     0.981250       617179        53.33
      60.031     0.984375       619152        64.00
      61.887     0.985938       620126        71.11
      63.839     0.987500       621105        80.00
      66.239     0.989062       622095        91.43
      68.863     0.990625       623075       106.67
      72.127     0.992188       624057       128.00
      74.111     0.992969       624543       142.22
      76.287     0.993750       625041       160.00
      79.039     0.994531       625530       182.86
      82.111     0.995313       626020       213.33
      85.887     0.996094       626508       256.00
      88.191     0.996484       626758       284.44
      91.007     0.996875       627000       320.00
      94.271     0.997266       627243       365.71
      98.687     0.997656       627488       426.67
     104.127     0.998047       627734       512.00
     107.007     0.998242       627857       568.89
     111.167     0.998437       627980       640.00
     116.159     0.998633       628103       731.43
     121.983     0.998828       628226       853.33
     130.495     0.999023       628348      1024.00
     136.703     0.999121       628410      1137.78
     142.335     0.999219       628472      1280.00
     152.191     0.999316       628533      1462.86
     164.991     0.999414       628594      1706.67
     180.607     0.999512       628655      2048.00
     191.359     0.999561       628687      2275.56
     202.367     0.999609       628717      2560.00
     212.479     0.999658       628748      2925.71
     220.031     0.999707       628778      3413.33
     225.663     0.999756       628811      4096.00
     229.503     0.999780       628825      4551.11
     233.727     0.999805       628840      5120.00
     238.463     0.999829       628855      5851.43
     241.023     0.999854       628870      6826.67
     245.759     0.999878       628886      8192.00
     246.783     0.999890       628893      9102.22
     250.367     0.999902       628901     10240.00
     253.951     0.999915       628909     11702.86
     259.327     0.999927       628917     13653.33
     262.399     0.999939       628924     16384.00
     267.519     0.999945       628928     18204.44
     268.543     0.999951       628932     20480.00
     275.455     0.999957       628936     23405.71
     276.223     0.999963       628939     27306.67
     280.063     0.999969       628943     32768.00
     280.575     0.999973       628946     36408.89
     284.159     0.999976       628947     40960.00
     287.231     0.999979       628949     46811.43
     292.095     0.999982       628951     54613.33
     295.935     0.999985       628954     65536.00
     295.935     0.999986       628954     72817.78
     297.471     0.999988       628955     81920.00
     299.519     0.999989       628956     93622.86
     300.543     0.999991       628957    109226.67
     303.615     0.999992       628958    131072.00
     303.615     0.999993       628958    145635.56
     304.383     0.999994       628959    163840.00
     304.383     0.999995       628959    187245.71
     314.111     0.999995       628960    218453.33
     314.111     0.999996       628960    262144.00
     314.111     0.999997       628960    291271.11
     325.119     0.999997       628961    327680.00
     325.119     0.999997       628961    374491.43
     325.119     0.999998       628961    436906.67
     325.119     0.999998       628961    524288.00
     325.119     0.999998       628961    582542.22
     329.215     0.999998       628962    655360.00
     329.215     1.000000       628962          inf
#[Mean    =       20.004, StdDeviation   =       13.143]
#[Max     =      328.960, Total count    =       628962]
#[Buckets =           27, SubBuckets     =         2048]
----------------------------------------------------------
  634205 requests in 20.00m, 7.55GB read
Requests/sec:    528.48
Transfer/sec:      6.44MB
