Running 20m test @ http://10.108.128.98:8080/wrk2-api/user-timeline/read
  16 threads and 32 connections
  Thread calibration: mean lat.: 29.270ms, rate sampling interval: 103ms
  Thread calibration: mean lat.: 30.189ms, rate sampling interval: 99ms
  Thread calibration: mean lat.: 34.073ms, rate sampling interval: 98ms
  Thread calibration: mean lat.: 37.288ms, rate sampling interval: 156ms
  Thread calibration: mean lat.: 27.956ms, rate sampling interval: 81ms
  Thread calibration: mean lat.: 28.529ms, rate sampling interval: 94ms
  Thread calibration: mean lat.: 24.406ms, rate sampling interval: 70ms
  Thread calibration: mean lat.: 30.085ms, rate sampling interval: 95ms
  Thread calibration: mean lat.: 24.745ms, rate sampling interval: 72ms
  Thread calibration: mean lat.: 28.186ms, rate sampling interval: 91ms
  Thread calibration: mean lat.: 29.982ms, rate sampling interval: 102ms
  Thread calibration: mean lat.: 30.026ms, rate sampling interval: 91ms
  Thread calibration: mean lat.: 28.869ms, rate sampling interval: 95ms
  Thread calibration: mean lat.: 33.238ms, rate sampling interval: 99ms
  Thread calibration: mean lat.: 29.930ms, rate sampling interval: 97ms
  Thread calibration: mean lat.: 30.557ms, rate sampling interval: 94ms
  Thread Stats   Avg      Stdev     99%   +/- Stdev
    Latency    28.18ms   14.13ms  79.68ms   82.70%
    Req/Sec    15.74     12.78    53.00     61.99%
  Latency Distribution (HdrHistogram - Recorded Latency)
 50.000%   24.54ms
 75.000%   32.83ms
 90.000%   44.86ms
 99.000%   79.68ms
 99.900%  129.09ms
 99.990%  236.16ms
 99.999%  265.73ms
100.000%  295.42ms

  Detailed Percentile spectrum:
       Value   Percentile   TotalCount 1/(1-Percentile)

       5.275     0.000000            1         1.00
      15.807     0.100000        30578         1.11
      18.335     0.200000        61085         1.25
      20.399     0.300000        91725         1.43
      22.383     0.400000       122202         1.67
      24.543     0.500000       152647         2.00
      25.775     0.550000       167916         2.22
      27.135     0.600000       183264         2.50
      28.703     0.650000       198497         2.86
      30.575     0.700000       213718         3.33
      32.831     0.750000       229136         4.00
      34.143     0.775000       236679         4.44
      35.647     0.800000       244325         5.00
      37.375     0.825000       251889         5.71
      39.423     0.850000       259589         6.67
      41.823     0.875000       267181         8.00
      43.231     0.887500       270969         8.89
      44.863     0.900000       274780        10.00
      46.655     0.912500       278557        11.43
      48.767     0.925000       282433        13.33
      51.231     0.937500       286217        16.00
      52.735     0.943750       288124        17.78
      54.367     0.950000       290024        20.00
      56.191     0.956250       291926        22.86
      58.463     0.962500       293841        26.67
      61.215     0.968750       295738        32.00
      62.911     0.971875       296692        35.56
      64.703     0.975000       297651        40.00
      66.815     0.978125       298601        45.71
      69.247     0.981250       299560        53.33
      72.255     0.984375       300505        64.00
      73.919     0.985938       300986        71.11
      75.903     0.987500       301463        80.00
      78.143     0.989062       301931        91.43
      80.575     0.990625       302406       106.67
      83.839     0.992188       302884       128.00
      85.695     0.992969       303124       142.22
      87.615     0.993750       303363       160.00
      89.919     0.994531       303599       182.86
      92.991     0.995313       303836       213.33
      96.383     0.996094       304076       256.00
      98.367     0.996484       304195       284.44
     100.607     0.996875       304314       320.00
     103.487     0.997266       304433       365.71
     107.455     0.997656       304553       426.67
     111.615     0.998047       304670       512.00
     114.239     0.998242       304732       568.89
     117.311     0.998437       304790       640.00
     120.255     0.998633       304849       731.43
     124.671     0.998828       304909       853.33
     129.407     0.999023       304968      1024.00
     132.351     0.999121       304998      1137.78
     137.983     0.999219       305029      1280.00
     141.951     0.999316       305058      1462.86
     148.095     0.999414       305088      1706.67
     155.263     0.999512       305117      2048.00
     158.463     0.999561       305133      2275.56
     161.663     0.999609       305147      2560.00
     165.119     0.999658       305162      2925.71
     170.751     0.999707       305177      3413.33
     184.831     0.999756       305192      4096.00
     189.951     0.999780       305199      4551.11
     192.639     0.999805       305207      5120.00
     214.399     0.999829       305214      5851.43
     225.279     0.999854       305222      6826.67
     232.191     0.999878       305229      8192.00
     234.751     0.999890       305233      9102.22
     237.567     0.999902       305237     10240.00
     240.255     0.999915       305240     11702.86
     243.071     0.999927       305244     13653.33
     246.143     0.999939       305248     16384.00
     247.679     0.999945       305250     18204.44
     248.447     0.999951       305252     20480.00
     249.471     0.999957       305253     23405.71
     250.879     0.999963       305255     27306.67
     253.311     0.999969       305257     32768.00
     253.695     0.999973       305258     36408.89
     254.591     0.999976       305259     40960.00
     255.103     0.999979       305260     46811.43
     262.655     0.999982       305261     54613.33
     262.911     0.999985       305262     65536.00
     262.911     0.999986       305262     72817.78
     265.727     0.999988       305263     81920.00
     265.727     0.999989       305263     93622.86
     274.175     0.999991       305264    109226.67
     274.175     0.999992       305264    131072.00
     274.175     0.999993       305264    145635.56
     287.743     0.999994       305265    163840.00
     287.743     0.999995       305265    187245.71
     287.743     0.999995       305265    218453.33
     287.743     0.999996       305265    262144.00
     287.743     0.999997       305265    291271.11
     295.423     0.999997       305266    327680.00
     295.423     1.000000       305266          inf
#[Mean    =       28.183, StdDeviation   =       14.132]
#[Max     =      295.168, Total count    =       305266]
#[Buckets =           27, SubBuckets     =         2048]
----------------------------------------------------------
  307853 requests in 20.00m, 3.85GB read
Requests/sec:    256.53
Transfer/sec:      3.28MB
