Running 20m test @ http://10.100.43.226:8080/wrk2-api/post/compose
  16 threads and 32 connections
  Thread calibration: mean lat.: 22.778ms, rate sampling interval: 67ms
  Thread calibration: mean lat.: 21.913ms, rate sampling interval: 67ms
  Thread calibration: mean lat.: 19.266ms, rate sampling interval: 54ms
  Thread calibration: mean lat.: 20.902ms, rate sampling interval: 60ms
  Thread calibration: mean lat.: 20.813ms, rate sampling interval: 58ms
  Thread calibration: mean lat.: 22.528ms, rate sampling interval: 67ms
  Thread calibration: mean lat.: 22.345ms, rate sampling interval: 70ms
  Thread calibration: mean lat.: 21.737ms, rate sampling interval: 65ms
  Thread calibration: mean lat.: 21.912ms, rate sampling interval: 68ms
  Thread calibration: mean lat.: 21.572ms, rate sampling interval: 63ms
  Thread calibration: mean lat.: 20.749ms, rate sampling interval: 63ms
  Thread calibration: mean lat.: 21.788ms, rate sampling interval: 61ms
  Thread calibration: mean lat.: 21.130ms, rate sampling interval: 65ms
  Thread calibration: mean lat.: 19.296ms, rate sampling interval: 55ms
  Thread calibration: mean lat.: 17.998ms, rate sampling interval: 47ms
  Thread calibration: mean lat.: 19.922ms, rate sampling interval: 51ms
  Thread Stats   Avg      Stdev     99%   +/- Stdev
    Latency    20.73ms   11.30ms  50.85ms   92.24%
    Req/Sec     4.90      8.96    36.00     79.06%
  Latency Distribution (HdrHistogram - Recorded Latency)
 50.000%   18.11ms
 75.000%   22.90ms
 90.000%   30.03ms
 99.000%   50.85ms
 99.900%   83.84ms
 99.990%  245.50ms
 99.999%    1.03s 
100.000%    1.04s 

  Detailed Percentile spectrum:
       Value   Percentile   TotalCount 1/(1-Percentile)

       8.775     0.000000            1         1.00
      14.319     0.100000         9624         1.11
      15.151     0.200000        19111         1.25
      16.007     0.300000        28604         1.43
      16.975     0.400000        38232         1.67
      18.111     0.500000        47676         2.00
      18.783     0.550000        52400         2.22
      19.567     0.600000        57155         2.50
      20.479     0.650000        61934         2.86
      21.551     0.700000        66683         3.33
      22.895     0.750000        71483         4.00
      23.679     0.775000        73841         4.44
      24.559     0.800000        76227         5.00
      25.583     0.825000        78594         5.71
      26.799     0.850000        80985         6.67
      28.207     0.875000        83353         8.00
      29.087     0.887500        84567         8.89
      30.031     0.900000        85734        10.00
      31.103     0.912500        86931        11.43
      32.335     0.925000        88115        13.33
      33.855     0.937500        89329        16.00
      34.719     0.943750        89907        17.78
      35.743     0.950000        90505        20.00
      36.959     0.956250        91092        22.86
      38.399     0.962500        91697        26.67
      40.127     0.968750        92290        32.00
      41.087     0.971875        92581        35.56
      42.079     0.975000        92882        40.00
      43.199     0.978125        93174        45.71
      44.607     0.981250        93472        53.33
      46.367     0.984375        93768        64.00
      47.391     0.985938        93918        71.11
      48.607     0.987500        94068        80.00
      49.887     0.989062        94216        91.43
      51.487     0.990625        94364       106.67
      53.503     0.992188        94514       128.00
      54.655     0.992969        94587       142.22
      56.095     0.993750        94662       160.00
      57.727     0.994531        94736       182.86
      59.391     0.995313        94811       213.33
      61.407     0.996094        94885       256.00
      63.071     0.996484        94924       284.44
      64.575     0.996875        94959       320.00
      66.431     0.997266        94999       365.71
      68.159     0.997656        95033       426.67
      70.847     0.998047        95070       512.00
      72.895     0.998242        95089       568.89
      75.455     0.998437        95108       640.00
      78.079     0.998633        95127       731.43
      80.255     0.998828        95145       853.33
      83.967     0.999023        95163      1024.00
      86.335     0.999121        95174      1137.78
      88.447     0.999219        95182      1280.00
      91.199     0.999316        95191      1462.86
     100.351     0.999414        95201      1706.67
     201.599     0.999512        95210      2048.00
     219.391     0.999561        95215      2275.56
     220.671     0.999609        95219      2560.00
     223.999     0.999658        95224      2925.71
     228.223     0.999707        95230      3413.33
     229.887     0.999756        95233      4096.00
     231.423     0.999780        95236      4551.11
     232.447     0.999805        95238      5120.00
     237.055     0.999829        95240      5851.43
     240.639     0.999854        95243      6826.67
     241.663     0.999878        95245      8192.00
     245.503     0.999890        95246      9102.22
     252.415     0.999902        95247     10240.00
     489.727     0.999915        95248     11702.86
     526.847     0.999927        95250     13653.33
     540.159     0.999939        95251     16384.00
     540.159     0.999945        95251     18204.44
     719.359     0.999951        95252     20480.00
     719.359     0.999957        95252     23405.71
     724.479     0.999963        95253     27306.67
     868.863     0.999969        95254     32768.00
     868.863     0.999973        95254     36408.89
     868.863     0.999976        95254     40960.00
     868.863     0.999979        95254     46811.43
    1028.095     0.999982        95255     54613.33
    1028.095     0.999985        95255     65536.00
    1028.095     0.999986        95255     72817.78
    1028.095     0.999988        95255     81920.00
    1028.095     0.999989        95255     93622.86
    1043.967     0.999991        95256    109226.67
    1043.967     1.000000        95256          inf
#[Mean    =       20.730, StdDeviation   =       11.301]
#[Max     =     1043.456, Total count    =        95256]
#[Buckets =           27, SubBuckets     =         2048]
----------------------------------------------------------
  96085 requests in 20.00m, 19.70MB read
  Socket errors: connect 0, read 0, write 0, timeout 136
Requests/sec:     80.06
Transfer/sec:     16.81KB
