Running 20m test @ http://10.100.43.226:8080/wrk2-api/home-timeline/read
  16 threads and 32 connections
  Thread calibration: mean lat.: 19.407ms, rate sampling interval: 65ms
  Thread calibration: mean lat.: 22.192ms, rate sampling interval: 78ms
  Thread calibration: mean lat.: 23.587ms, rate sampling interval: 84ms
  Thread calibration: mean lat.: 18.731ms, rate sampling interval: 63ms
  Thread calibration: mean lat.: 16.927ms, rate sampling interval: 59ms
  Thread calibration: mean lat.: 18.317ms, rate sampling interval: 66ms
  Thread calibration: mean lat.: 22.891ms, rate sampling interval: 89ms
  Thread calibration: mean lat.: 21.590ms, rate sampling interval: 76ms
  Thread calibration: mean lat.: 19.337ms, rate sampling interval: 66ms
  Thread calibration: mean lat.: 21.079ms, rate sampling interval: 76ms
  Thread calibration: mean lat.: 18.058ms, rate sampling interval: 59ms
  Thread calibration: mean lat.: 18.357ms, rate sampling interval: 57ms
  Thread calibration: mean lat.: 22.159ms, rate sampling interval: 87ms
  Thread calibration: mean lat.: 20.270ms, rate sampling interval: 71ms
  Thread calibration: mean lat.: 21.133ms, rate sampling interval: 74ms
  Thread calibration: mean lat.: 16.941ms, rate sampling interval: 59ms
  Thread Stats   Avg      Stdev     99%   +/- Stdev
    Latency    19.99ms   12.70ms  67.90ms   87.93%
    Req/Sec    32.80     21.20    90.00     76.05%
  Latency Distribution (HdrHistogram - Recorded Latency)
 50.000%   16.23ms
 75.000%   23.61ms
 90.000%   34.27ms
 99.000%   67.90ms
 99.900%  117.95ms
 99.990%  218.88ms
 99.999%  266.24ms
100.000%  291.84ms

  Detailed Percentile spectrum:
       Value   Percentile   TotalCount 1/(1-Percentile)

       2.155     0.000000            1         1.00
      10.007     0.100000        63185         1.11
      11.383     0.200000       126043         1.25
      12.799     0.300000       188947         1.43
      14.383     0.400000       251838         1.67
      16.231     0.500000       314660         2.00
      17.311     0.550000       345944         2.22
      18.543     0.600000       377591         2.50
      19.951     0.650000       408849         2.86
      21.615     0.700000       440509         3.33
      23.615     0.750000       471936         4.00
      24.767     0.775000       487584         4.44
      26.095     0.800000       503199         5.00
      27.615     0.825000       518932         5.71
      29.423     0.850000       534718         6.67
      31.583     0.875000       550394         8.00
      32.831     0.887500       558214         8.89
      34.271     0.900000       566199        10.00
      35.903     0.912500       573980        11.43
      37.855     0.925000       581830        13.33
      40.223     0.937500       589706        16.00
      41.631     0.943750       593645        17.78
      43.199     0.950000       597549        20.00
      45.023     0.956250       601474        22.86
      47.199     0.962500       605412        26.67
      49.759     0.968750       609312        32.00
      51.327     0.971875       611292        35.56
      53.087     0.975000       613259        40.00
      55.199     0.978125       615211        45.71
      57.567     0.981250       617198        53.33
      60.447     0.984375       619144        64.00
      62.175     0.985938       620128        71.11
      64.063     0.987500       621105        80.00
      66.367     0.989062       622097        91.43
      69.055     0.990625       623089       106.67
      72.255     0.992188       624064       128.00
      74.175     0.992969       624547       142.22
      76.223     0.993750       625033       160.00
      78.847     0.994531       625529       182.86
      81.791     0.995313       626025       213.33
      85.439     0.996094       626511       256.00
      87.743     0.996484       626753       284.44
      89.919     0.996875       627001       320.00
      92.479     0.997266       627246       365.71
      95.935     0.997656       627491       426.67
     100.159     0.998047       627743       512.00
     103.103     0.998242       627860       568.89
     106.175     0.998437       627982       640.00
     109.695     0.998633       628108       731.43
     113.855     0.998828       628232       853.33
     118.527     0.999023       628350      1024.00
     122.111     0.999121       628412      1137.78
     125.631     0.999219       628473      1280.00
     130.431     0.999316       628537      1462.86
     135.935     0.999414       628596      1706.67
     141.311     0.999512       628658      2048.00
     144.767     0.999561       628688      2275.56
     149.375     0.999609       628719      2560.00
     155.647     0.999658       628750      2925.71
     162.303     0.999707       628780      3413.33
     173.567     0.999756       628811      4096.00
     179.967     0.999780       628826      4551.11
     185.471     0.999805       628842      5120.00
     195.455     0.999829       628857      5851.43
     204.415     0.999854       628872      6826.67
     210.815     0.999878       628888      8192.00
     215.807     0.999890       628895      9102.22
     219.775     0.999902       628904     10240.00
     222.719     0.999915       628911     11702.86
     226.303     0.999927       628918     13653.33
     233.215     0.999939       628926     16384.00
     233.599     0.999945       628930     18204.44
     239.999     0.999951       628934     20480.00
     242.303     0.999957       628938     23405.71
     244.607     0.999963       628941     27306.67
     247.679     0.999969       628945     32768.00
     248.959     0.999973       628948     36408.89
     249.343     0.999976       628949     40960.00
     251.903     0.999979       628951     46811.43
     254.847     0.999982       628953     54613.33
     256.127     0.999985       628955     65536.00
     257.919     0.999986       628956     72817.78
     260.095     0.999988       628957     81920.00
     266.239     0.999989       628958     93622.86
     269.567     0.999991       628959    109226.67
     271.871     0.999992       628960    131072.00
     271.871     0.999993       628960    145635.56
     276.991     0.999994       628961    163840.00
     276.991     0.999995       628961    187245.71
     278.015     0.999995       628962    218453.33
     278.015     0.999996       628962    262144.00
     278.015     0.999997       628962    291271.11
     279.295     0.999997       628963    327680.00
     279.295     0.999997       628963    374491.43
     279.295     0.999998       628963    436906.67
     279.295     0.999998       628963    524288.00
     279.295     0.999998       628963    582542.22
     291.839     0.999998       628964    655360.00
     291.839     1.000000       628964          inf
#[Mean    =       19.990, StdDeviation   =       12.697]
#[Max     =      291.584, Total count    =       628964]
#[Buckets =           27, SubBuckets     =         2048]
----------------------------------------------------------
  634241 requests in 20.00m, 7.55GB read
Requests/sec:    528.51
Transfer/sec:      6.44MB
