Running 20m test @ http://10.100.43.226:8080/wrk2-api/user-timeline/read
  16 threads and 32 connections
  Thread calibration: mean lat.: 30.118ms, rate sampling interval: 100ms
  Thread calibration: mean lat.: 30.991ms, rate sampling interval: 96ms
  Thread calibration: mean lat.: 35.900ms, rate sampling interval: 124ms
  Thread calibration: mean lat.: 29.012ms, rate sampling interval: 92ms
  Thread calibration: mean lat.: 28.516ms, rate sampling interval: 89ms
  Thread calibration: mean lat.: 34.278ms, rate sampling interval: 127ms
  Thread calibration: mean lat.: 31.182ms, rate sampling interval: 113ms
  Thread calibration: mean lat.: 28.863ms, rate sampling interval: 90ms
  Thread calibration: mean lat.: 27.985ms, rate sampling interval: 93ms
  Thread calibration: mean lat.: 30.740ms, rate sampling interval: 106ms
  Thread calibration: mean lat.: 33.742ms, rate sampling interval: 112ms
  Thread calibration: mean lat.: 28.386ms, rate sampling interval: 89ms
  Thread calibration: mean lat.: 28.229ms, rate sampling interval: 88ms
  Thread calibration: mean lat.: 30.646ms, rate sampling interval: 114ms
  Thread calibration: mean lat.: 31.752ms, rate sampling interval: 101ms
  Thread calibration: mean lat.: 35.316ms, rate sampling interval: 111ms
  Thread Stats   Avg      Stdev     99%   +/- Stdev
    Latency    28.86ms   14.73ms  83.14ms   83.08%
    Req/Sec    15.73     12.18    50.00     65.20%
  Latency Distribution (HdrHistogram - Recorded Latency)
 50.000%   24.98ms
 75.000%   33.63ms
 90.000%   46.08ms
 99.000%   83.14ms
 99.900%  133.50ms
 99.990%  218.62ms
 99.999%  295.17ms
100.000%  321.28ms

  Detailed Percentile spectrum:
       Value   Percentile   TotalCount 1/(1-Percentile)

       4.991     0.000000            1         1.00
      16.071     0.100000        30567         1.11
      18.639     0.200000        61068         1.25
      20.719     0.300000        91731         1.43
      22.751     0.400000       122203         1.67
      24.975     0.500000       152839         2.00
      26.255     0.550000       168081         2.22
      27.663     0.600000       183212         2.50
      29.327     0.650000       198470         2.86
      31.263     0.700000       213735         3.33
      33.631     0.750000       229089         4.00
      35.007     0.775000       236737         4.44
      36.607     0.800000       244248         5.00
      38.367     0.825000       251905         5.71
      40.479     0.850000       259495         6.67
      43.007     0.875000       267148         8.00
      44.447     0.887500       270933         8.89
      46.079     0.900000       274762        10.00
      47.967     0.912500       278581        11.43
      50.207     0.925000       282410        13.33
      52.895     0.937500       286199        16.00
      54.463     0.943750       288128        17.78
      56.223     0.950000       290022        20.00
      58.239     0.956250       291915        22.86
      60.639     0.962500       293848        26.67
      63.487     0.968750       295737        32.00
      65.183     0.971875       296687        35.56
      67.135     0.975000       297647        40.00
      69.375     0.978125       298603        45.71
      71.999     0.981250       299559        53.33
      75.199     0.984375       300499        64.00
      77.183     0.985938       300983        71.11
      79.295     0.987500       301458        80.00
      81.727     0.989062       301937        91.43
      84.415     0.990625       302412       106.67
      87.679     0.992188       302887       128.00
      89.727     0.992969       303127       142.22
      91.967     0.993750       303361       160.00
      94.335     0.994531       303598       182.86
      97.471     0.995313       303836       213.33
     101.503     0.996094       304076       256.00
     103.743     0.996484       304195       284.44
     106.623     0.996875       304316       320.00
     110.079     0.997266       304433       365.71
     113.407     0.997656       304552       426.67
     117.631     0.998047       304670       512.00
     119.999     0.998242       304731       568.89
     122.495     0.998437       304790       640.00
     126.015     0.998633       304850       731.43
     130.303     0.998828       304910       853.33
     133.887     0.999023       304969      1024.00
     136.703     0.999121       304999      1137.78
     141.823     0.999219       305029      1280.00
     145.151     0.999316       305058      1462.86
     150.399     0.999414       305088      1706.67
     157.183     0.999512       305118      2048.00
     160.127     0.999561       305132      2275.56
     162.687     0.999609       305147      2560.00
     168.191     0.999658       305162      2925.71
     173.695     0.999707       305177      3413.33
     184.959     0.999756       305192      4096.00
     187.007     0.999780       305199      4551.11
     191.615     0.999805       305207      5120.00
     197.375     0.999829       305214      5851.43
     205.567     0.999854       305222      6826.67
     215.807     0.999878       305229      8192.00
     218.495     0.999890       305233      9102.22
     220.159     0.999902       305237     10240.00
     227.327     0.999915       305240     11702.86
     237.695     0.999927       305244     13653.33
     245.119     0.999939       305248     16384.00
     247.167     0.999945       305250     18204.44
     254.719     0.999951       305252     20480.00
     259.071     0.999957       305253     23405.71
     262.399     0.999963       305255     27306.67
     263.167     0.999969       305257     32768.00
     270.335     0.999973       305258     36408.89
     281.855     0.999976       305259     40960.00
     285.183     0.999979       305260     46811.43
     291.071     0.999982       305261     54613.33
     292.607     0.999985       305262     65536.00
     292.607     0.999986       305262     72817.78
     295.167     0.999988       305263     81920.00
     295.167     0.999989       305263     93622.86
     299.263     0.999991       305264    109226.67
     299.263     0.999992       305264    131072.00
     299.263     0.999993       305264    145635.56
     306.687     0.999994       305265    163840.00
     306.687     0.999995       305265    187245.71
     306.687     0.999995       305265    218453.33
     306.687     0.999996       305265    262144.00
     306.687     0.999997       305265    291271.11
     321.279     0.999997       305266    327680.00
     321.279     1.000000       305266          inf
#[Mean    =       28.857, StdDeviation   =       14.726]
#[Max     =      321.024, Total count    =       305266]
#[Buckets =           27, SubBuckets     =         2048]
----------------------------------------------------------
  307852 requests in 20.00m, 3.85GB read
  Non-2xx or 3xx responses: 1
Requests/sec:    256.53
Transfer/sec:      3.29MB
