Running 20m test @ http://10.108.5.3:8080/wrk2-api/post/compose
  16 threads and 32 connections
  Thread calibration: mean lat.: 42.723ms, rate sampling interval: 147ms
  Thread calibration: mean lat.: 39.082ms, rate sampling interval: 147ms
  Thread calibration: mean lat.: 40.395ms, rate sampling interval: 150ms
  Thread calibration: mean lat.: 63.694ms, rate sampling interval: 265ms
  Thread calibration: mean lat.: 32.566ms, rate sampling interval: 109ms
  Thread calibration: mean lat.: 48.460ms, rate sampling interval: 178ms
  Thread calibration: mean lat.: 31.653ms, rate sampling interval: 106ms
  Thread calibration: mean lat.: 23.936ms, rate sampling interval: 73ms
  Thread calibration: mean lat.: 36.055ms, rate sampling interval: 120ms
  Thread calibration: mean lat.: 42.478ms, rate sampling interval: 148ms
  Thread calibration: mean lat.: 40.194ms, rate sampling interval: 142ms
  Thread calibration: mean lat.: 43.568ms, rate sampling interval: 169ms
  Thread calibration: mean lat.: 55.256ms, rate sampling interval: 157ms
  Thread calibration: mean lat.: 31.242ms, rate sampling interval: 101ms
  Thread calibration: mean lat.: 25.998ms, rate sampling interval: 99ms
  Thread calibration: mean lat.: 41.851ms, rate sampling interval: 151ms
  Thread Stats   Avg      Stdev     99%   +/- Stdev
    Latency    23.93ms   15.58ms  78.40ms   90.93%
    Req/Sec     5.76      6.93    27.00     89.65%
  Latency Distribution (HdrHistogram - Recorded Latency)
 50.000%   19.17ms
 75.000%   26.30ms
 90.000%   38.14ms
 99.000%   78.40ms
 99.900%  229.76ms
 99.990%  261.89ms
 99.999%  323.84ms
100.000%  329.21ms

  Detailed Percentile spectrum:
       Value   Percentile   TotalCount 1/(1-Percentile)

       8.183     0.000000            1         1.00
      14.423     0.100000        11473         1.11
      15.399     0.200000        22929         1.25
      16.431     0.300000        34406         1.43
      17.647     0.400000        45867         1.67
      19.167     0.500000        57281         2.00
      20.111     0.550000        62975         2.22
      21.231     0.600000        68707         2.50
      22.591     0.650000        74423         2.86
      24.255     0.700000        80131         3.33
      26.303     0.750000        85848         4.00
      27.535     0.775000        88688         4.44
      28.975     0.800000        91563         5.00
      30.607     0.825000        94402         5.71
      32.607     0.850000        97272         6.67
      35.071     0.875000       100146         8.00
      36.543     0.887500       101553         8.89
      38.143     0.900000       103002        10.00
      39.999     0.912500       104419        11.43
      42.303     0.925000       105844        13.33
      45.087     0.937500       107277        16.00
      46.847     0.943750       107992        17.78
      48.831     0.950000       108713        20.00
      50.975     0.956250       109420        22.86
      53.599     0.962500       110144        26.67
      56.703     0.968750       110852        32.00
      58.591     0.971875       111209        35.56
      60.671     0.975000       111568        40.00
      62.911     0.978125       111923        45.71
      65.855     0.981250       112284        53.33
      69.055     0.984375       112644        64.00
      71.231     0.985938       112820        71.11
      73.791     0.987500       112996        80.00
      76.543     0.989062       113174        91.43
      79.807     0.990625       113354       106.67
      84.607     0.992188       113537       128.00
      86.847     0.992969       113622       142.22
      89.983     0.993750       113712       160.00
      94.335     0.994531       113800       182.86
      99.455     0.995313       113890       213.33
     108.223     0.996094       113980       256.00
     112.703     0.996484       114024       284.44
     119.231     0.996875       114068       320.00
     127.615     0.997266       114113       365.71
     140.031     0.997656       114157       426.67
     158.463     0.998047       114202       512.00
     179.455     0.998242       114224       568.89
     203.391     0.998437       114247       640.00
     220.671     0.998633       114269       731.43
     227.071     0.998828       114294       853.33
     230.015     0.999023       114314      1024.00
     232.959     0.999121       114325      1137.78
     234.495     0.999219       114337      1280.00
     237.439     0.999316       114347      1462.86
     239.999     0.999414       114359      1706.67
     242.431     0.999512       114370      2048.00
     244.863     0.999561       114375      2275.56
     247.295     0.999609       114381      2560.00
     249.599     0.999658       114386      2925.71
     251.391     0.999707       114392      3413.33
     252.927     0.999756       114398      4096.00
     254.079     0.999780       114400      4551.11
     254.975     0.999805       114403      5120.00
     256.639     0.999829       114406      5851.43
     257.663     0.999854       114409      6826.67
     261.503     0.999878       114412      8192.00
     261.887     0.999890       114414      9102.22
     261.887     0.999902       114414     10240.00
     266.239     0.999915       114416     11702.86
     266.495     0.999927       114417     13653.33
     268.543     0.999939       114419     16384.00
     268.543     0.999945       114419     18204.44
     271.103     0.999951       114420     20480.00
     272.127     0.999957       114421     23405.71
     272.127     0.999963       114421     27306.67
     278.527     0.999969       114422     32768.00
     278.527     0.999973       114422     36408.89
     284.927     0.999976       114423     40960.00
     284.927     0.999979       114423     46811.43
     284.927     0.999982       114423     54613.33
     323.839     0.999985       114424     65536.00
     323.839     0.999986       114424     72817.78
     323.839     0.999988       114424     81920.00
     323.839     0.999989       114424     93622.86
     323.839     0.999991       114424    109226.67
     329.215     0.999992       114425    131072.00
     329.215     1.000000       114425          inf
#[Mean    =       23.929, StdDeviation   =       15.583]
#[Max     =      328.960, Total count    =       114425]
#[Buckets =           27, SubBuckets     =         2048]
----------------------------------------------------------
  115421 requests in 20.00m, 23.67MB read
  Socket errors: connect 0, read 0, write 0, timeout 48
Requests/sec:     96.18
Transfer/sec:     20.19KB
