Running 20m test @ http://10.101.163.149:8080/wrk2-api/post/compose
  16 threads and 32 connections
  Thread calibration: mean lat.: 20.934ms, rate sampling interval: 64ms
  Thread calibration: mean lat.: 19.885ms, rate sampling interval: 55ms
  Thread calibration: mean lat.: 18.746ms, rate sampling interval: 51ms
  Thread calibration: mean lat.: 21.180ms, rate sampling interval: 57ms
  Thread calibration: mean lat.: 17.763ms, rate sampling interval: 44ms
  Thread calibration: mean lat.: 17.849ms, rate sampling interval: 50ms
  Thread calibration: mean lat.: 21.051ms, rate sampling interval: 62ms
  Thread calibration: mean lat.: 21.120ms, rate sampling interval: 60ms
  Thread calibration: mean lat.: 21.365ms, rate sampling interval: 45ms
  Thread calibration: mean lat.: 17.833ms, rate sampling interval: 45ms
  Thread calibration: mean lat.: 20.796ms, rate sampling interval: 59ms
  Thread calibration: mean lat.: 23.661ms, rate sampling interval: 74ms
  Thread calibration: mean lat.: 21.861ms, rate sampling interval: 64ms
  Thread calibration: mean lat.: 18.968ms, rate sampling interval: 57ms
  Thread calibration: mean lat.: 18.732ms, rate sampling interval: 48ms
  Thread calibration: mean lat.: 21.957ms, rate sampling interval: 69ms
  Thread Stats   Avg      Stdev     99%   +/- Stdev
    Latency    20.70ms   13.26ms  50.24ms   94.23%
    Req/Sec     4.93      9.47    40.00     80.80%
  Latency Distribution (HdrHistogram - Recorded Latency)
 50.000%   17.98ms
 75.000%   22.50ms
 90.000%   29.47ms
 99.000%   50.24ms
 99.900%  217.34ms
 99.990%  367.10ms
 99.999%    1.05s 
100.000%    1.05s 

  Detailed Percentile spectrum:
       Value   Percentile   TotalCount 1/(1-Percentile)

      10.759     0.000000            1         1.00
      14.383     0.100000         9566         1.11
      15.191     0.200000        19064         1.25
      16.007     0.300000        28644         1.43
      16.895     0.400000        38185         1.67
      17.983     0.500000        47710         2.00
      18.639     0.550000        52465         2.22
      19.375     0.600000        57215         2.50
      20.239     0.650000        61996         2.86
      21.247     0.700000        66724         3.33
      22.495     0.750000        71460         4.00
      23.279     0.775000        73877         4.44
      24.143     0.800000        76220         5.00
      25.103     0.825000        78590         5.71
      26.287     0.850000        80973         6.67
      27.679     0.875000        83355         8.00
      28.527     0.887500        84546         8.89
      29.471     0.900000        85751        10.00
      30.479     0.912500        86938        11.43
      31.727     0.925000        88119        13.33
      33.279     0.937500        89315        16.00
      34.239     0.943750        89905        17.78
      35.295     0.950000        90507        20.00
      36.479     0.956250        91105        22.86
      37.791     0.962500        91690        26.67
      39.359     0.968750        92287        32.00
      40.319     0.971875        92581        35.56
      41.471     0.975000        92880        40.00
      42.815     0.978125        93180        45.71
      44.255     0.981250        93478        53.33
      45.855     0.984375        93772        64.00
      46.943     0.985938        93925        71.11
      47.967     0.987500        94071        80.00
      49.375     0.989062        94218        91.43
      50.975     0.990625        94366       106.67
      52.991     0.992188        94518       128.00
      54.175     0.992969        94592       142.22
      55.743     0.993750        94665       160.00
      57.535     0.994531        94739       182.86
      60.095     0.995313        94814       213.33
      63.135     0.996094        94887       256.00
      65.183     0.996484        94926       284.44
      67.263     0.996875        94962       320.00
      70.463     0.997266        94999       365.71
      74.303     0.997656        95036       426.67
      83.519     0.998047        95073       512.00
      88.255     0.998242        95092       568.89
     102.015     0.998437        95111       640.00
     126.143     0.998633        95129       731.43
     169.727     0.998828        95148       853.33
     218.495     0.999023        95166      1024.00
     222.975     0.999121        95177      1137.78
     224.255     0.999219        95185      1280.00
     225.663     0.999316        95196      1462.86
     227.199     0.999414        95204      1706.67
     228.991     0.999512        95213      2048.00
     232.191     0.999561        95218      2275.56
     234.367     0.999609        95222      2560.00
     237.695     0.999658        95227      2925.71
     239.999     0.999707        95232      3413.33
     243.199     0.999756        95236      4096.00
     249.343     0.999780        95240      4551.11
     252.415     0.999805        95241      5120.00
     256.383     0.999829        95243      5851.43
     290.559     0.999854        95246      6826.67
     340.735     0.999878        95248      8192.00
     367.103     0.999890        95249      9102.22
     409.087     0.999902        95250     10240.00
     429.055     0.999915        95251     11702.86
     685.567     0.999927        95253     13653.33
     899.071     0.999939        95254     16384.00
     899.071     0.999945        95254     18204.44
     911.871     0.999951        95255     20480.00
     911.871     0.999957        95255     23405.71
     947.199     0.999963        95256     27306.67
    1027.071     0.999969        95257     32768.00
    1027.071     0.999973        95257     36408.89
    1027.071     0.999976        95257     40960.00
    1027.071     0.999979        95257     46811.43
    1047.551     0.999982        95258     54613.33
    1047.551     0.999985        95258     65536.00
    1047.551     0.999986        95258     72817.78
    1047.551     0.999988        95258     81920.00
    1047.551     0.999989        95258     93622.86
    1048.063     0.999991        95259    109226.67
    1048.063     1.000000        95259          inf
#[Mean    =       20.699, StdDeviation   =       13.258]
#[Max     =     1047.552, Total count    =        95259]
#[Buckets =           27, SubBuckets     =         2048]
----------------------------------------------------------
  96093 requests in 20.00m, 19.70MB read
  Socket errors: connect 0, read 0, write 0, timeout 129
Requests/sec:     80.07
Transfer/sec:     16.81KB
