Running 20m test @ http://10.101.163.149:8080/wrk2-api/home-timeline/read
  16 threads and 32 connections
  Thread calibration: mean lat.: 15.408ms, rate sampling interval: 50ms
  Thread calibration: mean lat.: 22.387ms, rate sampling interval: 81ms
  Thread calibration: mean lat.: 22.892ms, rate sampling interval: 81ms
  Thread calibration: mean lat.: 18.067ms, rate sampling interval: 59ms
  Thread calibration: mean lat.: 21.619ms, rate sampling interval: 76ms
  Thread calibration: mean lat.: 19.451ms, rate sampling interval: 65ms
  Thread calibration: mean lat.: 19.530ms, rate sampling interval: 66ms
  Thread calibration: mean lat.: 19.430ms, rate sampling interval: 67ms
  Thread calibration: mean lat.: 23.165ms, rate sampling interval: 77ms
  Thread calibration: mean lat.: 19.514ms, rate sampling interval: 68ms
  Thread calibration: mean lat.: 21.046ms, rate sampling interval: 66ms
  Thread calibration: mean lat.: 22.811ms, rate sampling interval: 73ms
  Thread calibration: mean lat.: 16.313ms, rate sampling interval: 55ms
  Thread calibration: mean lat.: 19.544ms, rate sampling interval: 68ms
  Thread calibration: mean lat.: 22.796ms, rate sampling interval: 78ms
  Thread calibration: mean lat.: 21.193ms, rate sampling interval: 78ms
  Thread Stats   Avg      Stdev     99%   +/- Stdev
    Latency    21.02ms   39.40ms  70.33ms   98.26%
    Req/Sec    32.83     21.45    90.00     75.06%
  Latency Distribution (HdrHistogram - Recorded Latency)
 50.000%   16.75ms
 75.000%   24.38ms
 90.000%   35.33ms
 99.000%   70.33ms
 99.900%  144.38ms
 99.990%    1.61s 
 99.999%    4.78s 
100.000%    5.01s 

  Detailed Percentile spectrum:
       Value   Percentile   TotalCount 1/(1-Percentile)

       2.275     0.000000            1         1.00
      10.175     0.100000        63037         1.11
      11.639     0.200000       126082         1.25
      13.135     0.300000       188760         1.43
      14.807     0.400000       251826         1.67
      16.751     0.500000       314600         2.00
      17.887     0.550000       346057         2.22
      19.167     0.600000       377588         2.50
      20.623     0.650000       409101         2.86
      22.319     0.700000       440448         3.33
      24.383     0.750000       471936         4.00
      25.583     0.775000       487444         4.44
      26.927     0.800000       503182         5.00
      28.479     0.825000       518978         5.71
      30.319     0.850000       534731         6.67
      32.527     0.875000       550352         8.00
      33.855     0.887500       558363         8.89
      35.327     0.900000       566162        10.00
      37.023     0.912500       574006        11.43
      39.039     0.925000       581852        13.33
      41.471     0.937500       589657        16.00
      42.911     0.943750       593618        17.78
      44.543     0.950000       597570        20.00
      46.367     0.956250       601496        22.86
      48.575     0.962500       605389        26.67
      51.295     0.968750       609308        32.00
      52.927     0.971875       611304        35.56
      54.783     0.975000       613243        40.00
      56.863     0.978125       615218        45.71
      59.263     0.981250       617171        53.33
      62.367     0.984375       619132        64.00
      64.159     0.985938       620130        71.11
      66.303     0.987500       621119        80.00
      68.735     0.989062       622101        91.43
      71.487     0.990625       623068       106.67
      75.071     0.992188       624049       128.00
      77.183     0.992969       624551       142.22
      79.615     0.993750       625028       160.00
      82.559     0.994531       625529       182.86
      86.335     0.995313       626012       213.33
      90.815     0.996094       626504       256.00
      93.567     0.996484       626752       284.44
      96.575     0.996875       626998       320.00
     100.287     0.997266       627241       365.71
     104.959     0.997656       627486       426.67
     110.911     0.998047       627736       512.00
     114.559     0.998242       627854       568.89
     119.871     0.998437       627976       640.00
     126.911     0.998633       628100       731.43
     135.039     0.998828       628221       853.33
     146.431     0.999023       628345      1024.00
     153.471     0.999121       628406      1137.78
     162.175     0.999219       628467      1280.00
     175.103     0.999316       628529      1462.86
     191.231     0.999414       628591      1706.67
     209.919     0.999512       628651      2048.00
     218.239     0.999561       628682      2275.56
     224.255     0.999609       628713      2560.00
     232.447     0.999658       628745      2925.71
     239.871     0.999707       628774      3413.33
     249.599     0.999756       628805      4096.00
     253.951     0.999780       628820      4551.11
     261.759     0.999805       628836      5120.00
     283.647     0.999829       628851      5851.43
     550.399     0.999854       628866      6826.67
    1151.999     0.999878       628883      8192.00
    1377.279     0.999890       628889      9102.22
    1622.015     0.999902       628897     10240.00
    2361.343     0.999915       628905     11702.86
    2953.215     0.999927       628912     13653.33
    3368.959     0.999939       628920     16384.00
    3522.559     0.999945       628924     18204.44
    3774.463     0.999951       628928     20480.00
    3807.231     0.999957       628932     23405.71
    3831.807     0.999963       628935     27306.67
    4001.791     0.999969       628939     32768.00
    4050.943     0.999973       628941     36408.89
    4321.279     0.999976       628943     40960.00
    4358.143     0.999979       628945     46811.43
    4395.007     0.999982       628947     54613.33
    4603.903     0.999985       628949     65536.00
    4726.783     0.999986       628950     72817.78
    4730.879     0.999988       628951     81920.00
    4784.127     0.999989       628952     93622.86
    4788.223     0.999991       628953    109226.67
    4837.375     0.999992       628955    131072.00
    4837.375     0.999993       628955    145635.56
    4837.375     0.999994       628955    163840.00
    4837.375     0.999995       628955    187245.71
    4841.471     0.999995       628956    218453.33
    4841.471     0.999996       628956    262144.00
    4841.471     0.999997       628956    291271.11
    5001.215     0.999997       628957    327680.00
    5001.215     0.999997       628957    374491.43
    5001.215     0.999998       628957    436906.67
    5001.215     0.999998       628957    524288.00
    5001.215     0.999998       628957    582542.22
    5013.503     0.999998       628958    655360.00
    5013.503     1.000000       628958          inf
#[Mean    =       21.025, StdDeviation   =       39.397]
#[Max     =     5009.408, Total count    =       628958]
#[Buckets =           27, SubBuckets     =         2048]
----------------------------------------------------------
  634197 requests in 20.00m, 7.56GB read
Requests/sec:    528.49
Transfer/sec:      6.45MB
