Running 20m test @ http://10.101.163.149:8080/wrk2-api/user-timeline/read
  16 threads and 32 connections
  Thread calibration: mean lat.: 27.192ms, rate sampling interval: 84ms
  Thread calibration: mean lat.: 27.233ms, rate sampling interval: 86ms
  Thread calibration: mean lat.: 35.197ms, rate sampling interval: 123ms
  Thread calibration: mean lat.: 25.656ms, rate sampling interval: 72ms
  Thread calibration: mean lat.: 28.501ms, rate sampling interval: 87ms
  Thread calibration: mean lat.: 33.830ms, rate sampling interval: 104ms
  Thread calibration: mean lat.: 25.175ms, rate sampling interval: 74ms
  Thread calibration: mean lat.: 30.038ms, rate sampling interval: 93ms
  Thread calibration: mean lat.: 29.767ms, rate sampling interval: 101ms
  Thread calibration: mean lat.: 33.839ms, rate sampling interval: 103ms
  Thread calibration: mean lat.: 27.912ms, rate sampling interval: 89ms
  Thread calibration: mean lat.: 25.826ms, rate sampling interval: 78ms
  Thread calibration: mean lat.: 30.607ms, rate sampling interval: 100ms
  Thread calibration: mean lat.: 26.204ms, rate sampling interval: 82ms
  Thread calibration: mean lat.: 26.617ms, rate sampling interval: 83ms
  Thread calibration: mean lat.: 31.016ms, rate sampling interval: 100ms
  Thread Stats   Avg      Stdev     99%   +/- Stdev
    Latency    27.88ms   13.90ms  78.91ms   82.66%
    Req/Sec    15.77     13.00    51.00     62.29%
  Latency Distribution (HdrHistogram - Recorded Latency)
 50.000%   24.29ms
 75.000%   32.43ms
 90.000%   44.26ms
 99.000%   78.91ms
 99.900%  124.48ms
 99.990%  228.48ms
 99.999%  283.14ms
100.000%  325.38ms

  Detailed Percentile spectrum:
       Value   Percentile   TotalCount 1/(1-Percentile)

       0.650     0.000000            1         1.00
      15.663     0.100000        30548         1.11
      18.191     0.200000        61251         1.25
      20.207     0.300000        91697         1.43
      22.159     0.400000       122184         1.67
      24.287     0.500000       152849         2.00
      25.471     0.550000       167920         2.22
      26.831     0.600000       183167         2.50
      28.415     0.650000       198463         2.86
      30.239     0.700000       213736         3.33
      32.431     0.750000       228957         4.00
      33.759     0.775000       236744         4.44
      35.231     0.800000       244359         5.00
      36.863     0.825000       251897         5.71
      38.847     0.850000       259495         6.67
      41.247     0.875000       267185         8.00
      42.687     0.887500       270990         8.89
      44.255     0.900000       274751        10.00
      46.079     0.912500       278613        11.43
      48.223     0.925000       282423        13.33
      50.719     0.937500       286196        16.00
      52.255     0.943750       288134        17.78
      53.919     0.950000       290035        20.00
      55.807     0.956250       291921        22.86
      58.015     0.962500       293827        26.67
      60.735     0.968750       295736        32.00
      62.207     0.971875       296682        35.56
      64.063     0.975000       297653        40.00
      66.111     0.978125       298599        45.71
      68.543     0.981250       299547        53.33
      71.487     0.984375       300505        64.00
      73.279     0.985938       300975        71.11
      75.199     0.987500       301455        80.00
      77.311     0.989062       301936        91.43
      79.999     0.990625       302410       106.67
      82.815     0.992188       302885       128.00
      84.479     0.992969       303123       142.22
      86.399     0.993750       303361       160.00
      88.639     0.994531       303605       182.86
      91.519     0.995313       303839       213.33
      94.783     0.996094       304077       256.00
      96.703     0.996484       304197       284.44
      99.711     0.996875       304316       320.00
     102.335     0.997266       304437       365.71
     105.343     0.997656       304552       426.67
     108.799     0.998047       304671       512.00
     111.359     0.998242       304732       568.89
     113.791     0.998437       304791       640.00
     116.671     0.998633       304850       731.43
     120.511     0.998828       304910       853.33
     124.863     0.999023       304970      1024.00
     127.871     0.999121       304999      1137.78
     130.879     0.999219       305029      1280.00
     135.295     0.999316       305059      1462.86
     140.671     0.999414       305089      1706.67
     145.151     0.999512       305118      2048.00
     148.863     0.999561       305133      2275.56
     152.063     0.999609       305148      2560.00
     155.263     0.999658       305163      2925.71
     164.607     0.999707       305178      3413.33
     172.287     0.999756       305194      4096.00
     176.511     0.999780       305200      4551.11
     185.215     0.999805       305208      5120.00
     194.431     0.999829       305215      5851.43
     213.247     0.999854       305223      6826.67
     219.007     0.999878       305230      8192.00
     225.791     0.999890       305234      9102.22
     230.911     0.999902       305238     10240.00
     232.831     0.999915       305241     11702.86
     237.695     0.999927       305245     13653.33
     240.511     0.999939       305249     16384.00
     241.151     0.999945       305251     18204.44
     243.711     0.999951       305253     20480.00
     248.319     0.999957       305254     23405.71
     252.415     0.999963       305256     27306.67
     255.359     0.999969       305258     32768.00
     259.711     0.999973       305259     36408.89
     260.479     0.999976       305260     40960.00
     262.399     0.999979       305261     46811.43
     263.423     0.999982       305262     54613.33
     271.359     0.999985       305263     65536.00
     271.359     0.999986       305263     72817.78
     283.135     0.999988       305264     81920.00
     283.135     0.999989       305264     93622.86
     294.143     0.999991       305265    109226.67
     294.143     0.999992       305265    131072.00
     294.143     0.999993       305265    145635.56
     299.007     0.999994       305266    163840.00
     299.007     0.999995       305266    187245.71
     299.007     0.999995       305266    218453.33
     299.007     0.999996       305266    262144.00
     299.007     0.999997       305266    291271.11
     325.375     0.999997       305267    327680.00
     325.375     1.000000       305267          inf
#[Mean    =       27.878, StdDeviation   =       13.902]
#[Max     =      325.120, Total count    =       305267]
#[Buckets =           27, SubBuckets     =         2048]
----------------------------------------------------------
  307851 requests in 20.00m, 3.85GB read
Requests/sec:    256.52
Transfer/sec:      3.28MB
