Running 20m test @ http://10.106.10.114:8080/wrk2-api/post/compose
  16 threads and 32 connections
  Thread calibration: mean lat.: 24.127ms, rate sampling interval: 79ms
  Thread calibration: mean lat.: 23.246ms, rate sampling interval: 74ms
  Thread calibration: mean lat.: 18.982ms, rate sampling interval: 53ms
  Thread calibration: mean lat.: 20.064ms, rate sampling interval: 55ms
  Thread calibration: mean lat.: 18.566ms, rate sampling interval: 50ms
  Thread calibration: mean lat.: 23.572ms, rate sampling interval: 64ms
  Thread calibration: mean lat.: 24.488ms, rate sampling interval: 79ms
  Thread calibration: mean lat.: 21.584ms, rate sampling interval: 73ms
  Thread calibration: mean lat.: 26.755ms, rate sampling interval: 82ms
  Thread calibration: mean lat.: 20.740ms, rate sampling interval: 56ms
  Thread calibration: mean lat.: 19.995ms, rate sampling interval: 58ms
  Thread calibration: mean lat.: 26.226ms, rate sampling interval: 78ms
  Thread calibration: mean lat.: 20.978ms, rate sampling interval: 57ms
  Thread calibration: mean lat.: 21.655ms, rate sampling interval: 67ms
  Thread calibration: mean lat.: 24.497ms, rate sampling interval: 81ms
  Thread calibration: mean lat.: 21.830ms, rate sampling interval: 62ms
  Thread Stats   Avg      Stdev     99%   +/- Stdev
    Latency    24.43ms   16.58ms  85.06ms   91.15%
    Req/Sec     5.89      9.55    37.00     83.47%
  Latency Distribution (HdrHistogram - Recorded Latency)
 50.000%   19.39ms
 75.000%   26.66ms
 90.000%   39.10ms
 99.000%   85.06ms
 99.900%  225.79ms
 99.990%  264.70ms
 99.999%  387.33ms
100.000%    1.04s 

  Detailed Percentile spectrum:
       Value   Percentile   TotalCount 1/(1-Percentile)

      10.223     0.000000            1         1.00
      14.479     0.100000        11521         1.11
      15.495     0.200000        22951         1.25
      16.575     0.300000        34462         1.43
      17.823     0.400000        45865         1.67
      19.391     0.500000        57235         2.00
      20.367     0.550000        62963         2.22
      21.503     0.600000        68657         2.50
      22.879     0.650000        74407         2.86
      24.559     0.700000        80120         3.33
      26.655     0.750000        85839         4.00
      27.887     0.775000        88684         4.44
      29.327     0.800000        91545         5.00
      31.071     0.825000        94407         5.71
      33.151     0.850000        97291         6.67
      35.711     0.875000       100137         8.00
      37.247     0.887500       101566         8.89
      39.103     0.900000       103003        10.00
      41.247     0.912500       104427        11.43
      43.775     0.925000       105845        13.33
      46.975     0.937500       107277        16.00
      48.895     0.943750       107998        17.78
      51.103     0.950000       108708        20.00
      53.727     0.956250       109427        22.86
      56.607     0.962500       110143        26.67
      60.223     0.968750       110855        32.00
      62.367     0.971875       111208        35.56
      64.735     0.975000       111569        40.00
      67.391     0.978125       111927        45.71
      70.719     0.981250       112286        53.33
      74.495     0.984375       112639        64.00
      76.991     0.985938       112820        71.11
      79.743     0.987500       112998        80.00
      83.071     0.989062       113177        91.43
      87.039     0.990625       113357       106.67
      92.543     0.992188       113533       128.00
      95.039     0.992969       113622       142.22
      98.943     0.993750       113713       160.00
     103.103     0.994531       113801       182.86
     108.735     0.995313       113890       213.33
     115.839     0.996094       113980       256.00
     121.919     0.996484       114025       284.44
     126.335     0.996875       114069       320.00
     133.247     0.997266       114114       365.71
     142.719     0.997656       114158       426.67
     159.999     0.998047       114203       512.00
     180.735     0.998242       114225       568.89
     208.895     0.998437       114248       640.00
     219.519     0.998633       114272       731.43
     223.103     0.998828       114294       853.33
     226.047     0.999023       114317      1024.00
     227.455     0.999121       114326      1137.78
     230.271     0.999219       114337      1280.00
     231.551     0.999316       114348      1462.86
     232.703     0.999414       114359      1706.67
     235.647     0.999512       114371      2048.00
     236.543     0.999561       114376      2275.56
     238.591     0.999609       114382      2560.00
     240.127     0.999658       114387      2925.71
     242.687     0.999707       114393      3413.33
     247.935     0.999756       114399      4096.00
     249.215     0.999780       114401      4551.11
     251.391     0.999805       114405      5120.00
     252.415     0.999829       114407      5851.43
     259.071     0.999854       114410      6826.67
     261.119     0.999878       114413      8192.00
     261.375     0.999890       114414      9102.22
     264.703     0.999902       114415     10240.00
     277.503     0.999915       114417     11702.86
     283.903     0.999927       114418     13653.33
     286.463     0.999939       114420     16384.00
     286.463     0.999945       114420     18204.44
     292.095     0.999951       114421     20480.00
     315.647     0.999957       114422     23405.71
     315.647     0.999963       114422     27306.67
     316.927     0.999969       114423     32768.00
     316.927     0.999973       114423     36408.89
     376.831     0.999976       114424     40960.00
     376.831     0.999979       114424     46811.43
     376.831     0.999982       114424     54613.33
     387.327     0.999985       114425     65536.00
     387.327     0.999986       114425     72817.78
     387.327     0.999988       114425     81920.00
     387.327     0.999989       114425     93622.86
     387.327     0.999991       114425    109226.67
    1040.383     0.999992       114426    131072.00
    1040.383     1.000000       114426          inf
#[Mean    =       24.427, StdDeviation   =       16.575]
#[Max     =     1039.872, Total count    =       114426]
#[Buckets =           27, SubBuckets     =         2048]
----------------------------------------------------------
  115416 requests in 20.00m, 23.66MB read
  Socket errors: connect 0, read 0, write 0, timeout 52
Requests/sec:     96.17
Transfer/sec:     20.19KB
