Running 20m test @ http://10.106.10.114:8080/wrk2-api/home-timeline/read
  16 threads and 32 connections
  Thread calibration: mean lat.: 24.155ms, rate sampling interval: 86ms
  Thread calibration: mean lat.: 31.246ms, rate sampling interval: 117ms
  Thread calibration: mean lat.: 30.351ms, rate sampling interval: 124ms
  Thread calibration: mean lat.: 23.657ms, rate sampling interval: 86ms
  Thread calibration: mean lat.: 22.896ms, rate sampling interval: 87ms
  Thread calibration: mean lat.: 27.414ms, rate sampling interval: 110ms
  Thread calibration: mean lat.: 24.582ms, rate sampling interval: 103ms
  Thread calibration: mean lat.: 26.028ms, rate sampling interval: 105ms
  Thread calibration: mean lat.: 30.940ms, rate sampling interval: 115ms
  Thread calibration: mean lat.: 25.521ms, rate sampling interval: 100ms
  Thread calibration: mean lat.: 29.830ms, rate sampling interval: 123ms
  Thread calibration: mean lat.: 26.407ms, rate sampling interval: 100ms
  Thread calibration: mean lat.: 27.081ms, rate sampling interval: 96ms
  Thread calibration: mean lat.: 25.810ms, rate sampling interval: 88ms
  Thread calibration: mean lat.: 19.776ms, rate sampling interval: 68ms
  Thread calibration: mean lat.: 25.746ms, rate sampling interval: 95ms
  Thread Stats   Avg      Stdev     99%   +/- Stdev
    Latency    67.08ms  225.52ms   1.22s    96.30%
    Req/Sec    36.79     18.68    88.00     69.34%
  Latency Distribution (HdrHistogram - Recorded Latency)
 50.000%   21.22ms
 75.000%   37.47ms
 90.000%   79.49ms
 99.000%    1.22s 
 99.900%    2.76s 
 99.990%    3.61s 
 99.999%    3.90s 
100.000%    3.96s 

  Detailed Percentile spectrum:
       Value   Percentile   TotalCount 1/(1-Percentile)

       0.564     0.000000            1         1.00
      10.727     0.100000        70706         1.11
      12.799     0.200000       141164         1.25
      15.071     0.300000       211730         1.43
      17.791     0.400000       282179         1.67
      21.215     0.500000       352611         2.00
      23.327     0.550000       387948         2.22
      25.823     0.600000       423255         2.50
      28.799     0.650000       458328         2.86
      32.511     0.700000       493688         3.33
      37.471     0.750000       529003         4.00
      40.575     0.775000       546473         4.44
      44.479     0.800000       564226         5.00
      49.407     0.825000       581735         5.71
      55.871     0.850000       599390         6.67
      64.991     0.875000       616992         8.00
      71.295     0.887500       625852         8.89
      79.487     0.900000       634627        10.00
      90.687     0.912500       643443        11.43
     107.135     0.925000       652232        13.33
     133.759     0.937500       661047        16.00
     154.623     0.943750       665451        17.78
     183.423     0.950000       669861        20.00
     225.151     0.956250       674271        22.86
     286.463     0.962500       678682        26.67
     384.255     0.968750       683081        32.00
     449.791     0.971875       685277        35.56
     534.527     0.975000       687488        40.00
     638.463     0.978125       689696        45.71
     754.175     0.981250       691890        53.33
     900.607     0.984375       694095        64.00
     981.503     0.985938       695194        71.11
    1070.079     0.987500       696295        80.00
    1159.167     0.989062       697397        91.43
    1272.831     0.990625       698506       106.67
    1412.095     0.992188       699608       128.00
    1499.135     0.992969       700153       142.22
    1599.487     0.993750       700703       160.00
    1707.007     0.994531       701254       182.86
    1842.175     0.995313       701806       213.33
    1981.439     0.996094       702355       256.00
    2060.287     0.996484       702631       284.44
    2134.015     0.996875       702910       320.00
    2199.551     0.997266       703191       365.71
    2310.143     0.997656       703458       426.67
    2424.831     0.998047       703734       512.00
    2484.223     0.998242       703871       568.89
    2537.471     0.998437       704010       640.00
    2603.007     0.998633       704148       731.43
    2672.639     0.998828       704283       853.33
    2772.991     0.999023       704420      1024.00
    2826.239     0.999121       704489      1137.78
    2873.343     0.999219       704560      1280.00
    2916.351     0.999316       704628      1462.86
    2961.407     0.999414       704695      1706.67
    3022.847     0.999512       704764      2048.00
    3078.143     0.999561       704799      2275.56
    3135.487     0.999609       704833      2560.00
    3215.359     0.999658       704867      2925.71
    3315.711     0.999707       704903      3413.33
    3373.055     0.999756       704936      4096.00
    3407.871     0.999780       704954      4551.11
    3436.543     0.999805       704971      5120.00
    3475.455     0.999829       704989      5851.43
    3512.319     0.999854       705005      6826.67
    3569.663     0.999878       705022      8192.00
    3598.335     0.999890       705032      9102.22
    3624.959     0.999902       705040     10240.00
    3647.487     0.999915       705049     11702.86
    3674.111     0.999927       705057     13653.33
    3706.879     0.999939       705065     16384.00
    3721.215     0.999945       705071     18204.44
    3741.695     0.999951       705074     20480.00
    3753.983     0.999957       705078     23405.71
    3780.607     0.999963       705083     27306.67
    3811.327     0.999969       705088     32768.00
    3815.423     0.999973       705089     36408.89
    3817.471     0.999976       705091     40960.00
    3821.567     0.999979       705093     46811.43
    3844.095     0.999982       705096     54613.33
    3883.007     0.999985       705098     65536.00
    3885.055     0.999986       705100     72817.78
    3885.055     0.999988       705100     81920.00
    3901.439     0.999989       705101     93622.86
    3905.535     0.999991       705102    109226.67
    3913.727     0.999992       705103    131072.00
    3917.823     0.999993       705104    145635.56
    3917.823     0.999994       705104    163840.00
    3940.351     0.999995       705105    187245.71
    3940.351     0.999995       705105    218453.33
    3942.399     0.999996       705106    262144.00
    3942.399     0.999997       705106    291271.11
    3942.399     0.999997       705106    327680.00
    3948.543     0.999997       705107    374491.43
    3948.543     0.999998       705107    436906.67
    3948.543     0.999998       705107    524288.00
    3948.543     0.999998       705107    582542.22
    3948.543     0.999998       705107    655360.00
    3956.735     0.999999       705108    748982.86
    3956.735     1.000000       705108          inf
#[Mean    =       67.077, StdDeviation   =      225.516]
#[Max     =     3954.688, Total count    =       705108]
#[Buckets =           27, SubBuckets     =         2048]
----------------------------------------------------------
  710944 requests in 20.00m, 8.50GB read
Requests/sec:    592.42
Transfer/sec:      7.25MB
