Running 20m test @ http://10.97.133.98:8080/wrk2-api/post/compose
  16 threads and 32 connections
  Thread calibration: mean lat.: 21.630ms, rate sampling interval: 68ms
  Thread calibration: mean lat.: 27.398ms, rate sampling interval: 95ms
  Thread calibration: mean lat.: 22.737ms, rate sampling interval: 68ms
  Thread calibration: mean lat.: 20.806ms, rate sampling interval: 64ms
  Thread calibration: mean lat.: 21.125ms, rate sampling interval: 60ms
  Thread calibration: mean lat.: 23.451ms, rate sampling interval: 73ms
  Thread calibration: mean lat.: 25.899ms, rate sampling interval: 75ms
  Thread calibration: mean lat.: 21.839ms, rate sampling interval: 64ms
  Thread calibration: mean lat.: 22.685ms, rate sampling interval: 69ms
  Thread calibration: mean lat.: 25.408ms, rate sampling interval: 78ms
  Thread calibration: mean lat.: 17.778ms, rate sampling interval: 47ms
  Thread calibration: mean lat.: 25.682ms, rate sampling interval: 88ms
  Thread calibration: mean lat.: 25.374ms, rate sampling interval: 89ms
  Thread calibration: mean lat.: 23.503ms, rate sampling interval: 82ms
  Thread calibration: mean lat.: 24.752ms, rate sampling interval: 71ms
  Thread calibration: mean lat.: 21.459ms, rate sampling interval: 60ms
  Thread Stats   Avg      Stdev     99%   +/- Stdev
    Latency    25.10ms   34.10ms  82.43ms   96.82%
    Req/Sec     5.86      9.18    34.00     91.24%
  Latency Distribution (HdrHistogram - Recorded Latency)
 50.000%   19.90ms
 75.000%   27.47ms
 90.000%   40.00ms
 99.000%   82.43ms
 99.900%  230.27ms
 99.990%  461.31ms
 99.999%    3.92s 
100.000%    5.01s 

  Detailed Percentile spectrum:
       Value   Percentile   TotalCount 1/(1-Percentile)

      10.719     0.000000            1         1.00
      14.647     0.100000        11491         1.11
      15.727     0.200000        22915         1.25
      16.879     0.300000        34384         1.43
      18.223     0.400000        45886         1.67
      19.903     0.500000        57295         2.00
      20.911     0.550000        62952         2.22
      22.111     0.600000        68697         2.50
      23.567     0.650000        74394         2.86
      25.359     0.700000        80140         3.33
      27.471     0.750000        85846         4.00
      28.767     0.775000        88695         4.44
      30.255     0.800000        91559         5.00
      31.999     0.825000        94423         5.71
      34.111     0.850000        97264         6.67
      36.639     0.875000       100131         8.00
      38.207     0.887500       101574         8.89
      39.999     0.900000       102999        10.00
      42.079     0.912500       104423        11.43
      44.543     0.925000       105849        13.33
      47.519     0.937500       107285        16.00
      49.311     0.943750       108000        17.78
      51.167     0.950000       108705        20.00
      53.439     0.956250       109420        22.86
      56.223     0.962500       110137        26.67
      59.743     0.968750       110853        32.00
      61.471     0.971875       111208        35.56
      63.615     0.975000       111564        40.00
      66.047     0.978125       111928        45.71
      68.927     0.981250       112279        53.33
      72.447     0.984375       112638        64.00
      74.879     0.985938       112821        71.11
      77.311     0.987500       112993        80.00
      80.255     0.989062       113174        91.43
      83.967     0.990625       113352       106.67
      88.703     0.992188       113530       128.00
      91.775     0.992969       113619       142.22
      95.039     0.993750       113707       160.00
      99.775     0.994531       113797       182.86
     104.767     0.995313       113886       213.33
     112.575     0.996094       113976       256.00
     116.479     0.996484       114020       284.44
     122.367     0.996875       114065       320.00
     130.431     0.997266       114111       365.71
     141.823     0.997656       114154       426.67
     166.911     0.998047       114199       512.00
     192.127     0.998242       114221       568.89
     217.471     0.998437       114244       640.00
     222.719     0.998633       114266       731.43
     226.559     0.998828       114288       853.33
     230.655     0.999023       114313      1024.00
     231.935     0.999121       114322      1137.78
     234.239     0.999219       114333      1280.00
     237.567     0.999316       114345      1462.86
     239.999     0.999414       114355      1706.67
     243.071     0.999512       114367      2048.00
     244.479     0.999561       114373      2275.56
     246.271     0.999609       114378      2560.00
     248.831     0.999658       114384      2925.71
     253.055     0.999707       114389      3413.33
     258.047     0.999756       114395      4096.00
     259.199     0.999780       114397      4551.11
     268.287     0.999805       114400      5120.00
     279.295     0.999829       114403      5851.43
     287.999     0.999854       114406      6826.67
     367.615     0.999878       114409      8192.00
     412.927     0.999890       114410      9102.22
     461.311     0.999902       114411     10240.00
    1438.719     0.999915       114413     11702.86
    1484.799     0.999927       114414     13653.33
    2574.335     0.999939       114416     16384.00
    2574.335     0.999945       114416     18204.44
    2766.847     0.999951       114417     20480.00
    3280.895     0.999957       114418     23405.71
    3280.895     0.999963       114418     27306.67
    3778.559     0.999969       114419     32768.00
    3778.559     0.999973       114419     36408.89
    3784.703     0.999976       114420     40960.00
    3784.703     0.999979       114420     46811.43
    3784.703     0.999982       114420     54613.33
    3919.871     0.999985       114421     65536.00
    3919.871     0.999986       114421     72817.78
    3919.871     0.999988       114421     81920.00
    3919.871     0.999989       114421     93622.86
    3919.871     0.999991       114421    109226.67
    5013.503     0.999992       114422    131072.00
    5013.503     1.000000       114422          inf
#[Mean    =       25.098, StdDeviation   =       34.097]
#[Max     =     5009.408, Total count    =       114422]
#[Buckets =           27, SubBuckets     =         2048]
----------------------------------------------------------
  115421 requests in 20.00m, 23.67MB read
  Socket errors: connect 0, read 0, write 0, timeout 50
Requests/sec:     96.18
Transfer/sec:     20.19KB
