Running 20m test @ http://10.104.183.5:8080/wrk2-api/post/compose
  16 threads and 32 connections
  Thread calibration: mean lat.: 19.611ms, rate sampling interval: 53ms
  Thread calibration: mean lat.: 16.825ms, rate sampling interval: 37ms
  Thread calibration: mean lat.: 17.114ms, rate sampling interval: 40ms
  Thread calibration: mean lat.: 18.879ms, rate sampling interval: 45ms
  Thread calibration: mean lat.: 17.607ms, rate sampling interval: 47ms
  Thread calibration: mean lat.: 18.276ms, rate sampling interval: 49ms
  Thread calibration: mean lat.: 17.928ms, rate sampling interval: 46ms
  Thread calibration: mean lat.: 18.321ms, rate sampling interval: 49ms
  Thread calibration: mean lat.: 17.806ms, rate sampling interval: 42ms
  Thread calibration: mean lat.: 18.830ms, rate sampling interval: 55ms
  Thread calibration: mean lat.: 17.392ms, rate sampling interval: 42ms
  Thread calibration: mean lat.: 17.841ms, rate sampling interval: 47ms
  Thread calibration: mean lat.: 16.685ms, rate sampling interval: 36ms
  Thread calibration: mean lat.: 18.615ms, rate sampling interval: 43ms
  Thread calibration: mean lat.: 18.785ms, rate sampling interval: 54ms
  Thread calibration: mean lat.: 17.290ms, rate sampling interval: 41ms
  Thread Stats   Avg      Stdev     99%   +/- Stdev
    Latency    17.83ms    5.63ms  35.29ms   90.70%
    Req/Sec     2.96      8.13    28.00     87.42%
  Latency Distribution (HdrHistogram - Recorded Latency)
 50.000%   16.35ms
 75.000%   18.99ms
 90.000%   23.12ms
 99.000%   35.29ms
 99.900%   51.58ms
 99.990%  224.51ms
 99.999%  233.73ms
100.000%  241.02ms

  Detailed Percentile spectrum:
       Value   Percentile   TotalCount 1/(1-Percentile)

      10.823     0.000000            1         1.00
      14.223     0.100000         5713         1.11
      14.775     0.200000        11381         1.25
      15.263     0.300000        17104         1.43
      15.759     0.400000        22777         1.67
      16.351     0.500000        28461         2.00
      16.703     0.550000        31301         2.22
      17.151     0.600000        34238         2.50
      17.647     0.650000        37026         2.86
      18.255     0.700000        39891         3.33
      18.991     0.750000        42727         4.00
      19.407     0.775000        44128         4.44
      19.919     0.800000        45568         5.00
      20.495     0.825000        46956         5.71
      21.151     0.850000        48383         6.67
      22.015     0.875000        49807         8.00
      22.495     0.887500        50515         8.89
      23.119     0.900000        51225        10.00
      23.759     0.912500        51933        11.43
      24.575     0.925000        52638        13.33
      25.519     0.937500        53363        16.00
      26.031     0.943750        53709        17.78
      26.687     0.950000        54066        20.00
      27.375     0.956250        54421        22.86
      28.079     0.962500        54774        26.67
      29.023     0.968750        55129        32.00
      29.599     0.971875        55313        35.56
      30.255     0.975000        55485        40.00
      30.799     0.978125        55665        45.71
      31.663     0.981250        55842        53.33
      32.671     0.984375        56018        64.00
      33.311     0.985938        56107        71.11
      33.951     0.987500        56196        80.00
      34.687     0.989062        56283        91.43
      35.711     0.990625        56376       106.67
      36.895     0.992188        56462       128.00
      37.471     0.992969        56505       142.22
      38.207     0.993750        56551       160.00
      38.943     0.994531        56594       182.86
      40.095     0.995313        56641       213.33
      41.407     0.996094        56683       256.00
      42.431     0.996484        56705       284.44
      43.263     0.996875        56729       320.00
      44.223     0.997266        56750       365.71
      44.991     0.997656        56772       426.67
      46.655     0.998047        56794       512.00
      47.391     0.998242        56805       568.89
      47.839     0.998437        56818       640.00
      48.799     0.998633        56828       731.43
      50.303     0.998828        56839       853.33
      52.031     0.999023        56850      1024.00
      52.607     0.999121        56855      1137.78
      54.047     0.999219        56861      1280.00
      55.007     0.999316        56867      1462.86
      58.655     0.999414        56872      1706.67
      61.887     0.999512        56878      2048.00
      63.231     0.999561        56880      2275.56
      64.575     0.999609        56883      2560.00
      68.543     0.999658        56886      2925.71
     111.807     0.999707        56889      3413.33
     210.687     0.999756        56892      4096.00
     213.247     0.999780        56893      4551.11
     217.087     0.999805        56894      5120.00
     220.927     0.999829        56896      5851.43
     222.719     0.999854        56897      6826.67
     224.511     0.999878        56899      8192.00
     224.511     0.999890        56899      9102.22
     225.791     0.999902        56900     10240.00
     226.303     0.999915        56901     11702.86
     226.303     0.999927        56901     13653.33
     231.935     0.999939        56902     16384.00
     231.935     0.999945        56902     18204.44
     233.599     0.999951        56903     20480.00
     233.599     0.999957        56903     23405.71
     233.599     0.999963        56903     27306.67
     233.727     0.999969        56904     32768.00
     233.727     0.999973        56904     36408.89
     233.727     0.999976        56904     40960.00
     233.727     0.999979        56904     46811.43
     233.727     0.999982        56904     54613.33
     241.023     0.999985        56905     65536.00
     241.023     1.000000        56905          inf
#[Mean    =       17.833, StdDeviation   =        5.628]
#[Max     =      240.896, Total count    =        56905]
#[Buckets =           27, SubBuckets     =         2048]
----------------------------------------------------------
  57427 requests in 20.00m, 11.77MB read
  Socket errors: connect 0, read 0, write 0, timeout 916
Requests/sec:     47.85
Transfer/sec:     10.05KB
