Running 20m test @ http://10.104.183.5:8080/wrk2-api/home-timeline/read
  16 threads and 32 connections
  Thread calibration: mean lat.: 14.312ms, rate sampling interval: 42ms
  Thread calibration: mean lat.: 14.921ms, rate sampling interval: 49ms
  Thread calibration: mean lat.: 14.442ms, rate sampling interval: 43ms
  Thread calibration: mean lat.: 14.493ms, rate sampling interval: 45ms
  Thread calibration: mean lat.: 14.280ms, rate sampling interval: 44ms
  Thread calibration: mean lat.: 13.568ms, rate sampling interval: 39ms
  Thread calibration: mean lat.: 14.738ms, rate sampling interval: 44ms
  Thread calibration: mean lat.: 13.194ms, rate sampling interval: 38ms
  Thread calibration: mean lat.: 15.283ms, rate sampling interval: 48ms
  Thread calibration: mean lat.: 14.500ms, rate sampling interval: 42ms
  Thread calibration: mean lat.: 14.599ms, rate sampling interval: 42ms
  Thread calibration: mean lat.: 13.922ms, rate sampling interval: 39ms
  Thread calibration: mean lat.: 14.827ms, rate sampling interval: 45ms
  Thread calibration: mean lat.: 15.129ms, rate sampling interval: 46ms
  Thread calibration: mean lat.: 14.816ms, rate sampling interval: 44ms
  Thread calibration: mean lat.: 14.734ms, rate sampling interval: 44ms
  Thread Stats   Avg      Stdev     99%   +/- Stdev
    Latency    15.11ms    6.53ms  37.53ms   84.35%
    Req/Sec    21.97     22.19    90.00     83.62%
  Latency Distribution (HdrHistogram - Recorded Latency)
 50.000%   13.47ms
 75.000%   17.47ms
 90.000%   22.90ms
 99.000%   37.53ms
 99.900%   54.75ms
 99.990%  118.46ms
 99.999%  241.92ms
100.000%  257.54ms

  Detailed Percentile spectrum:
       Value   Percentile   TotalCount 1/(1-Percentile)

       0.181     0.000000            1         1.00
       9.623     0.100000        42043         1.11
      10.543     0.200000        84140         1.25
      11.423     0.300000       126027         1.43
      12.383     0.400000       167954         1.67
      13.471     0.500000       210023         2.00
      14.087     0.550000       230888         2.22
      14.759     0.600000       251797         2.50
      15.535     0.650000       272843         2.86
      16.431     0.700000       293955         3.33
      17.471     0.750000       314652         4.00
      18.095     0.775000       325400         4.44
      18.767     0.800000       335698         5.00
      19.551     0.825000       346134         5.71
      20.463     0.850000       356671         6.67
      21.567     0.875000       367156         8.00
      22.175     0.887500       372320         8.89
      22.895     0.900000       377668        10.00
      23.679     0.912500       382824        11.43
      24.623     0.925000       388072        13.33
      25.727     0.937500       393298        16.00
      26.399     0.943750       395919        17.78
      27.151     0.950000       398552        20.00
      27.951     0.956250       401170        22.86
      28.943     0.962500       403779        26.67
      30.079     0.968750       406400        32.00
      30.767     0.971875       407722        35.56
      31.503     0.975000       409029        40.00
      32.335     0.978125       410329        45.71
      33.343     0.981250       411665        53.33
      34.527     0.984375       412968        64.00
      35.263     0.985938       413626        71.11
      35.999     0.987500       414265        80.00
      36.895     0.989062       414920        91.43
      37.983     0.990625       415589       106.67
      39.231     0.992188       416225       128.00
      39.967     0.992969       416553       142.22
      40.767     0.993750       416892       160.00
      41.567     0.994531       417210       182.86
      42.687     0.995313       417540       213.33
      44.031     0.996094       417865       256.00
      44.767     0.996484       418028       284.44
      45.567     0.996875       418193       320.00
      46.559     0.997266       418354       365.71
      47.839     0.997656       418520       426.67
      49.535     0.998047       418683       512.00
      50.175     0.998242       418764       568.89
      51.263     0.998437       418846       640.00
      52.351     0.998633       418930       731.43
      53.407     0.998828       419010       853.33
      54.975     0.999023       419094      1024.00
      55.871     0.999121       419137      1137.78
      57.055     0.999219       419174      1280.00
      58.239     0.999316       419215      1462.86
      59.775     0.999414       419256      1706.67
      61.503     0.999512       419298      2048.00
      62.527     0.999561       419317      2275.56
      63.615     0.999609       419338      2560.00
      65.055     0.999658       419358      2925.71
      67.007     0.999707       419379      3413.33
      71.039     0.999756       419399      4096.00
      73.279     0.999780       419409      4551.11
      76.031     0.999805       419420      5120.00
      80.063     0.999829       419430      5851.43
      85.887     0.999854       419440      6826.67
     106.111     0.999878       419450      8192.00
     111.935     0.999890       419455      9102.22
     121.919     0.999902       419461     10240.00
     126.271     0.999915       419466     11702.86
     160.511     0.999927       419471     13653.33
     186.879     0.999939       419476     16384.00
     202.879     0.999945       419478     18204.44
     214.527     0.999951       419481     20480.00
     219.007     0.999957       419484     23405.71
     222.079     0.999963       419486     27306.67
     226.047     0.999969       419489     32768.00
     227.327     0.999973       419490     36408.89
     233.855     0.999976       419491     40960.00
     235.903     0.999979       419493     46811.43
     237.695     0.999982       419494     54613.33
     238.335     0.999985       419495     65536.00
     241.151     0.999986       419496     72817.78
     241.151     0.999988       419496     81920.00
     241.919     0.999989       419497     93622.86
     250.495     0.999991       419498    109226.67
     250.495     0.999992       419498    131072.00
     250.879     0.999993       419499    145635.56
     250.879     0.999994       419499    163840.00
     250.879     0.999995       419499    187245.71
     253.951     0.999995       419500    218453.33
     253.951     0.999996       419500    262144.00
     253.951     0.999997       419500    291271.11
     253.951     0.999997       419500    327680.00
     253.951     0.999997       419500    374491.43
     257.535     0.999998       419501    436906.67
     257.535     1.000000       419501          inf
#[Mean    =       15.109, StdDeviation   =        6.531]
#[Max     =      257.408, Total count    =       419501]
#[Buckets =           27, SubBuckets     =         2048]
----------------------------------------------------------
  423024 requests in 20.00m, 4.96GB read
Requests/sec:    352.49
Transfer/sec:      4.24MB
