Running 20m test @ http://10.104.183.5:8080/wrk2-api/user-timeline/read
  16 threads and 32 connections
  Thread calibration: mean lat.: 22.442ms, rate sampling interval: 64ms
  Thread calibration: mean lat.: 24.777ms, rate sampling interval: 69ms
  Thread calibration: mean lat.: 22.873ms, rate sampling interval: 63ms
  Thread calibration: mean lat.: 24.593ms, rate sampling interval: 71ms
  Thread calibration: mean lat.: 24.188ms, rate sampling interval: 71ms
  Thread calibration: mean lat.: 26.179ms, rate sampling interval: 78ms
  Thread calibration: mean lat.: 23.797ms, rate sampling interval: 67ms
  Thread calibration: mean lat.: 22.102ms, rate sampling interval: 56ms
  Thread calibration: mean lat.: 21.920ms, rate sampling interval: 58ms
  Thread calibration: mean lat.: 25.017ms, rate sampling interval: 68ms
  Thread calibration: mean lat.: 23.386ms, rate sampling interval: 63ms
  Thread calibration: mean lat.: 23.779ms, rate sampling interval: 69ms
  Thread calibration: mean lat.: 22.064ms, rate sampling interval: 61ms
  Thread calibration: mean lat.: 24.229ms, rate sampling interval: 66ms
  Thread calibration: mean lat.: 23.967ms, rate sampling interval: 69ms
  Thread calibration: mean lat.: 24.915ms, rate sampling interval: 75ms
  Thread Stats   Avg      Stdev     99%   +/- Stdev
    Latency    23.53ms    8.30ms  52.99ms   77.57%
    Req/Sec    10.82     12.55    48.00     83.44%
  Latency Distribution (HdrHistogram - Recorded Latency)
 50.000%   21.92ms
 75.000%   26.75ms
 90.000%   33.60ms
 99.000%   52.99ms
 99.900%   73.15ms
 99.990%   92.42ms
 99.999%  114.62ms
100.000%  235.39ms

  Detailed Percentile spectrum:
       Value   Percentile   TotalCount 1/(1-Percentile)

       1.415     0.000000            1         1.00
      15.263     0.100000        21007         1.11
      17.455     0.200000        42047         1.25
      19.071     0.300000        62967         1.43
      20.495     0.400000        84020         1.67
      21.919     0.500000       104865         2.00
      22.687     0.550000       115393         2.22
      23.503     0.600000       125970         2.50
      24.415     0.650000       136325         2.86
      25.487     0.700000       146844         3.33
      26.751     0.750000       157248         4.00
      27.519     0.775000       162581         4.44
      28.351     0.800000       167792         5.00
      29.343     0.825000       173030         5.71
      30.479     0.850000       178262         6.67
      31.871     0.875000       183487         8.00
      32.687     0.887500       186094         8.89
      33.599     0.900000       188724        10.00
      34.687     0.912500       191350        11.43
      35.935     0.925000       193999        13.33
      37.439     0.937500       196596        16.00
      38.271     0.943750       197892        17.78
      39.263     0.950000       199218        20.00
      40.383     0.956250       200510        22.86
      41.695     0.962500       201833        26.67
      43.199     0.968750       203120        32.00
      44.095     0.971875       203788        35.56
      45.087     0.975000       204427        40.00
      46.207     0.978125       205092        45.71
      47.551     0.981250       205743        53.33
      49.087     0.984375       206400        64.00
      49.983     0.985938       206721        71.11
      50.975     0.987500       207046        80.00
      52.127     0.989062       207372        91.43
      53.599     0.990625       207703       106.67
      55.295     0.992188       208029       128.00
      56.255     0.992969       208191       142.22
      57.055     0.993750       208355       160.00
      58.111     0.994531       208519       182.86
      59.391     0.995313       208682       213.33
      60.799     0.996094       208846       256.00
      61.695     0.996484       208929       284.44
      62.879     0.996875       209011       320.00
      64.063     0.997266       209093       365.71
      65.247     0.997656       209173       426.67
      67.071     0.998047       209255       512.00
      67.775     0.998242       209296       568.89
      69.119     0.998437       209340       640.00
      70.463     0.998633       209380       731.43
      71.807     0.998828       209419       853.33
      73.343     0.999023       209461      1024.00
      74.303     0.999121       209480      1137.78
      75.391     0.999219       209501      1280.00
      76.735     0.999316       209522      1462.86
      77.951     0.999414       209544      1706.67
      79.103     0.999512       209562      2048.00
      79.743     0.999561       209572      2275.56
      80.575     0.999609       209583      2560.00
      81.215     0.999658       209594      2925.71
      82.111     0.999707       209603      3413.33
      82.943     0.999756       209613      4096.00
      84.287     0.999780       209618      4551.11
      85.183     0.999805       209624      5120.00
      86.975     0.999829       209629      5851.43
      87.871     0.999854       209634      6826.67
      90.559     0.999878       209639      8192.00
      91.199     0.999890       209641      9102.22
      92.543     0.999902       209644     10240.00
      94.143     0.999915       209647     11702.86
      95.039     0.999927       209649     13653.33
      97.023     0.999939       209652     16384.00
      98.111     0.999945       209653     18204.44
      98.239     0.999951       209654     20480.00
      98.815     0.999957       209656     23405.71
      99.071     0.999963       209657     27306.67
      99.775     0.999969       209658     32768.00
      99.839     0.999973       209659     36408.89
      99.839     0.999976       209659     40960.00
     106.303     0.999979       209660     46811.43
     106.495     0.999982       209661     54613.33
     106.495     0.999985       209661     65536.00
     114.623     0.999986       209662     72817.78
     114.623     0.999988       209662     81920.00
     114.623     0.999989       209662     93622.86
     222.975     0.999991       209663    109226.67
     222.975     0.999992       209663    131072.00
     222.975     0.999993       209663    145635.56
     222.975     0.999994       209663    163840.00
     222.975     0.999995       209663    187245.71
     235.391     0.999995       209664    218453.33
     235.391     1.000000       209664          inf
#[Mean    =       23.530, StdDeviation   =        8.300]
#[Max     =      235.264, Total count    =       209664]
#[Buckets =           27, SubBuckets     =         2048]
----------------------------------------------------------
  211439 requests in 20.00m, 2.72GB read
  Non-2xx or 3xx responses: 1
Requests/sec:    176.19
Transfer/sec:      2.32MB
