Running 20m test @ http://10.107.114.191:8080/wrk2-api/post/compose
  16 threads and 32 connections
  Thread calibration: mean lat.: 21.278ms, rate sampling interval: 63ms
  Thread calibration: mean lat.: 18.355ms, rate sampling interval: 46ms
  Thread calibration: mean lat.: 19.977ms, rate sampling interval: 58ms
  Thread calibration: mean lat.: 33.081ms, rate sampling interval: 113ms
  Thread calibration: mean lat.: 20.077ms, rate sampling interval: 54ms
  Thread calibration: mean lat.: 21.076ms, rate sampling interval: 64ms
  Thread calibration: mean lat.: 19.640ms, rate sampling interval: 53ms
  Thread calibration: mean lat.: 20.474ms, rate sampling interval: 52ms
  Thread calibration: mean lat.: 18.628ms, rate sampling interval: 47ms
  Thread calibration: mean lat.: 27.310ms, rate sampling interval: 84ms
  Thread calibration: mean lat.: 22.195ms, rate sampling interval: 61ms
  Thread calibration: mean lat.: 21.920ms, rate sampling interval: 60ms
  Thread calibration: mean lat.: 20.812ms, rate sampling interval: 57ms
  Thread calibration: mean lat.: 27.107ms, rate sampling interval: 80ms
  Thread calibration: mean lat.: 19.455ms, rate sampling interval: 50ms
  Thread calibration: mean lat.: 23.839ms, rate sampling interval: 85ms
  Thread Stats   Avg      Stdev     99%   +/- Stdev
    Latency    24.58ms   39.50ms  62.59ms   99.12%
    Req/Sec     4.91      9.11    38.00     80.96%
  Latency Distribution (HdrHistogram - Recorded Latency)
 50.000%   20.75ms
 75.000%   27.57ms
 90.000%   36.83ms
 99.000%   62.59ms
 99.900%  230.53ms
 99.990%    2.13s 
 99.999%    4.52s 
100.000%    5.02s 

  Detailed Percentile spectrum:
       Value   Percentile   TotalCount 1/(1-Percentile)

      10.599     0.000000            1         1.00
      14.975     0.100000         9565         1.11
      16.215     0.200000        19088         1.25
      17.551     0.300000        28671         1.43
      19.007     0.400000        38121         1.67
      20.751     0.500000        47636         2.00
      21.807     0.550000        52445         2.22
      22.943     0.600000        57222         2.50
      24.223     0.650000        61920         2.86
      25.727     0.700000        66708         3.33
      27.567     0.750000        71469         4.00
      28.607     0.775000        73834         4.44
      29.759     0.800000        76215         5.00
      31.087     0.825000        78599         5.71
      32.703     0.850000        80986         6.67
      34.559     0.875000        83359         8.00
      35.679     0.887500        84558         8.89
      36.831     0.900000        85759        10.00
      38.207     0.912500        86926        11.43
      39.711     0.925000        88121        13.33
      41.631     0.937500        89310        16.00
      42.751     0.943750        89909        17.78
      43.967     0.950000        90508        20.00
      45.375     0.956250        91101        22.86
      46.975     0.962500        91691        26.67
      48.863     0.968750        92290        32.00
      50.047     0.971875        92587        35.56
      51.327     0.975000        92881        40.00
      52.831     0.978125        93182        45.71
      54.687     0.981250        93476        53.33
      56.991     0.984375        93774        64.00
      58.175     0.985938        93926        71.11
      59.647     0.987500        94070        80.00
      61.567     0.989062        94220        91.43
      63.455     0.990625        94367       106.67
      65.855     0.992188        94517       128.00
      67.263     0.992969        94592       142.22
      68.991     0.993750        94666       160.00
      71.167     0.994531        94742       182.86
      73.599     0.995313        94815       213.33
      76.479     0.996094        94888       256.00
      79.231     0.996484        94926       284.44
      81.023     0.996875        94963       320.00
      84.095     0.997266        95000       365.71
      90.175     0.997656        95038       426.67
      99.391     0.998047        95074       512.00
     109.311     0.998242        95093       568.89
     157.695     0.998437        95112       640.00
     220.927     0.998633        95131       731.43
     226.431     0.998828        95149       853.33
     230.783     0.999023        95168      1024.00
     232.703     0.999121        95177      1137.78
     236.287     0.999219        95186      1280.00
     238.591     0.999316        95195      1462.86
     242.943     0.999414        95205      1706.67
     246.527     0.999512        95214      2048.00
     249.087     0.999561        95219      2275.56
     253.951     0.999609        95223      2560.00
     259.327     0.999658        95228      2925.71
     318.463     0.999707        95233      3413.33
     370.175     0.999756        95237      4096.00
     437.247     0.999780        95240      4551.11
     836.607     0.999805        95242      5120.00
    1387.519     0.999829        95244      5851.43
    1651.711     0.999854        95247      6826.67
    2119.679     0.999878        95249      8192.00
    2131.967     0.999890        95250      9102.22
    2140.159     0.999902        95251     10240.00
    2340.863     0.999915        95252     11702.86
    2514.943     0.999927        95254     13653.33
    2654.207     0.999939        95255     16384.00
    2654.207     0.999945        95255     18204.44
    2799.615     0.999951        95256     20480.00
    2799.615     0.999957        95256     23405.71
    3563.519     0.999963        95257     27306.67
    4108.287     0.999969        95258     32768.00
    4108.287     0.999973        95258     36408.89
    4108.287     0.999976        95258     40960.00
    4108.287     0.999979        95258     46811.43
    4517.887     0.999982        95259     54613.33
    4517.887     0.999985        95259     65536.00
    4517.887     0.999986        95259     72817.78
    4517.887     0.999988        95259     81920.00
    4517.887     0.999989        95259     93622.86
    5017.599     0.999991        95260    109226.67
    5017.599     1.000000        95260          inf
#[Mean    =       24.581, StdDeviation   =       39.502]
#[Max     =     5013.504, Total count    =        95260]
#[Buckets =           27, SubBuckets     =         2048]
----------------------------------------------------------
  96091 requests in 20.00m, 19.70MB read
  Socket errors: connect 0, read 0, write 0, timeout 133
Requests/sec:     80.07
Transfer/sec:     16.81KB
