Running 20m test @ http://10.111.20.194:8080/wrk2-api/post/compose
  16 threads and 32 connections
  Thread calibration: mean lat.: 19.239ms, rate sampling interval: 53ms
  Thread calibration: mean lat.: 17.507ms, rate sampling interval: 48ms
  Thread calibration: mean lat.: 18.930ms, rate sampling interval: 47ms
  Thread calibration: mean lat.: 17.984ms, rate sampling interval: 49ms
  Thread calibration: mean lat.: 19.015ms, rate sampling interval: 50ms
  Thread calibration: mean lat.: 20.473ms, rate sampling interval: 62ms
  Thread calibration: mean lat.: 18.951ms, rate sampling interval: 56ms
  Thread calibration: mean lat.: 18.477ms, rate sampling interval: 47ms
  Thread calibration: mean lat.: 20.391ms, rate sampling interval: 54ms
  Thread calibration: mean lat.: 16.673ms, rate sampling interval: 42ms
  Thread calibration: mean lat.: 20.942ms, rate sampling interval: 66ms
  Thread calibration: mean lat.: 19.412ms, rate sampling interval: 57ms
  Thread calibration: mean lat.: 17.698ms, rate sampling interval: 48ms
  Thread calibration: mean lat.: 17.828ms, rate sampling interval: 46ms
  Thread calibration: mean lat.: 19.064ms, rate sampling interval: 49ms
  Thread calibration: mean lat.: 20.814ms, rate sampling interval: 61ms
  Thread Stats   Avg      Stdev     99%   +/- Stdev
    Latency    19.50ms    7.60ms  44.13ms   89.76%
    Req/Sec     4.94      9.78    41.00     78.40%
  Latency Distribution (HdrHistogram - Recorded Latency)
 50.000%   17.41ms
 75.000%   21.33ms
 90.000%   27.28ms
 99.000%   44.13ms
 99.900%   67.65ms
 99.990%  227.58ms
 99.999%  238.72ms
100.000%  240.64ms

  Detailed Percentile spectrum:
       Value   Percentile   TotalCount 1/(1-Percentile)

       5.059     0.000000            1         1.00
      14.223     0.100000         9573         1.11
      14.951     0.200000        19110         1.25
      15.647     0.300000        28603         1.43
      16.447     0.400000        38215         1.67
      17.407     0.500000        47716         2.00
      17.967     0.550000        52414         2.22
      18.623     0.600000        57189         2.50
      19.375     0.650000        61984         2.86
      20.255     0.700000        66747         3.33
      21.327     0.750000        71483         4.00
      21.935     0.775000        73834         4.44
      22.687     0.800000        76247         5.00
      23.535     0.825000        78607         5.71
      24.543     0.850000        80975         6.67
      25.727     0.875000        83356         8.00
      26.463     0.887500        84563         8.89
      27.279     0.900000        85738        10.00
      28.159     0.912500        86938        11.43
      29.199     0.925000        88129        13.33
      30.447     0.937500        89315        16.00
      31.151     0.943750        89910        17.78
      31.919     0.950000        90503        20.00
      32.927     0.956250        91101        22.86
      34.079     0.962500        91707        26.67
      35.455     0.968750        92294        32.00
      36.287     0.971875        92586        35.56
      37.151     0.975000        92881        40.00
      38.207     0.978125        93180        45.71
      39.359     0.981250        93475        53.33
      40.831     0.984375        93777        64.00
      41.471     0.985938        93922        71.11
      42.335     0.987500        94071        80.00
      43.359     0.989062        94222        91.43
      44.671     0.990625        94369       106.67
      46.207     0.992188        94521       128.00
      46.847     0.992969        94592       142.22
      47.999     0.993750        94666       160.00
      49.151     0.994531        94741       182.86
      50.687     0.995313        94815       213.33
      52.383     0.996094        94891       256.00
      53.375     0.996484        94927       284.44
      54.431     0.996875        94964       320.00
      55.647     0.997266        95001       365.71
      56.767     0.997656        95040       426.67
      58.655     0.998047        95076       512.00
      60.255     0.998242        95094       568.89
      61.375     0.998437        95113       640.00
      63.391     0.998633        95131       731.43
      65.407     0.998828        95150       853.33
      68.095     0.999023        95168      1024.00
      70.847     0.999121        95178      1137.78
      73.599     0.999219        95187      1280.00
      77.887     0.999316        95196      1462.86
      87.231     0.999414        95206      1706.67
     104.959     0.999512        95215      2048.00
     131.711     0.999561        95220      2275.56
     159.359     0.999609        95224      2560.00
     215.551     0.999658        95229      2925.71
     219.007     0.999707        95234      3413.33
     222.079     0.999756        95238      4096.00
     223.743     0.999780        95241      4551.11
     224.255     0.999805        95243      5120.00
     225.407     0.999829        95245      5851.43
     226.687     0.999854        95248      6826.67
     227.455     0.999878        95250      8192.00
     227.583     0.999890        95251      9102.22
     227.839     0.999902        95253     10240.00
     227.839     0.999915        95253     11702.86
     233.727     0.999927        95255     13653.33
     234.111     0.999939        95256     16384.00
     234.111     0.999945        95256     18204.44
     234.879     0.999951        95257     20480.00
     234.879     0.999957        95257     23405.71
     235.775     0.999963        95258     27306.67
     238.207     0.999969        95259     32768.00
     238.207     0.999973        95259     36408.89
     238.207     0.999976        95259     40960.00
     238.207     0.999979        95259     46811.43
     238.719     0.999982        95260     54613.33
     238.719     0.999985        95260     65536.00
     238.719     0.999986        95260     72817.78
     238.719     0.999988        95260     81920.00
     238.719     0.999989        95260     93622.86
     240.639     0.999991        95261    109226.67
     240.639     1.000000        95261          inf
#[Mean    =       19.503, StdDeviation   =        7.602]
#[Max     =      240.512, Total count    =        95261]
#[Buckets =           27, SubBuckets     =         2048]
----------------------------------------------------------
  96093 requests in 20.00m, 19.70MB read
  Socket errors: connect 0, read 0, write 0, timeout 132
Requests/sec:     80.07
Transfer/sec:     16.81KB
