Running 20m test @ http://10.111.20.194:8080/wrk2-api/home-timeline/read
  16 threads and 32 connections
  Thread calibration: mean lat.: 23.267ms, rate sampling interval: 86ms
  Thread calibration: mean lat.: 16.216ms, rate sampling interval: 52ms
  Thread calibration: mean lat.: 21.105ms, rate sampling interval: 77ms
  Thread calibration: mean lat.: 18.131ms, rate sampling interval: 62ms
  Thread calibration: mean lat.: 15.632ms, rate sampling interval: 49ms
  Thread calibration: mean lat.: 16.670ms, rate sampling interval: 55ms
  Thread calibration: mean lat.: 26.411ms, rate sampling interval: 83ms
  Thread calibration: mean lat.: 24.760ms, rate sampling interval: 88ms
  Thread calibration: mean lat.: 18.713ms, rate sampling interval: 63ms
  Thread calibration: mean lat.: 20.940ms, rate sampling interval: 70ms
  Thread calibration: mean lat.: 16.378ms, rate sampling interval: 51ms
  Thread calibration: mean lat.: 23.204ms, rate sampling interval: 78ms
  Thread calibration: mean lat.: 17.067ms, rate sampling interval: 53ms
  Thread calibration: mean lat.: 17.439ms, rate sampling interval: 58ms
  Thread calibration: mean lat.: 19.294ms, rate sampling interval: 69ms
  Thread calibration: mean lat.: 17.655ms, rate sampling interval: 58ms
  Thread Stats   Avg      Stdev     99%   +/- Stdev
    Latency    18.60ms   10.57ms  57.60ms   86.87%
    Req/Sec    29.84     21.45    88.00     70.22%
  Latency Distribution (HdrHistogram - Recorded Latency)
 50.000%   15.57ms
 75.000%   21.97ms
 90.000%   30.93ms
 99.000%   57.60ms
 99.900%   94.01ms
 99.990%  176.90ms
 99.999%  251.77ms
100.000%  263.42ms

  Detailed Percentile spectrum:
       Value   Percentile   TotalCount 1/(1-Percentile)

       0.508     0.000000            1         1.00
       9.887     0.100000        57240         1.11
      11.175     0.200000       114595         1.25
      12.479     0.300000       171709         1.43
      13.911     0.400000       228607         1.67
      15.575     0.500000       285843         2.00
      16.543     0.550000       314622         2.22
      17.615     0.600000       343104         2.50
      18.831     0.650000       371519         2.86
      20.255     0.700000       400086         3.33
      21.967     0.750000       428792         4.00
      22.943     0.775000       442868         4.44
      24.063     0.800000       457164         5.00
      25.359     0.825000       471474         5.71
      26.863     0.850000       485848         6.67
      28.671     0.875000       500003         8.00
      29.743     0.887500       507152         8.89
      30.927     0.900000       514314        10.00
      32.271     0.912500       521491        11.43
      33.887     0.925000       528588        13.33
      35.807     0.937500       535720        16.00
      36.927     0.943750       539339        17.78
      38.207     0.950000       542915        20.00
      39.711     0.956250       546465        22.86
      41.407     0.962500       550052        26.67
      43.487     0.968750       553607        32.00
      44.735     0.971875       555392        35.56
      46.079     0.975000       557158        40.00
      47.615     0.978125       558929        45.71
      49.471     0.981250       560719        53.33
      51.807     0.984375       562506        64.00
      53.119     0.985938       563414        71.11
      54.623     0.987500       564287        80.00
      56.351     0.989062       565176        91.43
      58.463     0.990625       566065       106.67
      61.119     0.992188       566960       128.00
      62.559     0.992969       567409       142.22
      64.255     0.993750       567857       160.00
      66.111     0.994531       568302       182.86
      68.479     0.995313       568746       213.33
      71.103     0.996094       569193       256.00
      72.703     0.996484       569413       284.44
      74.431     0.996875       569639       320.00
      76.607     0.997266       569863       365.71
      79.231     0.997656       570084       426.67
      82.047     0.998047       570308       512.00
      84.031     0.998242       570418       568.89
      86.271     0.998437       570530       640.00
      88.639     0.998633       570641       731.43
      91.263     0.998828       570756       853.33
      94.335     0.999023       570865      1024.00
      95.999     0.999121       570922      1137.78
      98.367     0.999219       570976      1280.00
     101.311     0.999316       571031      1462.86
     104.639     0.999414       571087      1706.67
     108.159     0.999512       571142      2048.00
     111.103     0.999561       571170      2275.56
     114.879     0.999609       571199      2560.00
     118.975     0.999658       571226      2925.71
     123.519     0.999707       571255      3413.33
     130.943     0.999756       571282      4096.00
     134.399     0.999780       571296      4551.11
     138.111     0.999805       571310      5120.00
     143.999     0.999829       571324      5851.43
     150.271     0.999854       571338      6826.67
     158.975     0.999878       571352      8192.00
     171.007     0.999890       571359      9102.22
     178.943     0.999902       571366     10240.00
     191.615     0.999915       571373     11702.86
     202.367     0.999927       571380     13653.33
     215.935     0.999939       571387     16384.00
     219.263     0.999945       571390     18204.44
     223.487     0.999951       571394     20480.00
     227.071     0.999957       571397     23405.71
     233.983     0.999963       571401     27306.67
     238.719     0.999969       571404     32768.00
     239.103     0.999973       571406     36408.89
     242.559     0.999976       571408     40960.00
     242.687     0.999979       571409     46811.43
     247.935     0.999982       571411     54613.33
     249.727     0.999985       571414     65536.00
     249.727     0.999986       571414     72817.78
     251.775     0.999988       571415     81920.00
     251.775     0.999989       571415     93622.86
     252.927     0.999991       571416    109226.67
     255.103     0.999992       571417    131072.00
     259.967     0.999993       571418    145635.56
     259.967     0.999994       571418    163840.00
     259.967     0.999995       571418    187245.71
     263.167     0.999995       571420    218453.33
     263.167     0.999996       571420    262144.00
     263.167     0.999997       571420    291271.11
     263.167     0.999997       571420    327680.00
     263.167     0.999997       571420    374491.43
     263.167     0.999998       571420    436906.67
     263.167     0.999998       571420    524288.00
     263.423     0.999998       571421    582542.22
     263.423     1.000000       571421          inf
#[Mean    =       18.598, StdDeviation   =       10.566]
#[Max     =      263.168, Total count    =       571421]
#[Buckets =           27, SubBuckets     =         2048]
----------------------------------------------------------
  576221 requests in 20.00m, 6.86GB read
Requests/sec:    480.15
Transfer/sec:      5.85MB
