Running 20m test @ http://10.111.20.194:8080/wrk2-api/user-timeline/read
  16 threads and 32 connections
  Thread calibration: mean lat.: 24.728ms, rate sampling interval: 70ms
  Thread calibration: mean lat.: 36.291ms, rate sampling interval: 111ms
  Thread calibration: mean lat.: 27.150ms, rate sampling interval: 78ms
  Thread calibration: mean lat.: 32.680ms, rate sampling interval: 104ms
  Thread calibration: mean lat.: 30.546ms, rate sampling interval: 94ms
  Thread calibration: mean lat.: 33.018ms, rate sampling interval: 109ms
  Thread calibration: mean lat.: 26.598ms, rate sampling interval: 79ms
  Thread calibration: mean lat.: 27.260ms, rate sampling interval: 88ms
  Thread calibration: mean lat.: 26.968ms, rate sampling interval: 89ms
  Thread calibration: mean lat.: 30.187ms, rate sampling interval: 93ms
  Thread calibration: mean lat.: 29.495ms, rate sampling interval: 94ms
  Thread calibration: mean lat.: 28.803ms, rate sampling interval: 85ms
  Thread calibration: mean lat.: 31.027ms, rate sampling interval: 94ms
  Thread calibration: mean lat.: 35.631ms, rate sampling interval: 125ms
  Thread calibration: mean lat.: 29.834ms, rate sampling interval: 93ms
  Thread calibration: mean lat.: 31.014ms, rate sampling interval: 96ms
  Thread Stats   Avg      Stdev     99%   +/- Stdev
    Latency    27.71ms   12.96ms  75.01ms   80.87%
    Req/Sec    14.73     12.46    51.00     62.00%
  Latency Distribution (HdrHistogram - Recorded Latency)
 50.000%   24.40ms
 75.000%   32.35ms
 90.000%   43.46ms
 99.000%   75.01ms
 99.900%  113.21ms
 99.990%  155.77ms
 99.999%  233.47ms
100.000%  272.64ms

  Detailed Percentile spectrum:
       Value   Percentile   TotalCount 1/(1-Percentile)

       5.055     0.000000            1         1.00
      15.887     0.100000        28655         1.11
      18.383     0.200000        57392         1.25
      20.367     0.300000        85980         1.43
      22.287     0.400000       114613         1.67
      24.399     0.500000       143171         2.00
      25.599     0.550000       157494         2.22
      26.943     0.600000       171874         2.50
      28.479     0.650000       186182         2.86
      30.223     0.700000       200442         3.33
      32.351     0.750000       214744         4.00
      33.599     0.775000       221866         4.44
      35.007     0.800000       229053         5.00
      36.607     0.825000       236273         5.71
      38.463     0.850000       243408         6.67
      40.639     0.875000       250487         8.00
      41.983     0.887500       254093         8.89
      43.455     0.900000       257640        10.00
      45.119     0.912500       261230        11.43
      47.007     0.925000       264787        13.33
      49.343     0.937500       268364        16.00
      50.751     0.943750       270176        17.78
      52.223     0.950000       271957        20.00
      54.015     0.956250       273737        22.86
      56.095     0.962500       275520        26.67
      58.655     0.968750       277313        32.00
      60.159     0.971875       278215        35.56
      61.727     0.975000       279099        40.00
      63.583     0.978125       279988        45.71
      65.855     0.981250       280889        53.33
      68.479     0.984375       281787        64.00
      70.015     0.985938       282229        71.11
      71.679     0.987500       282670        80.00
      73.663     0.989062       283116        91.43
      76.095     0.990625       283569       106.67
      79.039     0.992188       284019       128.00
      80.703     0.992969       284238       142.22
      82.495     0.993750       284461       160.00
      84.863     0.994531       284683       182.86
      87.103     0.995313       284904       213.33
      89.855     0.996094       285131       256.00
      91.583     0.996484       285242       284.44
      93.567     0.996875       285355       320.00
      95.615     0.997266       285464       365.71
      98.047     0.997656       285576       426.67
     101.183     0.998047       285687       512.00
     103.167     0.998242       285743       568.89
     105.663     0.998437       285798       640.00
     107.839     0.998633       285854       731.43
     110.399     0.998828       285911       853.33
     113.791     0.999023       285966      1024.00
     116.095     0.999121       285994      1137.78
     118.463     0.999219       286022      1280.00
     120.959     0.999316       286051      1462.86
     123.583     0.999414       286078      1706.67
     127.551     0.999512       286106      2048.00
     130.559     0.999561       286121      2275.56
     132.223     0.999609       286134      2560.00
     134.271     0.999658       286148      2925.71
     136.447     0.999707       286162      3413.33
     139.519     0.999756       286178      4096.00
     140.159     0.999780       286183      4551.11
     142.975     0.999805       286190      5120.00
     147.583     0.999829       286197      5851.43
     150.527     0.999854       286204      6826.67
     153.983     0.999878       286211      8192.00
     154.367     0.999890       286214      9102.22
     156.159     0.999902       286218     10240.00
     157.183     0.999915       286221     11702.86
     160.895     0.999927       286225     13653.33
     168.063     0.999939       286228     16384.00
     170.367     0.999945       286230     18204.44
     172.287     0.999951       286232     20480.00
     177.279     0.999957       286233     23405.71
     182.015     0.999963       286235     27306.67
     189.951     0.999969       286237     32768.00
     192.255     0.999973       286238     36408.89
     209.663     0.999976       286239     40960.00
     209.663     0.999979       286239     46811.43
     224.895     0.999982       286240     54613.33
     226.559     0.999985       286241     65536.00
     233.471     0.999986       286242     72817.78
     233.471     0.999988       286242     81920.00
     233.471     0.999989       286242     93622.86
     240.895     0.999991       286243    109226.67
     240.895     0.999992       286243    131072.00
     246.911     0.999993       286244    145635.56
     246.911     0.999994       286244    163840.00
     246.911     0.999995       286244    187245.71
     246.911     0.999995       286244    218453.33
     246.911     0.999996       286244    262144.00
     272.639     0.999997       286245    291271.11
     272.639     1.000000       286245          inf
#[Mean    =       27.707, StdDeviation   =       12.962]
#[Max     =      272.384, Total count    =       286245]
#[Buckets =           27, SubBuckets     =         2048]
----------------------------------------------------------
  288656 requests in 20.00m, 3.61GB read
Requests/sec:    240.53
Transfer/sec:      3.08MB
