Running 20m test @ http://10.97.71.98:8080/wrk2-api/post/compose
  16 threads and 32 connections
  Thread calibration: mean lat.: 18.942ms, rate sampling interval: 48ms
  Thread calibration: mean lat.: 25.624ms, rate sampling interval: 75ms
  Thread calibration: mean lat.: 20.508ms, rate sampling interval: 59ms
  Thread calibration: mean lat.: 23.197ms, rate sampling interval: 63ms
  Thread calibration: mean lat.: 20.459ms, rate sampling interval: 52ms
  Thread calibration: mean lat.: 21.425ms, rate sampling interval: 71ms
  Thread calibration: mean lat.: 20.548ms, rate sampling interval: 52ms
  Thread calibration: mean lat.: 23.204ms, rate sampling interval: 68ms
  Thread calibration: mean lat.: 20.777ms, rate sampling interval: 66ms
  Thread calibration: mean lat.: 18.738ms, rate sampling interval: 51ms
  Thread calibration: mean lat.: 18.771ms, rate sampling interval: 50ms
  Thread calibration: mean lat.: 19.424ms, rate sampling interval: 51ms
  Thread calibration: mean lat.: 18.446ms, rate sampling interval: 48ms
  Thread calibration: mean lat.: 20.315ms, rate sampling interval: 54ms
  Thread calibration: mean lat.: 20.759ms, rate sampling interval: 59ms
  Thread calibration: mean lat.: 21.565ms, rate sampling interval: 68ms
  Thread Stats   Avg      Stdev     99%   +/- Stdev
    Latency    20.59ms    9.56ms  50.72ms   90.50%
    Req/Sec     4.93      9.28    39.00     82.21%
  Latency Distribution (HdrHistogram - Recorded Latency)
 50.000%   18.01ms
 75.000%   22.67ms
 90.000%   29.71ms
 99.000%   50.72ms
 99.900%   84.35ms
 99.990%  235.52ms
 99.999%  563.71ms
100.000%    1.04s 

  Detailed Percentile spectrum:
       Value   Percentile   TotalCount 1/(1-Percentile)

       5.283     0.000000            1         1.00
      14.383     0.100000         9534         1.11
      15.199     0.200000        19117         1.25
      15.999     0.300000        28645         1.43
      16.927     0.400000        38230         1.67
      18.015     0.500000        47631         2.00
      18.687     0.550000        52476         2.22
      19.423     0.600000        57225         2.50
      20.271     0.650000        61927         2.86
      21.343     0.700000        66694         3.33
      22.671     0.750000        71491         4.00
      23.423     0.775000        73862         4.44
      24.287     0.800000        76254         5.00
      25.311     0.825000        78623         5.71
      26.479     0.850000        80990         6.67
      27.919     0.875000        83357         8.00
      28.799     0.887500        84550         8.89
      29.711     0.900000        85740        10.00
      30.831     0.912500        86944        11.43
      32.063     0.925000        88114        13.33
      33.663     0.937500        89318        16.00
      34.623     0.943750        89899        17.78
      35.647     0.950000        90512        20.00
      36.703     0.956250        91094        22.86
      38.111     0.962500        91690        26.67
      39.775     0.968750        92288        32.00
      40.735     0.971875        92589        35.56
      41.759     0.975000        92882        40.00
      42.975     0.978125        93176        45.71
      44.447     0.981250        93476        53.33
      46.015     0.984375        93771        64.00
      47.167     0.985938        93918        71.11
      48.479     0.987500        94068        80.00
      49.823     0.989062        94216        91.43
      51.487     0.990625        94366       106.67
      53.407     0.992188        94513       128.00
      54.559     0.992969        94588       142.22
      55.839     0.993750        94664       160.00
      57.439     0.994531        94738       182.86
      59.199     0.995313        94812       213.33
      61.087     0.996094        94885       256.00
      62.559     0.996484        94925       284.44
      63.903     0.996875        94960       320.00
      65.919     0.997266        94997       365.71
      67.519     0.997656        95035       426.67
      70.207     0.998047        95071       512.00
      71.807     0.998242        95091       568.89
      73.343     0.998437        95109       640.00
      75.519     0.998633        95127       731.43
      79.231     0.998828        95146       853.33
      84.991     0.999023        95164      1024.00
      87.743     0.999121        95174      1137.78
      89.599     0.999219        95183      1280.00
      93.631     0.999316        95192      1462.86
     104.511     0.999414        95202      1706.67
     112.895     0.999512        95211      2048.00
     140.927     0.999561        95216      2275.56
     207.103     0.999609        95220      2560.00
     220.799     0.999658        95225      2925.71
     224.255     0.999707        95230      3413.33
     226.303     0.999756        95234      4096.00
     227.967     0.999780        95237      4551.11
     229.631     0.999805        95239      5120.00
     231.295     0.999829        95242      5851.43
     232.575     0.999854        95244      6826.67
     233.983     0.999878        95246      8192.00
     235.519     0.999890        95247      9102.22
     235.775     0.999902        95248     10240.00
     236.543     0.999915        95249     11702.86
     238.335     0.999927        95251     13653.33
     239.999     0.999939        95252     16384.00
     239.999     0.999945        95252     18204.44
     243.711     0.999951        95253     20480.00
     243.711     0.999957        95253     23405.71
     253.951     0.999963        95254     27306.67
     264.447     0.999969        95255     32768.00
     264.447     0.999973        95255     36408.89
     264.447     0.999976        95255     40960.00
     264.447     0.999979        95255     46811.43
     563.711     0.999982        95256     54613.33
     563.711     0.999985        95256     65536.00
     563.711     0.999986        95256     72817.78
     563.711     0.999988        95256     81920.00
     563.711     0.999989        95256     93622.86
    1042.431     0.999991        95257    109226.67
    1042.431     1.000000        95257          inf
#[Mean    =       20.591, StdDeviation   =        9.557]
#[Max     =     1041.920, Total count    =        95257]
#[Buckets =           27, SubBuckets     =         2048]
----------------------------------------------------------
  96086 requests in 20.00m, 19.70MB read
  Socket errors: connect 0, read 0, write 0, timeout 138
Requests/sec:     80.07
Transfer/sec:     16.81KB
