Running 20m test @ http://10.97.71.98:8080/wrk2-api/home-timeline/read
  16 threads and 32 connections
  Thread calibration: mean lat.: 15.453ms, rate sampling interval: 53ms
  Thread calibration: mean lat.: 21.126ms, rate sampling interval: 76ms
  Thread calibration: mean lat.: 21.490ms, rate sampling interval: 74ms
  Thread calibration: mean lat.: 20.082ms, rate sampling interval: 69ms
  Thread calibration: mean lat.: 22.482ms, rate sampling interval: 81ms
  Thread calibration: mean lat.: 22.676ms, rate sampling interval: 76ms
  Thread calibration: mean lat.: 18.033ms, rate sampling interval: 67ms
  Thread calibration: mean lat.: 16.873ms, rate sampling interval: 56ms
  Thread calibration: mean lat.: 20.149ms, rate sampling interval: 70ms
  Thread calibration: mean lat.: 16.814ms, rate sampling interval: 57ms
  Thread calibration: mean lat.: 19.289ms, rate sampling interval: 65ms
  Thread calibration: mean lat.: 21.590ms, rate sampling interval: 81ms
  Thread calibration: mean lat.: 23.073ms, rate sampling interval: 87ms
  Thread calibration: mean lat.: 18.948ms, rate sampling interval: 63ms
  Thread calibration: mean lat.: 24.676ms, rate sampling interval: 90ms
  Thread calibration: mean lat.: 18.470ms, rate sampling interval: 65ms
  Thread Stats   Avg      Stdev     99%   +/- Stdev
    Latency    20.62ms   13.76ms  72.19ms   88.70%
    Req/Sec    32.82     21.28    90.00     74.89%
  Latency Distribution (HdrHistogram - Recorded Latency)
 50.000%   16.64ms
 75.000%   24.25ms
 90.000%   35.39ms
 99.000%   72.19ms
 99.900%  139.90ms
 99.990%  239.10ms
 99.999%  312.06ms
100.000%  354.05ms

  Detailed Percentile spectrum:
       Value   Percentile   TotalCount 1/(1-Percentile)

       2.255     0.000000            1         1.00
      10.119     0.100000        63208         1.11
      11.559     0.200000       126116         1.25
      13.031     0.300000       188800         1.43
      14.695     0.400000       251794         1.67
      16.639     0.500000       314808         2.00
      17.775     0.550000       346309         2.22
      19.055     0.600000       377647         2.50
      20.511     0.650000       408913         2.86
      22.223     0.700000       440511         3.33
      24.255     0.750000       471733         4.00
      25.471     0.775000       487633         4.44
      26.847     0.800000       503277         5.00
      28.415     0.825000       518905         5.71
      30.287     0.850000       534748         6.67
      32.527     0.875000       550448         8.00
      33.855     0.887500       558233         8.89
      35.391     0.900000       566159        10.00
      37.151     0.912500       574024        11.43
      39.167     0.925000       581842        13.33
      41.727     0.937500       589690        16.00
      43.231     0.943750       593660        17.78
      44.895     0.950000       597527        20.00
      46.943     0.956250       601504        22.86
      49.279     0.962500       605410        26.67
      52.031     0.968750       609324        32.00
      53.631     0.971875       611316        35.56
      55.487     0.975000       613263        40.00
      57.695     0.978125       615211        45.71
      60.383     0.981250       617194        53.33
      63.647     0.984375       619155        64.00
      65.471     0.985938       620123        71.11
      67.775     0.987500       621112        80.00
      70.527     0.989062       622098        91.43
      73.407     0.990625       623072       106.67
      77.247     0.992188       624053       128.00
      79.615     0.992969       624549       142.22
      82.239     0.993750       625039       160.00
      85.247     0.994531       625531       182.86
      89.023     0.995313       626022       213.33
      93.439     0.996094       626516       256.00
      96.191     0.996484       626759       284.44
      99.583     0.996875       627002       320.00
     103.103     0.997266       627249       365.71
     107.455     0.997656       627492       426.67
     113.087     0.998047       627738       512.00
     116.415     0.998242       627864       568.89
     121.151     0.998437       627987       640.00
     126.527     0.998633       628109       731.43
     133.247     0.998828       628232       853.33
     140.671     0.999023       628352      1024.00
     144.767     0.999121       628416      1137.78
     149.119     0.999219       628475      1280.00
     155.263     0.999316       628537      1462.86
     162.047     0.999414       628598      1706.67
     171.647     0.999512       628660      2048.00
     177.151     0.999561       628690      2275.56
     184.959     0.999609       628721      2560.00
     191.359     0.999658       628753      2925.71
     199.167     0.999707       628782      3413.33
     208.127     0.999756       628813      4096.00
     212.223     0.999780       628828      4551.11
     217.343     0.999805       628844      5120.00
     223.231     0.999829       628860      5851.43
     227.839     0.999854       628874      6826.67
     232.191     0.999878       628890      8192.00
     235.903     0.999890       628897      9102.22
     239.743     0.999902       628905     10240.00
     242.559     0.999915       628914     11702.86
     244.607     0.999927       628920     13653.33
     254.079     0.999939       628928     16384.00
     256.511     0.999945       628932     18204.44
     260.351     0.999951       628936     20480.00
     262.655     0.999957       628940     23405.71
     265.215     0.999963       628943     27306.67
     272.383     0.999969       628948     32768.00
     275.199     0.999973       628949     36408.89
     277.759     0.999976       628951     40960.00
     282.623     0.999979       628953     46811.43
     284.671     0.999982       628955     54613.33
     300.287     0.999985       628957     65536.00
     304.383     0.999986       628958     72817.78
     306.943     0.999988       628959     81920.00
     312.063     0.999989       628960     93622.86
     316.927     0.999991       628961    109226.67
     335.871     0.999992       628962    131072.00
     335.871     0.999993       628962    145635.56
     342.783     0.999994       628963    163840.00
     342.783     0.999995       628963    187245.71
     343.807     0.999995       628964    218453.33
     343.807     0.999996       628964    262144.00
     343.807     0.999997       628964    291271.11
     351.231     0.999997       628965    327680.00
     351.231     0.999997       628965    374491.43
     351.231     0.999998       628965    436906.67
     351.231     0.999998       628965    524288.00
     351.231     0.999998       628965    582542.22
     354.047     0.999998       628966    655360.00
     354.047     1.000000       628966          inf
#[Mean    =       20.617, StdDeviation   =       13.764]
#[Max     =      353.792, Total count    =       628966]
#[Buckets =           27, SubBuckets     =         2048]
----------------------------------------------------------
  634246 requests in 20.00m, 7.58GB read
Requests/sec:    528.51
Transfer/sec:      6.46MB
