Running 20m test @ http://10.97.71.98:8080/wrk2-api/user-timeline/read
  16 threads and 32 connections
  Thread calibration: mean lat.: 26.258ms, rate sampling interval: 77ms
  Thread calibration: mean lat.: 32.355ms, rate sampling interval: 112ms
  Thread calibration: mean lat.: 26.638ms, rate sampling interval: 81ms
  Thread calibration: mean lat.: 34.826ms, rate sampling interval: 108ms
  Thread calibration: mean lat.: 28.879ms, rate sampling interval: 94ms
  Thread calibration: mean lat.: 25.378ms, rate sampling interval: 77ms
  Thread calibration: mean lat.: 29.354ms, rate sampling interval: 95ms
  Thread calibration: mean lat.: 31.485ms, rate sampling interval: 103ms
  Thread calibration: mean lat.: 25.863ms, rate sampling interval: 77ms
  Thread calibration: mean lat.: 28.120ms, rate sampling interval: 94ms
  Thread calibration: mean lat.: 27.727ms, rate sampling interval: 86ms
  Thread calibration: mean lat.: 28.252ms, rate sampling interval: 87ms
  Thread calibration: mean lat.: 31.984ms, rate sampling interval: 110ms
  Thread calibration: mean lat.: 31.825ms, rate sampling interval: 111ms
  Thread calibration: mean lat.: 28.744ms, rate sampling interval: 89ms
  Thread calibration: mean lat.: 24.491ms, rate sampling interval: 76ms
  Thread Stats   Avg      Stdev     99%   +/- Stdev
    Latency    28.91ms   14.97ms  84.42ms   83.59%
    Req/Sec    15.74     12.89    52.00     63.50%
  Latency Distribution (HdrHistogram - Recorded Latency)
 50.000%   25.01ms
 75.000%   33.63ms
 90.000%   46.11ms
 99.000%   84.42ms
 99.900%  139.39ms
 99.990%  223.23ms
 99.999%  300.54ms
100.000%  328.70ms

  Detailed Percentile spectrum:
       Value   Percentile   TotalCount 1/(1-Percentile)

       1.245     0.000000            1         1.00
      15.999     0.100000        30571         1.11
      18.623     0.200000        61086         1.25
      20.735     0.300000        91770         1.43
      22.751     0.400000       122176         1.67
      25.007     0.500000       152704         2.00
      26.287     0.550000       168060         2.22
      27.695     0.600000       183215         2.50
      29.343     0.650000       198476         2.86
      31.295     0.700000       213770         3.33
      33.631     0.750000       229067         4.00
      35.007     0.775000       236650         4.44
      36.575     0.800000       244238         5.00
      38.367     0.825000       251904         5.71
      40.447     0.850000       259483         6.67
      42.975     0.875000       267150         8.00
      44.447     0.887500       270963         8.89
      46.111     0.900000       274772        10.00
      48.031     0.912500       278559        11.43
      50.335     0.925000       282392        13.33
      53.119     0.937500       286216        16.00
      54.719     0.943750       288118        17.78
      56.479     0.950000       290037        20.00
      58.591     0.956250       291935        22.86
      61.119     0.962500       293825        26.67
      64.095     0.968750       295735        32.00
      65.855     0.971875       296689        35.56
      67.903     0.975000       297644        40.00
      70.207     0.978125       298596        45.71
      72.959     0.981250       299552        53.33
      76.351     0.984375       300502        64.00
      78.207     0.985938       300984        71.11
      80.255     0.987500       301453        80.00
      82.815     0.989062       301933        91.43
      85.759     0.990625       302408       106.67
      89.535     0.992188       302886       128.00
      91.903     0.992969       303124       142.22
      94.207     0.993750       303360       160.00
      96.895     0.994531       303597       182.86
     100.415     0.995313       303838       213.33
     104.511     0.996094       304076       256.00
     106.559     0.996484       304196       284.44
     109.439     0.996875       304315       320.00
     112.639     0.997266       304434       365.71
     116.287     0.997656       304553       426.67
     120.959     0.998047       304670       512.00
     123.903     0.998242       304730       568.89
     126.463     0.998437       304790       640.00
     130.879     0.998633       304849       731.43
     134.911     0.998828       304910       853.33
     139.647     0.999023       304968      1024.00
     142.335     0.999121       304998      1137.78
     146.559     0.999219       305028      1280.00
     150.783     0.999316       305059      1462.86
     154.879     0.999414       305089      1706.67
     160.639     0.999512       305117      2048.00
     163.711     0.999561       305132      2275.56
     168.319     0.999609       305147      2560.00
     173.055     0.999658       305162      2925.71
     180.223     0.999707       305177      3413.33
     185.471     0.999756       305192      4096.00
     192.383     0.999780       305199      4551.11
     199.167     0.999805       305207      5120.00
     205.183     0.999829       305214      5851.43
     211.455     0.999854       305222      6826.67
     216.959     0.999878       305229      8192.00
     220.287     0.999890       305233      9102.22
     225.919     0.999902       305237     10240.00
     227.071     0.999915       305240     11702.86
     232.831     0.999927       305244     13653.33
     236.799     0.999939       305248     16384.00
     243.967     0.999945       305250     18204.44
     253.183     0.999951       305252     20480.00
     253.311     0.999957       305253     23405.71
     255.359     0.999963       305255     27306.67
     264.191     0.999969       305257     32768.00
     264.447     0.999973       305258     36408.89
     270.335     0.999976       305259     40960.00
     279.807     0.999979       305260     46811.43
     285.951     0.999982       305261     54613.33
     299.007     0.999985       305262     65536.00
     299.007     0.999986       305262     72817.78
     300.543     0.999988       305263     81920.00
     300.543     0.999989       305263     93622.86
     300.799     0.999991       305264    109226.67
     300.799     0.999992       305264    131072.00
     300.799     0.999993       305264    145635.56
     322.303     0.999994       305265    163840.00
     322.303     0.999995       305265    187245.71
     322.303     0.999995       305265    218453.33
     322.303     0.999996       305265    262144.00
     322.303     0.999997       305265    291271.11
     328.703     0.999997       305266    327680.00
     328.703     1.000000       305266          inf
#[Mean    =       28.913, StdDeviation   =       14.970]
#[Max     =      328.448, Total count    =       305266]
#[Buckets =           27, SubBuckets     =         2048]
----------------------------------------------------------
  307853 requests in 20.00m, 3.86GB read
Requests/sec:    256.53
Transfer/sec:      3.29MB
