Running 20m test @ http://10.111.115.149:8080/wrk2-api/post/compose
  16 threads and 32 connections
  Thread calibration: mean lat.: 18.433ms, rate sampling interval: 47ms
  Thread calibration: mean lat.: 18.096ms, rate sampling interval: 43ms
  Thread calibration: mean lat.: 19.963ms, rate sampling interval: 58ms
  Thread calibration: mean lat.: 21.987ms, rate sampling interval: 62ms
  Thread calibration: mean lat.: 28.568ms, rate sampling interval: 74ms
  Thread calibration: mean lat.: 17.471ms, rate sampling interval: 51ms
  Thread calibration: mean lat.: 20.172ms, rate sampling interval: 59ms
  Thread calibration: mean lat.: 21.086ms, rate sampling interval: 58ms
  Thread calibration: mean lat.: 17.000ms, rate sampling interval: 41ms
  Thread calibration: mean lat.: 20.350ms, rate sampling interval: 60ms
  Thread calibration: mean lat.: 21.099ms, rate sampling interval: 57ms
  Thread calibration: mean lat.: 18.384ms, rate sampling interval: 45ms
  Thread calibration: mean lat.: 18.347ms, rate sampling interval: 54ms
  Thread calibration: mean lat.: 20.191ms, rate sampling interval: 52ms
  Thread calibration: mean lat.: 18.172ms, rate sampling interval: 51ms
  Thread calibration: mean lat.: 17.793ms, rate sampling interval: 45ms
  Thread Stats   Avg      Stdev     99%   +/- Stdev
    Latency    20.90ms   17.43ms  50.01ms   96.77%
    Req/Sec     4.94      9.74    40.00     78.02%
  Latency Distribution (HdrHistogram - Recorded Latency)
 50.000%   18.05ms
 75.000%   22.66ms
 90.000%   29.18ms
 99.000%   50.01ms
 99.900%  236.03ms
 99.990%  780.29ms
 99.999%    1.04s 
100.000%    1.05s 

  Detailed Percentile spectrum:
       Value   Percentile   TotalCount 1/(1-Percentile)

       4.583     0.000000            1         1.00
      14.263     0.100000         9584         1.11
      15.095     0.200000        19133         1.25
      15.927     0.300000        28640         1.43
      16.895     0.400000        38131         1.67
      18.047     0.500000        47733         2.00
      18.719     0.550000        52441         2.22
      19.471     0.600000        57236         2.50
      20.335     0.650000        61940         2.86
      21.391     0.700000        66727         3.33
      22.655     0.750000        71490         4.00
      23.375     0.775000        73861         4.44
      24.175     0.800000        76211         5.00
      25.119     0.825000        78620         5.71
      26.239     0.850000        80981         6.67
      27.535     0.875000        83372         8.00
      28.287     0.887500        84558         8.89
      29.183     0.900000        85758        10.00
      30.159     0.912500        86924        11.43
      31.375     0.925000        88118        13.33
      32.831     0.937500        89324        16.00
      33.631     0.943750        89907        17.78
      34.591     0.950000        90501        20.00
      35.711     0.956250        91095        22.86
      37.055     0.962500        91694        26.67
      38.591     0.968750        92285        32.00
      39.519     0.971875        92580        35.56
      40.575     0.975000        92879        40.00
      41.791     0.978125        93180        45.71
      43.327     0.981250        93476        53.33
      45.215     0.984375        93776        64.00
      46.271     0.985938        93919        71.11
      47.583     0.987500        94069        80.00
      49.119     0.989062        94221        91.43
      50.591     0.990625        94365       106.67
      52.927     0.992188        94514       128.00
      54.431     0.992969        94589       142.22
      56.703     0.993750        94663       160.00
      58.655     0.994531        94738       182.86
      61.759     0.995313        94812       213.33
      65.599     0.996094        94887       256.00
      69.119     0.996484        94924       284.44
      76.479     0.996875        94961       320.00
      96.703     0.997266        94998       365.71
     183.039     0.997656        95035       426.67
     220.031     0.998047        95074       512.00
     222.335     0.998242        95093       568.89
     224.767     0.998437        95110       640.00
     228.351     0.998633        95129       731.43
     232.191     0.998828        95147       853.33
     236.287     0.999023        95165      1024.00
     238.591     0.999121        95175      1137.78
     240.895     0.999219        95184      1280.00
     242.175     0.999316        95193      1462.86
     244.479     0.999414        95203      1706.67
     245.887     0.999512        95213      2048.00
     246.655     0.999561        95217      2275.56
     247.935     0.999609        95221      2560.00
     251.263     0.999658        95226      2925.71
     257.535     0.999707        95231      3413.33
     308.479     0.999756        95235      4096.00
     449.023     0.999780        95238      4551.11
     623.615     0.999805        95240      5120.00
     634.367     0.999829        95242      5851.43
     694.783     0.999854        95245      6826.67
     774.655     0.999878        95247      8192.00
     780.287     0.999890        95248      9102.22
     956.927     0.999902        95249     10240.00
     999.423     0.999915        95250     11702.86
    1023.999     0.999927        95252     13653.33
    1028.095     0.999939        95253     16384.00
    1028.095     0.999945        95253     18204.44
    1029.119     0.999951        95254     20480.00
    1029.119     0.999957        95254     23405.71
    1031.167     0.999963        95255     27306.67
    1034.239     0.999969        95256     32768.00
    1034.239     0.999973        95256     36408.89
    1034.239     0.999976        95256     40960.00
    1034.239     0.999979        95256     46811.43
    1036.799     0.999982        95257     54613.33
    1036.799     0.999985        95257     65536.00
    1036.799     0.999986        95257     72817.78
    1036.799     0.999988        95257     81920.00
    1036.799     0.999989        95257     93622.86
    1047.551     0.999991        95258    109226.67
    1047.551     1.000000        95258          inf
#[Mean    =       20.902, StdDeviation   =       17.428]
#[Max     =     1047.040, Total count    =        95258]
#[Buckets =           27, SubBuckets     =         2048]
----------------------------------------------------------
  96093 requests in 20.00m, 19.70MB read
  Socket errors: connect 0, read 0, write 0, timeout 134
Requests/sec:     80.07
Transfer/sec:     16.81KB
