Running 20m test @ http://10.111.115.149:8080/wrk2-api/home-timeline/read
  16 threads and 32 connections
  Thread calibration: mean lat.: 16.290ms, rate sampling interval: 50ms
  Thread calibration: mean lat.: 15.711ms, rate sampling interval: 50ms
  Thread calibration: mean lat.: 16.298ms, rate sampling interval: 56ms
  Thread calibration: mean lat.: 17.922ms, rate sampling interval: 60ms
  Thread calibration: mean lat.: 19.843ms, rate sampling interval: 65ms
  Thread calibration: mean lat.: 16.840ms, rate sampling interval: 51ms
  Thread calibration: mean lat.: 17.832ms, rate sampling interval: 58ms
  Thread calibration: mean lat.: 18.215ms, rate sampling interval: 62ms
  Thread calibration: mean lat.: 16.281ms, rate sampling interval: 53ms
  Thread calibration: mean lat.: 19.839ms, rate sampling interval: 69ms
  Thread calibration: mean lat.: 19.332ms, rate sampling interval: 65ms
  Thread calibration: mean lat.: 16.799ms, rate sampling interval: 53ms
  Thread calibration: mean lat.: 16.310ms, rate sampling interval: 49ms
  Thread calibration: mean lat.: 18.445ms, rate sampling interval: 64ms
  Thread calibration: mean lat.: 19.520ms, rate sampling interval: 65ms
  Thread calibration: mean lat.: 16.737ms, rate sampling interval: 55ms
  Thread Stats   Avg      Stdev     99%   +/- Stdev
    Latency    18.83ms   12.49ms  58.85ms   89.73%
    Req/Sec    29.90     22.27    93.00     66.67%
  Latency Distribution (HdrHistogram - Recorded Latency)
 50.000%   15.61ms
 75.000%   22.00ms
 90.000%   30.96ms
 99.000%   58.85ms
 99.900%  168.45ms
 99.990%  262.65ms
 99.999%  387.33ms
100.000%  505.86ms

  Detailed Percentile spectrum:
       Value   Percentile   TotalCount 1/(1-Percentile)

       0.321     0.000000            1         1.00
       9.935     0.100000        57309         1.11
      11.231     0.200000       114565         1.25
      12.535     0.300000       171627         1.43
      13.959     0.400000       228604         1.67
      15.607     0.500000       285748         2.00
      16.575     0.550000       314696         2.22
      17.647     0.600000       343120         2.50
      18.879     0.650000       371719         2.86
      20.287     0.700000       400044         3.33
      21.999     0.750000       428753         4.00
      22.975     0.775000       442903         4.44
      24.079     0.800000       457140         5.00
      25.375     0.825000       471480         5.71
      26.895     0.850000       485802         6.67
      28.719     0.875000       500059         8.00
      29.775     0.887500       507187         8.89
      30.959     0.900000       514285        10.00
      32.351     0.912500       521466        11.43
      33.951     0.925000       528613        13.33
      35.903     0.937500       535764        16.00
      37.055     0.943750       539367        17.78
      38.367     0.950000       542861        20.00
      39.871     0.956250       546461        22.86
      41.567     0.962500       550012        26.67
      43.711     0.968750       553586        32.00
      44.991     0.971875       555352        35.56
      46.463     0.975000       557161        40.00
      48.095     0.978125       558938        45.71
      50.047     0.981250       560729        53.33
      52.415     0.984375       562516        64.00
      53.823     0.985938       563384        71.11
      55.519     0.987500       564281        80.00
      57.503     0.989062       565177        91.43
      59.839     0.990625       566063       106.67
      62.719     0.992188       566956       128.00
      64.447     0.992969       567406       142.22
      66.431     0.993750       567848       160.00
      69.311     0.994531       568297       182.86
      72.383     0.995313       568744       213.33
      76.479     0.996094       569187       256.00
      79.039     0.996484       569415       284.44
      82.303     0.996875       569637       320.00
      86.207     0.997266       569861       365.71
      91.647     0.997656       570078       426.67
      99.135     0.998047       570301       512.00
     105.663     0.998242       570414       568.89
     116.607     0.998437       570525       640.00
     128.383     0.998633       570637       731.43
     147.455     0.998828       570748       853.33
     171.135     0.999023       570859      1024.00
     184.319     0.999121       570915      1137.78
     198.271     0.999219       570972      1280.00
     210.815     0.999316       571027      1462.86
     219.519     0.999414       571083      1706.67
     226.047     0.999512       571139      2048.00
     229.631     0.999561       571167      2275.56
     233.343     0.999609       571194      2560.00
     237.951     0.999658       571223      2925.71
     241.279     0.999707       571251      3413.33
     244.735     0.999756       571281      4096.00
     245.887     0.999780       571292      4551.11
     247.807     0.999805       571307      5120.00
     249.983     0.999829       571322      5851.43
     252.671     0.999854       571335      6826.67
     257.279     0.999878       571349      8192.00
     260.607     0.999890       571355      9102.22
     263.423     0.999902       571362     10240.00
     266.239     0.999915       571369     11702.86
     274.175     0.999927       571377     13653.33
     280.319     0.999939       571383     16384.00
     282.367     0.999945       571386     18204.44
     291.839     0.999951       571390     20480.00
     302.591     0.999957       571394     23405.71
     309.503     0.999963       571397     27306.67
     320.767     0.999969       571400     32768.00
     329.215     0.999973       571402     36408.89
     351.231     0.999976       571404     40960.00
     363.007     0.999979       571405     46811.43
     370.687     0.999982       571407     54613.33
     381.183     0.999985       571409     65536.00
     386.303     0.999986       571410     72817.78
     387.327     0.999988       571411     81920.00
     387.327     0.999989       571411     93622.86
     391.679     0.999991       571412    109226.67
     398.847     0.999992       571413    131072.00
     403.455     0.999993       571414    145635.56
     403.455     0.999994       571414    163840.00
     403.455     0.999995       571414    187245.71
     483.583     0.999995       571415    218453.33
     483.583     0.999996       571415    262144.00
     483.839     0.999997       571416    291271.11
     483.839     0.999997       571416    327680.00
     483.839     0.999997       571416    374491.43
     483.839     0.999998       571416    436906.67
     483.839     0.999998       571416    524288.00
     505.855     0.999998       571417    582542.22
     505.855     1.000000       571417          inf
#[Mean    =       18.827, StdDeviation   =       12.487]
#[Max     =      505.600, Total count    =       571417]
#[Buckets =           27, SubBuckets     =         2048]
----------------------------------------------------------
  576196 requests in 20.00m, 6.86GB read
Requests/sec:    480.14
Transfer/sec:      5.85MB
