Running 20m test @ http://10.111.115.149:8080/wrk2-api/user-timeline/read
  16 threads and 32 connections
  Thread calibration: mean lat.: 27.039ms, rate sampling interval: 83ms
  Thread calibration: mean lat.: 26.337ms, rate sampling interval: 85ms
  Thread calibration: mean lat.: 24.093ms, rate sampling interval: 67ms
  Thread calibration: mean lat.: 28.863ms, rate sampling interval: 88ms
  Thread calibration: mean lat.: 27.315ms, rate sampling interval: 82ms
  Thread calibration: mean lat.: 25.331ms, rate sampling interval: 70ms
  Thread calibration: mean lat.: 29.987ms, rate sampling interval: 94ms
  Thread calibration: mean lat.: 26.412ms, rate sampling interval: 78ms
  Thread calibration: mean lat.: 26.685ms, rate sampling interval: 81ms
  Thread calibration: mean lat.: 26.852ms, rate sampling interval: 83ms
  Thread calibration: mean lat.: 27.398ms, rate sampling interval: 78ms
  Thread calibration: mean lat.: 27.686ms, rate sampling interval: 78ms
  Thread calibration: mean lat.: 30.281ms, rate sampling interval: 92ms
  Thread calibration: mean lat.: 27.509ms, rate sampling interval: 90ms
  Thread calibration: mean lat.: 25.607ms, rate sampling interval: 76ms
  Thread calibration: mean lat.: 24.426ms, rate sampling interval: 70ms
  Thread Stats   Avg      Stdev     99%   +/- Stdev
    Latency    26.57ms   12.15ms  70.46ms   80.90%
    Req/Sec    14.76     13.27    52.00     58.24%
  Latency Distribution (HdrHistogram - Recorded Latency)
 50.000%   23.53ms
 75.000%   30.78ms
 90.000%   41.28ms
 99.000%   70.46ms
 99.900%  107.20ms
 99.990%  170.37ms
 99.999%  249.47ms
100.000%  324.10ms

  Detailed Percentile spectrum:
       Value   Percentile   TotalCount 1/(1-Percentile)

       4.867     0.000000            1         1.00
      15.527     0.100000        28653         1.11
      17.951     0.200000        57361         1.25
      19.839     0.300000        86081         1.43
      21.615     0.400000       114572         1.67
      23.535     0.500000       143250         2.00
      24.623     0.550000       157451         2.22
      25.823     0.600000       171862         2.50
      27.183     0.650000       186092         2.86
      28.831     0.700000       200429         3.33
      30.783     0.750000       214689         4.00
      31.967     0.775000       221900         4.44
      33.279     0.800000       229067         5.00
      34.783     0.825000       236274         5.71
      36.511     0.850000       243339         6.67
      38.655     0.875000       250540         8.00
      39.871     0.887500       254093         8.89
      41.279     0.900000       257682        10.00
      42.847     0.912500       261261        11.43
      44.671     0.925000       264807        13.33
      46.879     0.937500       268371        16.00
      48.127     0.943750       270163        17.78
      49.503     0.950000       271949        20.00
      51.167     0.956250       273755        22.86
      53.087     0.962500       275533        26.67
      55.391     0.968750       277319        32.00
      56.671     0.971875       278204        35.56
      58.207     0.975000       279098        40.00
      59.999     0.978125       279988        45.71
      62.079     0.981250       280888        53.33
      64.607     0.984375       281783        64.00
      65.983     0.985938       282237        71.11
      67.455     0.987500       282677        80.00
      69.183     0.989062       283118        91.43
      71.359     0.990625       283570       106.67
      73.855     0.992188       284014       128.00
      75.391     0.992969       284236       142.22
      77.183     0.993750       284462       160.00
      79.103     0.994531       284684       182.86
      81.343     0.995313       284909       213.33
      84.287     0.996094       285133       256.00
      85.759     0.996484       285247       284.44
      87.295     0.996875       285353       320.00
      89.343     0.997266       285465       365.71
      91.711     0.997656       285580       426.67
      94.335     0.998047       285689       512.00
      96.639     0.998242       285744       568.89
      98.495     0.998437       285801       640.00
     100.991     0.998633       285857       731.43
     104.063     0.998828       285914       853.33
     107.967     0.999023       285968      1024.00
     110.911     0.999121       285997      1137.78
     113.023     0.999219       286025      1280.00
     115.007     0.999316       286052      1462.86
     117.759     0.999414       286080      1706.67
     122.047     0.999512       286108      2048.00
     124.351     0.999561       286122      2275.56
     126.079     0.999609       286136      2560.00
     130.559     0.999658       286151      2925.71
     133.375     0.999707       286164      3413.33
     139.391     0.999756       286178      4096.00
     141.055     0.999780       286186      4551.11
     144.127     0.999805       286193      5120.00
     147.583     0.999829       286200      5851.43
     150.399     0.999854       286206      6826.67
     165.503     0.999878       286213      8192.00
     169.855     0.999890       286216      9102.22
     171.263     0.999902       286220     10240.00
     173.055     0.999915       286223     11702.86
     184.447     0.999927       286227     13653.33
     195.583     0.999939       286230     16384.00
     212.991     0.999945       286232     18204.44
     220.031     0.999951       286234     20480.00
     223.231     0.999957       286235     23405.71
     225.151     0.999963       286237     27306.67
     227.199     0.999969       286239     32768.00
     232.191     0.999973       286240     36408.89
     236.159     0.999976       286241     40960.00
     236.159     0.999979       286241     46811.43
     237.311     0.999982       286242     54613.33
     237.567     0.999985       286243     65536.00
     249.471     0.999986       286244     72817.78
     249.471     0.999988       286244     81920.00
     249.471     0.999989       286244     93622.86
     265.983     0.999991       286245    109226.67
     265.983     0.999992       286245    131072.00
     296.191     0.999993       286246    145635.56
     296.191     0.999994       286246    163840.00
     296.191     0.999995       286246    187245.71
     296.191     0.999995       286246    218453.33
     296.191     0.999996       286246    262144.00
     324.095     0.999997       286247    291271.11
     324.095     1.000000       286247          inf
#[Mean    =       26.572, StdDeviation   =       12.153]
#[Max     =      323.840, Total count    =       286247]
#[Buckets =           27, SubBuckets     =         2048]
----------------------------------------------------------
  288642 requests in 20.00m, 3.61GB read
Requests/sec:    240.51
Transfer/sec:      3.08MB
