Running 20m test @ http://10.96.6.111:8080/wrk2-api/post/compose
  16 threads and 32 connections
  Thread calibration: mean lat.: 23.548ms, rate sampling interval: 68ms
  Thread calibration: mean lat.: 22.994ms, rate sampling interval: 48ms
  Thread calibration: mean lat.: 24.231ms, rate sampling interval: 68ms
  Thread calibration: mean lat.: 20.969ms, rate sampling interval: 54ms
  Thread calibration: mean lat.: 18.859ms, rate sampling interval: 56ms
  Thread calibration: mean lat.: 18.215ms, rate sampling interval: 44ms
  Thread calibration: mean lat.: 20.308ms, rate sampling interval: 57ms
  Thread calibration: mean lat.: 21.380ms, rate sampling interval: 63ms
  Thread calibration: mean lat.: 22.039ms, rate sampling interval: 66ms
  Thread calibration: mean lat.: 18.449ms, rate sampling interval: 46ms
  Thread calibration: mean lat.: 20.167ms, rate sampling interval: 54ms
  Thread calibration: mean lat.: 21.502ms, rate sampling interval: 57ms
  Thread calibration: mean lat.: 26.615ms, rate sampling interval: 76ms
  Thread calibration: mean lat.: 25.805ms, rate sampling interval: 72ms
  Thread calibration: mean lat.: 24.017ms, rate sampling interval: 72ms
  Thread calibration: mean lat.: 21.612ms, rate sampling interval: 66ms
  Thread Stats   Avg      Stdev     99%   +/- Stdev
    Latency    21.64ms   17.22ms  55.04ms   95.77%
    Req/Sec     4.91      9.15    37.00     84.44%
  Latency Distribution (HdrHistogram - Recorded Latency)
 50.000%   18.43ms
 75.000%   23.44ms
 90.000%   30.94ms
 99.000%   55.04ms
 99.900%  234.11ms
 99.990%  679.42ms
 99.999%    1.03s 
100.000%    1.07s 

  Detailed Percentile spectrum:
       Value   Percentile   TotalCount 1/(1-Percentile)

       1.201     0.000000            1         1.00
      14.439     0.100000         9585         1.11
      15.303     0.200000        19063         1.25
      16.199     0.300000        28630         1.43
      17.199     0.400000        38120         1.67
      18.431     0.500000        47724         2.00
      19.135     0.550000        52480         2.22
      19.935     0.600000        57237         2.50
      20.895     0.650000        61954         2.86
      22.047     0.700000        66715         3.33
      23.439     0.750000        71490         4.00
      24.239     0.775000        73862         4.44
      25.151     0.800000        76211         5.00
      26.223     0.825000        78599         5.71
      27.503     0.850000        80975         6.67
      28.991     0.875000        83353         8.00
      29.903     0.887500        84543         8.89
      30.943     0.900000        85733        10.00
      32.127     0.912500        86930        11.43
      33.439     0.925000        88135        13.33
      35.103     0.937500        89310        16.00
      36.063     0.943750        89903        17.78
      37.247     0.950000        90504        20.00
      38.495     0.956250        91095        22.86
      40.095     0.962500        91688        26.67
      41.919     0.968750        92288        32.00
      43.007     0.971875        92582        35.56
      44.223     0.975000        92880        40.00
      45.759     0.978125        93178        45.71
      47.551     0.981250        93471        53.33
      49.695     0.984375        93769        64.00
      50.815     0.985938        93922        71.11
      52.223     0.987500        94067        80.00
      53.951     0.989062        94217        91.43
      55.935     0.990625        94364       106.67
      59.103     0.992188        94513       128.00
      60.639     0.992969        94588       142.22
      62.943     0.993750        94662       160.00
      65.663     0.994531        94737       182.86
      69.439     0.995313        94812       213.33
      76.287     0.996094        94885       256.00
      82.943     0.996484        94923       284.44
      99.071     0.996875        94960       320.00
     130.623     0.997266        94997       365.71
     211.583     0.997656        95034       426.67
     221.439     0.998047        95071       512.00
     223.103     0.998242        95090       568.89
     226.175     0.998437        95109       640.00
     228.095     0.998633        95127       731.43
     231.551     0.998828        95146       853.33
     234.623     0.999023        95165      1024.00
     235.263     0.999121        95175      1137.78
     237.567     0.999219        95183      1280.00
     240.511     0.999316        95192      1462.86
     242.047     0.999414        95203      1706.67
     246.143     0.999512        95211      2048.00
     250.367     0.999561        95216      2275.56
     257.023     0.999609        95220      2560.00
     262.911     0.999658        95225      2925.71
     267.775     0.999707        95230      3413.33
     300.287     0.999756        95234      4096.00
     327.423     0.999780        95237      4551.11
     441.599     0.999805        95239      5120.00
     442.367     0.999829        95241      5851.43
     467.199     0.999854        95244      6826.67
     578.559     0.999878        95246      8192.00
     679.423     0.999890        95247      9102.22
     753.663     0.999902        95248     10240.00
     974.847     0.999915        95249     11702.86
    1021.951     0.999927        95251     13653.33
    1022.463     0.999939        95252     16384.00
    1022.463     0.999945        95252     18204.44
    1027.071     0.999951        95253     20480.00
    1027.071     0.999957        95253     23405.71
    1027.583     0.999963        95254     27306.67
    1029.119     0.999969        95255     32768.00
    1029.119     0.999973        95255     36408.89
    1029.119     0.999976        95255     40960.00
    1029.119     0.999979        95255     46811.43
    1031.167     0.999982        95256     54613.33
    1031.167     0.999985        95256     65536.00
    1031.167     0.999986        95256     72817.78
    1031.167     0.999988        95256     81920.00
    1031.167     0.999989        95256     93622.86
    1065.983     0.999991        95257    109226.67
    1065.983     1.000000        95257          inf
#[Mean    =       21.635, StdDeviation   =       17.221]
#[Max     =     1064.960, Total count    =        95257]
#[Buckets =           27, SubBuckets     =         2048]
----------------------------------------------------------
  96093 requests in 20.00m, 19.70MB read
  Socket errors: connect 0, read 0, write 0, timeout 134
Requests/sec:     80.07
Transfer/sec:     16.81KB
