Running 20m test @ http://10.96.6.111:8080/wrk2-api/home-timeline/read
  16 threads and 32 connections
  Thread calibration: mean lat.: 15.350ms, rate sampling interval: 49ms
  Thread calibration: mean lat.: 18.617ms, rate sampling interval: 55ms
  Thread calibration: mean lat.: 20.000ms, rate sampling interval: 68ms
  Thread calibration: mean lat.: 22.992ms, rate sampling interval: 83ms
  Thread calibration: mean lat.: 21.306ms, rate sampling interval: 75ms
  Thread calibration: mean lat.: 20.722ms, rate sampling interval: 67ms
  Thread calibration: mean lat.: 16.693ms, rate sampling interval: 56ms
  Thread calibration: mean lat.: 20.936ms, rate sampling interval: 70ms
  Thread calibration: mean lat.: 20.035ms, rate sampling interval: 69ms
  Thread calibration: mean lat.: 21.676ms, rate sampling interval: 79ms
  Thread calibration: mean lat.: 18.550ms, rate sampling interval: 67ms
  Thread calibration: mean lat.: 19.618ms, rate sampling interval: 68ms
  Thread calibration: mean lat.: 21.574ms, rate sampling interval: 78ms
  Thread calibration: mean lat.: 18.118ms, rate sampling interval: 63ms
  Thread calibration: mean lat.: 20.101ms, rate sampling interval: 72ms
  Thread calibration: mean lat.: 19.805ms, rate sampling interval: 74ms
  Thread Stats   Avg      Stdev     99%   +/- Stdev
    Latency    20.42ms   14.78ms  71.81ms   89.88%
    Req/Sec    32.81     21.60    90.00     74.11%
  Latency Distribution (HdrHistogram - Recorded Latency)
 50.000%   16.36ms
 75.000%   23.87ms
 90.000%   34.81ms
 99.000%   71.81ms
 99.900%  188.80ms
 99.990%  282.37ms
 99.999%  429.57ms
100.000%  520.96ms

  Detailed Percentile spectrum:
       Value   Percentile   TotalCount 1/(1-Percentile)

       2.281     0.000000            1         1.00
      10.015     0.100000        62970         1.11
      11.415     0.200000       125835         1.25
      12.855     0.300000       189042         1.43
      14.455     0.400000       251839         1.67
      16.359     0.500000       314659         2.00
      17.471     0.550000       346232         2.22
      18.735     0.600000       377617         2.50
      20.159     0.650000       408967         2.86
      21.823     0.700000       440285         3.33
      23.871     0.750000       471844         4.00
      25.055     0.775000       487478         4.44
      26.415     0.800000       503189         5.00
      27.983     0.825000       519035         5.71
      29.807     0.850000       534716         6.67
      32.031     0.875000       550401         8.00
      33.343     0.887500       558352         8.89
      34.815     0.900000       566089        10.00
      36.575     0.912500       574042        11.43
      38.591     0.925000       581878        13.33
      41.023     0.937500       589682        16.00
      42.463     0.943750       593608        17.78
      44.159     0.950000       597586        20.00
      45.983     0.956250       601461        22.86
      48.255     0.962500       605393        26.67
      51.071     0.968750       609321        32.00
      52.767     0.971875       611303        35.56
      54.655     0.975000       613258        40.00
      56.863     0.978125       615228        45.71
      59.583     0.981250       617193        53.33
      62.783     0.984375       619142        64.00
      64.799     0.985938       620129        71.11
      67.135     0.987500       621117        80.00
      69.951     0.989062       622119        91.43
      73.151     0.990625       623072       106.67
      77.311     0.992188       624054       128.00
      79.935     0.992969       624556       142.22
      83.071     0.993750       625038       160.00
      86.783     0.994531       625531       182.86
      91.327     0.995313       626026       213.33
      97.023     0.996094       626514       256.00
     100.351     0.996484       626759       284.44
     104.703     0.996875       627005       320.00
     110.591     0.997266       627248       365.71
     118.207     0.997656       627494       426.67
     129.087     0.998047       627739       512.00
     134.911     0.998242       627862       568.89
     146.687     0.998437       627986       640.00
     159.103     0.998633       628108       731.43
     173.567     0.998828       628231       853.33
     191.231     0.999023       628353      1024.00
     200.447     0.999121       628415      1137.78
     212.607     0.999219       628476      1280.00
     219.903     0.999316       628538      1462.86
     226.687     0.999414       628599      1706.67
     234.367     0.999512       628661      2048.00
     238.079     0.999561       628691      2275.56
     242.943     0.999609       628722      2560.00
     246.271     0.999658       628753      2925.71
     250.623     0.999707       628785      3413.33
     254.975     0.999756       628814      4096.00
     257.279     0.999780       628829      4551.11
     262.399     0.999805       628846      5120.00
     265.471     0.999829       628862      5851.43
     268.543     0.999854       628875      6826.67
     275.711     0.999878       628891      8192.00
     279.039     0.999890       628898      9102.22
     282.623     0.999902       628906     10240.00
     287.487     0.999915       628915     11702.86
     291.839     0.999927       628922     13653.33
     295.167     0.999939       628929     16384.00
     301.055     0.999945       628933     18204.44
     306.943     0.999951       628937     20480.00
     318.207     0.999957       628941     23405.71
     320.255     0.999963       628944     27306.67
     338.943     0.999969       628948     32768.00
     343.039     0.999973       628950     36408.89
     357.887     0.999976       628952     40960.00
     370.943     0.999979       628954     46811.43
     385.535     0.999982       628956     54613.33
     407.295     0.999985       628958     65536.00
     416.511     0.999986       628959     72817.78
     421.119     0.999988       628960     81920.00
     429.567     0.999989       628961     93622.86
     434.431     0.999991       628962    109226.67
     436.735     0.999992       628963    131072.00
     436.735     0.999993       628963    145635.56
     464.127     0.999994       628964    163840.00
     464.127     0.999995       628964    187245.71
     465.407     0.999995       628965    218453.33
     465.407     0.999996       628965    262144.00
     465.407     0.999997       628965    291271.11
     485.119     0.999997       628966    327680.00
     485.119     0.999997       628966    374491.43
     485.119     0.999998       628966    436906.67
     485.119     0.999998       628966    524288.00
     485.119     0.999998       628966    582542.22
     520.959     0.999998       628967    655360.00
     520.959     1.000000       628967          inf
#[Mean    =       20.419, StdDeviation   =       14.780]
#[Max     =      520.704, Total count    =       628967]
#[Buckets =           27, SubBuckets     =         2048]
----------------------------------------------------------
  634246 requests in 20.00m, 7.55GB read
Requests/sec:    528.51
Transfer/sec:      6.44MB
