Running 20m test @ http://10.96.6.111:8080/wrk2-api/user-timeline/read
  16 threads and 32 connections
  Thread calibration: mean lat.: 29.889ms, rate sampling interval: 91ms
  Thread calibration: mean lat.: 29.153ms, rate sampling interval: 96ms
  Thread calibration: mean lat.: 30.739ms, rate sampling interval: 101ms
  Thread calibration: mean lat.: 29.245ms, rate sampling interval: 98ms
  Thread calibration: mean lat.: 31.722ms, rate sampling interval: 103ms
  Thread calibration: mean lat.: 28.419ms, rate sampling interval: 90ms
  Thread calibration: mean lat.: 32.267ms, rate sampling interval: 102ms
  Thread calibration: mean lat.: 27.799ms, rate sampling interval: 86ms
  Thread calibration: mean lat.: 28.714ms, rate sampling interval: 83ms
  Thread calibration: mean lat.: 27.488ms, rate sampling interval: 87ms
  Thread calibration: mean lat.: 31.061ms, rate sampling interval: 102ms
  Thread calibration: mean lat.: 33.542ms, rate sampling interval: 114ms
  Thread calibration: mean lat.: 27.972ms, rate sampling interval: 89ms
  Thread calibration: mean lat.: 29.118ms, rate sampling interval: 99ms
  Thread calibration: mean lat.: 31.846ms, rate sampling interval: 92ms
  Thread calibration: mean lat.: 23.591ms, rate sampling interval: 67ms
  Thread Stats   Avg      Stdev     99%   +/- Stdev
    Latency    29.23ms   15.33ms  84.67ms   83.90%
    Req/Sec    15.71     12.74    51.00     62.58%
  Latency Distribution (HdrHistogram - Recorded Latency)
 50.000%   25.30ms
 75.000%   34.11ms
 90.000%   46.69ms
 99.000%   84.67ms
 99.900%  147.07ms
 99.990%  248.57ms
 99.999%  343.81ms
100.000%  360.19ms

  Detailed Percentile spectrum:
       Value   Percentile   TotalCount 1/(1-Percentile)

       0.042     0.000000            1         1.00
      16.087     0.100000        30594         1.11
      18.719     0.200000        61084         1.25
      20.863     0.300000        91711         1.43
      22.959     0.400000       122152         1.67
      25.295     0.500000       152708         2.00
      26.607     0.550000       167971         2.22
      28.079     0.600000       183324         2.50
      29.775     0.650000       198524         2.86
      31.743     0.700000       213740         3.33
      34.111     0.750000       229034         4.00
      35.519     0.775000       236635         4.44
      37.055     0.800000       244223         5.00
      38.847     0.825000       251847         5.71
      40.959     0.850000       259485         6.67
      43.487     0.875000       267130         8.00
      44.991     0.887500       270936         8.89
      46.687     0.900000       274745        10.00
      48.639     0.912500       278586        11.43
      50.911     0.925000       282385        13.33
      53.695     0.937500       286196        16.00
      55.295     0.943750       288116        17.78
      57.087     0.950000       290019        20.00
      59.231     0.956250       291919        22.86
      61.663     0.962500       293835        26.67
      64.607     0.968750       295742        32.00
      66.367     0.971875       296704        35.56
      68.287     0.975000       297654        40.00
      70.591     0.978125       298594        45.71
      73.343     0.981250       299553        53.33
      76.479     0.984375       300502        64.00
      78.271     0.985938       300975        71.11
      80.383     0.987500       301456        80.00
      82.943     0.989062       301934        91.43
      86.015     0.990625       302412       106.67
      89.919     0.992188       302886       128.00
      92.159     0.992969       303122       142.22
      94.911     0.993750       303363       160.00
      97.535     0.994531       303598       182.86
     101.183     0.995313       303840       213.33
     105.151     0.996094       304076       256.00
     107.839     0.996484       304195       284.44
     110.719     0.996875       304318       320.00
     114.175     0.997266       304434       365.71
     118.463     0.997656       304553       426.67
     123.903     0.998047       304671       512.00
     127.295     0.998242       304731       568.89
     130.815     0.998437       304791       640.00
     134.655     0.998633       304850       731.43
     140.927     0.998828       304910       853.33
     148.351     0.999023       304969      1024.00
     151.807     0.999121       304999      1137.78
     155.135     0.999219       305029      1280.00
     161.663     0.999316       305059      1462.86
     171.007     0.999414       305089      1706.67
     177.407     0.999512       305119      2048.00
     181.503     0.999561       305133      2275.56
     186.495     0.999609       305148      2560.00
     195.583     0.999658       305163      2925.71
     208.127     0.999707       305178      3413.33
     222.719     0.999756       305194      4096.00
     225.535     0.999780       305200      4551.11
     228.095     0.999805       305208      5120.00
     232.063     0.999829       305215      5851.43
     235.263     0.999854       305223      6826.67
     244.735     0.999878       305230      8192.00
     247.167     0.999890       305234      9102.22
     248.831     0.999902       305238     10240.00
     249.471     0.999915       305241     11702.86
     256.511     0.999927       305245     13653.33
     263.423     0.999939       305249     16384.00
     274.431     0.999945       305251     18204.44
     280.831     0.999951       305253     20480.00
     281.087     0.999957       305254     23405.71
     284.159     0.999963       305256     27306.67
     294.655     0.999969       305258     32768.00
     301.823     0.999973       305259     36408.89
     306.687     0.999976       305260     40960.00
     306.943     0.999979       305261     46811.43
     315.391     0.999982       305262     54613.33
     342.015     0.999985       305263     65536.00
     342.015     0.999986       305263     72817.78
     343.807     0.999988       305264     81920.00
     343.807     0.999989       305264     93622.86
     346.623     0.999991       305265    109226.67
     346.623     0.999992       305265    131072.00
     346.623     0.999993       305265    145635.56
     346.879     0.999994       305266    163840.00
     346.879     0.999995       305266    187245.71
     346.879     0.999995       305266    218453.33
     346.879     0.999996       305266    262144.00
     346.879     0.999997       305266    291271.11
     360.191     0.999997       305267    327680.00
     360.191     1.000000       305267          inf
#[Mean    =       29.232, StdDeviation   =       15.331]
#[Max     =      359.936, Total count    =       305267]
#[Buckets =           27, SubBuckets     =         2048]
----------------------------------------------------------
  307856 requests in 20.00m, 3.85GB read
  Non-2xx or 3xx responses: 1
Requests/sec:    256.53
Transfer/sec:      3.28MB
