Running 20m test @ http://10.108.54.214:8080/wrk2-api/post/compose
  16 threads and 32 connections
  Thread calibration: mean lat.: 17.958ms, rate sampling interval: 49ms
  Thread calibration: mean lat.: 18.814ms, rate sampling interval: 54ms
  Thread calibration: mean lat.: 18.439ms, rate sampling interval: 49ms
  Thread calibration: mean lat.: 26.395ms, rate sampling interval: 65ms
  Thread calibration: mean lat.: 22.443ms, rate sampling interval: 63ms
  Thread calibration: mean lat.: 16.397ms, rate sampling interval: 41ms
  Thread calibration: mean lat.: 19.162ms, rate sampling interval: 54ms
  Thread calibration: mean lat.: 23.475ms, rate sampling interval: 55ms
  Thread calibration: mean lat.: 33.021ms, rate sampling interval: 68ms
  Thread calibration: mean lat.: 19.750ms, rate sampling interval: 57ms
  Thread calibration: mean lat.: 27.206ms, rate sampling interval: 82ms
  Thread calibration: mean lat.: 32.292ms, rate sampling interval: 60ms
  Thread calibration: mean lat.: 24.732ms, rate sampling interval: 67ms
  Thread calibration: mean lat.: 18.211ms, rate sampling interval: 44ms
  Thread calibration: mean lat.: 22.349ms, rate sampling interval: 64ms
  Thread calibration: mean lat.: 32.575ms, rate sampling interval: 96ms
  Thread Stats   Avg      Stdev     99%   +/- Stdev
    Latency    20.10ms    8.37ms  46.53ms   89.82%
    Req/Sec     4.91      9.32    37.00     83.29%
  Latency Distribution (HdrHistogram - Recorded Latency)
 50.000%   17.85ms
 75.000%   22.17ms
 90.000%   28.61ms
 99.000%   46.53ms
 99.900%   69.12ms
 99.990%  229.76ms
 99.999%  245.50ms
100.000%    1.03s 

  Detailed Percentile spectrum:
       Value   Percentile   TotalCount 1/(1-Percentile)

      11.087     0.000000            1         1.00
      14.295     0.100000         9526         1.11
      15.095     0.200000        19087         1.25
      15.879     0.300000        28654         1.43
      16.783     0.400000        38187         1.67
      17.855     0.500000        47760         2.00
      18.479     0.550000        52499         2.22
      19.199     0.600000        57239         2.50
      20.015     0.650000        61950         2.86
      20.975     0.700000        66723         3.33
      22.175     0.750000        71464         4.00
      22.911     0.775000        73845         4.44
      23.743     0.800000        76242         5.00
      24.639     0.825000        78633         5.71
      25.711     0.850000        81001         6.67
      27.023     0.875000        83358         8.00
      27.775     0.887500        84558         8.89
      28.607     0.900000        85746        10.00
      29.615     0.912500        86942        11.43
      30.783     0.925000        88132        13.33
      32.159     0.937500        89308        16.00
      32.959     0.943750        89907        17.78
      33.855     0.950000        90498        20.00
      34.879     0.956250        91106        22.86
      35.999     0.962500        91695        26.67
      37.375     0.968750        92290        32.00
      38.207     0.971875        92587        35.56
      39.199     0.975000        92891        40.00
      40.319     0.978125        93181        45.71
      41.503     0.981250        93475        53.33
      42.943     0.984375        93771        64.00
      43.871     0.985938        93929        71.11
      44.863     0.987500        94073        80.00
      45.791     0.989062        94221        91.43
      47.071     0.990625        94370       106.67
      48.671     0.992188        94518       128.00
      49.407     0.992969        94592       142.22
      50.367     0.993750        94665       160.00
      51.423     0.994531        94742       182.86
      52.607     0.995313        94815       213.33
      54.207     0.996094        94888       256.00
      55.391     0.996484        94925       284.44
      56.607     0.996875        94962       320.00
      57.695     0.997266        94999       365.71
      59.455     0.997656        95037       426.67
      61.023     0.998047        95074       512.00
      62.655     0.998242        95092       568.89
      64.511     0.998437        95112       640.00
      65.375     0.998633        95129       731.43
      67.263     0.998828        95148       853.33
      69.567     0.999023        95167      1024.00
      71.551     0.999121        95178      1137.78
      73.407     0.999219        95185      1280.00
      76.991     0.999316        95194      1462.86
      80.255     0.999414        95204      1706.67
      84.479     0.999512        95213      2048.00
      87.807     0.999561        95218      2275.56
      90.495     0.999609        95222      2560.00
     101.055     0.999658        95227      2925.71
     103.423     0.999707        95232      3413.33
     182.271     0.999756        95236      4096.00
     222.207     0.999780        95239      4551.11
     222.463     0.999805        95241      5120.00
     225.023     0.999829        95243      5851.43
     226.559     0.999854        95246      6826.67
     229.247     0.999878        95248      8192.00
     229.759     0.999890        95249      9102.22
     230.783     0.999902        95250     10240.00
     232.447     0.999915        95251     11702.86
     236.927     0.999927        95253     13653.33
     240.895     0.999939        95254     16384.00
     240.895     0.999945        95254     18204.44
     242.175     0.999951        95255     20480.00
     242.175     0.999957        95255     23405.71
     242.815     0.999963        95256     27306.67
     244.223     0.999969        95257     32768.00
     244.223     0.999973        95257     36408.89
     244.223     0.999976        95257     40960.00
     244.223     0.999979        95257     46811.43
     245.503     0.999982        95258     54613.33
     245.503     0.999985        95258     65536.00
     245.503     0.999986        95258     72817.78
     245.503     0.999988        95258     81920.00
     245.503     0.999989        95258     93622.86
    1034.751     0.999991        95259    109226.67
    1034.751     1.000000        95259          inf
#[Mean    =       20.096, StdDeviation   =        8.367]
#[Max     =     1034.240, Total count    =        95259]
#[Buckets =           27, SubBuckets     =         2048]
----------------------------------------------------------
  96092 requests in 20.00m, 19.70MB read
  Socket errors: connect 0, read 0, write 0, timeout 132
Requests/sec:     80.07
Transfer/sec:     16.81KB
