Running 20m test @ http://10.108.54.214:8080/wrk2-api/home-timeline/read
  16 threads and 32 connections
  Thread calibration: mean lat.: 16.817ms, rate sampling interval: 54ms
  Thread calibration: mean lat.: 18.873ms, rate sampling interval: 62ms
  Thread calibration: mean lat.: 18.986ms, rate sampling interval: 64ms
  Thread calibration: mean lat.: 15.027ms, rate sampling interval: 51ms
  Thread calibration: mean lat.: 16.458ms, rate sampling interval: 51ms
  Thread calibration: mean lat.: 19.776ms, rate sampling interval: 67ms
  Thread calibration: mean lat.: 17.529ms, rate sampling interval: 63ms
  Thread calibration: mean lat.: 17.549ms, rate sampling interval: 57ms
  Thread calibration: mean lat.: 18.715ms, rate sampling interval: 56ms
  Thread calibration: mean lat.: 19.756ms, rate sampling interval: 69ms
  Thread calibration: mean lat.: 18.900ms, rate sampling interval: 64ms
  Thread calibration: mean lat.: 16.483ms, rate sampling interval: 51ms
  Thread calibration: mean lat.: 16.768ms, rate sampling interval: 56ms
  Thread calibration: mean lat.: 18.241ms, rate sampling interval: 65ms
  Thread calibration: mean lat.: 19.818ms, rate sampling interval: 78ms
  Thread calibration: mean lat.: 17.244ms, rate sampling interval: 58ms
  Thread Stats   Avg      Stdev     99%   +/- Stdev
    Latency    18.41ms   10.28ms  56.22ms   86.64%
    Req/Sec    29.86     21.88    90.00     67.74%
  Latency Distribution (HdrHistogram - Recorded Latency)
 50.000%   15.44ms
 75.000%   21.76ms
 90.000%   30.54ms
 99.000%   56.22ms
 99.900%   90.24ms
 99.990%  169.09ms
 99.999%  246.53ms
100.000%  262.14ms

  Detailed Percentile spectrum:
       Value   Percentile   TotalCount 1/(1-Percentile)

       2.061     0.000000            1         1.00
       9.879     0.100000        57183         1.11
      11.135     0.200000       114501         1.25
      12.407     0.300000       171676         1.43
      13.807     0.400000       228762         1.67
      15.439     0.500000       285716         2.00
      16.399     0.550000       314684         2.22
      17.455     0.600000       343058         2.50
      18.655     0.650000       371516         2.86
      20.063     0.700000       400177         3.33
      21.759     0.750000       428789         4.00
      22.719     0.775000       442852         4.44
      23.839     0.800000       457145         5.00
      25.119     0.825000       471576         5.71
      26.575     0.850000       485708         6.67
      28.351     0.875000       500034         8.00
      29.375     0.887500       507174         8.89
      30.543     0.900000       514292        10.00
      31.903     0.912500       521464        11.43
      33.439     0.925000       528593        13.33
      35.327     0.937500       535801        16.00
      36.383     0.943750       539300        17.78
      37.631     0.950000       542901        20.00
      39.071     0.956250       546489        22.86
      40.735     0.962500       550011        26.67
      42.719     0.968750       553576        32.00
      43.839     0.971875       555343        35.56
      45.151     0.975000       557155        40.00
      46.655     0.978125       558920        45.71
      48.479     0.981250       560702        53.33
      50.655     0.984375       562511        64.00
      51.935     0.985938       563392        71.11
      53.343     0.987500       564281        80.00
      55.007     0.989062       565167        91.43
      57.087     0.990625       566075       106.67
      59.359     0.992188       566962       128.00
      60.703     0.992969       567404       142.22
      62.207     0.993750       567842       160.00
      63.935     0.994531       568290       182.86
      65.791     0.995313       568738       213.33
      68.543     0.996094       569187       256.00
      70.271     0.996484       569405       284.44
      71.871     0.996875       569628       320.00
      73.919     0.997266       569854       365.71
      76.223     0.997656       570076       426.67
      79.167     0.998047       570298       512.00
      80.831     0.998242       570412       568.89
      82.431     0.998437       570525       640.00
      84.863     0.998633       570633       731.43
      87.743     0.998828       570747       853.33
      90.879     0.999023       570857      1024.00
      92.735     0.999121       570913      1137.78
      95.103     0.999219       570967      1280.00
      97.727     0.999316       571024      1462.86
     101.183     0.999414       571079      1706.67
     105.407     0.999512       571134      2048.00
     107.263     0.999561       571162      2275.56
     110.143     0.999609       571190      2560.00
     112.831     0.999658       571218      2925.71
     116.927     0.999707       571246      3413.33
     121.279     0.999756       571275      4096.00
     125.183     0.999780       571288      4551.11
     131.455     0.999805       571302      5120.00
     138.367     0.999829       571317      5851.43
     147.199     0.999854       571330      6826.67
     156.671     0.999878       571345      8192.00
     164.863     0.999890       571351      9102.22
     171.135     0.999902       571358     10240.00
     185.215     0.999915       571365     11702.86
     203.007     0.999927       571372     13653.33
     214.911     0.999939       571379     16384.00
     218.751     0.999945       571382     18204.44
     222.335     0.999951       571386     20480.00
     223.743     0.999957       571389     23405.71
     228.863     0.999963       571393     27306.67
     234.879     0.999969       571396     32768.00
     236.415     0.999973       571398     36408.89
     237.311     0.999976       571400     40960.00
     238.719     0.999979       571401     46811.43
     241.791     0.999982       571403     54613.33
     243.583     0.999985       571405     65536.00
     244.991     0.999986       571406     72817.78
     246.527     0.999988       571407     81920.00
     246.527     0.999989       571407     93622.86
     246.655     0.999991       571408    109226.67
     248.703     0.999992       571409    131072.00
     249.983     0.999993       571410    145635.56
     249.983     0.999994       571410    163840.00
     249.983     0.999995       571410    187245.71
     252.799     0.999995       571411    218453.33
     252.799     0.999996       571411    262144.00
     260.991     0.999997       571412    291271.11
     260.991     0.999997       571412    327680.00
     260.991     0.999997       571412    374491.43
     260.991     0.999998       571412    436906.67
     260.991     0.999998       571412    524288.00
     262.143     0.999998       571413    582542.22
     262.143     1.000000       571413          inf
#[Mean    =       18.408, StdDeviation   =       10.283]
#[Max     =      262.016, Total count    =       571413]
#[Buckets =           27, SubBuckets     =         2048]
----------------------------------------------------------
  576194 requests in 20.00m, 6.86GB read
  Non-2xx or 3xx responses: 1
Requests/sec:    480.13
Transfer/sec:      5.85MB
