Running 20m test @ http://10.108.54.214:8080/wrk2-api/user-timeline/read
  16 threads and 32 connections
  Thread calibration: mean lat.: 23.614ms, rate sampling interval: 71ms
  Thread calibration: mean lat.: 25.074ms, rate sampling interval: 74ms
  Thread calibration: mean lat.: 26.771ms, rate sampling interval: 83ms
  Thread calibration: mean lat.: 31.131ms, rate sampling interval: 102ms
  Thread calibration: mean lat.: 32.288ms, rate sampling interval: 104ms
  Thread calibration: mean lat.: 26.099ms, rate sampling interval: 86ms
  Thread calibration: mean lat.: 24.175ms, rate sampling interval: 67ms
  Thread calibration: mean lat.: 25.692ms, rate sampling interval: 73ms
  Thread calibration: mean lat.: 30.416ms, rate sampling interval: 89ms
  Thread calibration: mean lat.: 31.992ms, rate sampling interval: 94ms
  Thread calibration: mean lat.: 28.996ms, rate sampling interval: 83ms
  Thread calibration: mean lat.: 27.528ms, rate sampling interval: 78ms
  Thread calibration: mean lat.: 31.182ms, rate sampling interval: 102ms
  Thread calibration: mean lat.: 29.893ms, rate sampling interval: 100ms
  Thread calibration: mean lat.: 28.909ms, rate sampling interval: 86ms
  Thread calibration: mean lat.: 25.455ms, rate sampling interval: 75ms
  Thread Stats   Avg      Stdev     99%   +/- Stdev
    Latency    27.37ms   12.50ms  72.51ms   80.30%
    Req/Sec    14.79     13.07    53.00     57.75%
  Latency Distribution (HdrHistogram - Recorded Latency)
 50.000%   24.22ms
 75.000%   31.95ms
 90.000%   42.65ms
 99.000%   72.51ms
 99.900%  107.33ms
 99.990%  154.24ms
 99.999%  236.67ms
100.000%  252.41ms

  Detailed Percentile spectrum:
       Value   Percentile   TotalCount 1/(1-Percentile)

       5.247     0.000000            1         1.00
      15.839     0.100000        28674         1.11
      18.303     0.200000        57372         1.25
      20.271     0.300000        86066         1.43
      22.159     0.400000       114600         1.67
      24.223     0.500000       143140         2.00
      25.391     0.550000       157449         2.22
      26.703     0.600000       171902         2.50
      28.175     0.650000       186103         2.86
      29.871     0.700000       200395         3.33
      31.951     0.750000       214744         4.00
      33.183     0.775000       221989         4.44
      34.463     0.800000       229010         5.00
      36.031     0.825000       236285         5.71
      37.823     0.850000       243324         6.67
      39.999     0.875000       250541         8.00
      41.279     0.887500       254104         8.89
      42.655     0.900000       257627        10.00
      44.287     0.912500       261210        11.43
      46.175     0.925000       264800        13.33
      48.447     0.937500       268358        16.00
      49.791     0.943750       270156        17.78
      51.327     0.950000       271958        20.00
      52.991     0.956250       273734        22.86
      54.943     0.962500       275529        26.67
      57.279     0.968750       277305        32.00
      58.655     0.971875       278195        35.56
      60.191     0.975000       279097        40.00
      61.855     0.978125       280004        45.71
      63.871     0.981250       280884        53.33
      66.303     0.984375       281773        64.00
      67.839     0.985938       282235        71.11
      69.439     0.987500       282668        80.00
      71.167     0.989062       283114        91.43
      73.343     0.990625       283567       106.67
      75.967     0.992188       284007       128.00
      77.439     0.992969       284240       142.22
      79.167     0.993750       284456       160.00
      81.087     0.994531       284680       182.86
      83.391     0.995313       284907       213.33
      86.079     0.996094       285125       256.00
      87.551     0.996484       285240       284.44
      89.279     0.996875       285351       320.00
      91.647     0.997266       285461       365.71
      93.631     0.997656       285575       426.67
      95.871     0.998047       285686       512.00
      97.983     0.998242       285742       568.89
      99.647     0.998437       285798       640.00
     101.439     0.998633       285852       731.43
     103.871     0.998828       285909       853.33
     107.775     0.999023       285965      1024.00
     109.951     0.999121       285992      1137.78
     111.871     0.999219       286020      1280.00
     114.815     0.999316       286048      1462.86
     117.887     0.999414       286076      1706.67
     122.111     0.999512       286104      2048.00
     124.095     0.999561       286118      2275.56
     125.951     0.999609       286132      2560.00
     127.423     0.999658       286146      2925.71
     130.879     0.999707       286160      3413.33
     136.447     0.999756       286174      4096.00
     140.543     0.999780       286182      4551.11
     143.999     0.999805       286188      5120.00
     146.175     0.999829       286195      5851.43
     148.479     0.999854       286202      6826.67
     151.039     0.999878       286209      8192.00
     153.599     0.999890       286212      9102.22
     156.543     0.999902       286216     10240.00
     158.335     0.999915       286219     11702.86
     161.279     0.999927       286223     13653.33
     165.503     0.999939       286226     16384.00
     167.807     0.999945       286228     18204.44
     178.047     0.999951       286230     20480.00
     180.991     0.999957       286231     23405.71
     185.215     0.999963       286233     27306.67
     207.871     0.999969       286235     32768.00
     213.119     0.999973       286236     36408.89
     224.255     0.999976       286237     40960.00
     224.255     0.999979       286237     46811.43
     227.583     0.999982       286238     54613.33
     230.143     0.999985       286239     65536.00
     236.671     0.999986       286240     72817.78
     236.671     0.999988       286240     81920.00
     236.671     0.999989       286240     93622.86
     237.055     0.999991       286241    109226.67
     237.055     0.999992       286241    131072.00
     251.647     0.999993       286242    145635.56
     251.647     0.999994       286242    163840.00
     251.647     0.999995       286242    187245.71
     251.647     0.999995       286242    218453.33
     251.647     0.999996       286242    262144.00
     252.415     0.999997       286243    291271.11
     252.415     1.000000       286243          inf
#[Mean    =       27.368, StdDeviation   =       12.500]
#[Max     =      252.288, Total count    =       286243]
#[Buckets =           27, SubBuckets     =         2048]
----------------------------------------------------------
  288654 requests in 20.00m, 3.61GB read
Requests/sec:    240.53
Transfer/sec:      3.08MB
