Running 20m test @ http://10.103.152.228:8080/wrk2-api/post/compose
  16 threads and 32 connections
  Thread calibration: mean lat.: 16.801ms, rate sampling interval: 44ms
  Thread calibration: mean lat.: 16.528ms, rate sampling interval: 39ms
  Thread calibration: mean lat.: 19.151ms, rate sampling interval: 49ms
  Thread calibration: mean lat.: 17.306ms, rate sampling interval: 47ms
  Thread calibration: mean lat.: 17.537ms, rate sampling interval: 49ms
  Thread calibration: mean lat.: 18.340ms, rate sampling interval: 51ms
  Thread calibration: mean lat.: 20.082ms, rate sampling interval: 55ms
  Thread calibration: mean lat.: 18.485ms, rate sampling interval: 48ms
  Thread calibration: mean lat.: 17.809ms, rate sampling interval: 46ms
  Thread calibration: mean lat.: 16.526ms, rate sampling interval: 39ms
  Thread calibration: mean lat.: 18.070ms, rate sampling interval: 43ms
  Thread calibration: mean lat.: 17.736ms, rate sampling interval: 48ms
  Thread calibration: mean lat.: 19.813ms, rate sampling interval: 60ms
  Thread calibration: mean lat.: 18.125ms, rate sampling interval: 47ms
  Thread calibration: mean lat.: 20.112ms, rate sampling interval: 52ms
  Thread calibration: mean lat.: 20.020ms, rate sampling interval: 55ms
  Thread Stats   Avg      Stdev     99%   +/- Stdev
    Latency    19.00ms    6.63ms  41.34ms   89.54%
    Req/Sec     3.96      9.11    40.00     82.56%
  Latency Distribution (HdrHistogram - Recorded Latency)
 50.000%   17.12ms
 75.000%   20.61ms
 90.000%   25.87ms
 99.000%   41.34ms
 99.900%   60.45ms
 99.990%  224.77ms
 99.999%  237.82ms
100.000%  238.46ms

  Detailed Percentile spectrum:
       Value   Percentile   TotalCount 1/(1-Percentile)

      11.127     0.000000            1         1.00
      14.335     0.100000         7649         1.11
      14.991     0.200000        15314         1.25
      15.591     0.300000        22879         1.43
      16.271     0.400000        30500         1.67
      17.119     0.500000        38131         2.00
      17.631     0.550000        41949         2.22
      18.207     0.600000        45779         2.50
      18.863     0.650000        49624         2.86
      19.647     0.700000        53376         3.33
      20.607     0.750000        57199         4.00
      21.183     0.775000        59092         4.44
      21.855     0.800000        61023         5.00
      22.607     0.825000        62909         5.71
      23.503     0.850000        64847         6.67
      24.543     0.875000        66725         8.00
      25.167     0.887500        67686         8.89
      25.871     0.900000        68635        10.00
      26.719     0.912500        69582        11.43
      27.663     0.925000        70533        13.33
      28.799     0.937500        71479        16.00
      29.455     0.943750        71964        17.78
      30.111     0.950000        72437        20.00
      30.959     0.956250        72910        22.86
      31.935     0.962500        73385        26.67
      33.183     0.968750        73866        32.00
      33.887     0.971875        74105        35.56
      34.655     0.975000        74339        40.00
      35.647     0.978125        74577        45.71
      36.639     0.981250        74818        53.33
      37.887     0.984375        75054        64.00
      38.655     0.985938        75177        71.11
      39.551     0.987500        75288        80.00
      40.703     0.989062        75409        91.43
      41.727     0.990625        75528       106.67
      43.071     0.992188        75647       128.00
      43.967     0.992969        75705       142.22
      44.895     0.993750        75765       160.00
      45.919     0.994531        75830       182.86
      47.007     0.995313        75886       213.33
      48.447     0.996094        75944       256.00
      49.215     0.996484        75973       284.44
      49.951     0.996875        76003       320.00
      51.199     0.997266        76033       365.71
      52.447     0.997656        76063       426.67
      53.983     0.998047        76093       512.00
      55.167     0.998242        76107       568.89
      55.807     0.998437        76122       640.00
      57.151     0.998633        76137       731.43
      58.815     0.998828        76152       853.33
      60.831     0.999023        76167      1024.00
      62.079     0.999121        76174      1137.78
      63.807     0.999219        76182      1280.00
      65.311     0.999316        76190      1462.86
      66.495     0.999414        76197      1706.67
      68.991     0.999512        76204      2048.00
      70.143     0.999561        76208      2275.56
      78.719     0.999609        76212      2560.00
      91.647     0.999658        76215      2925.71
     119.999     0.999707        76219      3413.33
     181.119     0.999756        76223      4096.00
     219.007     0.999780        76225      4551.11
     221.183     0.999805        76227      5120.00
     222.207     0.999829        76228      5851.43
     224.255     0.999854        76230      6826.67
     224.383     0.999878        76232      8192.00
     224.767     0.999890        76233      9102.22
     225.279     0.999902        76234     10240.00
     225.535     0.999915        76235     11702.86
     230.399     0.999927        76236     13653.33
     231.679     0.999939        76237     16384.00
     231.679     0.999945        76237     18204.44
     232.831     0.999951        76238     20480.00
     232.831     0.999957        76238     23405.71
     237.055     0.999963        76239     27306.67
     237.055     0.999969        76239     32768.00
     237.055     0.999973        76239     36408.89
     237.823     0.999976        76240     40960.00
     237.823     0.999979        76240     46811.43
     237.823     0.999982        76240     54613.33
     237.823     0.999985        76240     65536.00
     237.823     0.999986        76240     72817.78
     238.463     0.999988        76241     81920.00
     238.463     1.000000        76241          inf
#[Mean    =       18.996, StdDeviation   =        6.633]
#[Max     =      238.336, Total count    =        76241]
#[Buckets =           27, SubBuckets     =         2048]
----------------------------------------------------------
  76934 requests in 20.00m, 15.77MB read
  Socket errors: connect 0, read 0, write 0, timeout 338
Requests/sec:     64.11
Transfer/sec:     13.46KB
