Running 20m test @ http://10.103.152.228:8080/wrk2-api/home-timeline/read
  16 threads and 32 connections
  Thread calibration: mean lat.: 16.516ms, rate sampling interval: 55ms
  Thread calibration: mean lat.: 16.015ms, rate sampling interval: 49ms
  Thread calibration: mean lat.: 16.360ms, rate sampling interval: 52ms
  Thread calibration: mean lat.: 15.121ms, rate sampling interval: 46ms
  Thread calibration: mean lat.: 17.518ms, rate sampling interval: 55ms
  Thread calibration: mean lat.: 15.517ms, rate sampling interval: 49ms
  Thread calibration: mean lat.: 15.003ms, rate sampling interval: 46ms
  Thread calibration: mean lat.: 16.426ms, rate sampling interval: 55ms
  Thread calibration: mean lat.: 16.520ms, rate sampling interval: 57ms
  Thread calibration: mean lat.: 15.094ms, rate sampling interval: 43ms
  Thread calibration: mean lat.: 15.906ms, rate sampling interval: 49ms
  Thread calibration: mean lat.: 16.761ms, rate sampling interval: 57ms
  Thread calibration: mean lat.: 14.672ms, rate sampling interval: 48ms
  Thread calibration: mean lat.: 17.145ms, rate sampling interval: 54ms
  Thread calibration: mean lat.: 17.889ms, rate sampling interval: 58ms
  Thread calibration: mean lat.: 14.214ms, rate sampling interval: 47ms
  Thread Stats   Avg      Stdev     99%   +/- Stdev
    Latency    16.97ms    8.31ms  46.46ms   84.75%
    Req/Sec    25.93     22.07    87.00     59.53%
  Latency Distribution (HdrHistogram - Recorded Latency)
 50.000%   14.68ms
 75.000%   19.95ms
 90.000%   27.07ms
 99.000%   46.46ms
 99.900%   71.10ms
 99.990%  118.40ms
 99.999%  249.47ms
100.000%  278.27ms

  Detailed Percentile spectrum:
       Value   Percentile   TotalCount 1/(1-Percentile)

       0.019     0.000000            1         1.00
       9.839     0.100000        49783         1.11
      10.951     0.200000        99493         1.25
      12.063     0.300000       148828         1.43
      13.271     0.400000       198342         1.67
      14.679     0.500000       248036         2.00
      15.479     0.550000       272814         2.22
      16.375     0.600000       297596         2.50
      17.391     0.650000       322421         2.86
      18.575     0.700000       347277         3.33
      19.951     0.750000       371899         4.00
      20.767     0.775000       384371         4.44
      21.663     0.800000       396729         5.00
      22.671     0.825000       409020         5.71
      23.871     0.850000       421430         6.67
      25.295     0.875000       433898         8.00
      26.127     0.887500       440003         8.89
      27.071     0.900000       446266        10.00
      28.127     0.912500       452406        11.43
      29.359     0.925000       458576        13.33
      30.831     0.937500       464765        16.00
      31.679     0.943750       467870        17.78
      32.671     0.950000       471001        20.00
      33.791     0.956250       474096        22.86
      35.039     0.962500       477234        26.67
      36.543     0.968750       480289        32.00
      37.471     0.971875       481863        35.56
      38.463     0.975000       483382        40.00
      39.583     0.978125       484923        45.71
      40.927     0.981250       486476        53.33
      42.495     0.984375       488020        64.00
      43.423     0.985938       488802        71.11
      44.447     0.987500       489559        80.00
      45.695     0.989062       490333        91.43
      47.039     0.990625       491108       106.67
      48.607     0.992188       491879       128.00
      49.631     0.992969       492265       142.22
      50.815     0.993750       492655       160.00
      52.191     0.994531       493042       182.86
      53.663     0.995313       493425       213.33
      55.615     0.996094       493811       256.00
      56.607     0.996484       494007       284.44
      57.823     0.996875       494199       320.00
      59.295     0.997266       494393       365.71
      60.927     0.997656       494586       426.67
      63.071     0.998047       494780       512.00
      64.351     0.998242       494880       568.89
      65.791     0.998437       494975       640.00
      67.519     0.998633       495070       731.43
      69.183     0.998828       495172       853.33
      71.487     0.999023       495268      1024.00
      73.087     0.999121       495314      1137.78
      74.943     0.999219       495361      1280.00
      76.287     0.999316       495410      1462.86
      78.911     0.999414       495457      1706.67
      81.983     0.999512       495505      2048.00
      83.455     0.999561       495530      2275.56
      84.927     0.999609       495554      2560.00
      87.295     0.999658       495578      2925.71
      90.559     0.999707       495603      3413.33
      92.927     0.999756       495626      4096.00
      95.807     0.999780       495639      4551.11
      99.199     0.999805       495651      5120.00
     102.463     0.999829       495663      5851.43
     108.351     0.999854       495675      6826.67
     113.407     0.999878       495687      8192.00
     115.583     0.999890       495693      9102.22
     119.743     0.999902       495699     10240.00
     123.967     0.999915       495705     11702.86
     132.735     0.999927       495711     13653.33
     142.591     0.999939       495717     16384.00
     155.007     0.999945       495720     18204.44
     183.295     0.999951       495723     20480.00
     188.031     0.999957       495726     23405.71
     215.679     0.999963       495729     27306.67
     217.855     0.999969       495733     32768.00
     219.007     0.999973       495734     36408.89
     219.647     0.999976       495735     40960.00
     224.255     0.999979       495737     46811.43
     228.479     0.999982       495738     54613.33
     247.423     0.999985       495740     65536.00
     248.191     0.999986       495741     72817.78
     248.191     0.999988       495741     81920.00
     249.471     0.999989       495742     93622.86
     250.495     0.999991       495744    109226.67
     250.495     0.999992       495744    131072.00
     250.495     0.999993       495744    145635.56
     250.495     0.999994       495744    163840.00
     257.535     0.999995       495745    187245.71
     257.535     0.999995       495745    218453.33
     272.639     0.999996       495746    262144.00
     272.639     0.999997       495746    291271.11
     272.639     0.999997       495746    327680.00
     272.639     0.999997       495746    374491.43
     272.639     0.999998       495746    436906.67
     278.271     0.999998       495747    524288.00
     278.271     1.000000       495747          inf
#[Mean    =       16.966, StdDeviation   =        8.310]
#[Max     =      278.016, Total count    =       495747]
#[Buckets =           27, SubBuckets     =         2048]
----------------------------------------------------------
  499909 requests in 20.00m, 5.90GB read
Requests/sec:    416.56
Transfer/sec:      5.03MB
