Running 20m test @ http://10.103.152.228:8080/wrk2-api/user-timeline/read
  16 threads and 32 connections
  Thread calibration: mean lat.: 24.356ms, rate sampling interval: 70ms
  Thread calibration: mean lat.: 24.142ms, rate sampling interval: 64ms
  Thread calibration: mean lat.: 24.191ms, rate sampling interval: 71ms
  Thread calibration: mean lat.: 23.768ms, rate sampling interval: 71ms
  Thread calibration: mean lat.: 24.432ms, rate sampling interval: 74ms
  Thread calibration: mean lat.: 23.038ms, rate sampling interval: 67ms
  Thread calibration: mean lat.: 26.371ms, rate sampling interval: 82ms
  Thread calibration: mean lat.: 23.174ms, rate sampling interval: 66ms
  Thread calibration: mean lat.: 26.976ms, rate sampling interval: 92ms
  Thread calibration: mean lat.: 23.485ms, rate sampling interval: 64ms
  Thread calibration: mean lat.: 28.769ms, rate sampling interval: 91ms
  Thread calibration: mean lat.: 24.493ms, rate sampling interval: 74ms
  Thread calibration: mean lat.: 24.639ms, rate sampling interval: 68ms
  Thread calibration: mean lat.: 24.942ms, rate sampling interval: 73ms
  Thread calibration: mean lat.: 25.234ms, rate sampling interval: 70ms
  Thread calibration: mean lat.: 24.868ms, rate sampling interval: 70ms
  Thread Stats   Avg      Stdev     99%   +/- Stdev
    Latency    24.89ms   10.10ms  60.77ms   79.07%
    Req/Sec    12.79     13.05    49.00     79.04%
  Latency Distribution (HdrHistogram - Recorded Latency)
 50.000%   22.61ms
 75.000%   28.62ms
 90.000%   37.22ms
 99.000%   60.77ms
 99.900%   86.33ms
 99.990%  132.61ms
 99.999%  249.98ms
100.000%  263.68ms

  Detailed Percentile spectrum:
       Value   Percentile   TotalCount 1/(1-Percentile)

       0.775     0.000000            1         1.00
      15.279     0.100000        24791         1.11
      17.615     0.200000        49686         1.25
      19.327     0.300000        74326         1.43
      20.943     0.400000        99151         1.67
      22.607     0.500000       123938         2.00
      23.519     0.550000       136305         2.22
      24.527     0.600000       148651         2.50
      25.679     0.650000       161157         2.86
      27.023     0.700000       173509         3.33
      28.623     0.750000       185827         4.00
      29.551     0.775000       192023         4.44
      30.639     0.800000       198222         5.00
      31.887     0.825000       204426         5.71
      33.343     0.850000       210691         6.67
      35.071     0.875000       216838         8.00
      36.063     0.887500       219923         8.89
      37.215     0.900000       222978        10.00
      38.495     0.912500       226107        11.43
      40.031     0.925000       229210        13.33
      41.823     0.937500       232272        16.00
      42.847     0.943750       233827        17.78
      44.031     0.950000       235396        20.00
      45.343     0.956250       236922        22.86
      46.879     0.962500       238465        26.67
      48.799     0.968750       240016        32.00
      49.887     0.971875       240788        35.56
      51.103     0.975000       241565        40.00
      52.383     0.978125       242333        45.71
      53.951     0.981250       243109        53.33
      55.903     0.984375       243884        64.00
      57.087     0.985938       244265        71.11
      58.335     0.987500       244652        80.00
      59.839     0.989062       245048        91.43
      61.407     0.990625       245427       106.67
      63.391     0.992188       245819       128.00
      64.447     0.992969       246009       142.22
      65.855     0.993750       246201       160.00
      67.263     0.994531       246397       182.86
      68.927     0.995313       246590       213.33
      70.719     0.996094       246783       256.00
      71.999     0.996484       246878       284.44
      73.151     0.996875       246974       320.00
      74.623     0.997266       247070       365.71
      76.223     0.997656       247170       426.67
      78.463     0.998047       247264       512.00
      79.807     0.998242       247312       568.89
      81.151     0.998437       247360       640.00
      82.943     0.998633       247409       731.43
      84.671     0.998828       247458       853.33
      86.783     0.999023       247506      1024.00
      88.191     0.999121       247530      1137.78
      90.047     0.999219       247554      1280.00
      91.583     0.999316       247578      1462.86
      93.503     0.999414       247602      1706.67
      95.551     0.999512       247628      2048.00
      96.767     0.999561       247639      2275.56
      98.751     0.999609       247651      2560.00
     100.223     0.999658       247663      2925.71
     104.255     0.999707       247675      3413.33
     110.271     0.999756       247688      4096.00
     112.191     0.999780       247693      4551.11
     114.239     0.999805       247699      5120.00
     116.095     0.999829       247705      5851.43
     121.599     0.999854       247711      6826.67
     127.871     0.999878       247717      8192.00
     131.199     0.999890       247720      9102.22
     132.863     0.999902       247723     10240.00
     141.183     0.999915       247726     11702.86
     143.871     0.999927       247729     13653.33
     155.775     0.999939       247732     16384.00
     172.287     0.999945       247734     18204.44
     177.663     0.999951       247735     20480.00
     211.071     0.999957       247737     23405.71
     230.655     0.999963       247738     27306.67
     239.359     0.999969       247740     32768.00
     241.919     0.999973       247741     36408.89
     241.919     0.999976       247741     40960.00
     243.071     0.999979       247742     46811.43
     244.863     0.999982       247743     54613.33
     248.191     0.999985       247744     65536.00
     248.191     0.999986       247744     72817.78
     248.191     0.999988       247744     81920.00
     249.983     0.999989       247745     93622.86
     249.983     0.999991       247745    109226.67
     254.591     0.999992       247746    131072.00
     254.591     0.999993       247746    145635.56
     254.591     0.999994       247746    163840.00
     254.591     0.999995       247746    187245.71
     254.591     0.999995       247746    218453.33
     263.679     0.999996       247747    262144.00
     263.679     1.000000       247747          inf
#[Mean    =       24.888, StdDeviation   =       10.099]
#[Max     =      263.424, Total count    =       247747]
#[Buckets =           27, SubBuckets     =         2048]
----------------------------------------------------------
  249833 requests in 20.00m, 3.17GB read
Requests/sec:    208.18
Transfer/sec:      2.70MB
