Running 20m test @ http://10.100.13.218:8080/wrk2-api/post/compose
  16 threads and 32 connections
  Thread calibration: mean lat.: 21.497ms, rate sampling interval: 58ms
  Thread calibration: mean lat.: 19.866ms, rate sampling interval: 57ms
  Thread calibration: mean lat.: 17.803ms, rate sampling interval: 42ms
  Thread calibration: mean lat.: 24.917ms, rate sampling interval: 69ms
  Thread calibration: mean lat.: 19.305ms, rate sampling interval: 49ms
  Thread calibration: mean lat.: 19.991ms, rate sampling interval: 61ms
  Thread calibration: mean lat.: 21.396ms, rate sampling interval: 65ms
  Thread calibration: mean lat.: 22.054ms, rate sampling interval: 68ms
  Thread calibration: mean lat.: 25.415ms, rate sampling interval: 52ms
  Thread calibration: mean lat.: 18.598ms, rate sampling interval: 49ms
  Thread calibration: mean lat.: 18.359ms, rate sampling interval: 51ms
  Thread calibration: mean lat.: 19.979ms, rate sampling interval: 60ms
  Thread calibration: mean lat.: 19.949ms, rate sampling interval: 58ms
  Thread calibration: mean lat.: 19.954ms, rate sampling interval: 63ms
  Thread calibration: mean lat.: 19.327ms, rate sampling interval: 51ms
  Thread calibration: mean lat.: 21.044ms, rate sampling interval: 57ms
  Thread Stats   Avg      Stdev     99%   +/- Stdev
    Latency    20.10ms    7.92ms  46.59ms   89.11%
    Req/Sec     4.92      9.36    39.00     80.07%
  Latency Distribution (HdrHistogram - Recorded Latency)
 50.000%   17.85ms
 75.000%   22.19ms
 90.000%   28.64ms
 99.000%   46.59ms
 99.900%   71.93ms
 99.990%  230.53ms
 99.999%  266.49ms
100.000%  281.09ms

  Detailed Percentile spectrum:
       Value   Percentile   TotalCount 1/(1-Percentile)

       9.887     0.000000            1         1.00
      14.279     0.100000         9581         1.11
      15.071     0.200000        19066         1.25
      15.863     0.300000        28614         1.43
      16.783     0.400000        38269         1.67
      17.855     0.500000        47691         2.00
      18.479     0.550000        52411         2.22
      19.183     0.600000        57207         2.50
      20.015     0.650000        61979         2.86
      20.991     0.700000        66727         3.33
      22.191     0.750000        71469         4.00
      22.895     0.775000        73841         4.44
      23.679     0.800000        76220         5.00
      24.607     0.825000        78597         5.71
      25.679     0.850000        80979         6.67
      27.007     0.875000        83362         8.00
      27.743     0.887500        84545         8.89
      28.639     0.900000        85753        10.00
      29.663     0.912500        86935        11.43
      30.815     0.925000        88124        13.33
      32.207     0.937500        89314        16.00
      32.991     0.943750        89907        17.78
      33.919     0.950000        90520        20.00
      34.911     0.956250        91105        22.86
      36.191     0.962500        91693        26.67
      37.567     0.968750        92288        32.00
      38.399     0.971875        92590        35.56
      39.295     0.975000        92880        40.00
      40.447     0.978125        93188        45.71
      41.695     0.981250        93477        53.33
      43.071     0.984375        93777        64.00
      44.031     0.985938        93923        71.11
      44.831     0.987500        94072        80.00
      45.823     0.989062        94224        91.43
      47.295     0.990625        94368       106.67
      49.087     0.992188        94518       128.00
      50.111     0.992969        94594       142.22
      51.135     0.993750        94668       160.00
      52.575     0.994531        94741       182.86
      53.695     0.995313        94818       213.33
      55.455     0.996094        94890       256.00
      56.159     0.996484        94929       284.44
      56.927     0.996875        94964       320.00
      58.879     0.997266        95002       365.71
      60.511     0.997656        95038       426.67
      61.983     0.998047        95076       512.00
      63.167     0.998242        95094       568.89
      64.671     0.998437        95113       640.00
      66.751     0.998633        95131       731.43
      68.863     0.998828        95150       853.33
      72.127     0.999023        95169      1024.00
      73.471     0.999121        95178      1137.78
      75.775     0.999219        95187      1280.00
      78.143     0.999316        95196      1462.86
      81.215     0.999414        95206      1706.67
      85.503     0.999512        95215      2048.00
      90.943     0.999561        95220      2275.56
      95.167     0.999609        95224      2560.00
     113.279     0.999658        95229      2925.71
     205.823     0.999707        95234      3413.33
     213.631     0.999756        95238      4096.00
     218.751     0.999780        95241      4551.11
     223.103     0.999805        95243      5120.00
     223.359     0.999829        95245      5851.43
     227.583     0.999854        95248      6826.67
     230.015     0.999878        95250      8192.00
     230.527     0.999890        95251      9102.22
     232.831     0.999902        95252     10240.00
     234.751     0.999915        95253     11702.86
     238.591     0.999927        95255     13653.33
     239.359     0.999939        95256     16384.00
     239.359     0.999945        95256     18204.44
     239.487     0.999951        95257     20480.00
     239.487     0.999957        95257     23405.71
     240.767     0.999963        95258     27306.67
     259.455     0.999969        95259     32768.00
     259.455     0.999973        95259     36408.89
     259.455     0.999976        95259     40960.00
     259.455     0.999979        95259     46811.43
     266.495     0.999982        95260     54613.33
     266.495     0.999985        95260     65536.00
     266.495     0.999986        95260     72817.78
     266.495     0.999988        95260     81920.00
     266.495     0.999989        95260     93622.86
     281.087     0.999991        95261    109226.67
     281.087     1.000000        95261          inf
#[Mean    =       20.099, StdDeviation   =        7.922]
#[Max     =      280.832, Total count    =        95261]
#[Buckets =           27, SubBuckets     =         2048]
----------------------------------------------------------
  96094 requests in 20.00m, 19.70MB read
  Socket errors: connect 0, read 0, write 0, timeout 131
Requests/sec:     80.07
Transfer/sec:     16.81KB
