Running 20m test @ http://10.100.13.218:8080/wrk2-api/home-timeline/read
  16 threads and 32 connections
  Thread calibration: mean lat.: 18.836ms, rate sampling interval: 62ms
  Thread calibration: mean lat.: 18.091ms, rate sampling interval: 63ms
  Thread calibration: mean lat.: 20.557ms, rate sampling interval: 77ms
  Thread calibration: mean lat.: 22.538ms, rate sampling interval: 77ms
  Thread calibration: mean lat.: 18.840ms, rate sampling interval: 62ms
  Thread calibration: mean lat.: 19.293ms, rate sampling interval: 61ms
  Thread calibration: mean lat.: 19.017ms, rate sampling interval: 63ms
  Thread calibration: mean lat.: 18.597ms, rate sampling interval: 63ms
  Thread calibration: mean lat.: 18.769ms, rate sampling interval: 62ms
  Thread calibration: mean lat.: 16.869ms, rate sampling interval: 55ms
  Thread calibration: mean lat.: 15.805ms, rate sampling interval: 51ms
  Thread calibration: mean lat.: 21.275ms, rate sampling interval: 72ms
  Thread calibration: mean lat.: 17.004ms, rate sampling interval: 58ms
  Thread calibration: mean lat.: 20.069ms, rate sampling interval: 65ms
  Thread calibration: mean lat.: 18.953ms, rate sampling interval: 65ms
  Thread calibration: mean lat.: 16.890ms, rate sampling interval: 57ms
  Thread Stats   Avg      Stdev     99%   +/- Stdev
    Latency    18.38ms   10.19ms  55.55ms   86.45%
    Req/Sec    29.84     21.26    87.00     72.30%
  Latency Distribution (HdrHistogram - Recorded Latency)
 50.000%   15.46ms
 75.000%   21.69ms
 90.000%   30.48ms
 99.000%   55.55ms
 99.900%   88.13ms
 99.990%  172.41ms
 99.999%  244.48ms
100.000%  270.33ms

  Detailed Percentile spectrum:
       Value   Percentile   TotalCount 1/(1-Percentile)

       0.280     0.000000            1         1.00
       9.911     0.100000        57246         1.11
      11.159     0.200000       114503         1.25
      12.431     0.300000       171477         1.43
      13.831     0.400000       228678         1.67
      15.463     0.500000       285904         2.00
      16.399     0.550000       314461         2.22
      17.439     0.600000       342944         2.50
      18.639     0.650000       371564         2.86
      20.031     0.700000       400014         3.33
      21.695     0.750000       428698         4.00
      22.671     0.775000       443040         4.44
      23.759     0.800000       457190         5.00
      25.023     0.825000       471488         5.71
      26.479     0.850000       485731         6.67
      28.287     0.875000       500089         8.00
      29.311     0.887500       507169         8.89
      30.479     0.900000       514286        10.00
      31.807     0.912500       521455        11.43
      33.375     0.925000       528621        13.33
      35.199     0.937500       535794        16.00
      36.287     0.943750       539301        17.78
      37.535     0.950000       542893        20.00
      38.943     0.956250       546489        22.86
      40.543     0.962500       550009        26.67
      42.527     0.968750       553603        32.00
      43.679     0.971875       555366        35.56
      45.023     0.975000       557157        40.00
      46.559     0.978125       558933        45.71
      48.319     0.981250       560708        53.33
      50.399     0.984375       562522        64.00
      51.583     0.985938       563392        71.11
      52.895     0.987500       564303        80.00
      54.527     0.989062       565181        91.43
      56.319     0.990625       566074       106.67
      58.815     0.992188       566959       128.00
      60.223     0.992969       567410       142.22
      61.695     0.993750       567854       160.00
      63.455     0.994531       568303       182.86
      65.503     0.995313       568750       213.33
      67.967     0.996094       569199       256.00
      69.247     0.996484       569415       284.44
      70.911     0.996875       569637       320.00
      72.895     0.997266       569861       365.71
      75.071     0.997656       570085       426.67
      77.439     0.998047       570308       512.00
      78.783     0.998242       570423       568.89
      80.639     0.998437       570532       640.00
      82.815     0.998633       570643       731.43
      85.439     0.998828       570754       853.33
      88.575     0.999023       570864      1024.00
      90.559     0.999121       570921      1137.78
      93.119     0.999219       570976      1280.00
      96.063     0.999316       571032      1462.86
      99.071     0.999414       571088      1706.67
     103.743     0.999512       571143      2048.00
     105.791     0.999561       571171      2275.56
     108.991     0.999609       571201      2560.00
     111.743     0.999658       571227      2925.71
     117.375     0.999707       571255      3413.33
     123.519     0.999756       571283      4096.00
     126.847     0.999780       571298      4551.11
     130.239     0.999805       571311      5120.00
     135.935     0.999829       571325      5851.43
     147.327     0.999854       571339      6826.67
     156.031     0.999878       571353      8192.00
     165.119     0.999890       571360      9102.22
     176.767     0.999902       571367     10240.00
     185.087     0.999915       571375     11702.86
     197.631     0.999927       571381     13653.33
     213.631     0.999939       571388     16384.00
     220.287     0.999945       571391     18204.44
     222.463     0.999951       571396     20480.00
     222.719     0.999957       571398     23405.71
     230.015     0.999963       571402     27306.67
     233.727     0.999969       571405     32768.00
     235.519     0.999973       571407     36408.89
     239.871     0.999976       571409     40960.00
     239.999     0.999979       571410     46811.43
     240.895     0.999982       571412     54613.33
     243.711     0.999985       571414     65536.00
     244.351     0.999986       571415     72817.78
     244.479     0.999988       571416     81920.00
     244.479     0.999989       571416     93622.86
     244.991     0.999991       571417    109226.67
     248.575     0.999992       571418    131072.00
     249.727     0.999993       571419    145635.56
     249.727     0.999994       571419    163840.00
     249.727     0.999995       571419    187245.71
     250.879     0.999995       571420    218453.33
     250.879     0.999996       571420    262144.00
     255.743     0.999997       571421    291271.11
     255.743     0.999997       571421    327680.00
     255.743     0.999997       571421    374491.43
     255.743     0.999998       571421    436906.67
     255.743     0.999998       571421    524288.00
     270.335     0.999998       571422    582542.22
     270.335     1.000000       571422          inf
#[Mean    =       18.384, StdDeviation   =       10.194]
#[Max     =      270.080, Total count    =       571422]
#[Buckets =           27, SubBuckets     =         2048]
----------------------------------------------------------
  576223 requests in 20.00m, 6.86GB read
Requests/sec:    480.16
Transfer/sec:      5.86MB
