Running 20m test @ http://10.100.13.218:8080/wrk2-api/user-timeline/read
  16 threads and 32 connections
  Thread calibration: mean lat.: 25.682ms, rate sampling interval: 79ms
  Thread calibration: mean lat.: 27.846ms, rate sampling interval: 88ms
  Thread calibration: mean lat.: 28.313ms, rate sampling interval: 86ms
  Thread calibration: mean lat.: 30.820ms, rate sampling interval: 108ms
  Thread calibration: mean lat.: 25.709ms, rate sampling interval: 78ms
  Thread calibration: mean lat.: 29.154ms, rate sampling interval: 87ms
  Thread calibration: mean lat.: 23.293ms, rate sampling interval: 73ms
  Thread calibration: mean lat.: 30.885ms, rate sampling interval: 94ms
  Thread calibration: mean lat.: 30.896ms, rate sampling interval: 102ms
  Thread calibration: mean lat.: 30.368ms, rate sampling interval: 104ms
  Thread calibration: mean lat.: 30.188ms, rate sampling interval: 96ms
  Thread calibration: mean lat.: 27.459ms, rate sampling interval: 84ms
  Thread calibration: mean lat.: 32.404ms, rate sampling interval: 111ms
  Thread calibration: mean lat.: 28.086ms, rate sampling interval: 83ms
  Thread calibration: mean lat.: 26.918ms, rate sampling interval: 79ms
  Thread calibration: mean lat.: 27.478ms, rate sampling interval: 91ms
  Thread Stats   Avg      Stdev     99%   +/- Stdev
    Latency    26.59ms   11.97ms  69.76ms   80.10%
    Req/Sec    14.72     12.67    51.00     61.20%
  Latency Distribution (HdrHistogram - Recorded Latency)
 50.000%   23.61ms
 75.000%   30.96ms
 90.000%   41.28ms
 99.000%   69.76ms
 99.900%  102.46ms
 99.990%  148.74ms
 99.999%  232.06ms
100.000%  239.74ms

  Detailed Percentile spectrum:
       Value   Percentile   TotalCount 1/(1-Percentile)

       4.887     0.000000            1         1.00
      15.495     0.100000        28651         1.11
      17.935     0.200000        57453         1.25
      19.807     0.300000        85877         1.43
      21.647     0.400000       114533         1.67
      23.615     0.500000       143321         2.00
      24.719     0.550000       157570         2.22
      25.935     0.600000       171769         2.50
      27.359     0.650000       186183         2.86
      29.007     0.700000       200422         3.33
      30.959     0.750000       214703         4.00
      32.111     0.775000       221938         4.44
      33.407     0.800000       229067         5.00
      34.847     0.825000       236154         5.71
      36.607     0.850000       243315         6.67
      38.687     0.875000       250533         8.00
      39.903     0.887500       254090         8.89
      41.279     0.900000       257651        10.00
      42.815     0.912500       261241        11.43
      44.671     0.925000       264821        13.33
      46.847     0.937500       268387        16.00
      48.063     0.943750       270149        17.78
      49.471     0.950000       271938        20.00
      51.071     0.956250       273724        22.86
      53.023     0.962500       275525        26.67
      55.327     0.968750       277317        32.00
      56.639     0.971875       278200        35.56
      58.047     0.975000       279098        40.00
      59.743     0.978125       279990        45.71
      61.759     0.981250       280885        53.33
      64.127     0.984375       281779        64.00
      65.375     0.985938       282221        71.11
      67.007     0.987500       282679        80.00
      68.671     0.989062       283123        91.43
      70.655     0.990625       283573       106.67
      73.151     0.992188       284010       128.00
      74.495     0.992969       284237       142.22
      76.031     0.993750       284461       160.00
      77.951     0.994531       284688       182.86
      79.871     0.995313       284912       213.33
      82.303     0.996094       285129       256.00
      83.775     0.996484       285239       284.44
      85.247     0.996875       285351       320.00
      87.295     0.997266       285464       365.71
      89.471     0.997656       285575       426.67
      92.095     0.998047       285686       512.00
      93.951     0.998242       285742       568.89
      95.615     0.998437       285798       640.00
      97.599     0.998633       285856       731.43
      99.775     0.998828       285911       853.33
     102.719     0.999023       285966      1024.00
     104.319     0.999121       285994      1137.78
     106.047     0.999219       286023      1280.00
     107.967     0.999316       286050      1462.86
     110.527     0.999414       286079      1706.67
     113.215     0.999512       286106      2048.00
     114.943     0.999561       286121      2275.56
     116.159     0.999609       286135      2560.00
     118.207     0.999658       286149      2925.71
     122.495     0.999707       286162      3413.33
     126.335     0.999756       286176      4096.00
     127.743     0.999780       286183      4551.11
     130.175     0.999805       286190      5120.00
     134.399     0.999829       286199      5851.43
     135.807     0.999854       286204      6826.67
     141.183     0.999878       286211      8192.00
     145.279     0.999890       286214      9102.22
     149.375     0.999902       286218     10240.00
     150.911     0.999915       286221     11702.86
     155.903     0.999927       286225     13653.33
     158.975     0.999939       286228     16384.00
     162.303     0.999945       286230     18204.44
     175.743     0.999951       286232     20480.00
     202.111     0.999957       286233     23405.71
     212.351     0.999963       286235     27306.67
     226.047     0.999969       286237     32768.00
     229.631     0.999973       286238     36408.89
     230.911     0.999976       286239     40960.00
     230.911     0.999979       286239     46811.43
     231.423     0.999982       286240     54613.33
     231.807     0.999985       286241     65536.00
     232.063     0.999986       286242     72817.78
     232.063     0.999988       286242     81920.00
     232.063     0.999989       286242     93622.86
     232.191     0.999991       286243    109226.67
     232.191     0.999992       286243    131072.00
     236.799     0.999993       286244    145635.56
     236.799     0.999994       286244    163840.00
     236.799     0.999995       286244    187245.71
     236.799     0.999995       286244    218453.33
     236.799     0.999996       286244    262144.00
     239.743     0.999997       286245    291271.11
     239.743     1.000000       286245          inf
#[Mean    =       26.587, StdDeviation   =       11.967]
#[Max     =      239.616, Total count    =       286245]
#[Buckets =           27, SubBuckets     =         2048]
----------------------------------------------------------
  288654 requests in 20.00m, 3.61GB read
Requests/sec:    240.53
Transfer/sec:      3.08MB
