Running 20m test @ http://10.96.150.228:8080/wrk2-api/post/compose
  16 threads and 32 connections
  Thread calibration: mean lat.: 20.585ms, rate sampling interval: 53ms
  Thread calibration: mean lat.: 18.177ms, rate sampling interval: 50ms
  Thread calibration: mean lat.: 17.273ms, rate sampling interval: 42ms
  Thread calibration: mean lat.: 19.201ms, rate sampling interval: 51ms
  Thread calibration: mean lat.: 20.739ms, rate sampling interval: 55ms
  Thread calibration: mean lat.: 18.468ms, rate sampling interval: 52ms
  Thread calibration: mean lat.: 19.766ms, rate sampling interval: 53ms
  Thread calibration: mean lat.: 16.028ms, rate sampling interval: 37ms
  Thread calibration: mean lat.: 17.915ms, rate sampling interval: 47ms
  Thread calibration: mean lat.: 18.198ms, rate sampling interval: 45ms
  Thread calibration: mean lat.: 19.035ms, rate sampling interval: 58ms
  Thread calibration: mean lat.: 17.656ms, rate sampling interval: 41ms
  Thread calibration: mean lat.: 20.402ms, rate sampling interval: 58ms
  Thread calibration: mean lat.: 19.255ms, rate sampling interval: 53ms
  Thread calibration: mean lat.: 16.479ms, rate sampling interval: 38ms
  Thread calibration: mean lat.: 19.377ms, rate sampling interval: 52ms
  Thread Stats   Avg      Stdev     99%   +/- Stdev
    Latency    19.28ms    7.26ms  40.90ms   90.58%
    Req/Sec     2.97      7.88    27.00     86.55%
  Latency Distribution (HdrHistogram - Recorded Latency)
 50.000%   17.41ms
 75.000%   21.01ms
 90.000%   26.17ms
 99.000%   40.90ms
 99.900%   59.58ms
 99.990%  231.17ms
 99.999%  242.94ms
100.000%  251.01ms

  Detailed Percentile spectrum:
       Value   Percentile   TotalCount 1/(1-Percentile)

      11.615     0.000000            1         1.00
      14.511     0.100000         5714         1.11
      15.167     0.200000        11403         1.25
      15.783     0.300000        17077         1.43
      16.511     0.400000        22845         1.67
      17.407     0.500000        28533         2.00
      17.951     0.550000        31368         2.22
      18.559     0.600000        34156         2.50
      19.247     0.650000        37028         2.86
      20.047     0.700000        39854         3.33
      21.007     0.750000        42687         4.00
      21.599     0.775000        44124         4.44
      22.255     0.800000        45533         5.00
      22.991     0.825000        46956         5.71
      23.871     0.850000        48378         6.67
      24.895     0.875000        49803         8.00
      25.503     0.887500        50512         8.89
      26.175     0.900000        51221        10.00
      26.943     0.912500        51925        11.43
      27.823     0.925000        52637        13.33
      28.943     0.937500        53347        16.00
      29.567     0.943750        53703        17.78
      30.255     0.950000        54060        20.00
      31.103     0.956250        54415        22.86
      32.015     0.962500        54773        26.67
      33.183     0.968750        55130        32.00
      33.823     0.971875        55307        35.56
      34.623     0.975000        55486        40.00
      35.359     0.978125        55661        45.71
      36.511     0.981250        55837        53.33
      37.791     0.984375        56015        64.00
      38.495     0.985938        56103        71.11
      39.359     0.987500        56192        80.00
      40.255     0.989062        56282        91.43
      41.311     0.990625        56371       106.67
      42.559     0.992188        56459       128.00
      43.455     0.992969        56504       142.22
      44.223     0.993750        56549       160.00
      45.343     0.994531        56592       182.86
      46.175     0.995313        56638       213.33
      47.487     0.996094        56681       256.00
      48.479     0.996484        56703       284.44
      49.599     0.996875        56726       320.00
      51.007     0.997266        56748       365.71
      52.127     0.997656        56770       426.67
      53.375     0.998047        56792       512.00
      54.399     0.998242        56803       568.89
      55.999     0.998437        56815       640.00
      56.959     0.998633        56826       731.43
      58.399     0.998828        56837       853.33
      60.095     0.999023        56848      1024.00
      64.095     0.999121        56853      1137.78
      65.855     0.999219        56859      1280.00
      68.223     0.999316        56865      1462.86
      78.335     0.999414        56870      1706.67
     146.303     0.999512        56876      2048.00
     212.607     0.999561        56878      2275.56
     219.519     0.999609        56881      2560.00
     220.671     0.999658        56884      2925.71
     223.743     0.999707        56887      3413.33
     226.687     0.999756        56890      4096.00
     228.735     0.999780        56891      4551.11
     228.991     0.999805        56892      5120.00
     229.503     0.999829        56894      5851.43
     229.631     0.999854        56895      6826.67
     231.167     0.999878        56897      8192.00
     231.167     0.999890        56897      9102.22
     234.367     0.999902        56898     10240.00
     236.543     0.999915        56899     11702.86
     236.543     0.999927        56899     13653.33
     238.079     0.999939        56900     16384.00
     238.079     0.999945        56900     18204.44
     238.847     0.999951        56901     20480.00
     238.847     0.999957        56901     23405.71
     238.847     0.999963        56901     27306.67
     242.943     0.999969        56902     32768.00
     242.943     0.999973        56902     36408.89
     242.943     0.999976        56902     40960.00
     242.943     0.999979        56902     46811.43
     242.943     0.999982        56902     54613.33
     251.007     0.999985        56903     65536.00
     251.007     1.000000        56903          inf
#[Mean    =       19.283, StdDeviation   =        7.256]
#[Max     =      250.880, Total count    =        56903]
#[Buckets =           27, SubBuckets     =         2048]
----------------------------------------------------------
  57423 requests in 20.00m, 11.77MB read
  Socket errors: connect 0, read 0, write 0, timeout 915
Requests/sec:     47.85
Transfer/sec:     10.05KB
