Running 20m test @ http://10.96.150.228:8080/wrk2-api/home-timeline/read
  16 threads and 32 connections
  Thread calibration: mean lat.: 14.905ms, rate sampling interval: 44ms
  Thread calibration: mean lat.: 14.374ms, rate sampling interval: 43ms
  Thread calibration: mean lat.: 16.702ms, rate sampling interval: 51ms
  Thread calibration: mean lat.: 16.304ms, rate sampling interval: 50ms
  Thread calibration: mean lat.: 14.956ms, rate sampling interval: 45ms
  Thread calibration: mean lat.: 18.641ms, rate sampling interval: 58ms
  Thread calibration: mean lat.: 16.257ms, rate sampling interval: 51ms
  Thread calibration: mean lat.: 15.024ms, rate sampling interval: 45ms
  Thread calibration: mean lat.: 15.746ms, rate sampling interval: 47ms
  Thread calibration: mean lat.: 16.146ms, rate sampling interval: 52ms
  Thread calibration: mean lat.: 16.575ms, rate sampling interval: 55ms
  Thread calibration: mean lat.: 15.263ms, rate sampling interval: 46ms
  Thread calibration: mean lat.: 14.455ms, rate sampling interval: 44ms
  Thread calibration: mean lat.: 16.055ms, rate sampling interval: 52ms
  Thread calibration: mean lat.: 15.390ms, rate sampling interval: 46ms
  Thread calibration: mean lat.: 15.550ms, rate sampling interval: 48ms
  Thread Stats   Avg      Stdev     99%   +/- Stdev
    Latency    16.45ms    8.03ms  43.13ms   85.97%
    Req/Sec    21.98     20.96    85.00     50.14%
  Latency Distribution (HdrHistogram - Recorded Latency)
 50.000%   14.43ms
 75.000%   19.15ms
 90.000%   25.57ms
 99.000%   43.13ms
 99.900%   65.92ms
 99.990%  223.87ms
 99.999%  391.17ms
100.000%  434.94ms

  Detailed Percentile spectrum:
       Value   Percentile   TotalCount 1/(1-Percentile)

       0.719     0.000000            1         1.00
       9.991     0.100000        41986         1.11
      11.047     0.200000        84166         1.25
      12.063     0.300000       126054         1.43
      13.167     0.400000       167879         1.67
      14.431     0.500000       209940         2.00
      15.135     0.550000       230837         2.22
      15.935     0.600000       251744         2.50
      16.847     0.650000       272731         2.86
      17.903     0.700000       293850         3.33
      19.151     0.750000       314755         4.00
      19.871     0.775000       325234         4.44
      20.703     0.800000       335756         5.00
      21.615     0.825000       346136         5.71
      22.703     0.850000       356625         6.67
      23.999     0.875000       367143         8.00
      24.751     0.887500       372416         8.89
      25.567     0.900000       377587        10.00
      26.527     0.912500       382876        11.43
      27.599     0.925000       388049        13.33
      28.943     0.937500       393301        16.00
      29.695     0.943750       395945        17.78
      30.575     0.950000       398574        20.00
      31.567     0.956250       401191        22.86
      32.687     0.962500       403803        26.67
      34.079     0.968750       406406        32.00
      34.879     0.971875       407711        35.56
      35.807     0.975000       409022        40.00
      36.831     0.978125       410350        45.71
      37.983     0.981250       411647        53.33
      39.455     0.984375       412963        64.00
      40.319     0.985938       413624        71.11
      41.247     0.987500       414272        80.00
      42.431     0.989062       414926        91.43
      43.647     0.990625       415578       106.67
      45.215     0.992188       416240       128.00
      46.143     0.992969       416558       142.22
      47.295     0.993750       416889       160.00
      48.351     0.994531       417217       182.86
      49.727     0.995313       417545       213.33
      51.455     0.996094       417878       256.00
      52.319     0.996484       418037       284.44
      53.503     0.996875       418198       320.00
      54.751     0.997266       418361       365.71
      56.255     0.997656       418526       426.67
      58.239     0.998047       418690       512.00
      59.231     0.998242       418770       568.89
      60.351     0.998437       418853       640.00
      61.887     0.998633       418934       731.43
      63.775     0.998828       419016       853.33
      66.239     0.999023       419098      1024.00
      67.711     0.999121       419139      1137.78
      69.439     0.999219       419180      1280.00
      71.295     0.999316       419221      1462.86
      73.535     0.999414       419262      1706.67
      77.439     0.999512       419303      2048.00
      80.127     0.999561       419323      2275.56
      83.263     0.999609       419344      2560.00
      90.111     0.999658       419364      2925.71
     102.015     0.999707       419385      3413.33
     134.783     0.999756       419405      4096.00
     144.511     0.999780       419415      4551.11
     162.047     0.999805       419426      5120.00
     173.695     0.999829       419436      5851.43
     200.831     0.999854       419447      6826.67
     219.263     0.999878       419456      8192.00
     221.311     0.999890       419461      9102.22
     223.871     0.999902       419467     10240.00
     226.559     0.999915       419472     11702.86
     229.887     0.999927       419477     13653.33
     234.751     0.999939       419482     16384.00
     238.847     0.999945       419484     18204.44
     240.895     0.999951       419487     20480.00
     241.663     0.999957       419490     23405.71
     245.247     0.999963       419492     27306.67
     251.263     0.999969       419495     32768.00
     251.647     0.999973       419496     36408.89
     254.719     0.999976       419497     40960.00
     260.351     0.999979       419499     46811.43
     264.447     0.999982       419500     54613.33
     264.703     0.999985       419501     65536.00
     281.855     0.999986       419502     72817.78
     281.855     0.999988       419502     81920.00
     391.167     0.999989       419503     93622.86
     397.055     0.999991       419504    109226.67
     397.055     0.999992       419504    131072.00
     403.455     0.999993       419505    145635.56
     403.455     0.999994       419505    163840.00
     403.455     0.999995       419505    187245.71
     405.247     0.999995       419506    218453.33
     405.247     0.999996       419506    262144.00
     405.247     0.999997       419506    291271.11
     405.247     0.999997       419506    327680.00
     405.247     0.999997       419506    374491.43
     434.943     0.999998       419507    436906.67
     434.943     1.000000       419507          inf
#[Mean    =       16.449, StdDeviation   =        8.029]
#[Max     =      434.688, Total count    =       419507]
#[Buckets =           27, SubBuckets     =         2048]
----------------------------------------------------------
  422999 requests in 20.00m, 4.98GB read
Requests/sec:    352.48
Transfer/sec:      4.25MB
