Running 20m test @ http://10.96.150.228:8080/wrk2-api/user-timeline/read
  16 threads and 32 connections
  Thread calibration: mean lat.: 25.679ms, rate sampling interval: 77ms
  Thread calibration: mean lat.: 24.484ms, rate sampling interval: 69ms
  Thread calibration: mean lat.: 27.116ms, rate sampling interval: 83ms
  Thread calibration: mean lat.: 24.314ms, rate sampling interval: 75ms
  Thread calibration: mean lat.: 24.598ms, rate sampling interval: 68ms
  Thread calibration: mean lat.: 29.656ms, rate sampling interval: 88ms
  Thread calibration: mean lat.: 26.850ms, rate sampling interval: 78ms
  Thread calibration: mean lat.: 23.454ms, rate sampling interval: 65ms
  Thread calibration: mean lat.: 23.295ms, rate sampling interval: 71ms
  Thread calibration: mean lat.: 23.037ms, rate sampling interval: 61ms
  Thread calibration: mean lat.: 24.525ms, rate sampling interval: 71ms
  Thread calibration: mean lat.: 25.627ms, rate sampling interval: 70ms
  Thread calibration: mean lat.: 25.803ms, rate sampling interval: 74ms
  Thread calibration: mean lat.: 28.462ms, rate sampling interval: 78ms
  Thread calibration: mean lat.: 25.357ms, rate sampling interval: 67ms
  Thread calibration: mean lat.: 24.000ms, rate sampling interval: 67ms
  Thread Stats   Avg      Stdev     99%   +/- Stdev
    Latency    24.66ms    9.46ms  57.28ms   79.04%
    Req/Sec    10.79     12.01    46.00     82.16%
  Latency Distribution (HdrHistogram - Recorded Latency)
 50.000%   22.66ms
 75.000%   28.16ms
 90.000%   36.06ms
 99.000%   57.28ms
 99.900%   80.83ms
 99.990%  170.49ms
 99.999%  248.45ms
100.000%  250.62ms

  Detailed Percentile spectrum:
       Value   Percentile   TotalCount 1/(1-Percentile)

       4.847     0.000000            1         1.00
      15.647     0.100000        21017         1.11
      17.887     0.200000        41978         1.25
      19.599     0.300000        63039         1.43
      21.103     0.400000        83896         1.67
      22.655     0.500000       105058         2.00
      23.487     0.550000       115361         2.22
      24.415     0.600000       125814         2.50
      25.471     0.650000       136420         2.86
      26.703     0.700000       146801         3.33
      28.159     0.750000       157258         4.00
      29.055     0.775000       162564         4.44
      30.031     0.800000       167769         5.00
      31.135     0.825000       173001         5.71
      32.447     0.850000       178234         6.67
      34.111     0.875000       183530         8.00
      35.039     0.887500       186117         8.89
      36.063     0.900000       188713        10.00
      37.279     0.912500       191362        11.43
      38.591     0.925000       193960        13.33
      40.287     0.937500       196603        16.00
      41.215     0.943750       197874        17.78
      42.335     0.950000       199185        20.00
      43.551     0.956250       200505        22.86
      44.959     0.962500       201808        26.67
      46.655     0.968750       203119        32.00
      47.615     0.971875       203767        35.56
      48.767     0.975000       204425        40.00
      50.015     0.978125       205092        45.71
      51.455     0.981250       205731        53.33
      53.183     0.984375       206390        64.00
      54.175     0.985938       206719        71.11
      55.295     0.987500       207042        80.00
      56.479     0.989062       207368        91.43
      57.887     0.990625       207696       106.67
      59.679     0.992188       208030       128.00
      60.671     0.992969       208187       142.22
      61.919     0.993750       208353       160.00
      63.263     0.994531       208519       182.86
      64.575     0.995313       208682       213.33
      66.431     0.996094       208846       256.00
      67.391     0.996484       208925       284.44
      68.735     0.996875       209006       320.00
      70.143     0.997266       209090       365.71
      71.615     0.997656       209170       426.67
      73.535     0.998047       209252       512.00
      74.623     0.998242       209296       568.89
      75.711     0.998437       209334       640.00
      77.567     0.998633       209377       731.43
      79.167     0.998828       209416       853.33
      81.215     0.999023       209458      1024.00
      83.135     0.999121       209477      1137.78
      84.799     0.999219       209499      1280.00
      85.823     0.999316       209518      1462.86
      89.471     0.999414       209539      1706.67
      92.095     0.999512       209561      2048.00
      93.759     0.999561       209569      2275.56
      95.679     0.999609       209581      2560.00
      97.087     0.999658       209590      2925.71
     101.183     0.999707       209600      3413.33
     104.255     0.999756       209610      4096.00
     106.431     0.999780       209615      4551.11
     110.719     0.999805       209621      5120.00
     116.031     0.999829       209626      5851.43
     131.583     0.999854       209631      6826.67
     151.679     0.999878       209636      8192.00
     154.367     0.999890       209638      9102.22
     173.567     0.999902       209641     10240.00
     215.807     0.999915       209644     11702.86
     222.591     0.999927       209646     13653.33
     226.175     0.999939       209649     16384.00
     227.455     0.999945       209650     18204.44
     231.423     0.999951       209651     20480.00
     232.959     0.999957       209653     23405.71
     233.855     0.999963       209654     27306.67
     235.135     0.999969       209655     32768.00
     239.103     0.999973       209656     36408.89
     239.103     0.999976       209656     40960.00
     240.639     0.999979       209657     46811.43
     241.279     0.999982       209658     54613.33
     241.279     0.999985       209658     65536.00
     248.447     0.999986       209659     72817.78
     248.447     0.999988       209659     81920.00
     248.447     0.999989       209659     93622.86
     249.599     0.999991       209660    109226.67
     249.599     0.999992       209660    131072.00
     249.599     0.999993       209660    145635.56
     249.599     0.999994       209660    163840.00
     249.599     0.999995       209660    187245.71
     250.623     0.999995       209661    218453.33
     250.623     1.000000       209661          inf
#[Mean    =       24.657, StdDeviation   =        9.455]
#[Max     =      250.496, Total count    =       209661]
#[Buckets =           27, SubBuckets     =         2048]
----------------------------------------------------------
  211440 requests in 20.00m, 2.72GB read
Requests/sec:    176.19
Transfer/sec:      2.32MB
