Running 20m test @ http://10.109.65.133:8080/wrk2-api/post/compose
  16 threads and 32 connections
  Thread calibration: mean lat.: 17.160ms, rate sampling interval: 44ms
  Thread calibration: mean lat.: 20.062ms, rate sampling interval: 52ms
  Thread calibration: mean lat.: 23.519ms, rate sampling interval: 39ms
  Thread calibration: mean lat.: 17.055ms, rate sampling interval: 42ms
  Thread calibration: mean lat.: 34.495ms, rate sampling interval: 56ms
  Thread calibration: mean lat.: 17.057ms, rate sampling interval: 38ms
  Thread calibration: mean lat.: 19.145ms, rate sampling interval: 49ms
  Thread calibration: mean lat.: 18.393ms, rate sampling interval: 46ms
  Thread calibration: mean lat.: 28.022ms, rate sampling interval: 55ms
  Thread calibration: mean lat.: 18.423ms, rate sampling interval: 43ms
  Thread calibration: mean lat.: 18.596ms, rate sampling interval: 47ms
  Thread calibration: mean lat.: 16.970ms, rate sampling interval: 41ms
  Thread calibration: mean lat.: 17.986ms, rate sampling interval: 44ms
  Thread calibration: mean lat.: 18.934ms, rate sampling interval: 50ms
  Thread calibration: mean lat.: 18.829ms, rate sampling interval: 49ms
  Thread calibration: mean lat.: 16.743ms, rate sampling interval: 42ms
  Thread Stats   Avg      Stdev     99%   +/- Stdev
    Latency    18.59ms    9.17ms  37.95ms   94.77%
    Req/Sec     2.96      8.05    27.00     87.23%
  Latency Distribution (HdrHistogram - Recorded Latency)
 50.000%   16.78ms
 75.000%   19.76ms
 90.000%   24.32ms
 99.000%   37.95ms
 99.900%  220.67ms
 99.990%  242.56ms
 99.999%  270.59ms
100.000%  359.68ms

  Detailed Percentile spectrum:
       Value   Percentile   TotalCount 1/(1-Percentile)

      11.991     0.000000            1         1.00
      14.343     0.100000         5711         1.11
      14.935     0.200000        11443         1.25
      15.487     0.300000        17169         1.43
      16.071     0.400000        22806         1.67
      16.783     0.500000        28471         2.00
      17.215     0.550000        31406         2.22
      17.679     0.600000        34144         2.50
      18.255     0.650000        36996         2.86
      18.927     0.700000        39871         3.33
      19.759     0.750000        42711         4.00
      20.239     0.775000        44102         4.44
      20.799     0.800000        45527         5.00
      21.471     0.825000        46968         5.71
      22.191     0.850000        48371         6.67
      23.119     0.875000        49792         8.00
      23.663     0.887500        50507         8.89
      24.319     0.900000        51225        10.00
      25.007     0.912500        51934        11.43
      25.839     0.925000        52642        13.33
      26.783     0.937500        53361        16.00
      27.343     0.943750        53716        17.78
      28.047     0.950000        54064        20.00
      28.799     0.956250        54420        22.86
      29.663     0.962500        54772        26.67
      30.671     0.968750        55128        32.00
      31.247     0.971875        55309        35.56
      32.047     0.975000        55484        40.00
      32.991     0.978125        55661        45.71
      33.887     0.981250        55844        53.33
      34.943     0.984375        56018        64.00
      35.647     0.985938        56108        71.11
      36.447     0.987500        56196        80.00
      37.343     0.989062        56285        91.43
      38.335     0.990625        56372       106.67
      39.743     0.992188        56461       128.00
      40.607     0.992969        56506       142.22
      41.471     0.993750        56550       160.00
      42.463     0.994531        56594       182.86
      43.839     0.995313        56639       213.33
      45.759     0.996094        56683       256.00
      46.911     0.996484        56705       284.44
      48.191     0.996875        56728       320.00
      49.759     0.997266        56750       365.71
      51.647     0.997656        56772       426.67
      54.975     0.998047        56794       512.00
      58.431     0.998242        56805       568.89
      66.751     0.998437        56817       640.00
     155.391     0.998633        56828       731.43
     216.319     0.998828        56839       853.33
     221.567     0.999023        56850      1024.00
     222.463     0.999121        56855      1137.78
     223.487     0.999219        56861      1280.00
     225.023     0.999316        56867      1462.86
     225.791     0.999414        56873      1706.67
     227.455     0.999512        56879      2048.00
     227.583     0.999561        56880      2275.56
     227.839     0.999609        56883      2560.00
     231.807     0.999658        56886      2925.71
     235.391     0.999707        56889      3413.33
     237.567     0.999756        56892      4096.00
     237.695     0.999780        56893      4551.11
     238.079     0.999805        56894      5120.00
     240.511     0.999829        56896      5851.43
     240.639     0.999854        56897      6826.67
     242.559     0.999878        56899      8192.00
     242.559     0.999890        56899      9102.22
     243.967     0.999902        56900     10240.00
     245.887     0.999915        56901     11702.86
     245.887     0.999927        56901     13653.33
     246.399     0.999939        56902     16384.00
     246.399     0.999945        56902     18204.44
     246.783     0.999951        56903     20480.00
     246.783     0.999957        56903     23405.71
     246.783     0.999963        56903     27306.67
     270.591     0.999969        56904     32768.00
     270.591     0.999973        56904     36408.89
     270.591     0.999976        56904     40960.00
     270.591     0.999979        56904     46811.43
     270.591     0.999982        56904     54613.33
     359.679     0.999985        56905     65536.00
     359.679     1.000000        56905          inf
#[Mean    =       18.595, StdDeviation   =        9.166]
#[Max     =      359.424, Total count    =        56905]
#[Buckets =           27, SubBuckets     =         2048]
----------------------------------------------------------
  57428 requests in 20.00m, 11.78MB read
  Socket errors: connect 0, read 0, write 0, timeout 908
Requests/sec:     47.85
Transfer/sec:     10.05KB
