Running 20m test @ http://10.109.65.133:8080/wrk2-api/home-timeline/read
  16 threads and 32 connections
  Thread calibration: mean lat.: 14.529ms, rate sampling interval: 47ms
  Thread calibration: mean lat.: 14.796ms, rate sampling interval: 43ms
  Thread calibration: mean lat.: 14.715ms, rate sampling interval: 46ms
  Thread calibration: mean lat.: 18.124ms, rate sampling interval: 47ms
  Thread calibration: mean lat.: 13.828ms, rate sampling interval: 42ms
  Thread calibration: mean lat.: 14.914ms, rate sampling interval: 43ms
  Thread calibration: mean lat.: 15.283ms, rate sampling interval: 47ms
  Thread calibration: mean lat.: 16.040ms, rate sampling interval: 50ms
  Thread calibration: mean lat.: 15.569ms, rate sampling interval: 49ms
  Thread calibration: mean lat.: 18.484ms, rate sampling interval: 53ms
  Thread calibration: mean lat.: 14.199ms, rate sampling interval: 42ms
  Thread calibration: mean lat.: 14.727ms, rate sampling interval: 42ms
  Thread calibration: mean lat.: 15.773ms, rate sampling interval: 45ms
  Thread calibration: mean lat.: 14.209ms, rate sampling interval: 41ms
  Thread calibration: mean lat.: 14.693ms, rate sampling interval: 45ms
  Thread calibration: mean lat.: 15.552ms, rate sampling interval: 47ms
  Thread Stats   Avg      Stdev     99%   +/- Stdev
    Latency    15.47ms    8.30ms  39.36ms   88.61%
    Req/Sec    21.96     21.67    86.00     84.30%
  Latency Distribution (HdrHistogram - Recorded Latency)
 50.000%   13.63ms
 75.000%   17.81ms
 90.000%   23.44ms
 99.000%   39.36ms
 99.900%   66.18ms
 99.990%  243.07ms
 99.999%  410.11ms
100.000%  656.38ms

  Detailed Percentile spectrum:
       Value   Percentile   TotalCount 1/(1-Percentile)

       2.345     0.000000            1         1.00
       9.687     0.100000        42232         1.11
      10.623     0.200000        84197         1.25
      11.527     0.300000       126044         1.43
      12.511     0.400000       168076         1.67
      13.631     0.500000       209976         2.00
      14.263     0.550000       230780         2.22
      14.967     0.600000       251798         2.50
      15.767     0.650000       272791         2.86
      16.703     0.700000       293846         3.33
      17.807     0.750000       314846         4.00
      18.447     0.775000       325266         4.44
      19.167     0.800000       335655         5.00
      19.999     0.825000       346247         5.71
      20.927     0.850000       356634         6.67
      22.063     0.875000       367158         8.00
      22.719     0.887500       372396         8.89
      23.439     0.900000       377591        10.00
      24.303     0.912500       382851        11.43
      25.279     0.925000       388073        13.33
      26.447     0.937500       393286        16.00
      27.135     0.943750       395956        17.78
      27.887     0.950000       398530        20.00
      28.799     0.956250       401177        22.86
      29.807     0.962500       403786        26.67
      31.055     0.968750       406413        32.00
      31.775     0.971875       407710        35.56
      32.607     0.975000       409024        40.00
      33.567     0.978125       410363        45.71
      34.687     0.981250       411669        53.33
      35.999     0.984375       412974        64.00
      36.767     0.985938       413627        71.11
      37.663     0.987500       414277        80.00
      38.687     0.989062       414917        91.43
      39.935     0.990625       415577       106.67
      41.439     0.992188       416236       128.00
      42.271     0.992969       416557       142.22
      43.263     0.993750       416894       160.00
      44.447     0.994531       417219       182.86
      45.791     0.995313       417539       213.33
      47.455     0.996094       417869       256.00
      48.447     0.996484       418035       284.44
      49.503     0.996875       418196       320.00
      50.719     0.997266       418362       365.71
      52.287     0.997656       418522       426.67
      54.719     0.998047       418689       512.00
      56.063     0.998242       418769       568.89
      57.983     0.998437       418850       640.00
      59.967     0.998633       418932       731.43
      62.751     0.998828       419015       853.33
      67.519     0.999023       419097      1024.00
      71.103     0.999121       419137      1137.78
      77.311     0.999219       419178      1280.00
      89.535     0.999316       419219      1462.86
     128.959     0.999414       419260      1706.67
     157.823     0.999512       419301      2048.00
     175.743     0.999561       419321      2275.56
     190.975     0.999609       419342      2560.00
     209.023     0.999658       419362      2925.71
     220.159     0.999707       419384      3413.33
     224.255     0.999756       419403      4096.00
     227.071     0.999780       419413      4551.11
     230.527     0.999805       419425      5120.00
     233.855     0.999829       419434      5851.43
     237.055     0.999854       419444      6826.67
     239.487     0.999878       419454      8192.00
     241.791     0.999890       419459      9102.22
     243.455     0.999902       419465     10240.00
     244.479     0.999915       419470     11702.86
     247.423     0.999927       419475     13653.33
     250.111     0.999939       419480     16384.00
     251.007     0.999945       419482     18204.44
     256.511     0.999951       419485     20480.00
     259.327     0.999957       419488     23405.71
     267.263     0.999963       419491     27306.67
     270.847     0.999969       419493     32768.00
     283.903     0.999973       419494     36408.89
     296.447     0.999976       419495     40960.00
     305.663     0.999979       419497     46811.43
     310.527     0.999982       419498     54613.33
     325.631     0.999985       419499     65536.00
     399.871     0.999986       419500     72817.78
     399.871     0.999988       419500     81920.00
     410.111     0.999989       419501     93622.86
     426.495     0.999991       419502    109226.67
     426.495     0.999992       419502    131072.00
     520.447     0.999993       419503    145635.56
     520.447     0.999994       419503    163840.00
     520.447     0.999995       419503    187245.71
     645.631     0.999995       419504    218453.33
     645.631     0.999996       419504    262144.00
     645.631     0.999997       419504    291271.11
     645.631     0.999997       419504    327680.00
     645.631     0.999997       419504    374491.43
     656.383     0.999998       419505    436906.67
     656.383     1.000000       419505          inf
#[Mean    =       15.467, StdDeviation   =        8.300]
#[Max     =      655.872, Total count    =       419505]
#[Buckets =           27, SubBuckets     =         2048]
----------------------------------------------------------
  423025 requests in 20.00m, 4.95GB read
Requests/sec:    352.49
Transfer/sec:      4.22MB
