Running 20m test @ http://10.109.65.133:8080/wrk2-api/user-timeline/read
  16 threads and 32 connections
  Thread calibration: mean lat.: 23.505ms, rate sampling interval: 70ms
  Thread calibration: mean lat.: 22.382ms, rate sampling interval: 64ms
  Thread calibration: mean lat.: 24.955ms, rate sampling interval: 73ms
  Thread calibration: mean lat.: 22.469ms, rate sampling interval: 60ms
  Thread calibration: mean lat.: 23.396ms, rate sampling interval: 66ms
  Thread calibration: mean lat.: 23.180ms, rate sampling interval: 69ms
  Thread calibration: mean lat.: 22.269ms, rate sampling interval: 61ms
  Thread calibration: mean lat.: 22.397ms, rate sampling interval: 64ms
  Thread calibration: mean lat.: 24.547ms, rate sampling interval: 69ms
  Thread calibration: mean lat.: 24.255ms, rate sampling interval: 68ms
  Thread calibration: mean lat.: 22.290ms, rate sampling interval: 60ms
  Thread calibration: mean lat.: 23.882ms, rate sampling interval: 71ms
  Thread calibration: mean lat.: 23.957ms, rate sampling interval: 60ms
  Thread calibration: mean lat.: 24.339ms, rate sampling interval: 67ms
  Thread calibration: mean lat.: 21.585ms, rate sampling interval: 59ms
  Thread calibration: mean lat.: 22.266ms, rate sampling interval: 64ms
  Thread Stats   Avg      Stdev     99%   +/- Stdev
    Latency    23.61ms    8.89ms  53.28ms   80.05%
    Req/Sec    10.79     12.64    50.00     83.95%
  Latency Distribution (HdrHistogram - Recorded Latency)
 50.000%   21.90ms
 75.000%   26.82ms
 90.000%   33.82ms
 99.000%   53.28ms
 99.900%   75.01ms
 99.990%  231.81ms
 99.999%  268.54ms
100.000%  275.97ms

  Detailed Percentile spectrum:
       Value   Percentile   TotalCount 1/(1-Percentile)

       4.523     0.000000            1         1.00
      15.223     0.100000        21008         1.11
      17.423     0.200000        41935         1.25
      19.071     0.300000        63089         1.43
      20.479     0.400000        84071         1.67
      21.903     0.500000       105034         2.00
      22.671     0.550000       115450         2.22
      23.503     0.600000       125964         2.50
      24.431     0.650000       136347         2.86
      25.519     0.700000       146768         3.33
      26.815     0.750000       157309         4.00
      27.583     0.775000       162524         4.44
      28.463     0.800000       167790         5.00
      29.423     0.825000       172974         5.71
      30.591     0.850000       178266         6.67
      31.999     0.875000       183455         8.00
      32.863     0.887500       186130         8.89
      33.823     0.900000       188753        10.00
      34.911     0.912500       191325        11.43
      36.223     0.925000       193980        13.33
      37.759     0.937500       196586        16.00
      38.655     0.943750       197892        17.78
      39.679     0.950000       199213        20.00
      40.831     0.956250       200498        22.86
      42.143     0.962500       201826        26.67
      43.615     0.968750       203123        32.00
      44.447     0.971875       203778        35.56
      45.471     0.975000       204435        40.00
      46.591     0.978125       205077        45.71
      47.871     0.981250       205733        53.33
      49.343     0.984375       206389        64.00
      50.303     0.985938       206715        71.11
      51.327     0.987500       207045        80.00
      52.447     0.989062       207372        91.43
      53.855     0.990625       207701       106.67
      55.551     0.992188       208028       128.00
      56.415     0.992969       208189       142.22
      57.439     0.993750       208352       160.00
      58.655     0.994531       208517       182.86
      60.159     0.995313       208679       213.33
      61.951     0.996094       208843       256.00
      63.007     0.996484       208925       284.44
      64.095     0.996875       209007       320.00
      65.407     0.997266       209092       365.71
      66.879     0.997656       209171       426.67
      68.671     0.998047       209253       512.00
      69.439     0.998242       209294       568.89
      70.527     0.998437       209336       640.00
      71.871     0.998633       209378       731.43
      73.343     0.998828       209416       853.33
      75.391     0.999023       209457      1024.00
      76.863     0.999121       209477      1137.78
      78.655     0.999219       209498      1280.00
      80.511     0.999316       209518      1462.86
      82.495     0.999414       209541      1706.67
      84.991     0.999512       209560      2048.00
      86.591     0.999561       209569      2275.56
      88.703     0.999609       209580      2560.00
      91.327     0.999658       209590      2925.71
      98.303     0.999707       209600      3413.33
     122.047     0.999756       209610      4096.00
     135.039     0.999780       209615      4551.11
     177.151     0.999805       209621      5120.00
     199.679     0.999829       209626      5851.43
     225.023     0.999854       209631      6826.67
     227.711     0.999878       209636      8192.00
     229.759     0.999890       209638      9102.22
     231.935     0.999902       209641     10240.00
     232.703     0.999915       209645     11702.86
     233.215     0.999927       209646     13653.33
     235.135     0.999939       209649     16384.00
     235.263     0.999945       209650     18204.44
     236.159     0.999951       209651     20480.00
     241.023     0.999957       209653     23405.71
     242.687     0.999963       209654     27306.67
     247.167     0.999969       209655     32768.00
     255.615     0.999973       209656     36408.89
     255.615     0.999976       209656     40960.00
     264.959     0.999979       209657     46811.43
     265.983     0.999982       209658     54613.33
     265.983     0.999985       209658     65536.00
     268.543     0.999986       209659     72817.78
     268.543     0.999988       209659     81920.00
     268.543     0.999989       209659     93622.86
     270.079     0.999991       209660    109226.67
     270.079     0.999992       209660    131072.00
     270.079     0.999993       209660    145635.56
     270.079     0.999994       209660    163840.00
     270.079     0.999995       209660    187245.71
     275.967     0.999995       209661    218453.33
     275.967     1.000000       209661          inf
#[Mean    =       23.607, StdDeviation   =        8.889]
#[Max     =      275.712, Total count    =       209661]
#[Buckets =           27, SubBuckets     =         2048]
----------------------------------------------------------
  211432 requests in 20.00m, 2.72GB read
Requests/sec:    176.18
Transfer/sec:      2.32MB
