Running 20m test @ http://10.109.222.158:8080/wrk2-api/post/compose
  16 threads and 32 connections
  Thread calibration: mean lat.: 17.603ms, rate sampling interval: 48ms
  Thread calibration: mean lat.: 18.206ms, rate sampling interval: 50ms
  Thread calibration: mean lat.: 18.510ms, rate sampling interval: 49ms
  Thread calibration: mean lat.: 19.758ms, rate sampling interval: 55ms
  Thread calibration: mean lat.: 20.581ms, rate sampling interval: 59ms
  Thread calibration: mean lat.: 19.560ms, rate sampling interval: 54ms
  Thread calibration: mean lat.: 19.111ms, rate sampling interval: 56ms
  Thread calibration: mean lat.: 18.165ms, rate sampling interval: 47ms
  Thread calibration: mean lat.: 18.747ms, rate sampling interval: 50ms
  Thread calibration: mean lat.: 17.473ms, rate sampling interval: 43ms
  Thread calibration: mean lat.: 20.371ms, rate sampling interval: 58ms
  Thread calibration: mean lat.: 16.506ms, rate sampling interval: 39ms
  Thread calibration: mean lat.: 21.454ms, rate sampling interval: 59ms
  Thread calibration: mean lat.: 25.253ms, rate sampling interval: 86ms
  Thread calibration: mean lat.: 18.096ms, rate sampling interval: 48ms
  Thread calibration: mean lat.: 18.364ms, rate sampling interval: 48ms
  Thread Stats   Avg      Stdev     99%   +/- Stdev
    Latency    20.12ms    8.48ms  48.16ms   89.74%
    Req/Sec     4.94      9.82    41.00     78.24%
  Latency Distribution (HdrHistogram - Recorded Latency)
 50.000%   17.74ms
 75.000%   22.08ms
 90.000%   28.80ms
 99.000%   48.16ms
 99.900%   80.25ms
 99.990%  237.18ms
 99.999%  331.01ms
100.000%  449.02ms

  Detailed Percentile spectrum:
       Value   Percentile   TotalCount 1/(1-Percentile)

      11.287     0.000000            1         1.00
      14.263     0.100000         9567         1.11
      15.031     0.200000        19113         1.25
      15.807     0.300000        28655         1.43
      16.687     0.400000        38224         1.67
      17.743     0.500000        47756         2.00
      18.351     0.550000        52479         2.22
      19.039     0.600000        57179         2.50
      19.871     0.650000        61980         2.86
      20.831     0.700000        66688         3.33
      22.079     0.750000        71496         4.00
      22.799     0.775000        73858         4.44
      23.631     0.800000        76220         5.00
      24.607     0.825000        78602         5.71
      25.743     0.850000        80988         6.67
      27.087     0.875000        83377         8.00
      27.919     0.887500        84564         8.89
      28.799     0.900000        85743        10.00
      29.823     0.912500        86929        11.43
      31.007     0.925000        88116        13.33
      32.415     0.937500        89307        16.00
      33.311     0.943750        89915        17.78
      34.239     0.950000        90498        20.00
      35.295     0.956250        91114        22.86
      36.447     0.962500        91690        26.67
      38.015     0.968750        92285        32.00
      38.847     0.971875        92587        35.56
      39.935     0.975000        92882        40.00
      41.087     0.978125        93181        45.71
      42.431     0.981250        93474        53.33
      43.903     0.984375        93772        64.00
      44.799     0.985938        93920        71.11
      45.951     0.987500        94071        80.00
      47.295     0.989062        94220        91.43
      48.799     0.990625        94366       106.67
      50.527     0.992188        94517       128.00
      51.647     0.992969        94590       142.22
      52.735     0.993750        94664       160.00
      54.079     0.994531        94739       182.86
      55.903     0.995313        94813       213.33
      58.495     0.996094        94887       256.00
      59.487     0.996484        94926       284.44
      60.927     0.996875        94962       320.00
      62.367     0.997266        94999       365.71
      64.543     0.997656        95036       426.67
      66.751     0.998047        95073       512.00
      69.503     0.998242        95092       568.89
      71.295     0.998437        95111       640.00
      73.343     0.998633        95129       731.43
      77.759     0.998828        95148       853.33
      80.255     0.999023        95166      1024.00
      81.855     0.999121        95176      1137.78
      84.607     0.999219        95185      1280.00
      86.783     0.999316        95194      1462.86
      94.207     0.999414        95204      1706.67
     115.391     0.999512        95213      2048.00
     129.407     0.999561        95218      2275.56
     147.327     0.999609        95222      2560.00
     215.295     0.999658        95227      2925.71
     223.231     0.999707        95232      3413.33
     224.383     0.999756        95236      4096.00
     225.919     0.999780        95239      4551.11
     227.711     0.999805        95241      5120.00
     228.991     0.999829        95243      5851.43
     232.319     0.999854        95246      6826.67
     235.263     0.999878        95248      8192.00
     237.183     0.999890        95249      9102.22
     237.695     0.999902        95250     10240.00
     239.487     0.999915        95251     11702.86
     240.383     0.999927        95253     13653.33
     240.639     0.999939        95254     16384.00
     240.639     0.999945        95254     18204.44
     243.199     0.999951        95255     20480.00
     243.199     0.999957        95255     23405.71
     243.839     0.999963        95256     27306.67
     245.247     0.999969        95257     32768.00
     245.247     0.999973        95257     36408.89
     245.247     0.999976        95257     40960.00
     245.247     0.999979        95257     46811.43
     331.007     0.999982        95258     54613.33
     331.007     0.999985        95258     65536.00
     331.007     0.999986        95258     72817.78
     331.007     0.999988        95258     81920.00
     331.007     0.999989        95258     93622.86
     449.023     0.999991        95259    109226.67
     449.023     1.000000        95259          inf
#[Mean    =       20.118, StdDeviation   =        8.481]
#[Max     =      448.768, Total count    =        95259]
#[Buckets =           27, SubBuckets     =         2048]
----------------------------------------------------------
  96094 requests in 20.00m, 19.70MB read
  Socket errors: connect 0, read 0, write 0, timeout 130
Requests/sec:     80.07
Transfer/sec:     16.81KB
