Running 20m test @ http://10.109.222.158:8080/wrk2-api/home-timeline/read
  16 threads and 32 connections
  Thread calibration: mean lat.: 18.740ms, rate sampling interval: 67ms
  Thread calibration: mean lat.: 20.325ms, rate sampling interval: 65ms
  Thread calibration: mean lat.: 16.142ms, rate sampling interval: 50ms
  Thread calibration: mean lat.: 21.324ms, rate sampling interval: 75ms
  Thread calibration: mean lat.: 18.697ms, rate sampling interval: 63ms
  Thread calibration: mean lat.: 18.471ms, rate sampling interval: 67ms
  Thread calibration: mean lat.: 18.583ms, rate sampling interval: 60ms
  Thread calibration: mean lat.: 16.514ms, rate sampling interval: 53ms
  Thread calibration: mean lat.: 20.838ms, rate sampling interval: 80ms
  Thread calibration: mean lat.: 22.440ms, rate sampling interval: 78ms
  Thread calibration: mean lat.: 15.893ms, rate sampling interval: 52ms
  Thread calibration: mean lat.: 19.095ms, rate sampling interval: 66ms
  Thread calibration: mean lat.: 19.745ms, rate sampling interval: 63ms
  Thread calibration: mean lat.: 17.694ms, rate sampling interval: 61ms
  Thread calibration: mean lat.: 19.745ms, rate sampling interval: 70ms
  Thread calibration: mean lat.: 20.477ms, rate sampling interval: 68ms
  Thread Stats   Avg      Stdev     99%   +/- Stdev
    Latency    19.87ms   13.16ms  67.65ms   88.76%
    Req/Sec    32.84     22.12    94.00     70.70%
  Latency Distribution (HdrHistogram - Recorded Latency)
 50.000%   16.16ms
 75.000%   23.38ms
 90.000%   33.79ms
 99.000%   67.65ms
 99.900%  131.33ms
 99.990%  255.74ms
 99.999%  442.88ms
100.000%  545.28ms

  Detailed Percentile spectrum:
       Value   Percentile   TotalCount 1/(1-Percentile)

       0.253     0.000000            1         1.00
       9.959     0.100000        63023         1.11
      11.327     0.200000       126123         1.25
      12.743     0.300000       188857         1.43
      14.311     0.400000       251599         1.67
      16.159     0.500000       314619         2.00
      17.231     0.550000       346094         2.22
      18.431     0.600000       377386         2.50
      19.823     0.650000       409033         2.86
      21.439     0.700000       440489         3.33
      23.375     0.750000       471857         4.00
      24.527     0.775000       487578         4.44
      25.823     0.800000       503215         5.00
      27.311     0.825000       518959         5.71
      29.055     0.850000       534657         6.67
      31.151     0.875000       550386         8.00
      32.399     0.887500       558204         8.89
      33.791     0.900000       566072        10.00
      35.423     0.912500       574000        11.43
      37.311     0.925000       581802        13.33
      39.615     0.937500       589659        16.00
      40.991     0.943750       593641        17.78
      42.559     0.950000       597574        20.00
      44.319     0.956250       601444        22.86
      46.463     0.962500       605374        26.67
      49.055     0.968750       609351        32.00
      50.527     0.971875       611283        35.56
      52.191     0.975000       613238        40.00
      54.271     0.978125       615220        45.71
      56.735     0.981250       617181        53.33
      59.711     0.984375       619145        64.00
      61.567     0.985938       620118        71.11
      63.551     0.987500       621106        80.00
      66.047     0.989062       622091        91.43
      68.927     0.990625       623082       106.67
      72.447     0.992188       624057       128.00
      74.559     0.992969       624543       142.22
      76.991     0.993750       625034       160.00
      79.743     0.994531       625525       182.86
      83.135     0.995313       626017       213.33
      87.423     0.996094       626504       256.00
      90.303     0.996484       626753       284.44
      93.375     0.996875       626997       320.00
      96.575     0.997266       627244       365.71
     100.415     0.997656       627488       426.67
     105.727     0.998047       627735       512.00
     109.439     0.998242       627855       568.89
     113.151     0.998437       627979       640.00
     118.271     0.998633       628102       731.43
     123.967     0.998828       628223       853.33
     132.095     0.999023       628346      1024.00
     137.087     0.999121       628408      1137.78
     143.103     0.999219       628469      1280.00
     150.143     0.999316       628532      1462.86
     157.439     0.999414       628593      1706.67
     167.551     0.999512       628653      2048.00
     172.031     0.999561       628684      2275.56
     178.559     0.999609       628715      2560.00
     185.599     0.999658       628746      2925.71
     194.943     0.999707       628776      3413.33
     205.311     0.999756       628807      4096.00
     210.687     0.999780       628822      4551.11
     220.287     0.999805       628838      5120.00
     228.479     0.999829       628853      5851.43
     234.495     0.999854       628868      6826.67
     247.295     0.999878       628884      8192.00
     252.671     0.999890       628891      9102.22
     259.967     0.999902       628899     10240.00
     266.495     0.999915       628907     11702.86
     283.135     0.999927       628914     13653.33
     298.751     0.999939       628922     16384.00
     317.951     0.999945       628926     18204.44
     332.543     0.999951       628931     20480.00
     339.711     0.999957       628934     23405.71
     351.231     0.999963       628937     27306.67
     369.663     0.999969       628941     32768.00
     377.599     0.999973       628943     36408.89
     386.047     0.999976       628945     40960.00
     395.519     0.999979       628947     46811.43
     420.607     0.999982       628949     54613.33
     424.703     0.999985       628951     65536.00
     428.031     0.999986       628952     72817.78
     437.247     0.999988       628953     81920.00
     442.879     0.999989       628954     93622.86
     447.231     0.999991       628955    109226.67
     455.935     0.999992       628956    131072.00
     455.935     0.999993       628956    145635.56
     473.855     0.999994       628957    163840.00
     473.855     0.999995       628957    187245.71
     499.199     0.999995       628958    218453.33
     499.199     0.999996       628958    262144.00
     499.199     0.999997       628958    291271.11
     534.527     0.999997       628959    327680.00
     534.527     0.999997       628959    374491.43
     534.527     0.999998       628959    436906.67
     534.527     0.999998       628959    524288.00
     534.527     0.999998       628959    582542.22
     545.279     0.999998       628960    655360.00
     545.279     1.000000       628960          inf
#[Mean    =       19.874, StdDeviation   =       13.155]
#[Max     =      544.768, Total count    =       628960]
#[Buckets =           27, SubBuckets     =         2048]
----------------------------------------------------------
  634240 requests in 20.00m, 7.55GB read
Requests/sec:    528.50
Transfer/sec:      6.44MB
