Running 20m test @ http://10.109.222.158:8080/wrk2-api/user-timeline/read
  16 threads and 32 connections
  Thread calibration: mean lat.: 27.884ms, rate sampling interval: 84ms
  Thread calibration: mean lat.: 28.358ms, rate sampling interval: 86ms
  Thread calibration: mean lat.: 30.895ms, rate sampling interval: 110ms
  Thread calibration: mean lat.: 26.679ms, rate sampling interval: 78ms
  Thread calibration: mean lat.: 31.595ms, rate sampling interval: 103ms
  Thread calibration: mean lat.: 32.486ms, rate sampling interval: 95ms
  Thread calibration: mean lat.: 28.405ms, rate sampling interval: 81ms
  Thread calibration: mean lat.: 29.867ms, rate sampling interval: 91ms
  Thread calibration: mean lat.: 28.578ms, rate sampling interval: 98ms
  Thread calibration: mean lat.: 27.750ms, rate sampling interval: 81ms
  Thread calibration: mean lat.: 30.801ms, rate sampling interval: 96ms
  Thread calibration: mean lat.: 32.214ms, rate sampling interval: 109ms
  Thread calibration: mean lat.: 26.201ms, rate sampling interval: 79ms
  Thread calibration: mean lat.: 29.108ms, rate sampling interval: 85ms
  Thread calibration: mean lat.: 31.076ms, rate sampling interval: 100ms
  Thread calibration: mean lat.: 29.094ms, rate sampling interval: 86ms
  Thread Stats   Avg      Stdev     99%   +/- Stdev
    Latency    28.98ms   15.28ms  83.65ms   84.44%
    Req/Sec    15.74     12.90    51.00     61.96%
  Latency Distribution (HdrHistogram - Recorded Latency)
 50.000%   25.09ms
 75.000%   33.79ms
 90.000%   46.14ms
 99.000%   83.65ms
 99.900%  147.07ms
 99.990%  273.41ms
 99.999%  420.35ms
100.000%  452.10ms

  Detailed Percentile spectrum:
       Value   Percentile   TotalCount 1/(1-Percentile)

       2.119     0.000000            1         1.00
      16.047     0.100000        30552         1.11
      18.639     0.200000        61065         1.25
      20.751     0.300000        91799         1.43
      22.815     0.400000       122147         1.67
      25.087     0.500000       152649         2.00
      26.383     0.550000       167953         2.22
      27.855     0.600000       183276         2.50
      29.519     0.650000       198503         2.86
      31.455     0.700000       213766         3.33
      33.791     0.750000       229076         4.00
      35.167     0.775000       236750         4.44
      36.671     0.800000       244247         5.00
      38.463     0.825000       251923         5.71
      40.511     0.850000       259488         6.67
      43.071     0.875000       267186         8.00
      44.479     0.887500       270958         8.89
      46.143     0.900000       274786        10.00
      47.999     0.912500       278614        11.43
      50.239     0.925000       282421        13.33
      52.863     0.937500       286203        16.00
      54.367     0.943750       288125        17.78
      56.159     0.950000       290011        20.00
      58.207     0.956250       291925        22.86
      60.671     0.962500       293835        26.67
      63.615     0.968750       295746        32.00
      65.311     0.971875       296703        35.56
      67.135     0.975000       297661        40.00
      69.503     0.978125       298616        45.71
      72.191     0.981250       299565        53.33
      75.327     0.984375       300513        64.00
      77.183     0.985938       300981        71.11
      79.295     0.987500       301459        80.00
      81.919     0.989062       301939        91.43
      84.735     0.990625       302411       106.67
      88.255     0.992188       302887       128.00
      90.367     0.992969       303128       142.22
      93.183     0.993750       303364       160.00
      96.383     0.994531       303607       182.86
      99.839     0.995313       303844       213.33
     103.871     0.996094       304086       256.00
     105.983     0.996484       304198       284.44
     108.799     0.996875       304318       320.00
     112.383     0.997266       304438       365.71
     116.927     0.997656       304558       426.67
     122.815     0.998047       304676       512.00
     126.207     0.998242       304735       568.89
     130.559     0.998437       304796       640.00
     135.167     0.998633       304854       731.43
     140.799     0.998828       304914       853.33
     147.967     0.999023       304973      1024.00
     152.703     0.999121       305003      1137.78
     157.183     0.999219       305033      1280.00
     164.479     0.999316       305064      1462.86
     174.335     0.999414       305094      1706.67
     180.607     0.999512       305122      2048.00
     190.975     0.999561       305137      2275.56
     200.575     0.999609       305152      2560.00
     209.407     0.999658       305167      2925.71
     217.855     0.999707       305182      3413.33
     229.759     0.999756       305197      4096.00
     235.007     0.999780       305204      4551.11
     239.743     0.999805       305212      5120.00
     244.863     0.999829       305219      5851.43
     254.335     0.999854       305227      6826.67
     263.167     0.999878       305234      8192.00
     268.543     0.999890       305238      9102.22
     281.855     0.999902       305242     10240.00
     287.231     0.999915       305245     11702.86
     312.063     0.999927       305249     13653.33
     323.327     0.999939       305253     16384.00
     325.631     0.999945       305255     18204.44
     336.639     0.999951       305257     20480.00
     339.199     0.999957       305258     23405.71
     345.855     0.999963       305260     27306.67
     363.775     0.999969       305262     32768.00
     370.943     0.999973       305263     36408.89
     372.991     0.999976       305264     40960.00
     391.679     0.999979       305265     46811.43
     398.335     0.999982       305266     54613.33
     402.687     0.999985       305267     65536.00
     402.687     0.999986       305267     72817.78
     420.351     0.999988       305268     81920.00
     420.351     0.999989       305268     93622.86
     421.375     0.999991       305269    109226.67
     421.375     0.999992       305269    131072.00
     421.375     0.999993       305269    145635.56
     424.959     0.999994       305270    163840.00
     424.959     0.999995       305270    187245.71
     424.959     0.999995       305270    218453.33
     424.959     0.999996       305270    262144.00
     424.959     0.999997       305270    291271.11
     452.095     0.999997       305271    327680.00
     452.095     1.000000       305271          inf
#[Mean    =       28.981, StdDeviation   =       15.278]
#[Max     =      451.840, Total count    =       305271]
#[Buckets =           27, SubBuckets     =         2048]
----------------------------------------------------------
  307844 requests in 20.00m, 3.85GB read
  Non-2xx or 3xx responses: 1
Requests/sec:    256.52
Transfer/sec:      3.29MB
