Running 20m test @ http://10.97.59.15:8080/wrk2-api/post/compose
  16 threads and 32 connections
  Thread calibration: mean lat.: 18.390ms, rate sampling interval: 47ms
  Thread calibration: mean lat.: 17.928ms, rate sampling interval: 47ms
  Thread calibration: mean lat.: 20.025ms, rate sampling interval: 54ms
  Thread calibration: mean lat.: 19.089ms, rate sampling interval: 51ms
  Thread calibration: mean lat.: 17.699ms, rate sampling interval: 42ms
  Thread calibration: mean lat.: 17.656ms, rate sampling interval: 45ms
  Thread calibration: mean lat.: 17.808ms, rate sampling interval: 44ms
  Thread calibration: mean lat.: 18.475ms, rate sampling interval: 50ms
  Thread calibration: mean lat.: 18.747ms, rate sampling interval: 46ms
  Thread calibration: mean lat.: 18.926ms, rate sampling interval: 54ms
  Thread calibration: mean lat.: 17.992ms, rate sampling interval: 45ms
  Thread calibration: mean lat.: 18.640ms, rate sampling interval: 52ms
  Thread calibration: mean lat.: 17.096ms, rate sampling interval: 46ms
  Thread calibration: mean lat.: 20.724ms, rate sampling interval: 49ms
  Thread calibration: mean lat.: 17.663ms, rate sampling interval: 45ms
  Thread calibration: mean lat.: 18.380ms, rate sampling interval: 50ms
  Thread Stats   Avg      Stdev     99%   +/- Stdev
    Latency    19.04ms    6.31ms  40.93ms   88.74%
    Req/Sec     3.97      9.04    40.00     82.47%
  Latency Distribution (HdrHistogram - Recorded Latency)
 50.000%   17.25ms
 75.000%   20.70ms
 90.000%   25.92ms
 99.000%   40.93ms
 99.900%   56.90ms
 99.990%  221.95ms
 99.999%  243.33ms
100.000%  250.24ms

  Detailed Percentile spectrum:
       Value   Percentile   TotalCount 1/(1-Percentile)

      11.431     0.000000            1         1.00
      14.375     0.100000         7655         1.11
      15.047     0.200000        15296         1.25
      15.671     0.300000        22912         1.43
      16.367     0.400000        30509         1.67
      17.247     0.500000        38256         2.00
      17.743     0.550000        42016         2.22
      18.303     0.600000        45760         2.50
      18.975     0.650000        49632         2.86
      19.759     0.700000        53439         3.33
      20.703     0.750000        57234         4.00
      21.263     0.775000        59133         4.44
      21.903     0.800000        61030         5.00
      22.655     0.825000        62916         5.71
      23.551     0.850000        64833         6.67
      24.607     0.875000        66729         8.00
      25.231     0.887500        67678         8.89
      25.919     0.900000        68635        10.00
      26.703     0.912500        69578        11.43
      27.631     0.925000        70536        13.33
      28.719     0.937500        71488        16.00
      29.423     0.943750        71960        17.78
      30.127     0.950000        72437        20.00
      30.879     0.956250        72914        22.86
      31.919     0.962500        73391        26.67
      33.055     0.968750        73871        32.00
      33.823     0.971875        74103        35.56
      34.591     0.975000        74343        40.00
      35.487     0.978125        74580        45.71
      36.575     0.981250        74821        53.33
      37.855     0.984375        75058        64.00
      38.623     0.985938        75178        71.11
      39.359     0.987500        75296        80.00
      40.255     0.989062        75412        91.43
      41.311     0.990625        75530       106.67
      42.431     0.992188        75650       128.00
      43.039     0.992969        75708       142.22
      43.871     0.993750        75770       160.00
      44.639     0.994531        75829       182.86
      45.759     0.995313        75887       213.33
      47.231     0.996094        75947       256.00
      48.095     0.996484        75977       284.44
      49.087     0.996875        76006       320.00
      49.951     0.997266        76036       365.71
      50.943     0.997656        76066       426.67
      52.095     0.998047        76096       512.00
      52.863     0.998242        76110       568.89
      53.887     0.998437        76125       640.00
      54.495     0.998633        76140       731.43
      55.807     0.998828        76155       853.33
      57.311     0.999023        76170      1024.00
      59.327     0.999121        76177      1137.78
      60.703     0.999219        76185      1280.00
      62.495     0.999316        76192      1462.86
      63.871     0.999414        76200      1706.67
      65.663     0.999512        76207      2048.00
      68.223     0.999561        76211      2275.56
      71.935     0.999609        76215      2560.00
      75.263     0.999658        76218      2925.71
      80.767     0.999707        76222      3413.33
      89.279     0.999756        76226      4096.00
     118.271     0.999780        76228      4551.11
     161.023     0.999805        76230      5120.00
     163.967     0.999829        76231      5851.43
     194.047     0.999854        76233      6826.67
     215.551     0.999878        76235      8192.00
     221.951     0.999890        76236      9102.22
     226.943     0.999902        76237     10240.00
     227.711     0.999915        76238     11702.86
     227.967     0.999927        76239     13653.33
     228.735     0.999939        76240     16384.00
     228.735     0.999945        76240     18204.44
     236.159     0.999951        76241     20480.00
     236.159     0.999957        76241     23405.71
     237.439     0.999963        76242     27306.67
     237.439     0.999969        76242     32768.00
     237.439     0.999973        76242     36408.89
     243.327     0.999976        76243     40960.00
     243.327     0.999979        76243     46811.43
     243.327     0.999982        76243     54613.33
     243.327     0.999985        76243     65536.00
     243.327     0.999986        76243     72817.78
     250.239     0.999988        76244     81920.00
     250.239     1.000000        76244          inf
#[Mean    =       19.037, StdDeviation   =        6.311]
#[Max     =      250.112, Total count    =        76244]
#[Buckets =           27, SubBuckets     =         2048]
----------------------------------------------------------
  76934 requests in 20.00m, 15.77MB read
  Socket errors: connect 0, read 0, write 0, timeout 342
Requests/sec:     64.11
Transfer/sec:     13.46KB
