Running 20m test @ http://10.97.59.15:8080/wrk2-api/home-timeline/read
  16 threads and 32 connections
  Thread calibration: mean lat.: 16.808ms, rate sampling interval: 57ms
  Thread calibration: mean lat.: 15.907ms, rate sampling interval: 54ms
  Thread calibration: mean lat.: 16.006ms, rate sampling interval: 49ms
  Thread calibration: mean lat.: 17.751ms, rate sampling interval: 60ms
  Thread calibration: mean lat.: 16.707ms, rate sampling interval: 58ms
  Thread calibration: mean lat.: 15.427ms, rate sampling interval: 48ms
  Thread calibration: mean lat.: 15.045ms, rate sampling interval: 47ms
  Thread calibration: mean lat.: 16.122ms, rate sampling interval: 50ms
  Thread calibration: mean lat.: 16.574ms, rate sampling interval: 52ms
  Thread calibration: mean lat.: 16.644ms, rate sampling interval: 51ms
  Thread calibration: mean lat.: 19.511ms, rate sampling interval: 62ms
  Thread calibration: mean lat.: 15.899ms, rate sampling interval: 51ms
  Thread calibration: mean lat.: 15.634ms, rate sampling interval: 46ms
  Thread calibration: mean lat.: 16.802ms, rate sampling interval: 54ms
  Thread calibration: mean lat.: 16.451ms, rate sampling interval: 52ms
  Thread calibration: mean lat.: 16.194ms, rate sampling interval: 50ms
  Thread Stats   Avg      Stdev     99%   +/- Stdev
    Latency    16.64ms    8.25ms  46.01ms   85.74%
    Req/Sec    25.96     21.82    86.00     60.04%
  Latency Distribution (HdrHistogram - Recorded Latency)
 50.000%   14.38ms
 75.000%   19.44ms
 90.000%   26.43ms
 99.000%   46.01ms
 99.900%   69.38ms
 99.990%  162.05ms
 99.999%  246.01ms
100.000%  280.58ms

  Detailed Percentile spectrum:
       Value   Percentile   TotalCount 1/(1-Percentile)

       0.134     0.000000            1         1.00
       9.767     0.100000        49668         1.11
      10.823     0.200000        99315         1.25
      11.879     0.300000       148730         1.43
      13.047     0.400000       198471         1.67
      14.375     0.500000       247961         2.00
      15.135     0.550000       272677         2.22
      15.991     0.600000       297595         2.50
      16.959     0.650000       322458         2.86
      18.095     0.700000       347171         3.33
      19.439     0.750000       371863         4.00
      20.223     0.775000       384302         4.44
      21.119     0.800000       396673         5.00
      22.127     0.825000       409113         5.71
      23.295     0.850000       421409         6.67
      24.687     0.875000       433838         8.00
      25.503     0.887500       440035         8.89
      26.431     0.900000       446240        10.00
      27.471     0.912500       452416        11.43
      28.703     0.925000       458619        13.33
      30.143     0.937500       464782        16.00
      30.991     0.943750       467884        17.78
      31.935     0.950000       470983        20.00
      33.023     0.956250       474081        22.86
      34.303     0.962500       477174        26.67
      35.839     0.968750       480303        32.00
      36.735     0.971875       481849        35.56
      37.695     0.975000       483366        40.00
      38.847     0.978125       484912        45.71
      40.223     0.981250       486489        53.33
      41.919     0.984375       488030        64.00
      42.847     0.985938       488793        71.11
      43.967     0.987500       489562        80.00
      45.215     0.989062       490336        91.43
      46.623     0.990625       491125       106.67
      48.383     0.992188       491883       128.00
      49.407     0.992969       492277       142.22
      50.463     0.993750       492664       160.00
      51.711     0.994531       493049       182.86
      53.247     0.995313       493435       213.33
      54.911     0.996094       493822       256.00
      56.127     0.996484       494018       284.44
      57.247     0.996875       494208       320.00
      58.527     0.997266       494399       365.71
      60.031     0.997656       494593       426.67
      61.919     0.998047       494787       512.00
      63.167     0.998242       494884       568.89
      64.479     0.998437       494980       640.00
      66.047     0.998633       495080       731.43
      67.711     0.998828       495177       853.33
      69.695     0.999023       495273      1024.00
      70.847     0.999121       495320      1137.78
      71.999     0.999219       495369      1280.00
      73.663     0.999316       495416      1462.86
      75.967     0.999414       495464      1706.67
      78.655     0.999512       495512      2048.00
      80.511     0.999561       495538      2275.56
      83.583     0.999609       495561      2560.00
      87.487     0.999658       495585      2925.71
      91.519     0.999707       495610      3413.33
      99.199     0.999756       495633      4096.00
     104.959     0.999780       495646      4551.11
     111.039     0.999805       495658      5120.00
     116.735     0.999829       495670      5851.43
     127.423     0.999854       495683      6826.67
     137.087     0.999878       495694      8192.00
     155.135     0.999890       495700      9102.22
     168.063     0.999902       495706     10240.00
     192.767     0.999915       495712     11702.86
     206.847     0.999927       495718     13653.33
     224.255     0.999939       495724     16384.00
     226.431     0.999945       495727     18204.44
     228.223     0.999951       495730     20480.00
     233.599     0.999957       495733     23405.71
     235.135     0.999963       495736     27306.67
     238.847     0.999969       495739     32768.00
     240.511     0.999973       495741     36408.89
     241.663     0.999976       495742     40960.00
     242.175     0.999979       495744     46811.43
     243.711     0.999982       495745     54613.33
     245.247     0.999985       495747     65536.00
     245.631     0.999986       495748     72817.78
     245.631     0.999988       495748     81920.00
     246.015     0.999989       495749     93622.86
     248.191     0.999991       495750    109226.67
     251.519     0.999992       495751    131072.00
     251.519     0.999993       495751    145635.56
     251.519     0.999994       495751    163840.00
     257.919     0.999995       495752    187245.71
     257.919     0.999995       495752    218453.33
     260.863     0.999996       495753    262144.00
     260.863     0.999997       495753    291271.11
     260.863     0.999997       495753    327680.00
     260.863     0.999997       495753    374491.43
     260.863     0.999998       495753    436906.67
     280.575     0.999998       495754    524288.00
     280.575     1.000000       495754          inf
#[Mean    =       16.640, StdDeviation   =        8.251]
#[Max     =      280.320, Total count    =       495754]
#[Buckets =           27, SubBuckets     =         2048]
----------------------------------------------------------
  499916 requests in 20.00m, 5.92GB read
Requests/sec:    416.58
Transfer/sec:      5.05MB
