Running 20m test @ http://10.97.59.15:8080/wrk2-api/user-timeline/read
  16 threads and 32 connections
  Thread calibration: mean lat.: 24.242ms, rate sampling interval: 69ms
  Thread calibration: mean lat.: 25.047ms, rate sampling interval: 78ms
  Thread calibration: mean lat.: 27.540ms, rate sampling interval: 81ms
  Thread calibration: mean lat.: 26.931ms, rate sampling interval: 79ms
  Thread calibration: mean lat.: 28.531ms, rate sampling interval: 85ms
  Thread calibration: mean lat.: 24.146ms, rate sampling interval: 72ms
  Thread calibration: mean lat.: 26.038ms, rate sampling interval: 84ms
  Thread calibration: mean lat.: 24.969ms, rate sampling interval: 73ms
  Thread calibration: mean lat.: 25.200ms, rate sampling interval: 72ms
  Thread calibration: mean lat.: 25.457ms, rate sampling interval: 83ms
  Thread calibration: mean lat.: 25.669ms, rate sampling interval: 80ms
  Thread calibration: mean lat.: 26.293ms, rate sampling interval: 77ms
  Thread calibration: mean lat.: 26.596ms, rate sampling interval: 84ms
  Thread calibration: mean lat.: 25.199ms, rate sampling interval: 75ms
  Thread calibration: mean lat.: 23.972ms, rate sampling interval: 71ms
  Thread calibration: mean lat.: 28.451ms, rate sampling interval: 80ms
  Thread Stats   Avg      Stdev     99%   +/- Stdev
    Latency    25.55ms   10.36ms  62.33ms   78.47%
    Req/Sec    12.76     12.54    50.00     85.77%
  Latency Distribution (HdrHistogram - Recorded Latency)
 50.000%   23.15ms
 75.000%   29.57ms
 90.000%   38.46ms
 99.000%   62.33ms
 99.900%   87.74ms
 99.990%  114.37ms
 99.999%  170.11ms
100.000%  232.45ms

  Detailed Percentile spectrum:
       Value   Percentile   TotalCount 1/(1-Percentile)

       5.115     0.000000            1         1.00
      15.599     0.100000        24831         1.11
      17.919     0.200000        49572         1.25
      19.711     0.300000        74408         1.43
      21.391     0.400000        99244         1.67
      23.151     0.500000       123938         2.00
      24.127     0.550000       136369         2.22
      25.215     0.600000       148803         2.50
      26.447     0.650000       161151         2.86
      27.871     0.700000       173559         3.33
      29.567     0.750000       185824         4.00
      30.575     0.775000       192078         4.44
      31.679     0.800000       198254         5.00
      32.959     0.825000       204453         5.71
      34.463     0.850000       210659         6.67
      36.255     0.875000       216869         8.00
      37.279     0.887500       219937         8.89
      38.463     0.900000       222993        10.00
      39.743     0.912500       226082        11.43
      41.343     0.925000       229216        13.33
      43.199     0.937500       232276        16.00
      44.287     0.943750       233809        17.78
      45.535     0.950000       235379        20.00
      46.879     0.956250       236938        22.86
      48.447     0.962500       238473        26.67
      50.367     0.968750       240014        32.00
      51.423     0.971875       240790        35.56
      52.639     0.975000       241556        40.00
      54.015     0.978125       242330        45.71
      55.583     0.981250       243110        53.33
      57.599     0.984375       243874        64.00
      58.847     0.985938       244266        71.11
      60.095     0.987500       244653        80.00
      61.535     0.989062       245038        91.43
      63.007     0.990625       245431       106.67
      64.895     0.992188       245809       128.00
      66.047     0.992969       246006       142.22
      67.263     0.993750       246196       160.00
      68.799     0.994531       246393       182.86
      70.591     0.995313       246585       213.33
      72.703     0.996094       246779       256.00
      73.983     0.996484       246873       284.44
      75.327     0.996875       246969       320.00
      76.927     0.997266       247068       365.71
      78.719     0.997656       247164       426.67
      80.831     0.998047       247265       512.00
      81.919     0.998242       247312       568.89
      83.007     0.998437       247356       640.00
      84.543     0.998633       247405       731.43
      86.335     0.998828       247455       853.33
      87.999     0.999023       247502      1024.00
      89.407     0.999121       247526      1137.78
      90.495     0.999219       247550      1280.00
      92.671     0.999316       247574      1462.86
      94.847     0.999414       247598      1706.67
      97.471     0.999512       247623      2048.00
      98.559     0.999561       247635      2275.56
      99.839     0.999609       247648      2560.00
     101.375     0.999658       247660      2925.71
     104.127     0.999707       247671      3413.33
     105.791     0.999756       247683      4096.00
     107.007     0.999780       247689      4551.11
     108.479     0.999805       247695      5120.00
     108.799     0.999829       247701      5851.43
     110.079     0.999854       247707      6826.67
     111.807     0.999878       247713      8192.00
     112.767     0.999890       247716      9102.22
     114.431     0.999902       247719     10240.00
     116.671     0.999915       247722     11702.86
     119.167     0.999927       247725     13653.33
     120.703     0.999939       247728     16384.00
     122.623     0.999945       247730     18204.44
     125.503     0.999951       247731     20480.00
     128.191     0.999957       247733     23405.71
     130.815     0.999963       247734     27306.67
     133.503     0.999969       247736     32768.00
     135.039     0.999973       247737     36408.89
     135.039     0.999976       247737     40960.00
     135.295     0.999979       247738     46811.43
     139.519     0.999982       247739     54613.33
     170.111     0.999985       247741     65536.00
     170.111     0.999986       247741     72817.78
     170.111     0.999988       247741     81920.00
     170.111     0.999989       247741     93622.86
     170.111     0.999991       247741    109226.67
     219.007     0.999992       247742    131072.00
     219.007     0.999993       247742    145635.56
     219.007     0.999994       247742    163840.00
     219.007     0.999995       247742    187245.71
     219.007     0.999995       247742    218453.33
     232.447     0.999996       247743    262144.00
     232.447     1.000000       247743          inf
#[Mean    =       25.553, StdDeviation   =       10.361]
#[Max     =      232.320, Total count    =       247743]
#[Buckets =           27, SubBuckets     =         2048]
----------------------------------------------------------
  249814 requests in 20.00m, 3.17GB read
Requests/sec:    208.17
Transfer/sec:      2.70MB
