Running 20m test @ http://10.111.177.3:8080/wrk2-api/post/compose
  16 threads and 32 connections
  Thread calibration: mean lat.: 19.159ms, rate sampling interval: 48ms
  Thread calibration: mean lat.: 18.601ms, rate sampling interval: 51ms
  Thread calibration: mean lat.: 18.409ms, rate sampling interval: 47ms
  Thread calibration: mean lat.: 18.837ms, rate sampling interval: 54ms
  Thread calibration: mean lat.: 18.440ms, rate sampling interval: 53ms
  Thread calibration: mean lat.: 17.537ms, rate sampling interval: 49ms
  Thread calibration: mean lat.: 18.890ms, rate sampling interval: 53ms
  Thread calibration: mean lat.: 18.012ms, rate sampling interval: 50ms
  Thread calibration: mean lat.: 18.175ms, rate sampling interval: 55ms
  Thread calibration: mean lat.: 21.032ms, rate sampling interval: 60ms
  Thread calibration: mean lat.: 20.418ms, rate sampling interval: 50ms
  Thread calibration: mean lat.: 18.914ms, rate sampling interval: 56ms
  Thread calibration: mean lat.: 18.023ms, rate sampling interval: 49ms
  Thread calibration: mean lat.: 21.409ms, rate sampling interval: 63ms
  Thread calibration: mean lat.: 16.277ms, rate sampling interval: 38ms
  Thread calibration: mean lat.: 17.631ms, rate sampling interval: 52ms
  Thread Stats   Avg      Stdev     99%   +/- Stdev
    Latency    53.75ms  275.06ms   1.13s    97.57%
    Req/Sec     3.95      8.79    38.00     81.41%
  Latency Distribution (HdrHistogram - Recorded Latency)
 50.000%   17.04ms
 75.000%   22.08ms
 90.000%   36.77ms
 99.000%    1.13s 
 99.900%    4.13s 
 99.990%    6.03s 
 99.999%    6.59s 
100.000%    6.75s 

  Detailed Percentile spectrum:
       Value   Percentile   TotalCount 1/(1-Percentile)

       2.069     0.000000            1         1.00
       6.175     0.100000         7626         1.11
      14.487     0.200000        15293         1.25
      15.319     0.300000        22947         1.43
      16.087     0.400000        30517         1.67
      17.039     0.500000        38158         2.00
      17.647     0.550000        41960         2.22
      18.383     0.600000        45812         2.50
      19.295     0.650000        49615         2.86
      20.463     0.700000        53414         3.33
      22.079     0.750000        57208         4.00
      23.151     0.775000        59093         4.44
      24.527     0.800000        61001         5.00
      26.255     0.825000        62915         5.71
      28.463     0.850000        64807         6.67
      31.679     0.875000        66714         8.00
      33.919     0.887500        67672         8.89
      36.767     0.900000        68628        10.00
      40.255     0.912500        69578        11.43
      45.119     0.925000        70526        13.33
      51.743     0.937500        71479        16.00
      56.543     0.943750        71956        17.78
      62.559     0.950000        72432        20.00
      70.143     0.956250        72911        22.86
      83.839     0.962500        73385        26.67
     119.487     0.968750        73861        32.00
     289.535     0.971875        74099        35.56
     317.951     0.975000        74338        40.00
     421.631     0.978125        74576        45.71
     523.775     0.981250        74814        53.33
     697.855     0.984375        75053        64.00
     795.647     0.985938        75171        71.11
     918.015     0.987500        75290        80.00
    1051.647     0.989062        75410        91.43
    1189.887     0.990625        75530       106.67
    1386.495     0.992188        75648       128.00
    1494.015     0.992969        75707       142.22
    1615.871     0.993750        75767       160.00
    1788.927     0.994531        75827       182.86
    1994.751     0.995313        75887       213.33
    2303.999     0.996094        75946       256.00
    2500.607     0.996484        75975       284.44
    2770.943     0.996875        76005       320.00
    2983.935     0.997266        76035       365.71
    3143.679     0.997656        76065       426.67
    3403.775     0.998047        76095       512.00
    3452.927     0.998242        76109       568.89
    3600.383     0.998437        76124       640.00
    3825.663     0.998633        76139       731.43
    4009.983     0.998828        76155       853.33
    4141.055     0.999023        76169      1024.00
    4288.511     0.999121        76176      1137.78
    4399.103     0.999219        76185      1280.00
    4501.503     0.999316        76191      1462.86
    4624.383     0.999414        76199      1706.67
    4775.935     0.999512        76206      2048.00
    4919.295     0.999561        76210      2275.56
    5079.039     0.999609        76214      2560.00
    5328.895     0.999658        76217      2925.71
    5509.119     0.999707        76221      3413.33
    5722.111     0.999756        76225      4096.00
    5832.703     0.999780        76228      4551.11
    5836.799     0.999805        76229      5120.00
    5877.759     0.999829        76230      5851.43
    5963.775     0.999854        76232      6826.67
    6012.927     0.999878        76234      8192.00
    6025.215     0.999890        76235      9102.22
    6082.559     0.999902        76236     10240.00
    6119.423     0.999915        76237     11702.86
    6172.671     0.999927        76238     13653.33
    6221.823     0.999939        76239     16384.00
    6221.823     0.999945        76239     18204.44
    6270.975     0.999951        76240     20480.00
    6270.975     0.999957        76240     23405.71
    6479.871     0.999963        76241     27306.67
    6479.871     0.999969        76241     32768.00
    6479.871     0.999973        76241     36408.89
    6590.463     0.999976        76242     40960.00
    6590.463     0.999979        76242     46811.43
    6590.463     0.999982        76242     54613.33
    6590.463     0.999985        76242     65536.00
    6590.463     0.999986        76242     72817.78
    6750.207     0.999988        76243     81920.00
    6750.207     1.000000        76243          inf
#[Mean    =       53.753, StdDeviation   =      275.064]
#[Max     =     6746.112, Total count    =        76243]
#[Buckets =           27, SubBuckets     =         2048]
----------------------------------------------------------
  76934 requests in 20.00m, 16.23MB read
  Socket errors: connect 0, read 0, write 0, timeout 349
  Non-2xx or 3xx responses: 10654
Requests/sec:     64.11
Transfer/sec:     13.85KB
