Running 20m test @ http://10.111.177.3:8080/wrk2-api/home-timeline/read
  16 threads and 32 connections
  Thread calibration: mean lat.: 15.472ms, rate sampling interval: 49ms
  Thread calibration: mean lat.: 14.929ms, rate sampling interval: 46ms
  Thread calibration: mean lat.: 17.423ms, rate sampling interval: 57ms
  Thread calibration: mean lat.: 15.826ms, rate sampling interval: 49ms
  Thread calibration: mean lat.: 15.642ms, rate sampling interval: 51ms
  Thread calibration: mean lat.: 14.637ms, rate sampling interval: 47ms
  Thread calibration: mean lat.: 16.079ms, rate sampling interval: 47ms
  Thread calibration: mean lat.: 14.656ms, rate sampling interval: 46ms
  Thread calibration: mean lat.: 15.338ms, rate sampling interval: 48ms
  Thread calibration: mean lat.: 15.206ms, rate sampling interval: 48ms
  Thread calibration: mean lat.: 15.626ms, rate sampling interval: 49ms
  Thread calibration: mean lat.: 14.692ms, rate sampling interval: 45ms
  Thread calibration: mean lat.: 13.700ms, rate sampling interval: 42ms
  Thread calibration: mean lat.: 14.819ms, rate sampling interval: 46ms
  Thread calibration: mean lat.: 13.971ms, rate sampling interval: 42ms
  Thread calibration: mean lat.: 15.791ms, rate sampling interval: 50ms
  Thread Stats   Avg      Stdev     99%   +/- Stdev
    Latency     2.00s     3.66s   15.95s    87.95%
    Req/Sec    25.98     31.28   127.00     84.44%
  Latency Distribution (HdrHistogram - Recorded Latency)
 50.000%   26.33ms
 75.000%    3.02s 
 90.000%    6.39s 
 99.000%   15.95s 
 99.900%   33.44s 
 99.990%   40.86s 
 99.999%   42.60s 
100.000%   43.02s 

  Detailed Percentile spectrum:
       Value   Percentile   TotalCount 1/(1-Percentile)

       0.430     0.000000            1         1.00
      10.271     0.100000        49540         1.11
      12.111     0.200000        99098         1.25
      14.375     0.300000       148621         1.43
      17.967     0.400000       198098         1.67
      26.335     0.500000       247524         2.00
      43.039     0.550000       272271         2.22
     323.327     0.600000       297006         2.50
    1367.039     0.650000       321753         2.86
    2260.991     0.700000       346574         3.33
    3016.703     0.750000       371306         4.00
    3366.911     0.775000       383650         4.44
    3706.879     0.800000       396066         5.00
    4018.175     0.825000       408451         5.71
    4698.111     0.850000       420788         6.67
    5496.831     0.875000       433132         8.00
    5931.007     0.887500       439316         8.89
    6389.759     0.900000       445526        10.00
    6881.279     0.912500       451732        11.43
    7483.391     0.925000       457884        13.33
    8253.439     0.937500       464079        16.00
    8683.519     0.943750       467206        17.78
    9183.231     0.950000       470273        20.00
    9740.287     0.956250       473350        22.86
   10444.799     0.962500       476443        26.67
   11247.615     0.968750       479542        32.00
   11706.367     0.971875       481088        35.56
   12214.271     0.975000       482633        40.00
   12754.943     0.978125       484195        45.71
   13434.879     0.981250       485724        53.33
   14196.735     0.984375       487284        64.00
   14606.335     0.985938       488052        71.11
   15089.663     0.987500       488820        80.00
   15630.335     0.989062       489588        91.43
   16195.583     0.990625       490364       106.67
   17072.127     0.992188       491137       128.00
   17596.415     0.992969       491522       142.22
   18284.543     0.993750       491912       160.00
   19202.047     0.994531       492299       182.86
   19988.479     0.995313       492684       213.33
   21151.743     0.996094       493072       256.00
   21970.943     0.996484       493262       284.44
   22986.751     0.996875       493458       320.00
   23478.271     0.997266       493650       365.71
   24625.151     0.997656       493842       426.67
   26247.167     0.998047       494037       512.00
   27082.751     0.998242       494132       568.89
   28999.679     0.998437       494230       640.00
   29982.719     0.998633       494327       731.43
   31686.655     0.998828       494422       853.33
   33538.047     0.999023       494519      1024.00
   34209.791     0.999121       494569      1137.78
   34766.847     0.999219       494618      1280.00
   35323.903     0.999316       494665      1462.86
   35880.959     0.999414       494712      1706.67
   36339.711     0.999512       494764      2048.00
   36569.087     0.999561       494787      2275.56
   37289.983     0.999609       494811      2560.00
   37945.343     0.999658       494834      2925.71
   39059.455     0.999707       494858      3413.33
   39747.583     0.999756       494882      4096.00
   40075.263     0.999780       494895      4551.11
   40435.711     0.999805       494907      5120.00
   40534.015     0.999829       494922      5851.43
   40632.319     0.999854       494935      6826.67
   40763.391     0.999878       494944      8192.00
   40828.927     0.999890       494951      9102.22
   40894.463     0.999902       494954     10240.00
   41222.143     0.999915       494961     11702.86
   41517.055     0.999927       494966     13653.33
   41779.199     0.999939       494972     16384.00
   41844.735     0.999945       494978     18204.44
   41844.735     0.999951       494978     20480.00
   41910.271     0.999957       494981     23405.71
   42041.343     0.999963       494984     27306.67
   42106.879     0.999969       494987     32768.00
   42139.647     0.999973       494989     36408.89
   42172.415     0.999976       494990     40960.00
   42205.183     0.999979       494992     46811.43
   42401.791     0.999982       494993     54613.33
   42500.095     0.999985       494995     65536.00
   42565.631     0.999986       494996     72817.78
   42565.631     0.999988       494996     81920.00
   42598.399     0.999989       494997     93622.86
   42631.167     0.999991       494998    109226.67
   42827.775     0.999992       494999    131072.00
   42827.775     0.999993       494999    145635.56
   42827.775     0.999994       494999    163840.00
   42926.079     0.999995       495000    187245.71
   42926.079     0.999995       495000    218453.33
   42991.615     0.999996       495001    262144.00
   42991.615     0.999997       495001    291271.11
   42991.615     0.999997       495001    327680.00
   42991.615     0.999997       495001    374491.43
   42991.615     0.999998       495001    436906.67
   43024.383     0.999998       495002    524288.00
   43024.383     1.000000       495002          inf
#[Mean    =     1999.610, StdDeviation   =     3655.340]
#[Max     =    42991.616, Total count    =       495002]
#[Buckets =           27, SubBuckets     =         2048]
----------------------------------------------------------
  499158 requests in 20.00m, 5.41GB read
  Non-2xx or 3xx responses: 41574
Requests/sec:    415.94
Transfer/sec:      4.61MB
