Running 20m test @ http://10.111.177.3:8080/wrk2-api/user-timeline/read
  16 threads and 32 connections
  Thread calibration: mean lat.: 25.845ms, rate sampling interval: 80ms
  Thread calibration: mean lat.: 24.827ms, rate sampling interval: 73ms
  Thread calibration: mean lat.: 27.511ms, rate sampling interval: 84ms
  Thread calibration: mean lat.: 29.814ms, rate sampling interval: 93ms
  Thread calibration: mean lat.: 25.136ms, rate sampling interval: 72ms
  Thread calibration: mean lat.: 24.815ms, rate sampling interval: 74ms
  Thread calibration: mean lat.: 29.282ms, rate sampling interval: 85ms
  Thread calibration: mean lat.: 24.187ms, rate sampling interval: 68ms
  Thread calibration: mean lat.: 21.707ms, rate sampling interval: 59ms
  Thread calibration: mean lat.: 22.652ms, rate sampling interval: 63ms
  Thread calibration: mean lat.: 24.671ms, rate sampling interval: 69ms
  Thread calibration: mean lat.: 23.425ms, rate sampling interval: 68ms
  Thread calibration: mean lat.: 26.870ms, rate sampling interval: 82ms
  Thread calibration: mean lat.: 24.371ms, rate sampling interval: 70ms
  Thread calibration: mean lat.: 23.026ms, rate sampling interval: 68ms
  Thread calibration: mean lat.: 25.914ms, rate sampling interval: 77ms
  Thread Stats   Avg      Stdev     99%   +/- Stdev
    Latency     1.10s     2.22s   10.10s    86.66%
    Req/Sec    12.79     16.68    68.00     88.32%
  Latency Distribution (HdrHistogram - Recorded Latency)
 50.000%   28.90ms
 75.000%    1.29s 
 90.000%    3.86s 
 99.000%   10.10s 
 99.900%   17.76s 
 99.990%   24.25s 
 99.999%   25.71s 
100.000%   25.79s 

  Detailed Percentile spectrum:
       Value   Percentile   TotalCount 1/(1-Percentile)

       0.312     0.000000            1         1.00
      15.367     0.100000        24807         1.11
      18.591     0.200000        49589         1.25
      21.167     0.300000        74344         1.43
      24.095     0.400000        99077         1.67
      28.895     0.500000       123850         2.00
      33.183     0.550000       136227         2.22
      40.895     0.600000       148599         2.50
      61.983     0.650000       160985         2.86
     252.927     0.700000       173363         3.33
    1291.263     0.750000       185749         4.00
    1765.375     0.775000       191940         4.44
    2215.935     0.800000       198143         5.00
    2648.063     0.825000       204339         5.71
    3053.567     0.850000       210531         6.67
    3452.927     0.875000       216706         8.00
    3657.727     0.887500       219817         8.89
    3856.383     0.900000       222903        10.00
    4020.223     0.912500       226002        11.43
    4325.375     0.925000       229101        13.33
    4878.335     0.937500       232183        16.00
    5193.727     0.943750       233729        17.78
    5537.791     0.950000       235277        20.00
    5890.047     0.956250       236828        22.86
    6316.031     0.962500       238379        26.67
    6795.263     0.968750       239931        32.00
    7057.407     0.971875       240700        35.56
    7380.991     0.975000       241474        40.00
    7708.671     0.978125       242252        45.71
    8126.463     0.981250       243018        53.33
    8716.287     0.984375       243791        64.00
    9019.391     0.985938       244180        71.11
    9412.607     0.987500       244565        80.00
    9838.591     0.989062       244956        91.43
   10305.535     0.990625       245337       106.67
   10895.359     0.992188       245726       128.00
   11304.959     0.992969       245920       142.22
   11722.751     0.993750       246111       160.00
   12099.583     0.994531       246304       182.86
   12599.295     0.995313       246501       213.33
   13205.503     0.996094       246691       256.00
   13508.607     0.996484       246788       284.44
   13975.551     0.996875       246885       320.00
   14360.575     0.997266       246982       365.71
   14884.863     0.997656       247078       426.67
   15491.071     0.998047       247175       512.00
   15794.175     0.998242       247224       568.89
   16244.735     0.998437       247272       640.00
   16637.951     0.998633       247320       731.43
   17170.431     0.998828       247368       853.33
   17793.023     0.999023       247418      1024.00
   17989.631     0.999121       247444      1137.78
   18251.775     0.999219       247466      1280.00
   18874.367     0.999316       247489      1462.86
   19316.735     0.999414       247513      1706.67
   19857.407     0.999512       247538      2048.00
   20152.319     0.999561       247550      2275.56
   20447.231     0.999609       247562      2560.00
   21020.671     0.999658       247575      2925.71
   21331.967     0.999707       247589      3413.33
   21692.415     0.999756       247598      4096.00
   21889.023     0.999780       247604      4551.11
   22085.631     0.999805       247610      5120.00
   22396.927     0.999829       247616      5851.43
   22872.063     0.999854       247622      6826.67
   23281.663     0.999878       247629      8192.00
   23773.183     0.999890       247631      9102.22
   24346.623     0.999902       247634     10240.00
   25034.751     0.999915       247637     11702.86
   25133.055     0.999927       247640     13653.33
   25214.975     0.999939       247643     16384.00
   25411.583     0.999945       247646     18204.44
   25411.583     0.999951       247646     20480.00
   25477.119     0.999957       247648     23405.71
   25624.575     0.999963       247650     27306.67
   25640.959     0.999969       247652     32768.00
   25640.959     0.999973       247652     36408.89
   25640.959     0.999976       247652     40960.00
   25673.727     0.999979       247653     46811.43
   25690.111     0.999982       247655     54613.33
   25690.111     0.999985       247655     65536.00
   25690.111     0.999986       247655     72817.78
   25690.111     0.999988       247655     81920.00
   25706.495     0.999989       247656     93622.86
   25706.495     0.999991       247656    109226.67
   25788.415     0.999992       247658    131072.00
   25788.415     1.000000       247658          inf
#[Mean    =     1095.654, StdDeviation   =     2221.472]
#[Max     =    25772.032, Total count    =       247658]
#[Buckets =           27, SubBuckets     =         2048]
----------------------------------------------------------
  249741 requests in 20.00m, 2.78GB read
  Non-2xx or 3xx responses: 32225
Requests/sec:    208.10
Transfer/sec:      2.37MB
