Running 20m test @ http://10.108.125.128:8080/wrk2-api/home-timeline/read
  16 threads and 32 connections
  Thread calibration: mean lat.: 24.543ms, rate sampling interval: 67ms
  Thread calibration: mean lat.: 19.426ms, rate sampling interval: 73ms
  Thread calibration: mean lat.: 29.970ms, rate sampling interval: 67ms
  Thread calibration: mean lat.: 28.069ms, rate sampling interval: 57ms
  Thread calibration: mean lat.: 16.802ms, rate sampling interval: 58ms
  Thread calibration: mean lat.: 27.714ms, rate sampling interval: 53ms
  Thread calibration: mean lat.: 26.422ms, rate sampling interval: 85ms
  Thread calibration: mean lat.: 25.300ms, rate sampling interval: 79ms
  Thread calibration: mean lat.: 21.117ms, rate sampling interval: 71ms
  Thread calibration: mean lat.: 18.150ms, rate sampling interval: 59ms
  Thread calibration: mean lat.: 27.728ms, rate sampling interval: 51ms
  Thread calibration: mean lat.: 25.255ms, rate sampling interval: 74ms
  Thread calibration: mean lat.: 32.644ms, rate sampling interval: 55ms
  Thread calibration: mean lat.: 26.560ms, rate sampling interval: 77ms
  Thread calibration: mean lat.: 32.679ms, rate sampling interval: 78ms
  Thread calibration: mean lat.: 24.681ms, rate sampling interval: 63ms
  Thread Stats   Avg      Stdev     99%   +/- Stdev
    Latency    24.16ms   80.63ms  78.85ms   99.16%
    Req/Sec    29.94     21.16    89.00     71.48%
  Latency Distribution (HdrHistogram - Recorded Latency)
 50.000%   15.12ms
 75.000%   21.36ms
 90.000%   30.64ms
 99.000%   78.85ms
 99.900%    1.41s 
 99.990%    1.64s 
 99.999%    1.92s 
100.000%    1.94s 

  Detailed Percentile spectrum:
       Value   Percentile   TotalCount 1/(1-Percentile)

       2.337     0.000000            1         1.00
       9.711     0.100000        23572         1.11
      10.927     0.200000        47021         1.25
      12.159     0.300000        70361         1.43
      13.535     0.400000        93813         1.67
      15.119     0.500000       117221         2.00
      16.031     0.550000       128927         2.22
      17.087     0.600000       140704         2.50
      18.287     0.650000       152480         2.86
      19.679     0.700000       164135         3.33
      21.359     0.750000       175815         4.00
      22.367     0.775000       181705         4.44
      23.503     0.800000       187539         5.00
      24.815     0.825000       193399         5.71
      26.383     0.850000       199217         6.67
      28.239     0.875000       205071         8.00
      29.343     0.887500       208007         8.89
      30.639     0.900000       210948        10.00
      32.079     0.912500       213873        11.43
      33.855     0.925000       216804        13.33
      35.935     0.937500       219737        16.00
      37.247     0.943750       221205        17.78
      38.655     0.950000       222658        20.00
      40.447     0.956250       224108        22.86
      42.623     0.962500       225579        26.67
      45.471     0.968750       227043        32.00
      47.039     0.971875       227772        35.56
      49.087     0.975000       228505        40.00
      51.583     0.978125       229235        45.71
      55.007     0.981250       229970        53.33
      59.391     0.984375       230701        64.00
      62.527     0.985938       231071        71.11
      66.751     0.987500       231432        80.00
      73.151     0.989062       231801        91.43
      85.375     0.990625       232165       106.67
     151.039     0.992188       232531       128.00
     264.703     0.992969       232714       142.22
     371.711     0.993750       232898       160.00
     458.495     0.994531       233080       182.86
     561.151     0.995313       233263       213.33
     739.839     0.996094       233446       256.00
     834.559     0.996484       233538       284.44
     926.207     0.996875       233629       320.00
    1022.975     0.997266       233721       365.71
    1132.543     0.997656       233812       426.67
    1215.487     0.998047       233904       512.00
    1264.639     0.998242       233950       568.89
    1303.551     0.998437       233995       640.00
    1345.535     0.998633       234041       731.43
    1381.375     0.998828       234087       853.33
    1415.167     0.999023       234135      1024.00
    1429.503     0.999121       234156      1137.78
    1445.887     0.999219       234178      1280.00
    1463.295     0.999316       234202      1462.86
    1475.583     0.999414       234225      1706.67
    1491.967     0.999512       234247      2048.00
    1503.231     0.999561       234260      2275.56
    1508.351     0.999609       234270      2560.00
    1520.639     0.999658       234282      2925.71
    1534.975     0.999707       234293      3413.33
    1550.335     0.999756       234305      4096.00
    1559.551     0.999780       234311      4551.11
    1565.695     0.999805       234316      5120.00
    1571.839     0.999829       234321      5851.43
    1587.199     0.999854       234327      6826.67
    1611.775     0.999878       234333      8192.00
    1628.159     0.999890       234336      9102.22
    1641.471     0.999902       234339     10240.00
    1668.095     0.999915       234341     11702.86
    1689.599     0.999927       234344     13653.33
    1737.727     0.999939       234347     16384.00
    1747.967     0.999945       234349     18204.44
    1774.591     0.999951       234350     20480.00
    1784.831     0.999957       234351     23405.71
    1822.719     0.999963       234353     27306.67
    1860.607     0.999969       234354     32768.00
    1889.279     0.999973       234355     36408.89
    1897.471     0.999976       234356     40960.00
    1897.471     0.999979       234356     46811.43
    1901.567     0.999982       234357     54613.33
    1916.927     0.999985       234359     65536.00
    1916.927     0.999986       234359     72817.78
    1916.927     0.999988       234359     81920.00
    1916.927     0.999989       234359     93622.86
    1916.927     0.999991       234359    109226.67
    1922.047     0.999992       234360    131072.00
    1922.047     0.999993       234360    145635.56
    1922.047     0.999994       234360    163840.00
    1922.047     0.999995       234360    187245.71
    1922.047     0.999995       234360    218453.33
    1935.359     0.999996       234361    262144.00
    1935.359     1.000000       234361          inf
#[Mean    =       24.163, StdDeviation   =       80.633]
#[Max     =     1934.336, Total count    =       234361]
#[Buckets =           27, SubBuckets     =         2048]
----------------------------------------------------------
  238452 requests in 8.27m, 2.80GB read
Requests/sec:    480.70
Transfer/sec:      5.78MB
