Running 20m test @ http://10.108.125.128:8080/wrk2-api/user-timeline/read
  16 threads and 32 connections
  Thread calibration: mean lat.: 27.055ms, rate sampling interval: 85ms
  Thread calibration: mean lat.: 29.100ms, rate sampling interval: 91ms
  Thread calibration: mean lat.: 31.414ms, rate sampling interval: 97ms
  Thread calibration: mean lat.: 28.895ms, rate sampling interval: 84ms
  Thread calibration: mean lat.: 31.422ms, rate sampling interval: 105ms
  Thread calibration: mean lat.: 28.138ms, rate sampling interval: 90ms
  Thread calibration: mean lat.: 28.783ms, rate sampling interval: 85ms
  Thread calibration: mean lat.: 25.649ms, rate sampling interval: 76ms
  Thread calibration: mean lat.: 26.258ms, rate sampling interval: 79ms
  Thread calibration: mean lat.: 29.538ms, rate sampling interval: 93ms
  Thread calibration: mean lat.: 25.722ms, rate sampling interval: 75ms
  Thread calibration: mean lat.: 26.481ms, rate sampling interval: 83ms
  Thread calibration: mean lat.: 30.957ms, rate sampling interval: 90ms
  Thread calibration: mean lat.: 26.900ms, rate sampling interval: 86ms
  Thread calibration: mean lat.: 28.642ms, rate sampling interval: 88ms
  Thread calibration: mean lat.: 29.009ms, rate sampling interval: 90ms
  Thread Stats   Avg      Stdev     99%   +/- Stdev
    Latency    27.50ms   13.91ms  75.26ms   84.37%
    Req/Sec    14.75     12.72    52.00     60.34%
  Latency Distribution (HdrHistogram - Recorded Latency)
 50.000%   24.13ms
 75.000%   31.68ms
 90.000%   42.88ms
 99.000%   75.26ms
 99.900%  141.95ms
 99.990%  282.37ms
 99.999%  371.45ms
100.000%  416.26ms

  Detailed Percentile spectrum:
       Value   Percentile   TotalCount 1/(1-Percentile)

       5.079     0.000000            1         1.00
      15.799     0.100000        11686         1.11
      18.335     0.200000        23371         1.25
      20.287     0.300000        35131         1.43
      22.127     0.400000        46745         1.67
      24.127     0.500000        58435         2.00
      25.247     0.550000        64290         2.22
      26.511     0.600000        70091         2.50
      27.951     0.650000        75953         2.86
      29.647     0.700000        81773         3.33
      31.679     0.750000        87611         4.00
      32.927     0.775000        90517         4.44
      34.335     0.800000        93453         5.00
      35.935     0.825000        96374         5.71
      37.791     0.850000        99286         6.67
      40.063     0.875000       102217         8.00
      41.343     0.887500       103650         8.89
      42.879     0.900000       105104        10.00
      44.575     0.912500       106565        11.43
      46.559     0.925000       108031        13.33
      49.023     0.937500       109502        16.00
      50.367     0.943750       110216        17.78
      51.903     0.950000       110954        20.00
      53.759     0.956250       111679        22.86
      55.775     0.962500       112409        26.67
      58.463     0.968750       113135        32.00
      59.935     0.971875       113499        35.56
      61.599     0.975000       113865        40.00
      63.583     0.978125       114228        45.71
      65.663     0.981250       114594        53.33
      68.863     0.984375       114965        64.00
      70.335     0.985938       115143        71.11
      72.191     0.987500       115330        80.00
      73.791     0.989062       115506        91.43
      76.223     0.990625       115689       106.67
      79.615     0.992188       115873       128.00
      81.599     0.992969       115961       142.22
      83.903     0.993750       116053       160.00
      86.783     0.994531       116148       182.86
      89.919     0.995313       116235       213.33
      94.271     0.996094       116327       256.00
      96.383     0.996484       116373       284.44
      99.071     0.996875       116418       320.00
     102.911     0.997266       116463       365.71
     106.495     0.997656       116509       426.67
     111.615     0.998047       116554       512.00
     115.839     0.998242       116578       568.89
     120.831     0.998437       116600       640.00
     128.191     0.998633       116623       731.43
     135.807     0.998828       116647       853.33
     142.591     0.999023       116669      1024.00
     147.967     0.999121       116680      1137.78
     152.575     0.999219       116691      1280.00
     159.999     0.999316       116703      1462.86
     168.063     0.999414       116714      1706.67
     183.935     0.999512       116725      2048.00
     191.359     0.999561       116731      2275.56
     201.215     0.999609       116737      2560.00
     209.791     0.999658       116743      2925.71
     216.959     0.999707       116748      3413.33
     232.831     0.999756       116754      4096.00
     235.263     0.999780       116757      4551.11
     243.327     0.999805       116760      5120.00
     249.471     0.999829       116763      5851.43
     260.351     0.999854       116765      6826.67
     272.127     0.999878       116768      8192.00
     282.367     0.999890       116770      9102.22
     286.463     0.999902       116771     10240.00
     299.775     0.999915       116773     11702.86
     305.407     0.999927       116774     13653.33
     314.879     0.999939       116775     16384.00
     318.975     0.999945       116776     18204.44
     325.375     0.999951       116777     20480.00
     334.847     0.999957       116778     23405.71
     334.847     0.999963       116778     27306.67
     337.663     0.999969       116779     32768.00
     337.663     0.999973       116779     36408.89
     354.815     0.999976       116780     40960.00
     354.815     0.999979       116780     46811.43
     354.815     0.999982       116780     54613.33
     371.455     0.999985       116781     65536.00
     371.455     0.999986       116781     72817.78
     371.455     0.999988       116781     81920.00
     371.455     0.999989       116781     93622.86
     371.455     0.999991       116781    109226.67
     416.255     0.999992       116782    131072.00
     416.255     1.000000       116782          inf
#[Mean    =       27.503, StdDeviation   =       13.913]
#[Max     =      416.000, Total count    =       116782]
#[Buckets =           27, SubBuckets     =         2048]
----------------------------------------------------------
  119178 requests in 8.27m, 1.53GB read
Requests/sec:    240.25
Transfer/sec:      3.17MB
