Running 20m test @ http://10.97.182.48:8080/wrk2-api/user-timeline/read
  16 threads and 32 connections
  Thread calibration: mean lat.: 32.092ms, rate sampling interval: 107ms
  Thread calibration: mean lat.: 30.444ms, rate sampling interval: 95ms
  Thread calibration: mean lat.: 30.907ms, rate sampling interval: 95ms
  Thread calibration: mean lat.: 31.503ms, rate sampling interval: 101ms
  Thread calibration: mean lat.: 25.904ms, rate sampling interval: 77ms
  Thread calibration: mean lat.: 26.500ms, rate sampling interval: 81ms
  Thread calibration: mean lat.: 24.454ms, rate sampling interval: 70ms
  Thread calibration: mean lat.: 26.536ms, rate sampling interval: 84ms
  Thread calibration: mean lat.: 29.953ms, rate sampling interval: 94ms
  Thread calibration: mean lat.: 25.036ms, rate sampling interval: 71ms
  Thread calibration: mean lat.: 25.947ms, rate sampling interval: 83ms
  Thread calibration: mean lat.: 27.406ms, rate sampling interval: 81ms
  Thread calibration: mean lat.: 25.668ms, rate sampling interval: 78ms
  Thread calibration: mean lat.: 31.765ms, rate sampling interval: 90ms
  Thread calibration: mean lat.: 33.604ms, rate sampling interval: 116ms
  Thread calibration: mean lat.: 28.101ms, rate sampling interval: 84ms
  Thread Stats   Avg      Stdev     99%   +/- Stdev
    Latency    29.56ms   19.02ms  92.22ms   90.62%
    Req/Sec    15.78     13.23    53.00     61.80%
  Latency Distribution (HdrHistogram - Recorded Latency)
 50.000%   25.09ms
 75.000%   33.76ms
 90.000%   46.53ms
 99.000%   92.22ms
 99.900%  247.42ms
 99.990%  303.61ms
 99.999%  461.82ms
100.000%  527.36ms

  Detailed Percentile spectrum:
       Value   Percentile   TotalCount 1/(1-Percentile)

       5.155     0.000000            1         1.00
      16.055     0.100000        30550         1.11
      18.671     0.200000        61129         1.25
      20.767     0.300000        91608         1.43
      22.815     0.400000       122217         1.67
      25.087     0.500000       152806         2.00
      26.335     0.550000       167961         2.22
      27.759     0.600000       183170         2.50
      29.423     0.650000       198477         2.86
      31.391     0.700000       213721         3.33
      33.759     0.750000       229131         4.00
      35.135     0.775000       236672         4.44
      36.703     0.800000       244291         5.00
      38.495     0.825000       251908         5.71
      40.671     0.850000       259562         6.67
      43.231     0.875000       267174         8.00
      44.735     0.887500       270930         8.89
      46.527     0.900000       274788        10.00
      48.479     0.912500       278589        11.43
      50.783     0.925000       282380        13.33
      53.599     0.937500       286193        16.00
      55.295     0.943750       288108        17.78
      57.183     0.950000       290014        20.00
      59.359     0.956250       291912        22.86
      62.079     0.962500       293821        26.67
      65.375     0.968750       295729        32.00
      67.391     0.971875       296686        35.56
      69.695     0.975000       297654        40.00
      72.447     0.978125       298607        45.71
      75.647     0.981250       299553        53.33
      79.999     0.984375       300497        64.00
      82.687     0.985938       300983        71.11
      85.567     0.987500       301457        80.00
      89.471     0.989062       301931        91.43
      94.527     0.990625       302414       106.67
     100.991     0.992188       302882       128.00
     105.407     0.992969       303120       142.22
     111.935     0.993750       303361       160.00
     119.487     0.994531       303597       182.86
     131.199     0.995313       303837       213.33
     147.455     0.996094       304074       256.00
     162.687     0.996484       304194       284.44
     177.791     0.996875       304318       320.00
     198.783     0.997266       304432       365.71
     220.287     0.997656       304552       426.67
     229.119     0.998047       304670       512.00
     232.959     0.998242       304730       568.89
     236.287     0.998437       304791       640.00
     239.359     0.998633       304851       731.43
     243.839     0.998828       304910       853.33
     247.679     0.999023       304970      1024.00
     249.855     0.999121       304998      1137.78
     252.415     0.999219       305028      1280.00
     254.591     0.999316       305058      1462.86
     257.663     0.999414       305088      1706.67
     261.503     0.999512       305117      2048.00
     264.703     0.999561       305133      2275.56
     266.495     0.999609       305150      2560.00
     269.567     0.999658       305162      2925.71
     272.127     0.999707       305177      3413.33
     279.039     0.999756       305194      4096.00
     279.807     0.999780       305199      4551.11
     282.111     0.999805       305207      5120.00
     285.695     0.999829       305214      5851.43
     290.815     0.999854       305222      6826.67
     297.215     0.999878       305230      8192.00
     301.823     0.999890       305233      9102.22
     306.687     0.999902       305237     10240.00
     325.631     0.999915       305240     11702.86
     364.031     0.999927       305244     13653.33
     415.743     0.999939       305248     16384.00
     430.335     0.999945       305250     18204.44
     437.247     0.999951       305252     20480.00
     440.831     0.999957       305253     23405.71
     445.183     0.999963       305255     27306.67
     447.487     0.999969       305257     32768.00
     449.023     0.999973       305258     36408.89
     452.351     0.999976       305259     40960.00
     453.119     0.999979       305260     46811.43
     457.983     0.999982       305261     54613.33
     459.519     0.999985       305262     65536.00
     459.519     0.999986       305262     72817.78
     461.823     0.999988       305263     81920.00
     461.823     0.999989       305263     93622.86
     512.255     0.999991       305264    109226.67
     512.255     0.999992       305264    131072.00
     512.255     0.999993       305264    145635.56
     513.791     0.999994       305265    163840.00
     513.791     0.999995       305265    187245.71
     513.791     0.999995       305265    218453.33
     513.791     0.999996       305265    262144.00
     513.791     0.999997       305265    291271.11
     527.359     0.999997       305266    327680.00
     527.359     1.000000       305266          inf
#[Mean    =       29.559, StdDeviation   =       19.018]
#[Max     =      526.848, Total count    =       305266]
#[Buckets =           27, SubBuckets     =         2048]
----------------------------------------------------------
  307852 requests in 20.00m, 3.85GB read
Requests/sec:    256.53
Transfer/sec:      3.29MB
