Running 20m test @ http://10.100.35.252:8080/wrk2-api/post/compose
  16 threads and 32 connections
  Thread calibration: mean lat.: 21.165ms, rate sampling interval: 61ms
  Thread calibration: mean lat.: 18.784ms, rate sampling interval: 52ms
  Thread calibration: mean lat.: 19.810ms, rate sampling interval: 57ms
  Thread calibration: mean lat.: 37.202ms, rate sampling interval: 156ms
  Thread calibration: mean lat.: 29.873ms, rate sampling interval: 88ms
  Thread calibration: mean lat.: 22.890ms, rate sampling interval: 65ms
  Thread calibration: mean lat.: 29.610ms, rate sampling interval: 96ms
  Thread calibration: mean lat.: 35.340ms, rate sampling interval: 131ms
  Thread calibration: mean lat.: 19.839ms, rate sampling interval: 55ms
  Thread calibration: mean lat.: 19.572ms, rate sampling interval: 54ms
  Thread calibration: mean lat.: 22.465ms, rate sampling interval: 73ms
  Thread calibration: mean lat.: 29.096ms, rate sampling interval: 88ms
  Thread calibration: mean lat.: 21.325ms, rate sampling interval: 75ms
  Thread calibration: mean lat.: 26.629ms, rate sampling interval: 66ms
  Thread calibration: mean lat.: 29.319ms, rate sampling interval: 100ms
  Thread calibration: mean lat.: 24.548ms, rate sampling interval: 78ms
  Thread Stats   Avg      Stdev     99%   +/- Stdev
    Latency    22.92ms   61.59ms  58.62ms   99.49%
    Req/Sec     4.89      8.40    36.00     82.77%
  Latency Distribution (HdrHistogram - Recorded Latency)
 50.000%   18.21ms
 75.000%   23.28ms
 90.000%   31.15ms
 99.000%   58.62ms
 99.900%  303.61ms
 99.990%    4.16s 
 99.999%    5.03s 
100.000%    5.03s 

  Detailed Percentile spectrum:
       Value   Percentile   TotalCount 1/(1-Percentile)

       4.647     0.000000            1         1.00
      14.391     0.100000         9582         1.11
      15.223     0.200000        19123         1.25
      16.063     0.300000        28641         1.43
      17.039     0.400000        38224         1.67
      18.207     0.500000        47690         2.00
      18.895     0.550000        52406         2.22
      19.727     0.600000        57199         2.50
      20.703     0.650000        61950         2.86
      21.871     0.700000        66703         3.33
      23.279     0.750000        71479         4.00
      24.111     0.775000        73841         4.44
      25.103     0.800000        76244         5.00
      26.223     0.825000        78612         5.71
      27.567     0.850000        80972         6.67
      29.119     0.875000        83366         8.00
      30.095     0.887500        84552         8.89
      31.151     0.900000        85740        10.00
      32.335     0.912500        86930        11.43
      33.791     0.925000        88143        13.33
      35.519     0.937500        89316        16.00
      36.575     0.943750        89906        17.78
      37.791     0.950000        90509        20.00
      39.135     0.956250        91095        22.86
      40.639     0.962500        91689        26.67
      42.527     0.968750        92292        32.00
      43.551     0.971875        92584        35.56
      44.863     0.975000        92881        40.00
      46.591     0.978125        93186        45.71
      48.351     0.981250        93474        53.33
      50.975     0.984375        93772        64.00
      52.607     0.985938        93922        71.11
      54.623     0.987500        94070        80.00
      56.735     0.989062        94220        91.43
      60.031     0.990625        94368       106.67
      64.287     0.992188        94516       128.00
      67.391     0.992969        94592       142.22
      70.847     0.993750        94667       160.00
      79.423     0.994531        94740       182.86
     102.399     0.995313        94814       213.33
     199.935     0.996094        94888       256.00
     219.391     0.996484        94926       284.44
     222.975     0.996875        94963       320.00
     225.919     0.997266        95000       365.71
     230.399     0.997656        95038       426.67
     234.111     0.998047        95075       512.00
     236.415     0.998242        95093       568.89
     240.767     0.998437        95113       640.00
     244.095     0.998633        95130       731.43
     250.367     0.998828        95149       853.33
     374.527     0.999023        95167      1024.00
     437.503     0.999121        95177      1137.78
     568.831     0.999219        95186      1280.00
     710.655     0.999316        95195      1462.86
     907.775     0.999414        95205      1706.67
    1019.903     0.999512        95214      2048.00
    1026.559     0.999561        95219      2275.56
    1035.263     0.999609        95223      2560.00
    1039.359     0.999658        95228      2925.71
    1057.791     0.999707        95233      3413.33
    1118.207     0.999756        95237      4096.00
    1310.719     0.999780        95240      4551.11
    1446.911     0.999805        95242      5120.00
    2283.519     0.999829        95244      5851.43
    2590.719     0.999854        95247      6826.67
    3647.487     0.999878        95249      8192.00
    4157.439     0.999890        95250      9102.22
    4354.047     0.999902        95251     10240.00
    4403.199     0.999915        95252     11702.86
    4620.287     0.999927        95254     13653.33
    4624.383     0.999939        95255     16384.00
    4624.383     0.999945        95255     18204.44
    4841.471     0.999951        95256     20480.00
    4841.471     0.999957        95256     23405.71
    4874.239     0.999963        95257     27306.67
    4993.023     0.999969        95258     32768.00
    4993.023     0.999973        95258     36408.89
    4993.023     0.999976        95258     40960.00
    4993.023     0.999979        95258     46811.43
    5025.791     0.999982        95259     54613.33
    5025.791     0.999985        95259     65536.00
    5025.791     0.999986        95259     72817.78
    5025.791     0.999988        95259     81920.00
    5025.791     0.999989        95259     93622.86
    5033.983     0.999991        95260    109226.67
    5033.983     1.000000        95260          inf
#[Mean    =       22.917, StdDeviation   =       61.586]
#[Max     =     5029.888, Total count    =        95260]
#[Buckets =           27, SubBuckets     =         2048]
----------------------------------------------------------
  96092 requests in 20.00m, 19.70MB read
  Socket errors: connect 0, read 0, write 0, timeout 131
Requests/sec:     80.07
Transfer/sec:     16.81KB
