Running 20m test @ http://10.100.35.252:8080/wrk2-api/home-timeline/read
  16 threads and 32 connections
  Thread calibration: mean lat.: 39.100ms, rate sampling interval: 141ms
  Thread calibration: mean lat.: 26.927ms, rate sampling interval: 91ms
  Thread calibration: mean lat.: 25.819ms, rate sampling interval: 85ms
  Thread calibration: mean lat.: 35.435ms, rate sampling interval: 164ms
  Thread calibration: mean lat.: 31.763ms, rate sampling interval: 131ms
  Thread calibration: mean lat.: 41.503ms, rate sampling interval: 162ms
  Thread calibration: mean lat.: 30.565ms, rate sampling interval: 97ms
  Thread calibration: mean lat.: 33.235ms, rate sampling interval: 134ms
  Thread calibration: mean lat.: 18.135ms, rate sampling interval: 65ms
  Thread calibration: mean lat.: 39.096ms, rate sampling interval: 130ms
  Thread calibration: mean lat.: 28.986ms, rate sampling interval: 115ms
  Thread calibration: mean lat.: 25.612ms, rate sampling interval: 102ms
  Thread calibration: mean lat.: 45.471ms, rate sampling interval: 131ms
  Thread calibration: mean lat.: 40.254ms, rate sampling interval: 202ms
  Thread calibration: mean lat.: 38.378ms, rate sampling interval: 172ms
  Thread calibration: mean lat.: 32.534ms, rate sampling interval: 127ms
  Thread Stats   Avg      Stdev     99%   +/- Stdev
    Latency    21.09ms   16.28ms  76.42ms   90.80%
    Req/Sec    32.67     17.15    78.00     73.13%
  Latency Distribution (HdrHistogram - Recorded Latency)
 50.000%   16.80ms
 75.000%   24.54ms
 90.000%   35.81ms
 99.000%   76.42ms
 99.900%  224.13ms
 99.990%  288.51ms
 99.999%  444.67ms
100.000%  483.58ms

  Detailed Percentile spectrum:
       Value   Percentile   TotalCount 1/(1-Percentile)

       0.518     0.000000            1         1.00
      10.111     0.100000        63124         1.11
      11.599     0.200000       126043         1.25
      13.119     0.300000       188842         1.43
      14.823     0.400000       251762         1.67
      16.799     0.500000       314482         2.00
      17.967     0.550000       346300         2.22
      19.247     0.600000       377533         2.50
      20.719     0.650000       408838         2.86
      22.463     0.700000       440525         3.33
      24.543     0.750000       471900         4.00
      25.743     0.775000       487564         4.44
      27.135     0.800000       503294         5.00
      28.735     0.825000       518946         5.71
      30.623     0.850000       534747         6.67
      32.895     0.875000       550367         8.00
      34.271     0.887500       558321         8.89
      35.807     0.900000       566176        10.00
      37.535     0.912500       573937        11.43
      39.647     0.925000       581805        13.33
      42.175     0.937500       589690        16.00
      43.711     0.943750       593595        17.78
      45.439     0.950000       597574        20.00
      47.487     0.956250       601449        22.86
      49.983     0.962500       605402        26.67
      52.991     0.968750       609317        32.00
      54.815     0.971875       611281        35.56
      56.895     0.975000       613254        40.00
      59.327     0.978125       615220        45.71
      62.463     0.981250       617169        53.33
      66.239     0.984375       619162        64.00
      68.543     0.985938       620120        71.11
      71.295     0.987500       621124        80.00
      74.303     0.989062       622096        91.43
      78.079     0.990625       623074       106.67
      83.007     0.992188       624051       128.00
      86.527     0.992969       624540       142.22
      90.431     0.993750       625030       160.00
      95.487     0.994531       625523       182.86
     102.527     0.995313       626014       213.33
     112.255     0.996094       626504       256.00
     118.207     0.996484       626750       284.44
     127.103     0.996875       626997       320.00
     137.983     0.997266       627244       365.71
     151.167     0.997656       627487       426.67
     171.263     0.998047       627733       512.00
     183.295     0.998242       627857       568.89
     195.455     0.998437       627978       640.00
     210.687     0.998633       628102       731.43
     219.647     0.998828       628224       853.33
     225.023     0.999023       628346      1024.00
     228.095     0.999121       628413      1137.78
     231.039     0.999219       628469      1280.00
     234.751     0.999316       628532      1462.86
     239.615     0.999414       628592      1706.67
     244.223     0.999512       628657      2048.00
     246.911     0.999561       628684      2275.56
     249.983     0.999609       628715      2560.00
     253.823     0.999658       628747      2925.71
     257.791     0.999707       628778      3413.33
     261.247     0.999756       628807      4096.00
     263.935     0.999780       628823      4551.11
     265.983     0.999805       628838      5120.00
     270.079     0.999829       628854      5851.43
     274.943     0.999854       628868      6826.67
     281.343     0.999878       628884      8192.00
     285.695     0.999890       628891      9102.22
     289.791     0.999902       628899     10240.00
     297.215     0.999915       628907     11702.86
     309.503     0.999927       628914     13653.33
     328.191     0.999939       628922     16384.00
     333.823     0.999945       628926     18204.44
     340.479     0.999951       628930     20480.00
     351.231     0.999957       628934     23405.71
     361.215     0.999963       628937     27306.67
     377.343     0.999969       628941     32768.00
     380.927     0.999973       628943     36408.89
     392.447     0.999976       628945     40960.00
     416.511     0.999979       628947     46811.43
     433.663     0.999982       628949     54613.33
     440.831     0.999985       628951     65536.00
     441.087     0.999986       628952     72817.78
     443.135     0.999988       628953     81920.00
     444.671     0.999989       628954     93622.86
     445.951     0.999991       628955    109226.67
     446.463     0.999992       628956    131072.00
     446.463     0.999993       628956    145635.56
     458.495     0.999994       628957    163840.00
     458.495     0.999995       628957    187245.71
     458.751     0.999995       628958    218453.33
     458.751     0.999996       628958    262144.00
     458.751     0.999997       628958    291271.11
     462.079     0.999997       628959    327680.00
     462.079     0.999997       628959    374491.43
     462.079     0.999998       628959    436906.67
     462.079     0.999998       628959    524288.00
     462.079     0.999998       628959    582542.22
     483.583     0.999998       628960    655360.00
     483.583     1.000000       628960          inf
#[Mean    =       21.088, StdDeviation   =       16.276]
#[Max     =      483.328, Total count    =       628960]
#[Buckets =           27, SubBuckets     =         2048]
----------------------------------------------------------
  634237 requests in 20.00m, 7.56GB read
Requests/sec:    528.50
Transfer/sec:      6.45MB
