Running 20m test @ http://10.100.35.252:8080/wrk2-api/user-timeline/read
  16 threads and 32 connections
  Thread calibration: mean lat.: 32.063ms, rate sampling interval: 108ms
  Thread calibration: mean lat.: 29.479ms, rate sampling interval: 107ms
  Thread calibration: mean lat.: 41.775ms, rate sampling interval: 152ms
  Thread calibration: mean lat.: 66.898ms, rate sampling interval: 336ms
  Thread calibration: mean lat.: 43.081ms, rate sampling interval: 171ms
  Thread calibration: mean lat.: 30.286ms, rate sampling interval: 99ms
  Thread calibration: mean lat.: 48.985ms, rate sampling interval: 184ms
  Thread calibration: mean lat.: 32.443ms, rate sampling interval: 121ms
  Thread calibration: mean lat.: 43.261ms, rate sampling interval: 152ms
  Thread calibration: mean lat.: 39.571ms, rate sampling interval: 166ms
  Thread calibration: mean lat.: 51.957ms, rate sampling interval: 211ms
  Thread calibration: mean lat.: 49.759ms, rate sampling interval: 198ms
  Thread calibration: mean lat.: 38.500ms, rate sampling interval: 128ms
  Thread calibration: mean lat.: 49.545ms, rate sampling interval: 177ms
  Thread calibration: mean lat.: 36.771ms, rate sampling interval: 141ms
  Thread calibration: mean lat.: 30.005ms, rate sampling interval: 93ms
  Thread Stats   Avg      Stdev     99%   +/- Stdev
    Latency    29.29ms   15.40ms  86.40ms   83.86%
    Req/Sec    15.70     10.74    46.00     73.13%
  Latency Distribution (HdrHistogram - Recorded Latency)
 50.000%   25.26ms
 75.000%   34.21ms
 90.000%   46.97ms
 99.000%   86.40ms
 99.900%  142.98ms
 99.990%  242.94ms
 99.999%  305.15ms
100.000%  322.56ms

  Detailed Percentile spectrum:
       Value   Percentile   TotalCount 1/(1-Percentile)

       4.007     0.000000            1         1.00
      16.095     0.100000        30527         1.11
      18.703     0.200000        61186         1.25
      20.831     0.300000        91664         1.43
      22.927     0.400000       122195         1.67
      25.263     0.500000       152728         2.00
      26.559     0.550000       167902         2.22
      28.063     0.600000       183311         2.50
      29.775     0.650000       198490         2.86
      31.775     0.700000       213739         3.33
      34.207     0.750000       229089         4.00
      35.615     0.775000       236632         4.44
      37.215     0.800000       244266         5.00
      39.039     0.825000       251920         5.71
      41.119     0.850000       259492         6.67
      43.711     0.875000       267141         8.00
      45.215     0.887500       270941         8.89
      46.975     0.900000       274786        10.00
      48.927     0.912500       278600        11.43
      51.199     0.925000       282415        13.33
      54.015     0.937500       286206        16.00
      55.679     0.943750       288111        17.78
      57.471     0.950000       290005        20.00
      59.647     0.956250       291928        22.86
      62.111     0.962500       293829        26.67
      65.119     0.968750       295734        32.00
      67.007     0.971875       296692        35.56
      68.991     0.975000       297635        40.00
      71.359     0.978125       298602        45.71
      74.111     0.981250       299548        53.33
      77.439     0.984375       300506        64.00
      79.487     0.985938       300986        71.11
      81.855     0.987500       301452        80.00
      84.671     0.989062       301934        91.43
      87.679     0.990625       302412       106.67
      91.327     0.992188       302882       128.00
      93.567     0.992969       303125       142.22
      96.063     0.993750       303359       160.00
      98.879     0.994531       303599       182.86
     102.655     0.995313       303839       213.33
     106.815     0.996094       304075       256.00
     109.631     0.996484       304193       284.44
     112.575     0.996875       304314       320.00
     116.159     0.997266       304438       365.71
     119.999     0.997656       304554       426.67
     124.287     0.998047       304671       512.00
     127.295     0.998242       304730       568.89
     130.367     0.998437       304791       640.00
     133.503     0.998633       304850       731.43
     138.367     0.998828       304909       853.33
     143.871     0.999023       304968      1024.00
     147.455     0.999121       304998      1137.78
     152.319     0.999219       305028      1280.00
     156.671     0.999316       305058      1462.86
     161.919     0.999414       305088      1706.67
     168.447     0.999512       305117      2048.00
     170.623     0.999561       305132      2275.56
     175.487     0.999609       305147      2560.00
     181.375     0.999658       305162      2925.71
     192.767     0.999707       305177      3413.33
     201.983     0.999756       305192      4096.00
     206.463     0.999780       305199      4551.11
     214.015     0.999805       305207      5120.00
     221.183     0.999829       305214      5851.43
     231.039     0.999854       305222      6826.67
     240.383     0.999878       305229      8192.00
     242.303     0.999890       305233      9102.22
     244.479     0.999902       305238     10240.00
     248.959     0.999915       305240     11702.86
     253.183     0.999927       305245     13653.33
     260.351     0.999939       305248     16384.00
     263.935     0.999945       305250     18204.44
     266.495     0.999951       305252     20480.00
     272.895     0.999957       305253     23405.71
     278.527     0.999963       305255     27306.67
     284.159     0.999969       305257     32768.00
     286.207     0.999973       305258     36408.89
     296.447     0.999976       305259     40960.00
     300.031     0.999979       305260     46811.43
     301.567     0.999982       305261     54613.33
     304.639     0.999985       305262     65536.00
     304.639     0.999986       305262     72817.78
     305.151     0.999988       305263     81920.00
     305.151     0.999989       305263     93622.86
     319.487     0.999991       305264    109226.67
     319.487     0.999992       305264    131072.00
     319.487     0.999993       305264    145635.56
     320.767     0.999994       305265    163840.00
     320.767     0.999995       305265    187245.71
     320.767     0.999995       305265    218453.33
     320.767     0.999996       305265    262144.00
     320.767     0.999997       305265    291271.11
     322.559     0.999997       305266    327680.00
     322.559     1.000000       305266          inf
#[Mean    =       29.290, StdDeviation   =       15.399]
#[Max     =      322.304, Total count    =       305266]
#[Buckets =           27, SubBuckets     =         2048]
----------------------------------------------------------
  307853 requests in 20.00m, 3.85GB read
Requests/sec:    256.53
Transfer/sec:      3.29MB
