Running 20m test @ http://10.102.141.233:8080/wrk2-api/post/compose
  16 threads and 32 connections
  Thread calibration: mean lat.: 18.144ms, rate sampling interval: 46ms
  Thread calibration: mean lat.: 21.541ms, rate sampling interval: 64ms
  Thread calibration: mean lat.: 17.614ms, rate sampling interval: 43ms
  Thread calibration: mean lat.: 23.819ms, rate sampling interval: 71ms
  Thread calibration: mean lat.: 22.154ms, rate sampling interval: 65ms
  Thread calibration: mean lat.: 16.262ms, rate sampling interval: 40ms
  Thread calibration: mean lat.: 20.034ms, rate sampling interval: 52ms
  Thread calibration: mean lat.: 19.803ms, rate sampling interval: 54ms
  Thread calibration: mean lat.: 18.874ms, rate sampling interval: 50ms
  Thread calibration: mean lat.: 18.938ms, rate sampling interval: 50ms
  Thread calibration: mean lat.: 20.405ms, rate sampling interval: 66ms
  Thread calibration: mean lat.: 17.507ms, rate sampling interval: 44ms
  Thread calibration: mean lat.: 21.847ms, rate sampling interval: 63ms
  Thread calibration: mean lat.: 20.760ms, rate sampling interval: 68ms
  Thread calibration: mean lat.: 20.355ms, rate sampling interval: 62ms
  Thread calibration: mean lat.: 18.751ms, rate sampling interval: 52ms
  Thread Stats   Avg      Stdev     99%   +/- Stdev
    Latency    20.16ms    8.90ms  46.75ms   90.85%
    Req/Sec     4.95      9.65    40.00     83.17%
  Latency Distribution (HdrHistogram - Recorded Latency)
 50.000%   17.93ms
 75.000%   22.19ms
 90.000%   28.42ms
 99.000%   46.75ms
 99.900%   71.17ms
 99.990%  238.85ms
 99.999%  483.58ms
100.000%    1.03s 

  Detailed Percentile spectrum:
       Value   Percentile   TotalCount 1/(1-Percentile)

       7.323     0.000000            1         1.00
      14.391     0.100000         9590         1.11
      15.191     0.200000        19144         1.25
      15.975     0.300000        28592         1.43
      16.879     0.400000        38192         1.67
      17.935     0.500000        47723         2.00
      18.543     0.550000        52426         2.22
      19.247     0.600000        57225         2.50
      20.047     0.650000        61935         2.86
      21.023     0.700000        66737         3.33
      22.191     0.750000        71480         4.00
      22.879     0.775000        73831         4.44
      23.663     0.800000        76230         5.00
      24.575     0.825000        78613         5.71
      25.631     0.850000        80979         6.67
      26.879     0.875000        83383         8.00
      27.583     0.887500        84545         8.89
      28.415     0.900000        85737        10.00
      29.359     0.912500        86927        11.43
      30.495     0.925000        88119        13.33
      31.887     0.937500        89309        16.00
      32.719     0.943750        89904        17.78
      33.599     0.950000        90513        20.00
      34.591     0.956250        91101        22.86
      35.743     0.962500        91689        26.67
      37.215     0.968750        92298        32.00
      38.079     0.971875        92585        35.56
      39.007     0.975000        92883        40.00
      40.127     0.978125        93187        45.71
      41.311     0.981250        93475        53.33
      42.911     0.984375        93776        64.00
      43.871     0.985938        93924        71.11
      44.895     0.987500        94073        80.00
      46.047     0.989062        94223        91.43
      47.199     0.990625        94371       106.67
      48.575     0.992188        94518       128.00
      49.631     0.992969        94593       142.22
      50.559     0.993750        94666       160.00
      51.839     0.994531        94743       182.86
      53.119     0.995313        94816       213.33
      54.751     0.996094        94890       256.00
      55.871     0.996484        94927       284.44
      57.023     0.996875        94965       320.00
      58.463     0.997266        95001       365.71
      60.031     0.997656        95039       426.67
      61.983     0.998047        95075       512.00
      63.423     0.998242        95095       568.89
      64.831     0.998437        95113       640.00
      66.751     0.998633        95132       731.43
      68.223     0.998828        95150       853.33
      71.359     0.999023        95168      1024.00
      73.791     0.999121        95178      1137.78
      76.479     0.999219        95187      1280.00
      80.511     0.999316        95196      1462.86
      85.951     0.999414        95206      1706.67
      93.055     0.999512        95215      2048.00
     195.583     0.999561        95220      2275.56
     215.935     0.999609        95224      2560.00
     222.463     0.999658        95229      2925.71
     225.279     0.999707        95234      3413.33
     227.199     0.999756        95238      4096.00
     228.479     0.999780        95241      4551.11
     229.375     0.999805        95243      5120.00
     229.759     0.999829        95245      5851.43
     230.655     0.999854        95248      6826.67
     236.543     0.999878        95250      8192.00
     238.847     0.999890        95251      9102.22
     239.999     0.999902        95252     10240.00
     240.767     0.999915        95253     11702.86
     255.359     0.999927        95255     13653.33
     259.327     0.999939        95256     16384.00
     259.327     0.999945        95256     18204.44
     260.991     0.999951        95257     20480.00
     260.991     0.999957        95257     23405.71
     282.111     0.999963        95258     27306.67
     336.383     0.999969        95259     32768.00
     336.383     0.999973        95259     36408.89
     336.383     0.999976        95259     40960.00
     336.383     0.999979        95259     46811.43
     483.583     0.999982        95260     54613.33
     483.583     0.999985        95260     65536.00
     483.583     0.999986        95260     72817.78
     483.583     0.999988        95260     81920.00
     483.583     0.999989        95260     93622.86
    1026.047     0.999991        95261    109226.67
    1026.047     1.000000        95261          inf
#[Mean    =       20.157, StdDeviation   =        8.896]
#[Max     =     1025.536, Total count    =        95261]
#[Buckets =           27, SubBuckets     =         2048]
----------------------------------------------------------
  96094 requests in 20.00m, 19.70MB read
  Socket errors: connect 0, read 0, write 0, timeout 133
Requests/sec:     80.07
Transfer/sec:     16.81KB
