Running 20m test @ http://10.102.141.233:8080/wrk2-api/home-timeline/read
  16 threads and 32 connections
  Thread calibration: mean lat.: 18.434ms, rate sampling interval: 58ms
  Thread calibration: mean lat.: 17.431ms, rate sampling interval: 58ms
  Thread calibration: mean lat.: 17.223ms, rate sampling interval: 54ms
  Thread calibration: mean lat.: 19.597ms, rate sampling interval: 67ms
  Thread calibration: mean lat.: 19.488ms, rate sampling interval: 66ms
  Thread calibration: mean lat.: 18.034ms, rate sampling interval: 57ms
  Thread calibration: mean lat.: 16.132ms, rate sampling interval: 51ms
  Thread calibration: mean lat.: 17.837ms, rate sampling interval: 54ms
  Thread calibration: mean lat.: 16.662ms, rate sampling interval: 58ms
  Thread calibration: mean lat.: 20.589ms, rate sampling interval: 70ms
  Thread calibration: mean lat.: 19.669ms, rate sampling interval: 70ms
  Thread calibration: mean lat.: 15.890ms, rate sampling interval: 49ms
  Thread calibration: mean lat.: 18.110ms, rate sampling interval: 58ms
  Thread calibration: mean lat.: 16.456ms, rate sampling interval: 52ms
  Thread calibration: mean lat.: 21.039ms, rate sampling interval: 62ms
  Thread calibration: mean lat.: 15.997ms, rate sampling interval: 49ms
  Thread Stats   Avg      Stdev     99%   +/- Stdev
    Latency    18.25ms   10.01ms  54.69ms   86.44%
    Req/Sec    29.88     22.20    90.00     67.88%
  Latency Distribution (HdrHistogram - Recorded Latency)
 50.000%   15.40ms
 75.000%   21.52ms
 90.000%   30.06ms
 99.000%   54.69ms
 99.900%   86.27ms
 99.990%  161.79ms
 99.999%  273.15ms
100.000%  364.29ms

  Detailed Percentile spectrum:
       Value   Percentile   TotalCount 1/(1-Percentile)

       0.482     0.000000            1         1.00
       9.919     0.100000        57178         1.11
      11.175     0.200000       114536         1.25
      12.431     0.300000       171581         1.43
      13.807     0.400000       228766         1.67
      15.399     0.500000       285780         2.00
      16.319     0.550000       314442         2.22
      17.359     0.600000       343172         2.50
      18.527     0.650000       371619         2.86
      19.903     0.700000       400225         3.33
      21.519     0.750000       428591         4.00
      22.479     0.775000       442960         4.44
      23.551     0.800000       457245         5.00
      24.783     0.825000       471529         5.71
      26.207     0.850000       485855         6.67
      27.919     0.875000       499999         8.00
      28.943     0.887500       507193         8.89
      30.063     0.900000       514309        10.00
      31.343     0.912500       521483        11.43
      32.863     0.925000       528570        13.33
      34.655     0.937500       535774        16.00
      35.711     0.943750       539330        17.78
      36.959     0.950000       542885        20.00
      38.399     0.956250       546504        22.86
      40.063     0.962500       550067        26.67
      41.951     0.968750       553617        32.00
      43.071     0.971875       555384        35.56
      44.319     0.975000       557175        40.00
      45.759     0.978125       558948        45.71
      47.519     0.981250       560715        53.33
      49.503     0.984375       562505        64.00
      50.687     0.985938       563395        71.11
      52.063     0.987500       564285        80.00
      53.631     0.989062       565188        91.43
      55.455     0.990625       566071       106.67
      57.631     0.992188       566964       128.00
      58.879     0.992969       567406       142.22
      60.415     0.993750       567852       160.00
      62.079     0.994531       568303       182.86
      64.063     0.995313       568745       213.33
      66.495     0.996094       569190       256.00
      67.839     0.996484       569414       284.44
      69.375     0.996875       569641       320.00
      71.295     0.997266       569865       365.71
      73.343     0.997656       570089       426.67
      75.903     0.998047       570307       512.00
      77.375     0.998242       570418       568.89
      79.359     0.998437       570532       640.00
      81.151     0.998633       570641       731.43
      83.775     0.998828       570757       853.33
      86.719     0.999023       570867      1024.00
      88.511     0.999121       570922      1137.78
      90.495     0.999219       570976      1280.00
      92.351     0.999316       571032      1462.86
      94.719     0.999414       571090      1706.67
      98.175     0.999512       571144      2048.00
     100.607     0.999561       571171      2275.56
     104.831     0.999609       571199      2560.00
     108.543     0.999658       571227      2925.71
     112.511     0.999707       571255      3413.33
     116.799     0.999756       571283      4096.00
     118.655     0.999780       571297      4551.11
     121.599     0.999805       571311      5120.00
     126.527     0.999829       571325      5851.43
     134.271     0.999854       571339      6826.67
     143.103     0.999878       571353      8192.00
     151.807     0.999890       571360      9102.22
     163.199     0.999902       571367     10240.00
     186.879     0.999915       571374     11702.86
     221.183     0.999927       571381     13653.33
     226.431     0.999939       571388     16384.00
     229.375     0.999945       571391     18204.44
     240.127     0.999951       571395     20480.00
     242.431     0.999957       571398     23405.71
     247.679     0.999963       571402     27306.67
     251.263     0.999969       571405     32768.00
     253.311     0.999973       571408     36408.89
     255.487     0.999976       571409     40960.00
     255.999     0.999979       571411     46811.43
     261.503     0.999982       571412     54613.33
     263.935     0.999985       571414     65536.00
     264.447     0.999986       571415     72817.78
     273.151     0.999988       571416     81920.00
     273.151     0.999989       571416     93622.86
     274.687     0.999991       571417    109226.67
     304.127     0.999992       571418    131072.00
     342.271     0.999993       571419    145635.56
     342.271     0.999994       571419    163840.00
     342.271     0.999995       571419    187245.71
     349.183     0.999995       571420    218453.33
     349.183     0.999996       571420    262144.00
     353.791     0.999997       571421    291271.11
     353.791     0.999997       571421    327680.00
     353.791     0.999997       571421    374491.43
     353.791     0.999998       571421    436906.67
     353.791     0.999998       571421    524288.00
     364.287     0.999998       571422    582542.22
     364.287     1.000000       571422          inf
#[Mean    =       18.249, StdDeviation   =       10.012]
#[Max     =      364.032, Total count    =       571422]
#[Buckets =           27, SubBuckets     =         2048]
----------------------------------------------------------
  576223 requests in 20.00m, 6.85GB read
Requests/sec:    480.16
Transfer/sec:      5.85MB
