Running 20m test @ http://10.102.141.233:8080/wrk2-api/user-timeline/read
  16 threads and 32 connections
  Thread calibration: mean lat.: 24.420ms, rate sampling interval: 73ms
  Thread calibration: mean lat.: 28.862ms, rate sampling interval: 87ms
  Thread calibration: mean lat.: 29.600ms, rate sampling interval: 91ms
  Thread calibration: mean lat.: 31.259ms, rate sampling interval: 117ms
  Thread calibration: mean lat.: 28.157ms, rate sampling interval: 88ms
  Thread calibration: mean lat.: 26.472ms, rate sampling interval: 81ms
  Thread calibration: mean lat.: 27.542ms, rate sampling interval: 91ms
  Thread calibration: mean lat.: 24.879ms, rate sampling interval: 79ms
  Thread calibration: mean lat.: 24.809ms, rate sampling interval: 75ms
  Thread calibration: mean lat.: 27.501ms, rate sampling interval: 84ms
  Thread calibration: mean lat.: 29.926ms, rate sampling interval: 92ms
  Thread calibration: mean lat.: 24.131ms, rate sampling interval: 74ms
  Thread calibration: mean lat.: 28.115ms, rate sampling interval: 91ms
  Thread calibration: mean lat.: 28.893ms, rate sampling interval: 89ms
  Thread calibration: mean lat.: 28.015ms, rate sampling interval: 83ms
  Thread calibration: mean lat.: 28.251ms, rate sampling interval: 86ms
  Thread Stats   Avg      Stdev     99%   +/- Stdev
    Latency    26.91ms   12.08ms  70.53ms   80.00%
    Req/Sec    14.73     12.89    53.00     59.91%
  Latency Distribution (HdrHistogram - Recorded Latency)
 50.000%   23.93ms
 75.000%   31.31ms
 90.000%   41.73ms
 99.000%   70.53ms
 99.900%  105.47ms
 99.990%  140.54ms
 99.999%  173.82ms
100.000%  242.30ms

  Detailed Percentile spectrum:
       Value   Percentile   TotalCount 1/(1-Percentile)

       0.057     0.000000            1         1.00
      15.687     0.100000        28658         1.11
      18.143     0.200000        57365         1.25
      20.063     0.300000        85905         1.43
      21.935     0.400000       114609         1.67
      23.935     0.500000       143293         2.00
      25.055     0.550000       157565         2.22
      26.271     0.600000       171815         2.50
      27.695     0.650000       186130         2.86
      29.343     0.700000       200427         3.33
      31.311     0.750000       214691         4.00
      32.479     0.775000       221919         4.44
      33.791     0.800000       229007         5.00
      35.295     0.825000       236213         5.71
      37.023     0.850000       243315         6.67
      39.135     0.875000       250538         8.00
      40.319     0.887500       254045         8.89
      41.727     0.900000       257699        10.00
      43.295     0.912500       261227        11.43
      45.183     0.925000       264826        13.33
      47.327     0.937500       268377        16.00
      48.543     0.943750       270158        17.78
      49.951     0.950000       271949        20.00
      51.615     0.956250       273754        22.86
      53.503     0.962500       275516        26.67
      55.871     0.968750       277301        32.00
      57.215     0.971875       278203        35.56
      58.559     0.975000       279092        40.00
      60.319     0.978125       280000        45.71
      62.239     0.981250       280883        53.33
      64.671     0.984375       281776        64.00
      66.175     0.985938       282220        71.11
      67.711     0.987500       282679        80.00
      69.311     0.989062       283124        91.43
      71.359     0.990625       283566       106.67
      74.047     0.992188       284013       128.00
      75.519     0.992969       284236       142.22
      77.055     0.993750       284461       160.00
      79.103     0.994531       284686       182.86
      81.279     0.995313       284908       213.33
      84.031     0.996094       285127       256.00
      85.631     0.996484       285245       284.44
      87.487     0.996875       285354       320.00
      89.471     0.997266       285467       365.71
      91.455     0.997656       285575       426.67
      94.399     0.998047       285688       512.00
      95.935     0.998242       285742       568.89
      98.111     0.998437       285799       640.00
     100.351     0.998633       285855       731.43
     102.975     0.998828       285912       853.33
     105.919     0.999023       285968      1024.00
     107.327     0.999121       285994      1137.78
     108.927     0.999219       286023      1280.00
     111.103     0.999316       286050      1462.86
     113.279     0.999414       286078      1706.67
     116.223     0.999512       286106      2048.00
     119.039     0.999561       286120      2275.56
     121.855     0.999609       286134      2560.00
     124.607     0.999658       286148      2925.71
     125.823     0.999707       286163      3413.33
     127.999     0.999756       286177      4096.00
     130.111     0.999780       286183      4551.11
     131.583     0.999805       286190      5120.00
     134.143     0.999829       286197      5851.43
     136.063     0.999854       286204      6826.67
     139.135     0.999878       286211      8192.00
     140.415     0.999890       286214      9102.22
     141.695     0.999902       286218     10240.00
     142.847     0.999915       286221     11702.86
     143.743     0.999927       286225     13653.33
     145.407     0.999939       286228     16384.00
     148.223     0.999945       286230     18204.44
     151.551     0.999951       286232     20480.00
     153.599     0.999957       286233     23405.71
     154.111     0.999963       286235     27306.67
     158.847     0.999969       286237     32768.00
     159.359     0.999973       286238     36408.89
     163.199     0.999976       286239     40960.00
     163.199     0.999979       286239     46811.43
     164.607     0.999982       286240     54613.33
     165.119     0.999985       286241     65536.00
     173.823     0.999986       286242     72817.78
     173.823     0.999988       286242     81920.00
     173.823     0.999989       286242     93622.86
     207.359     0.999991       286243    109226.67
     207.359     0.999992       286243    131072.00
     226.559     0.999993       286244    145635.56
     226.559     0.999994       286244    163840.00
     226.559     0.999995       286244    187245.71
     226.559     0.999995       286244    218453.33
     226.559     0.999996       286244    262144.00
     242.303     0.999997       286245    291271.11
     242.303     1.000000       286245          inf
#[Mean    =       26.909, StdDeviation   =       12.080]
#[Max     =      242.176, Total count    =       286245]
#[Buckets =           27, SubBuckets     =         2048]
----------------------------------------------------------
  288658 requests in 20.00m, 3.61GB read
Requests/sec:    240.53
Transfer/sec:      3.08MB
