Running 20m test @ http://10.108.95.18:8080/wrk2-api/post/compose
  16 threads and 32 connections
  Thread calibration: mean lat.: 20.328ms, rate sampling interval: 57ms
  Thread calibration: mean lat.: 19.714ms, rate sampling interval: 49ms
  Thread calibration: mean lat.: 17.142ms, rate sampling interval: 42ms
  Thread calibration: mean lat.: 19.789ms, rate sampling interval: 48ms
  Thread calibration: mean lat.: 17.251ms, rate sampling interval: 45ms
  Thread calibration: mean lat.: 18.208ms, rate sampling interval: 50ms
  Thread calibration: mean lat.: 16.738ms, rate sampling interval: 42ms
  Thread calibration: mean lat.: 17.528ms, rate sampling interval: 40ms
  Thread calibration: mean lat.: 19.112ms, rate sampling interval: 56ms
  Thread calibration: mean lat.: 18.449ms, rate sampling interval: 47ms
  Thread calibration: mean lat.: 19.142ms, rate sampling interval: 48ms
  Thread calibration: mean lat.: 20.368ms, rate sampling interval: 54ms
  Thread calibration: mean lat.: 18.254ms, rate sampling interval: 45ms
  Thread calibration: mean lat.: 16.727ms, rate sampling interval: 38ms
  Thread calibration: mean lat.: 17.349ms, rate sampling interval: 39ms
  Thread calibration: mean lat.: 17.008ms, rate sampling interval: 39ms
  Thread Stats   Avg      Stdev     99%   +/- Stdev
    Latency    18.68ms    6.26ms  38.72ms   90.13%
    Req/Sec     2.96      8.06    27.00     87.22%
  Latency Distribution (HdrHistogram - Recorded Latency)
 50.000%   16.98ms
 75.000%   20.24ms
 90.000%   24.88ms
 99.000%   38.72ms
 99.900%   56.45ms
 99.990%  226.05ms
 99.999%  244.22ms
100.000%  246.65ms

  Detailed Percentile spectrum:
       Value   Percentile   TotalCount 1/(1-Percentile)

      10.143     0.000000            1         1.00
      14.383     0.100000         5726         1.11
      15.007     0.200000        11437         1.25
      15.575     0.300000        17149         1.43
      16.191     0.400000        22772         1.67
      16.975     0.500000        28511         2.00
      17.455     0.550000        31343         2.22
      18.015     0.600000        34170         2.50
      18.623     0.650000        37020         2.86
      19.343     0.700000        39852         3.33
      20.239     0.750000        42711         4.00
      20.735     0.775000        44130         4.44
      21.343     0.800000        45531         5.00
      22.015     0.825000        46956         5.71
      22.815     0.850000        48393         6.67
      23.727     0.875000        49794         8.00
      24.255     0.887500        50509         8.89
      24.879     0.900000        51229        10.00
      25.599     0.912500        51933        11.43
      26.447     0.925000        52650        13.33
      27.455     0.937500        53353        16.00
      28.015     0.943750        53708        17.78
      28.735     0.950000        54065        20.00
      29.471     0.956250        54416        22.86
      30.383     0.962500        54774        26.67
      31.487     0.968750        55131        32.00
      32.127     0.971875        55305        35.56
      32.863     0.975000        55485        40.00
      33.599     0.978125        55661        45.71
      34.687     0.981250        55839        53.33
      35.903     0.984375        56019        64.00
      36.639     0.985938        56109        71.11
      37.183     0.987500        56195        80.00
      38.143     0.989062        56283        91.43
      39.327     0.990625        56374       106.67
      40.767     0.992188        56464       128.00
      41.471     0.992969        56507       142.22
      42.303     0.993750        56552       160.00
      43.263     0.994531        56596       182.86
      44.479     0.995313        56639       213.33
      45.823     0.996094        56683       256.00
      46.623     0.996484        56705       284.44
      47.679     0.996875        56728       320.00
      48.767     0.997266        56750       365.71
      50.079     0.997656        56773       426.67
      50.975     0.998047        56795       512.00
      51.551     0.998242        56805       568.89
      52.767     0.998437        56817       640.00
      54.111     0.998633        56828       731.43
      54.975     0.998828        56839       853.33
      56.799     0.999023        56850      1024.00
      57.759     0.999121        56855      1137.78
      59.519     0.999219        56861      1280.00
      60.351     0.999316        56867      1462.86
      61.343     0.999414        56872      1706.67
      62.719     0.999512        56878      2048.00
      63.999     0.999561        56880      2275.56
      67.519     0.999609        56883      2560.00
      73.343     0.999658        56886      2925.71
      92.415     0.999707        56889      3413.33
     217.471     0.999756        56892      4096.00
     219.007     0.999780        56893      4551.11
     219.519     0.999805        56894      5120.00
     222.975     0.999829        56896      5851.43
     223.103     0.999854        56897      6826.67
     226.047     0.999878        56899      8192.00
     226.047     0.999890        56899      9102.22
     232.703     0.999902        56900     10240.00
     233.727     0.999915        56901     11702.86
     233.727     0.999927        56901     13653.33
     236.799     0.999939        56902     16384.00
     236.799     0.999945        56902     18204.44
     242.303     0.999951        56903     20480.00
     242.303     0.999957        56903     23405.71
     242.303     0.999963        56903     27306.67
     244.223     0.999969        56904     32768.00
     244.223     0.999973        56904     36408.89
     244.223     0.999976        56904     40960.00
     244.223     0.999979        56904     46811.43
     244.223     0.999982        56904     54613.33
     246.655     0.999985        56905     65536.00
     246.655     1.000000        56905          inf
#[Mean    =       18.680, StdDeviation   =        6.263]
#[Max     =      246.528, Total count    =        56905]
#[Buckets =           27, SubBuckets     =         2048]
----------------------------------------------------------
  57427 requests in 20.00m, 11.77MB read
  Socket errors: connect 0, read 0, write 0, timeout 914
Requests/sec:     47.85
Transfer/sec:     10.05KB
