Running 20m test @ http://10.108.95.18:8080/wrk2-api/home-timeline/read
  16 threads and 32 connections
  Thread calibration: mean lat.: 14.468ms, rate sampling interval: 45ms
  Thread calibration: mean lat.: 14.428ms, rate sampling interval: 44ms
  Thread calibration: mean lat.: 13.649ms, rate sampling interval: 41ms
  Thread calibration: mean lat.: 15.780ms, rate sampling interval: 50ms
  Thread calibration: mean lat.: 13.875ms, rate sampling interval: 42ms
  Thread calibration: mean lat.: 14.801ms, rate sampling interval: 46ms
  Thread calibration: mean lat.: 13.572ms, rate sampling interval: 41ms
  Thread calibration: mean lat.: 16.342ms, rate sampling interval: 50ms
  Thread calibration: mean lat.: 15.123ms, rate sampling interval: 51ms
  Thread calibration: mean lat.: 14.498ms, rate sampling interval: 45ms
  Thread calibration: mean lat.: 15.301ms, rate sampling interval: 47ms
  Thread calibration: mean lat.: 15.875ms, rate sampling interval: 50ms
  Thread calibration: mean lat.: 13.568ms, rate sampling interval: 41ms
  Thread calibration: mean lat.: 13.914ms, rate sampling interval: 41ms
  Thread calibration: mean lat.: 13.564ms, rate sampling interval: 37ms
  Thread calibration: mean lat.: 15.182ms, rate sampling interval: 47ms
  Thread Stats   Avg      Stdev     99%   +/- Stdev
    Latency    15.61ms    6.92ms  39.58ms   84.33%
    Req/Sec    22.05     21.90    86.00     83.62%
  Latency Distribution (HdrHistogram - Recorded Latency)
 50.000%   13.85ms
 75.000%   18.16ms
 90.000%   23.93ms
 99.000%   39.58ms
 99.900%   57.44ms
 99.990%  123.07ms
 99.999%  244.22ms
100.000%  265.73ms

  Detailed Percentile spectrum:
       Value   Percentile   TotalCount 1/(1-Percentile)

       1.220     0.000000            1         1.00
       9.751     0.100000        42190         1.11
      10.711     0.200000        84154         1.25
      11.655     0.300000       126129         1.43
      12.679     0.400000       167890         1.67
      13.847     0.500000       209990         2.00
      14.503     0.550000       230830         2.22
      15.239     0.600000       251925         2.50
      16.063     0.650000       272787         2.86
      17.023     0.700000       293839         3.33
      18.159     0.750000       314769         4.00
      18.799     0.775000       325249         4.44
      19.535     0.800000       335609         5.00
      20.383     0.825000       346279         5.71
      21.343     0.850000       356665         6.67
      22.495     0.875000       367128         8.00
      23.183     0.887500       372381         8.89
      23.935     0.900000       377652        10.00
      24.783     0.912500       382836        11.43
      25.775     0.925000       388052        13.33
      26.943     0.937500       393304        16.00
      27.615     0.943750       395940        17.78
      28.367     0.950000       398553        20.00
      29.215     0.956250       401188        22.86
      30.207     0.962500       403793        26.67
      31.439     0.968750       406423        32.00
      32.175     0.971875       407724        35.56
      32.991     0.975000       409069        40.00
      33.951     0.978125       410357        45.71
      35.007     0.981250       411654        53.33
      36.319     0.984375       412968        64.00
      37.055     0.985938       413609        71.11
      37.919     0.987500       414272        80.00
      38.847     0.989062       414920        91.43
      40.031     0.990625       415597       106.67
      41.311     0.992188       416234       128.00
      42.111     0.992969       416563       142.22
      43.071     0.993750       416894       160.00
      43.999     0.994531       417219       182.86
      45.151     0.995313       417544       213.33
      46.591     0.996094       417876       256.00
      47.423     0.996484       418036       284.44
      48.319     0.996875       418199       320.00
      49.439     0.997266       418361       365.71
      50.623     0.997656       418525       426.67
      51.967     0.998047       418693       512.00
      52.703     0.998242       418774       568.89
      53.759     0.998437       418853       640.00
      54.783     0.998633       418935       731.43
      56.287     0.998828       419018       853.33
      57.599     0.999023       419099      1024.00
      58.495     0.999121       419140      1137.78
      59.455     0.999219       419181      1280.00
      60.383     0.999316       419223      1462.86
      61.599     0.999414       419264      1706.67
      63.295     0.999512       419304      2048.00
      64.255     0.999561       419324      2275.56
      65.023     0.999609       419345      2560.00
      67.199     0.999658       419365      2925.71
      69.375     0.999707       419387      3413.33
      72.255     0.999756       419407      4096.00
      73.087     0.999780       419416      4551.11
      75.007     0.999805       419427      5120.00
      76.927     0.999829       419437      5851.43
      80.319     0.999854       419447      6826.67
      88.447     0.999878       419457      8192.00
      92.671     0.999890       419462      9102.22
     127.423     0.999902       419468     10240.00
     149.759     0.999915       419473     11702.86
     185.727     0.999927       419478     13653.33
     215.295     0.999939       419483     16384.00
     217.727     0.999945       419485     18204.44
     220.543     0.999951       419488     20480.00
     224.511     0.999957       419491     23405.71
     227.583     0.999963       419494     27306.67
     231.551     0.999969       419496     32768.00
     234.751     0.999973       419497     36408.89
     235.135     0.999976       419498     40960.00
     237.183     0.999979       419500     46811.43
     241.919     0.999982       419501     54613.33
     242.943     0.999985       419502     65536.00
     243.455     0.999986       419503     72817.78
     243.455     0.999988       419503     81920.00
     244.223     0.999989       419504     93622.86
     246.399     0.999991       419505    109226.67
     246.399     0.999992       419505    131072.00
     248.447     0.999993       419506    145635.56
     248.447     0.999994       419506    163840.00
     248.447     0.999995       419506    187245.71
     254.591     0.999995       419507    218453.33
     254.591     0.999996       419507    262144.00
     254.591     0.999997       419507    291271.11
     254.591     0.999997       419507    327680.00
     254.591     0.999997       419507    374491.43
     265.727     0.999998       419508    436906.67
     265.727     1.000000       419508          inf
#[Mean    =       15.613, StdDeviation   =        6.917]
#[Max     =      265.472, Total count    =       419508]
#[Buckets =           27, SubBuckets     =         2048]
----------------------------------------------------------
  423003 requests in 20.00m, 4.97GB read
Requests/sec:    352.48
Transfer/sec:      4.24MB
