Running 20m test @ http://10.108.95.18:8080/wrk2-api/user-timeline/read
  16 threads and 32 connections
  Thread calibration: mean lat.: 24.663ms, rate sampling interval: 68ms
  Thread calibration: mean lat.: 24.653ms, rate sampling interval: 71ms
  Thread calibration: mean lat.: 24.232ms, rate sampling interval: 64ms
  Thread calibration: mean lat.: 22.442ms, rate sampling interval: 63ms
  Thread calibration: mean lat.: 24.932ms, rate sampling interval: 72ms
  Thread calibration: mean lat.: 23.117ms, rate sampling interval: 64ms
  Thread calibration: mean lat.: 22.674ms, rate sampling interval: 61ms
  Thread calibration: mean lat.: 23.093ms, rate sampling interval: 65ms
  Thread calibration: mean lat.: 23.589ms, rate sampling interval: 66ms
  Thread calibration: mean lat.: 24.379ms, rate sampling interval: 68ms
  Thread calibration: mean lat.: 25.201ms, rate sampling interval: 70ms
  Thread calibration: mean lat.: 22.396ms, rate sampling interval: 62ms
  Thread calibration: mean lat.: 26.206ms, rate sampling interval: 80ms
  Thread calibration: mean lat.: 22.464ms, rate sampling interval: 61ms
  Thread calibration: mean lat.: 24.584ms, rate sampling interval: 68ms
  Thread calibration: mean lat.: 25.310ms, rate sampling interval: 74ms
  Thread Stats   Avg      Stdev     99%   +/- Stdev
    Latency    23.91ms    8.69ms  54.43ms   77.81%
    Req/Sec    10.82     12.48    48.00     83.14%
  Latency Distribution (HdrHistogram - Recorded Latency)
 50.000%   22.16ms
 75.000%   27.25ms
 90.000%   34.53ms
 99.000%   54.43ms
 99.900%   74.62ms
 99.990%  100.10ms
 99.999%  256.51ms
100.000%  258.69ms

  Detailed Percentile spectrum:
       Value   Percentile   TotalCount 1/(1-Percentile)

       4.915     0.000000            1         1.00
      15.335     0.100000        21023         1.11
      17.567     0.200000        42020         1.25
      19.231     0.300000        63032         1.43
      20.687     0.400000        84023         1.67
      22.159     0.500000       105041         2.00
      22.943     0.550000       115318         2.22
      23.807     0.600000       125853         2.50
      24.783     0.650000       136335         2.86
      25.919     0.700000       146845         3.33
      27.247     0.750000       157329         4.00
      28.047     0.775000       162559         4.44
      28.975     0.800000       167811         5.00
      29.999     0.825000       172994         5.71
      31.183     0.850000       178242         6.67
      32.687     0.875000       183506         8.00
      33.535     0.887500       186077         8.89
      34.527     0.900000       188766        10.00
      35.647     0.912500       191373        11.43
      36.959     0.925000       193976        13.33
      38.559     0.937500       196602        16.00
      39.455     0.943750       197903        17.78
      40.447     0.950000       199192        20.00
      41.567     0.956250       200497        22.86
      42.911     0.962500       201813        26.67
      44.511     0.968750       203124        32.00
      45.375     0.971875       203766        35.56
      46.495     0.975000       204427        40.00
      47.647     0.978125       205085        45.71
      48.895     0.981250       205736        53.33
      50.463     0.984375       206395        64.00
      51.391     0.985938       206719        71.11
      52.447     0.987500       207044        80.00
      53.567     0.989062       207371        91.43
      54.911     0.990625       207698       106.67
      56.447     0.992188       208029       128.00
      57.311     0.992969       208188       142.22
      58.367     0.993750       208354       160.00
      59.583     0.994531       208518       182.86
      60.767     0.995313       208683       213.33
      62.271     0.996094       208845       256.00
      63.231     0.996484       208926       284.44
      64.351     0.996875       209008       320.00
      65.439     0.997266       209091       365.71
      66.687     0.997656       209174       426.67
      68.479     0.998047       209254       512.00
      69.375     0.998242       209296       568.89
      70.207     0.998437       209338       640.00
      71.359     0.998633       209377       731.43
      72.703     0.998828       209419       853.33
      74.815     0.999023       209458      1024.00
      76.159     0.999121       209479      1137.78
      77.439     0.999219       209500      1280.00
      78.783     0.999316       209519      1462.86
      79.807     0.999414       209540      1706.67
      81.151     0.999512       209560      2048.00
      82.111     0.999561       209570      2275.56
      82.943     0.999609       209581      2560.00
      83.839     0.999658       209591      2925.71
      85.631     0.999707       209604      3413.33
      86.719     0.999756       209611      4096.00
      87.743     0.999780       209616      4551.11
      89.023     0.999805       209622      5120.00
      91.903     0.999829       209627      5851.43
      92.671     0.999854       209632      6826.67
      95.359     0.999878       209637      8192.00
      97.279     0.999890       209639      9102.22
     100.607     0.999902       209642     10240.00
     102.655     0.999915       209645     11702.86
     104.447     0.999927       209647     13653.33
     107.583     0.999939       209651     16384.00
     107.583     0.999945       209651     18204.44
     108.351     0.999951       209652     20480.00
     110.463     0.999957       209654     23405.71
     135.551     0.999963       209655     27306.67
     143.359     0.999969       209656     32768.00
     223.231     0.999973       209657     36408.89
     223.231     0.999976       209657     40960.00
     231.551     0.999979       209658     46811.43
     248.959     0.999982       209659     54613.33
     248.959     0.999985       209659     65536.00
     256.511     0.999986       209660     72817.78
     256.511     0.999988       209660     81920.00
     256.511     0.999989       209660     93622.86
     257.919     0.999991       209661    109226.67
     257.919     0.999992       209661    131072.00
     257.919     0.999993       209661    145635.56
     257.919     0.999994       209661    163840.00
     257.919     0.999995       209661    187245.71
     258.687     0.999995       209662    218453.33
     258.687     1.000000       209662          inf
#[Mean    =       23.906, StdDeviation   =        8.690]
#[Max     =      258.560, Total count    =       209662]
#[Buckets =           27, SubBuckets     =         2048]
----------------------------------------------------------
  211440 requests in 20.00m, 2.72GB read
Requests/sec:    176.19
Transfer/sec:      2.32MB
