This file contains any messages produced by compilers while
running configure, to aid debugging if configure makes a mistake.

It was created by pmbw configure 0.6.2, which was
generated by GNU Autoconf 2.69.  Invocation command line was

  $ ./configure 

## --------- ##
## Platform. ##
## --------- ##

hostname = dvorak
uname -m = x86_64
uname -r = 4.15.0-101-generic
uname -s = Linux
uname -v = #102-Ubuntu SMP Mon May 11 10:07:26 UTC 2020

/usr/bin/uname -p = unknown
/bin/uname -X     = unknown

/bin/arch              = unknown
/usr/bin/arch -k       = unknown
/usr/convex/getsysinfo = unknown
/usr/bin/hostinfo      = unknown
/bin/machine           = unknown
/usr/bin/oslevel       = unknown
/bin/universe          = unknown

PATH: /gpfs/gpfs0/home/haoranq4/.local/bin
PATH: /gpfs/gpfs0/home/haoranq4/go/bin
PATH: /usr/local/go/bin
PATH: /usr/local/sbin
PATH: /usr/local/bin
PATH: /usr/sbin
PATH: /usr/bin
PATH: /sbin
PATH: /bin
PATH: /usr/games
PATH: /usr/local/games
PATH: /snap/bin


## ----------- ##
## Core tests. ##
## ----------- ##

configure:1883: checking build system type
configure:1897: result: x86_64-unknown-linux-gnu
configure:1917: checking host system type
configure:1930: result: x86_64-unknown-linux-gnu
configure:1950: checking target system type
configure:1963: result: x86_64-unknown-linux-gnu
configure:2006: checking for a BSD-compatible install
configure:2074: result: /usr/bin/install -c
configure:2085: checking whether build environment is sane
configure:2140: result: yes
configure:2291: checking for a thread-safe mkdir -p
configure:2330: result: /bin/mkdir -p
configure:2337: checking for gawk
configure:2353: found /usr/bin/gawk
configure:2364: result: gawk
configure:2375: checking whether make sets $(MAKE)
configure:2397: result: yes
configure:2484: checking whether to enable maintainer-specific portions of Makefiles
configure:2493: result: no
configure:2509: checking building for Windows
configure:2519: result: no
configure:2594: checking for g++
configure:2610: found /usr/bin/g++
configure:2621: result: g++
configure:2648: checking for C++ compiler version
configure:2657: g++ --version >&5
g++ (Ubuntu 7.5.0-3ubuntu1~18.04) 7.5.0
Copyright (C) 2017 Free Software Foundation, Inc.
This is free software; see the source for copying conditions.  There is NO
warranty; not even for MERCHANTABILITY or FITNESS FOR A PARTICULAR PURPOSE.

configure:2668: $? = 0
configure:2657: g++ -v >&5
Using built-in specs.
COLLECT_GCC=g++
COLLECT_LTO_WRAPPER=/usr/lib/gcc/x86_64-linux-gnu/7/lto-wrapper
OFFLOAD_TARGET_NAMES=nvptx-none
OFFLOAD_TARGET_DEFAULT=1
Target: x86_64-linux-gnu
Configured with: ../src/configure -v --with-pkgversion='Ubuntu 7.5.0-3ubuntu1~18.04' --with-bugurl=file:///usr/share/doc/gcc-7/README.Bugs --enable-languages=c,ada,c++,go,brig,d,fortran,objc,obj-c++ --prefix=/usr --with-gcc-major-version-only --program-suffix=-7 --program-prefix=x86_64-linux-gnu- --enable-shared --enable-linker-build-id --libexecdir=/usr/lib --without-included-gettext --enable-threads=posix --libdir=/usr/lib --enable-nls --enable-bootstrap --enable-clocale=gnu --enable-libstdcxx-debug --enable-libstdcxx-time=yes --with-default-libstdcxx-abi=new --enable-gnu-unique-object --disable-vtable-verify --enable-libmpx --enable-plugin --enable-default-pie --with-system-zlib --with-target-system-zlib --enable-objc-gc=auto --enable-multiarch --disable-werror --with-arch-32=i686 --with-abi=m64 --with-multilib-list=m32,m64,mx32 --enable-multilib --with-tune=generic --enable-offload-targets=nvptx-none --without-cuda-driver --enable-checking=release --build=x86_64-linux-gnu --host=x86_64-linux-gnu --target=x86_64-linux-gnu
Thread model: posix
gcc version 7.5.0 (Ubuntu 7.5.0-3ubuntu1~18.04) 
configure:2668: $? = 0
configure:2657: g++ -V >&5
g++: error: unrecognized command line option '-V'
g++: fatal error: no input files
compilation terminated.
configure:2668: $? = 1
configure:2657: g++ -qversion >&5
g++: error: unrecognized command line option '-qversion'; did you mean '--version'?
g++: fatal error: no input files
compilation terminated.
configure:2668: $? = 1
configure:2688: checking whether the C++ compiler works
configure:2710: g++ -g -O2   conftest.cpp  >&5
configure:2714: $? = 0
configure:2762: result: yes
configure:2765: checking for C++ compiler default output file name
configure:2767: result: a.out
configure:2773: checking for suffix of executables
configure:2780: g++ -o conftest -g -O2   conftest.cpp  >&5
configure:2784: $? = 0
configure:2806: result: 
configure:2828: checking whether we are cross compiling
configure:2836: g++ -o conftest -g -O2   conftest.cpp  >&5
configure:2840: $? = 0
configure:2847: ./conftest
configure:2851: $? = 0
configure:2866: result: no
configure:2871: checking for suffix of object files
configure:2893: g++ -c -g -O2  conftest.cpp >&5
configure:2897: $? = 0
configure:2918: result: o
configure:2922: checking whether we are using the GNU C++ compiler
configure:2941: g++ -c -g -O2  conftest.cpp >&5
configure:2941: $? = 0
configure:2950: result: yes
configure:2959: checking whether g++ accepts -g
configure:2979: g++ -c -g  conftest.cpp >&5
configure:2979: $? = 0
configure:3020: result: yes
configure:3054: checking for style of include used by make
configure:3082: result: GNU
configure:3108: checking dependency style of g++
configure:3219: result: gcc3
configure:3245: checking whether g++ supports -march=x86-64
configure:3259: g++ -c -g -O2 -march=x86-64  conftest.cpp >&5
configure:3259: $? = 0
configure:3260: result: yes
configure:3271: checking for pthread_mutex_init in -lpthread
configure:3296: g++ -o conftest -g -O2 -march=x86-64   conftest.cpp -lpthread   >&5
configure:3296: $? = 0
configure:3305: result: yes
configure:3317: checking for clock_gettime in -lrt
configure:3342: g++ -o conftest -g -O2 -march=x86-64   conftest.cpp -lrt   -lpthread >&5
configure:3342: $? = 0
configure:3351: result: yes
configure:3364: checking for posix_memalign in -lc
configure:3389: g++ -o conftest -g -O2 -march=x86-64   conftest.cpp -lc   -lpthread -lrt >&5
conftest.cpp:19:6: warning: declaration of 'char posix_memalign()' conflicts with built-in declaration 'int posix_memalign(void**, long unsigned int, long unsigned int)' [-Wbuiltin-declaration-mismatch]
 char posix_memalign ();
      ^~~~~~~~~~~~~~
configure:3389: $? = 0
configure:3398: result: yes
configure:3558: checking that generated files are newer than configure
configure:3564: result: done
configure:3591: creating ./config.status

## ---------------------- ##
## Running config.status. ##
## ---------------------- ##

This file was extended by pmbw config.status 0.6.2, which was
generated by GNU Autoconf 2.69.  Invocation command line was

  CONFIG_FILES    = 
  CONFIG_HEADERS  = 
  CONFIG_LINKS    = 
  CONFIG_COMMANDS = 
  $ ./config.status 

on dvorak

config.status:783: creating Makefile
config.status:955: executing depfiles commands

## ---------------- ##
## Cache variables. ##
## ---------------- ##

ac_cv_build=x86_64-unknown-linux-gnu
ac_cv_cxx_compiler_gnu=yes
ac_cv_env_CCC_set=
ac_cv_env_CCC_value=
ac_cv_env_CPPFLAGS_set=
ac_cv_env_CPPFLAGS_value=
ac_cv_env_CXXFLAGS_set=
ac_cv_env_CXXFLAGS_value=
ac_cv_env_CXX_set=
ac_cv_env_CXX_value=
ac_cv_env_LDFLAGS_set=
ac_cv_env_LDFLAGS_value=
ac_cv_env_LIBS_set=
ac_cv_env_LIBS_value=
ac_cv_env_build_alias_set=
ac_cv_env_build_alias_value=
ac_cv_env_host_alias_set=
ac_cv_env_host_alias_value=
ac_cv_env_target_alias_set=
ac_cv_env_target_alias_value=
ac_cv_host=x86_64-unknown-linux-gnu
ac_cv_lib_c_posix_memalign=yes
ac_cv_lib_pthread_pthread_mutex_init=yes
ac_cv_lib_rt_clock_gettime=yes
ac_cv_objext=o
ac_cv_path_install='/usr/bin/install -c'
ac_cv_path_mkdir=/bin/mkdir
ac_cv_prog_AWK=gawk
ac_cv_prog_ac_ct_CXX=g++
ac_cv_prog_cxx_g=yes
ac_cv_prog_make_make_set=yes
ac_cv_target=x86_64-unknown-linux-gnu
am_cv_CXX_dependencies_compiler_type=gcc3

## ----------------- ##
## Output variables. ##
## ----------------- ##

ACLOCAL='${SHELL} /gpfs/gpfs0/home/haoranq4/firm/src/anomaly-injector/pmbw-0.6.2/acscripts/missing --run aclocal-1.12'
AMDEPBACKSLASH='\'
AMDEP_FALSE='#'
AMDEP_TRUE=''
AMTAR='$${TAR-tar}'
AUTOCONF='${SHELL} /gpfs/gpfs0/home/haoranq4/firm/src/anomaly-injector/pmbw-0.6.2/acscripts/missing --run autoconf'
AUTOHEADER='${SHELL} /gpfs/gpfs0/home/haoranq4/firm/src/anomaly-injector/pmbw-0.6.2/acscripts/missing --run autoheader'
AUTOMAKE='${SHELL} /gpfs/gpfs0/home/haoranq4/firm/src/anomaly-injector/pmbw-0.6.2/acscripts/missing --run automake-1.12'
AWK='gawk'
CPPFLAGS=''
CXX='g++'
CXXDEPMODE='depmode=gcc3'
CXXFLAGS='-g -O2 -march=x86-64'
CYGPATH_W='echo'
DEFS='-DPACKAGE_NAME=\"pmbw\" -DPACKAGE_TARNAME=\"pmbw\" -DPACKAGE_VERSION=\"0.6.2\" -DPACKAGE_STRING=\"pmbw\ 0.6.2\" -DPACKAGE_BUGREPORT=\"\" -DPACKAGE_URL=\"\" -DPACKAGE=\"pmbw\" -DVERSION=\"0.6.2\" -DON_WINDOWS=false -DHAVE_POSIX_MEMALIGN=1'
DEPDIR='.deps'
ECHO_C=''
ECHO_N='-n'
ECHO_T=''
EXEEXT=''
INSTALL_DATA='${INSTALL} -m 644'
INSTALL_PROGRAM='${INSTALL}'
INSTALL_SCRIPT='${INSTALL}'
INSTALL_STRIP_PROGRAM='$(install_sh) -c -s'
LDFLAGS=''
LIBOBJS=''
LIBS=' -lpthread -lrt'
LTLIBOBJS=''
MAINT='#'
MAINTAINER_MODE_FALSE=''
MAINTAINER_MODE_TRUE='#'
MAKEINFO='${SHELL} /gpfs/gpfs0/home/haoranq4/firm/src/anomaly-injector/pmbw-0.6.2/acscripts/missing --run makeinfo'
MKDIR_P='/bin/mkdir -p'
OBJEXT='o'
PACKAGE='pmbw'
PACKAGE_BUGREPORT=''
PACKAGE_NAME='pmbw'
PACKAGE_STRING='pmbw 0.6.2'
PACKAGE_TARNAME='pmbw'
PACKAGE_URL=''
PACKAGE_VERSION='0.6.2'
PATH_SEPARATOR=':'
SET_MAKE=''
SHELL='/bin/bash'
STRIP=''
VERSION='0.6.2'
ac_ct_CXX='g++'
am__EXEEXT_FALSE=''
am__EXEEXT_TRUE='#'
am__fastdepCXX_FALSE='#'
am__fastdepCXX_TRUE=''
am__include='include'
am__isrc=''
am__leading_dot='.'
am__nodep='_no'
am__quote=''
am__tar='$${TAR-tar} chof - "$$tardir"'
am__untar='$${TAR-tar} xf -'
bindir='${exec_prefix}/bin'
build='x86_64-unknown-linux-gnu'
build_alias=''
build_cpu='x86_64'
build_os='linux-gnu'
build_vendor='unknown'
datadir='${datarootdir}'
datarootdir='${prefix}/share'
docdir='${datarootdir}/doc/${PACKAGE_TARNAME}'
dvidir='${docdir}'
exec_prefix='${prefix}'
host='x86_64-unknown-linux-gnu'
host_alias=''
host_cpu='x86_64'
host_os='linux-gnu'
host_vendor='unknown'
htmldir='${docdir}'
includedir='${prefix}/include'
infodir='${datarootdir}/info'
install_sh='${SHELL} /gpfs/gpfs0/home/haoranq4/firm/src/anomaly-injector/pmbw-0.6.2/acscripts/install-sh'
libdir='${exec_prefix}/lib'
libexecdir='${exec_prefix}/libexec'
localedir='${datarootdir}/locale'
localstatedir='${prefix}/var'
mandir='${datarootdir}/man'
mkdir_p='$(MKDIR_P)'
oldincludedir='/usr/include'
pdfdir='${docdir}'
prefix='/usr/local'
program_transform_name='s,x,x,'
psdir='${docdir}'
sbindir='${exec_prefix}/sbin'
sharedstatedir='${prefix}/com'
sysconfdir='${prefix}/etc'
target='x86_64-unknown-linux-gnu'
target_alias=''
target_cpu='x86_64'
target_os='linux-gnu'
target_vendor='unknown'

## ----------- ##
## confdefs.h. ##
## ----------- ##

/* confdefs.h */
#define PACKAGE_NAME "pmbw"
#define PACKAGE_TARNAME "pmbw"
#define PACKAGE_VERSION "0.6.2"
#define PACKAGE_STRING "pmbw 0.6.2"
#define PACKAGE_BUGREPORT ""
#define PACKAGE_URL ""
#define PACKAGE "pmbw"
#define VERSION "0.6.2"
#define ON_WINDOWS false
#define HAVE_POSIX_MEMALIGN 1

configure: exit 0
