Running 20m test @ http://10.104.218.110:8080/wrk2-api/post/compose
  16 threads and 32 connections
  Thread calibration: mean lat.: 18.406ms, rate sampling interval: 48ms
  Thread calibration: mean lat.: 18.773ms, rate sampling interval: 55ms
  Thread calibration: mean lat.: 19.615ms, rate sampling interval: 51ms
  Thread calibration: mean lat.: 18.912ms, rate sampling interval: 49ms
  Thread calibration: mean lat.: 19.777ms, rate sampling interval: 49ms
  Thread calibration: mean lat.: 19.234ms, rate sampling interval: 60ms
  Thread calibration: mean lat.: 17.911ms, rate sampling interval: 43ms
  Thread calibration: mean lat.: 18.264ms, rate sampling interval: 41ms
  Thread calibration: mean lat.: 20.099ms, rate sampling interval: 56ms
  Thread calibration: mean lat.: 18.071ms, rate sampling interval: 45ms
  Thread calibration: mean lat.: 18.942ms, rate sampling interval: 59ms
  Thread calibration: mean lat.: 16.726ms, rate sampling interval: 39ms
  Thread calibration: mean lat.: 18.500ms, rate sampling interval: 51ms
  Thread calibration: mean lat.: 17.550ms, rate sampling interval: 41ms
  Thread calibration: mean lat.: 17.633ms, rate sampling interval: 41ms
  Thread calibration: mean lat.: 17.299ms, rate sampling interval: 39ms
  Thread Stats   Avg      Stdev     99%   +/- Stdev
    Latency    18.82ms    6.57ms  39.36ms   90.40%
    Req/Sec     2.96      7.96    26.00     86.85%
  Latency Distribution (HdrHistogram - Recorded Latency)
 50.000%   17.12ms
 75.000%   20.33ms
 90.000%   25.12ms
 99.000%   39.36ms
 99.900%   59.46ms
 99.990%  225.54ms
 99.999%  237.95ms
100.000%  251.39ms

  Detailed Percentile spectrum:
       Value   Percentile   TotalCount 1/(1-Percentile)

      11.487     0.000000            1         1.00
      14.431     0.100000         5745         1.11
      15.079     0.200000        11395         1.25
      15.671     0.300000        17110         1.43
      16.327     0.400000        22778         1.67
      17.119     0.500000        28490         2.00
      17.583     0.550000        31313         2.22
      18.127     0.600000        34181         2.50
      18.735     0.650000        36991         2.86
      19.471     0.700000        39887         3.33
      20.335     0.750000        42727         4.00
      20.815     0.775000        44111         4.44
      21.407     0.800000        45559         5.00
      22.095     0.825000        46956         5.71
      22.863     0.850000        48373         6.67
      23.887     0.875000        49809         8.00
      24.463     0.887500        50516         8.89
      25.119     0.900000        51217        10.00
      25.871     0.912500        51928        11.43
      26.751     0.925000        52648        13.33
      27.759     0.937500        53351        16.00
      28.415     0.943750        53708        17.78
      29.087     0.950000        54060        20.00
      29.823     0.956250        54420        22.86
      30.751     0.962500        54773        26.67
      31.887     0.968750        55129        32.00
      32.511     0.971875        55307        35.56
      33.183     0.975000        55489        40.00
      34.079     0.978125        55665        45.71
      35.135     0.981250        55841        53.33
      36.415     0.984375        56016        64.00
      37.055     0.985938        56106        71.11
      37.919     0.987500        56193        80.00
      38.815     0.989062        56285        91.43
      39.999     0.990625        56371       106.67
      41.087     0.992188        56461       128.00
      41.951     0.992969        56505       142.22
      42.783     0.993750        56549       160.00
      43.839     0.994531        56593       182.86
      45.311     0.995313        56638       213.33
      47.007     0.996094        56682       256.00
      47.711     0.996484        56704       284.44
      48.543     0.996875        56727       320.00
      49.791     0.997266        56750       365.71
      51.039     0.997656        56771       426.67
      52.031     0.998047        56793       512.00
      53.087     0.998242        56804       568.89
      54.271     0.998437        56816       640.00
      55.423     0.998633        56827       731.43
      57.055     0.998828        56838       853.33
      59.551     0.999023        56849      1024.00
      61.599     0.999121        56854      1137.78
      64.063     0.999219        56860      1280.00
      65.407     0.999316        56867      1462.86
      67.967     0.999414        56871      1706.67
      81.151     0.999512        56877      2048.00
      88.255     0.999561        56879      2275.56
      95.935     0.999609        56882      2560.00
     160.639     0.999658        56885      2925.71
     219.007     0.999707        56888      3413.33
     221.823     0.999756        56891      4096.00
     222.847     0.999780        56893      4551.11
     222.847     0.999805        56893      5120.00
     225.023     0.999829        56895      5851.43
     225.407     0.999854        56896      6826.67
     225.535     0.999878        56898      8192.00
     225.535     0.999890        56898      9102.22
     227.455     0.999902        56899     10240.00
     230.655     0.999915        56900     11702.86
     230.655     0.999927        56900     13653.33
     233.727     0.999939        56901     16384.00
     233.727     0.999945        56901     18204.44
     236.927     0.999951        56902     20480.00
     236.927     0.999957        56902     23405.71
     236.927     0.999963        56902     27306.67
     237.951     0.999969        56903     32768.00
     237.951     0.999973        56903     36408.89
     237.951     0.999976        56903     40960.00
     237.951     0.999979        56903     46811.43
     237.951     0.999982        56903     54613.33
     251.391     0.999985        56904     65536.00
     251.391     1.000000        56904          inf
#[Mean    =       18.823, StdDeviation   =        6.568]
#[Max     =      251.264, Total count    =        56904]
#[Buckets =           27, SubBuckets     =         2048]
----------------------------------------------------------
  57424 requests in 20.00m, 11.77MB read
  Socket errors: connect 0, read 0, write 0, timeout 913
Requests/sec:     47.85
Transfer/sec:     10.05KB
