Running 20m test @ http://10.104.218.110:8080/wrk2-api/home-timeline/read
  16 threads and 32 connections
  Thread calibration: mean lat.: 14.798ms, rate sampling interval: 43ms
  Thread calibration: mean lat.: 15.009ms, rate sampling interval: 49ms
  Thread calibration: mean lat.: 14.522ms, rate sampling interval: 43ms
  Thread calibration: mean lat.: 13.755ms, rate sampling interval: 44ms
  Thread calibration: mean lat.: 15.592ms, rate sampling interval: 44ms
  Thread calibration: mean lat.: 13.031ms, rate sampling interval: 37ms
  Thread calibration: mean lat.: 15.220ms, rate sampling interval: 49ms
  Thread calibration: mean lat.: 14.513ms, rate sampling interval: 41ms
  Thread calibration: mean lat.: 14.710ms, rate sampling interval: 46ms
  Thread calibration: mean lat.: 13.333ms, rate sampling interval: 36ms
  Thread calibration: mean lat.: 14.183ms, rate sampling interval: 43ms
  Thread calibration: mean lat.: 16.195ms, rate sampling interval: 48ms
  Thread calibration: mean lat.: 14.078ms, rate sampling interval: 41ms
  Thread calibration: mean lat.: 14.917ms, rate sampling interval: 44ms
  Thread calibration: mean lat.: 14.594ms, rate sampling interval: 43ms
  Thread calibration: mean lat.: 16.547ms, rate sampling interval: 50ms
  Thread Stats   Avg      Stdev     99%   +/- Stdev
    Latency    15.37ms    6.79ms  39.39ms   84.39%
    Req/Sec    21.99     22.11    86.00     82.84%
  Latency Distribution (HdrHistogram - Recorded Latency)
 50.000%   13.60ms
 75.000%   17.77ms
 90.000%   23.53ms
 99.000%   39.39ms
 99.900%   59.39ms
 99.990%  103.49ms
 99.999%  234.11ms
100.000%  245.50ms

  Detailed Percentile spectrum:
       Value   Percentile   TotalCount 1/(1-Percentile)

       0.280     0.000000            1         1.00
       9.655     0.100000        42233         1.11
      10.583     0.200000        84248         1.25
      11.479     0.300000       125859         1.43
      12.479     0.400000       168105         1.67
      13.599     0.500000       209819         2.00
      14.231     0.550000       230815         2.22
      14.935     0.600000       251810         2.50
      15.735     0.650000       272785         2.86
      16.671     0.700000       293852         3.33
      17.775     0.750000       314677         4.00
      18.431     0.775000       325233         4.44
      19.151     0.800000       335680         5.00
      19.983     0.825000       346202         5.71
      20.959     0.850000       356607         6.67
      22.111     0.875000       367067         8.00
      22.799     0.887500       372380         8.89
      23.535     0.900000       377619        10.00
      24.399     0.912500       382862        11.43
      25.391     0.925000       388073        13.33
      26.591     0.937500       393316        16.00
      27.295     0.943750       395929        17.78
      28.111     0.950000       398576        20.00
      29.007     0.956250       401183        22.86
      30.047     0.962500       403798        26.67
      31.263     0.968750       406416        32.00
      31.999     0.971875       407728        35.56
      32.831     0.975000       409072        40.00
      33.727     0.978125       410359        45.71
      34.847     0.981250       411646        53.33
      36.191     0.984375       412955        64.00
      36.927     0.985938       413614        71.11
      37.727     0.987500       414271        80.00
      38.687     0.989062       414928        91.43
      39.839     0.990625       415581       106.67
      41.183     0.992188       416230       128.00
      42.047     0.992969       416563       142.22
      42.975     0.993750       416887       160.00
      44.031     0.994531       417212       182.86
      45.183     0.995313       417539       213.33
      46.719     0.996094       417872       256.00
      47.647     0.996484       418036       284.44
      48.543     0.996875       418200       320.00
      49.727     0.997266       418362       365.71
      50.943     0.997656       418523       426.67
      52.543     0.998047       418688       512.00
      53.727     0.998242       418768       568.89
      55.039     0.998437       418850       640.00
      56.479     0.998633       418933       731.43
      57.919     0.998828       419016       853.33
      59.679     0.999023       419096      1024.00
      60.767     0.999121       419138      1137.78
      61.951     0.999219       419179      1280.00
      63.455     0.999316       419220      1462.86
      64.543     0.999414       419261      1706.67
      66.495     0.999512       419302      2048.00
      67.967     0.999561       419321      2275.56
      69.567     0.999609       419342      2560.00
      71.103     0.999658       419362      2925.71
      73.599     0.999707       419384      3413.33
      75.775     0.999756       419403      4096.00
      77.055     0.999780       419413      4551.11
      79.551     0.999805       419424      5120.00
      82.879     0.999829       419434      5851.43
      86.143     0.999854       419444      6826.67
      91.839     0.999878       419454      8192.00
      97.279     0.999890       419459      9102.22
     103.935     0.999902       419465     10240.00
     109.631     0.999915       419470     11702.86
     116.863     0.999927       419475     13653.33
     121.727     0.999939       419480     16384.00
     123.711     0.999945       419482     18204.44
     129.791     0.999951       419485     20480.00
     137.599     0.999957       419488     23405.71
     142.847     0.999963       419490     27306.67
     204.799     0.999969       419493     32768.00
     210.431     0.999973       419494     36408.89
     213.119     0.999976       419495     40960.00
     217.215     0.999979       419497     46811.43
     223.231     0.999982       419498     54613.33
     224.895     0.999985       419499     65536.00
     226.047     0.999986       419500     72817.78
     226.047     0.999988       419500     81920.00
     234.111     0.999989       419501     93622.86
     235.519     0.999991       419502    109226.67
     235.519     0.999992       419502    131072.00
     239.871     0.999993       419503    145635.56
     239.871     0.999994       419503    163840.00
     239.871     0.999995       419503    187245.71
     242.047     0.999995       419504    218453.33
     242.047     0.999996       419504    262144.00
     242.047     0.999997       419504    291271.11
     242.047     0.999997       419504    327680.00
     242.047     0.999997       419504    374491.43
     245.503     0.999998       419505    436906.67
     245.503     1.000000       419505          inf
#[Mean    =       15.370, StdDeviation   =        6.791]
#[Max     =      245.376, Total count    =       419505]
#[Buckets =           27, SubBuckets     =         2048]
----------------------------------------------------------
  423025 requests in 20.00m, 4.98GB read
Requests/sec:    352.49
Transfer/sec:      4.25MB
