Running 20m test @ http://10.104.218.110:8080/wrk2-api/user-timeline/read
  16 threads and 32 connections
  Thread calibration: mean lat.: 22.429ms, rate sampling interval: 61ms
  Thread calibration: mean lat.: 25.151ms, rate sampling interval: 73ms
  Thread calibration: mean lat.: 23.998ms, rate sampling interval: 67ms
  Thread calibration: mean lat.: 23.559ms, rate sampling interval: 69ms
  Thread calibration: mean lat.: 26.512ms, rate sampling interval: 76ms
  Thread calibration: mean lat.: 24.145ms, rate sampling interval: 68ms
  Thread calibration: mean lat.: 25.417ms, rate sampling interval: 71ms
  Thread calibration: mean lat.: 25.895ms, rate sampling interval: 71ms
  Thread calibration: mean lat.: 26.171ms, rate sampling interval: 76ms
  Thread calibration: mean lat.: 22.640ms, rate sampling interval: 58ms
  Thread calibration: mean lat.: 26.743ms, rate sampling interval: 86ms
  Thread calibration: mean lat.: 24.489ms, rate sampling interval: 70ms
  Thread calibration: mean lat.: 24.778ms, rate sampling interval: 71ms
  Thread calibration: mean lat.: 22.816ms, rate sampling interval: 63ms
  Thread calibration: mean lat.: 21.933ms, rate sampling interval: 61ms
  Thread calibration: mean lat.: 23.781ms, rate sampling interval: 68ms
  Thread Stats   Avg      Stdev     99%   +/- Stdev
    Latency    24.14ms    8.85ms  55.52ms   78.09%
    Req/Sec    10.84     12.36    49.00     83.29%
  Latency Distribution (HdrHistogram - Recorded Latency)
 50.000%   22.30ms
 75.000%   27.53ms
 90.000%   34.94ms
 99.000%   55.52ms
 99.900%   76.10ms
 99.990%  103.74ms
 99.999%  237.18ms
100.000%  250.11ms

  Detailed Percentile spectrum:
       Value   Percentile   TotalCount 1/(1-Percentile)

       4.891     0.000000            1         1.00
      15.479     0.100000        21004         1.11
      17.679     0.200000        41976         1.25
      19.343     0.300000        63022         1.43
      20.815     0.400000        84068         1.67
      22.303     0.500000       104935         2.00
      23.103     0.550000       115335         2.22
      23.999     0.600000       125943         2.50
      25.007     0.650000       136403         2.86
      26.175     0.700000       146897         3.33
      27.535     0.750000       157284         4.00
      28.351     0.775000       162524         4.44
      29.263     0.800000       167785         5.00
      30.335     0.825000       173023         5.71
      31.567     0.850000       178275         6.67
      33.055     0.875000       183483         8.00
      33.951     0.887500       186122         8.89
      34.943     0.900000       188772        10.00
      36.063     0.912500       191356        11.43
      37.407     0.925000       193981        13.33
      38.911     0.937500       196561        16.00
      39.839     0.943750       197891        17.78
      40.895     0.950000       199181        20.00
      42.111     0.956250       200513        22.86
      43.487     0.962500       201810        26.67
      45.087     0.968750       203127        32.00
      46.015     0.971875       203775        35.56
      47.039     0.975000       204425        40.00
      48.287     0.978125       205088        45.71
      49.663     0.981250       205742        53.33
      51.359     0.984375       206391        64.00
      52.319     0.985938       206725        71.11
      53.439     0.987500       207044        80.00
      54.687     0.989062       207377        91.43
      56.095     0.990625       207708       106.67
      57.695     0.992188       208026       128.00
      58.719     0.992969       208190       142.22
      59.839     0.993750       208353       160.00
      61.151     0.994531       208520       182.86
      62.495     0.995313       208682       213.33
      64.351     0.996094       208847       256.00
      65.311     0.996484       208927       284.44
      66.431     0.996875       209012       320.00
      67.455     0.997266       209092       365.71
      68.799     0.997656       209178       426.67
      70.335     0.998047       209256       512.00
      71.103     0.998242       209297       568.89
      71.999     0.998437       209340       640.00
      73.023     0.998633       209377       731.43
      74.559     0.998828       209419       853.33
      76.159     0.999023       209459      1024.00
      76.991     0.999121       209483      1137.78
      78.079     0.999219       209501      1280.00
      79.743     0.999316       209521      1462.86
      81.087     0.999414       209541      1706.67
      82.367     0.999512       209561      2048.00
      83.327     0.999561       209571      2275.56
      84.671     0.999609       209582      2560.00
      85.695     0.999658       209592      2925.71
      87.423     0.999707       209602      3413.33
      90.367     0.999756       209612      4096.00
      91.583     0.999780       209617      4551.11
      93.567     0.999805       209623      5120.00
      96.191     0.999829       209628      5851.43
      98.303     0.999854       209633      6826.67
     100.287     0.999878       209638      8192.00
     102.335     0.999890       209640      9102.22
     103.871     0.999902       209643     10240.00
     104.319     0.999915       209646     11702.86
     107.711     0.999927       209648     13653.33
     110.655     0.999939       209651     16384.00
     113.535     0.999945       209652     18204.44
     114.943     0.999951       209653     20480.00
     116.223     0.999957       209655     23405.71
     118.399     0.999963       209656     27306.67
     135.423     0.999969       209657     32768.00
     200.831     0.999973       209658     36408.89
     200.831     0.999976       209658     40960.00
     216.831     0.999979       209659     46811.43
     230.015     0.999982       209660     54613.33
     230.015     0.999985       209660     65536.00
     237.183     0.999986       209661     72817.78
     237.183     0.999988       209661     81920.00
     237.183     0.999989       209661     93622.86
     249.727     0.999991       209662    109226.67
     249.727     0.999992       209662    131072.00
     249.727     0.999993       209662    145635.56
     249.727     0.999994       209662    163840.00
     249.727     0.999995       209662    187245.71
     250.111     0.999995       209663    218453.33
     250.111     1.000000       209663          inf
#[Mean    =       24.136, StdDeviation   =        8.851]
#[Max     =      249.984, Total count    =       209663]
#[Buckets =           27, SubBuckets     =         2048]
----------------------------------------------------------
  211439 requests in 20.00m, 2.72GB read
Requests/sec:    176.19
Transfer/sec:      2.32MB
