Running 20m test @ http://10.98.201.31:8080/wrk2-api/post/compose
  16 threads and 32 connections
  Thread calibration: mean lat.: 16.598ms, rate sampling interval: 42ms
  Thread calibration: mean lat.: 25.956ms, rate sampling interval: 51ms
  Thread calibration: mean lat.: 18.428ms, rate sampling interval: 48ms
  Thread calibration: mean lat.: 17.716ms, rate sampling interval: 45ms
  Thread calibration: mean lat.: 17.691ms, rate sampling interval: 44ms
  Thread calibration: mean lat.: 16.513ms, rate sampling interval: 42ms
  Thread calibration: mean lat.: 17.428ms, rate sampling interval: 41ms
  Thread calibration: mean lat.: 16.306ms, rate sampling interval: 39ms
  Thread calibration: mean lat.: 18.621ms, rate sampling interval: 51ms
  Thread calibration: mean lat.: 23.727ms, rate sampling interval: 63ms
  Thread calibration: mean lat.: 16.812ms, rate sampling interval: 42ms
  Thread calibration: mean lat.: 23.840ms, rate sampling interval: 48ms
  Thread calibration: mean lat.: 16.844ms, rate sampling interval: 43ms
  Thread calibration: mean lat.: 17.398ms, rate sampling interval: 44ms
  Thread calibration: mean lat.: 15.729ms, rate sampling interval: 35ms
  Thread calibration: mean lat.: 19.976ms, rate sampling interval: 51ms
  Thread Stats   Avg      Stdev     99%   +/- Stdev
    Latency    18.47ms    5.71ms  37.98ms   89.48%
    Req/Sec     2.96      8.14    29.00     87.43%
  Latency Distribution (HdrHistogram - Recorded Latency)
 50.000%   16.91ms
 75.000%   19.92ms
 90.000%   24.35ms
 99.000%   37.98ms
 99.900%   53.60ms
 99.990%  227.46ms
 99.999%  259.07ms
100.000%  294.91ms

  Detailed Percentile spectrum:
       Value   Percentile   TotalCount 1/(1-Percentile)

       7.631     0.000000            1         1.00
      14.399     0.100000         5695         1.11
      15.015     0.200000        11394         1.25
      15.575     0.300000        17142         1.43
      16.175     0.400000        22829         1.67
      16.911     0.500000        28459         2.00
      17.343     0.550000        31308         2.22
      17.855     0.600000        34173         2.50
      18.431     0.650000        37021         2.86
      19.103     0.700000        39875         3.33
      19.919     0.750000        42705         4.00
      20.383     0.775000        44150         4.44
      20.911     0.800000        45528         5.00
      21.567     0.825000        46971         5.71
      22.287     0.850000        48389         6.67
      23.183     0.875000        49796         8.00
      23.727     0.887500        50506         8.89
      24.351     0.900000        51234        10.00
      25.007     0.912500        51933        11.43
      25.775     0.925000        52646        13.33
      26.783     0.937500        53355        16.00
      27.327     0.943750        53708        17.78
      27.935     0.950000        54062        20.00
      28.671     0.956250        54419        22.86
      29.647     0.962500        54779        26.67
      30.687     0.968750        55131        32.00
      31.279     0.971875        55312        35.56
      31.983     0.975000        55488        40.00
      32.767     0.978125        55663        45.71
      33.695     0.981250        55842        53.33
      34.879     0.984375        56017        64.00
      35.583     0.985938        56105        71.11
      36.415     0.987500        56194        80.00
      37.375     0.989062        56285        91.43
      38.431     0.990625        56373       106.67
      39.711     0.992188        56464       128.00
      40.479     0.992969        56506       142.22
      41.311     0.993750        56550       160.00
      42.079     0.994531        56594       182.86
      43.039     0.995313        56641       213.33
      44.159     0.996094        56683       256.00
      44.895     0.996484        56706       284.44
      45.567     0.996875        56728       320.00
      46.463     0.997266        56751       365.71
      47.391     0.997656        56772       426.67
      48.543     0.998047        56794       512.00
      49.439     0.998242        56805       568.89
      50.591     0.998437        56818       640.00
      51.423     0.998633        56828       731.43
      52.447     0.998828        56839       853.33
      53.695     0.999023        56850      1024.00
      54.111     0.999121        56855      1137.78
      55.039     0.999219        56861      1280.00
      56.543     0.999316        56868      1462.86
      56.991     0.999414        56872      1706.67
      57.855     0.999512        56878      2048.00
      58.143     0.999561        56880      2275.56
      59.583     0.999609        56883      2560.00
      62.751     0.999658        56886      2925.71
      64.415     0.999707        56889      3413.33
      65.183     0.999756        56892      4096.00
      66.943     0.999780        56893      4551.11
      76.799     0.999805        56894      5120.00
     143.615     0.999829        56896      5851.43
     219.135     0.999854        56897      6826.67
     227.455     0.999878        56899      8192.00
     227.455     0.999890        56899      9102.22
     228.095     0.999902        56900     10240.00
     232.703     0.999915        56901     11702.86
     232.703     0.999927        56901     13653.33
     238.463     0.999939        56902     16384.00
     238.463     0.999945        56902     18204.44
     241.023     0.999951        56903     20480.00
     241.023     0.999957        56903     23405.71
     241.023     0.999963        56903     27306.67
     259.071     0.999969        56904     32768.00
     259.071     0.999973        56904     36408.89
     259.071     0.999976        56904     40960.00
     259.071     0.999979        56904     46811.43
     259.071     0.999982        56904     54613.33
     294.911     0.999985        56905     65536.00
     294.911     1.000000        56905          inf
#[Mean    =       18.469, StdDeviation   =        5.711]
#[Max     =      294.656, Total count    =        56905]
#[Buckets =           27, SubBuckets     =         2048]
----------------------------------------------------------
  57428 requests in 20.00m, 11.78MB read
  Socket errors: connect 0, read 0, write 0, timeout 916
Requests/sec:     47.85
Transfer/sec:     10.05KB
