Running 20m test @ http://10.98.201.31:8080/wrk2-api/home-timeline/read
  16 threads and 32 connections
  Thread calibration: mean lat.: 15.851ms, rate sampling interval: 47ms
  Thread calibration: mean lat.: 16.069ms, rate sampling interval: 52ms
  Thread calibration: mean lat.: 13.895ms, rate sampling interval: 45ms
  Thread calibration: mean lat.: 16.710ms, rate sampling interval: 52ms
  Thread calibration: mean lat.: 14.111ms, rate sampling interval: 43ms
  Thread calibration: mean lat.: 14.181ms, rate sampling interval: 42ms
  Thread calibration: mean lat.: 14.320ms, rate sampling interval: 42ms
  Thread calibration: mean lat.: 14.608ms, rate sampling interval: 45ms
  Thread calibration: mean lat.: 14.500ms, rate sampling interval: 40ms
  Thread calibration: mean lat.: 16.914ms, rate sampling interval: 56ms
  Thread calibration: mean lat.: 15.609ms, rate sampling interval: 48ms
  Thread calibration: mean lat.: 15.875ms, rate sampling interval: 51ms
  Thread calibration: mean lat.: 14.564ms, rate sampling interval: 43ms
  Thread calibration: mean lat.: 14.283ms, rate sampling interval: 43ms
  Thread calibration: mean lat.: 15.397ms, rate sampling interval: 46ms
  Thread calibration: mean lat.: 14.398ms, rate sampling interval: 48ms
  Thread Stats   Avg      Stdev     99%   +/- Stdev
    Latency    15.25ms    6.56ms  38.17ms   83.89%
    Req/Sec    21.96     21.55    86.00     83.85%
  Latency Distribution (HdrHistogram - Recorded Latency)
 50.000%   13.57ms
 75.000%   17.66ms
 90.000%   23.23ms
 99.000%   38.17ms
 99.900%   56.64ms
 99.990%   82.69ms
 99.999%  241.02ms
100.000%  242.82ms

  Detailed Percentile spectrum:
       Value   Percentile   TotalCount 1/(1-Percentile)

       0.066     0.000000            1         1.00
       9.655     0.100000        41954         1.11
      10.591     0.200000        84065         1.25
      11.487     0.300000       126179         1.43
      12.455     0.400000       167921         1.67
      13.567     0.500000       209990         2.00
      14.191     0.550000       230930         2.22
      14.887     0.600000       251895         2.50
      15.671     0.650000       272734         2.86
      16.591     0.700000       293939         3.33
      17.663     0.750000       314637         4.00
      18.303     0.775000       325314         4.44
      19.007     0.800000       335750         5.00
      19.807     0.825000       346234         5.71
      20.735     0.850000       356702         6.67
      21.839     0.875000       367069         8.00
      22.527     0.887500       372391         8.89
      23.231     0.900000       377578        10.00
      24.063     0.912500       382881        11.43
      25.023     0.925000       388067        13.33
      26.175     0.937500       393358        16.00
      26.831     0.943750       395945        17.78
      27.583     0.950000       398557        20.00
      28.431     0.956250       401194        22.86
      29.407     0.962500       403775        26.67
      30.623     0.968750       406414        32.00
      31.295     0.971875       407738        35.56
      32.047     0.975000       409033        40.00
      32.927     0.978125       410378        45.71
      33.919     0.981250       411645        53.33
      35.103     0.984375       412953        64.00
      35.839     0.985938       413621        71.11
      36.671     0.987500       414277        80.00
      37.567     0.989062       414921        91.43
      38.655     0.990625       415590       106.67
      39.871     0.992188       416238       128.00
      40.575     0.992969       416560       142.22
      41.503     0.993750       416883       160.00
      42.495     0.994531       417216       182.86
      43.775     0.995313       417539       213.33
      45.215     0.996094       417865       256.00
      46.015     0.996484       418029       284.44
      46.943     0.996875       418196       320.00
      48.223     0.997266       418360       365.71
      49.471     0.997656       418521       426.67
      50.815     0.998047       418684       512.00
      51.647     0.998242       418768       568.89
      52.607     0.998437       418849       640.00
      53.567     0.998633       418930       731.43
      55.199     0.998828       419016       853.33
      56.799     0.999023       419096      1024.00
      57.599     0.999121       419135      1137.78
      58.431     0.999219       419176      1280.00
      59.263     0.999316       419217      1462.86
      60.607     0.999414       419258      1706.67
      62.111     0.999512       419299      2048.00
      62.911     0.999561       419319      2275.56
      63.871     0.999609       419340      2560.00
      65.279     0.999658       419360      2925.71
      66.879     0.999707       419381      3413.33
      68.223     0.999756       419401      4096.00
      69.503     0.999780       419411      4551.11
      71.423     0.999805       419422      5120.00
      73.471     0.999829       419432      5851.43
      75.391     0.999854       419442      6826.67
      78.847     0.999878       419452      8192.00
      79.871     0.999890       419457      9102.22
      82.751     0.999902       419464     10240.00
      84.415     0.999915       419468     11702.86
      88.191     0.999927       419473     13653.33
      94.335     0.999939       419478     16384.00
     103.935     0.999945       419480     18204.44
     145.023     0.999951       419483     20480.00
     158.975     0.999957       419486     23405.71
     164.991     0.999963       419488     27306.67
     199.167     0.999969       419491     32768.00
     210.815     0.999973       419492     36408.89
     224.639     0.999976       419493     40960.00
     225.791     0.999979       419495     46811.43
     227.327     0.999982       419496     54613.33
     231.039     0.999985       419497     65536.00
     232.703     0.999986       419498     72817.78
     232.703     0.999988       419498     81920.00
     241.023     0.999989       419500     93622.86
     241.023     0.999991       419500    109226.67
     241.023     0.999992       419500    131072.00
     241.279     0.999993       419501    145635.56
     241.279     0.999994       419501    163840.00
     241.279     0.999995       419501    187245.71
     241.663     0.999995       419502    218453.33
     241.663     0.999996       419502    262144.00
     241.663     0.999997       419502    291271.11
     241.663     0.999997       419502    327680.00
     241.663     0.999997       419502    374491.43
     242.815     0.999998       419503    436906.67
     242.815     1.000000       419503          inf
#[Mean    =       15.254, StdDeviation   =        6.556]
#[Max     =      242.688, Total count    =       419503]
#[Buckets =           27, SubBuckets     =         2048]
----------------------------------------------------------
  423026 requests in 20.00m, 4.97GB read
Requests/sec:    352.50
Transfer/sec:      4.24MB
