Running 20m test @ http://10.98.201.31:8080/wrk2-api/user-timeline/read
  16 threads and 32 connections
  Thread calibration: mean lat.: 22.735ms, rate sampling interval: 63ms
  Thread calibration: mean lat.: 23.042ms, rate sampling interval: 60ms
  Thread calibration: mean lat.: 24.395ms, rate sampling interval: 74ms
  Thread calibration: mean lat.: 23.211ms, rate sampling interval: 67ms
  Thread calibration: mean lat.: 23.522ms, rate sampling interval: 67ms
  Thread calibration: mean lat.: 23.402ms, rate sampling interval: 64ms
  Thread calibration: mean lat.: 25.539ms, rate sampling interval: 72ms
  Thread calibration: mean lat.: 21.276ms, rate sampling interval: 59ms
  Thread calibration: mean lat.: 23.651ms, rate sampling interval: 67ms
  Thread calibration: mean lat.: 23.207ms, rate sampling interval: 66ms
  Thread calibration: mean lat.: 24.013ms, rate sampling interval: 72ms
  Thread calibration: mean lat.: 21.990ms, rate sampling interval: 65ms
  Thread calibration: mean lat.: 23.589ms, rate sampling interval: 67ms
  Thread calibration: mean lat.: 24.081ms, rate sampling interval: 71ms
  Thread calibration: mean lat.: 23.285ms, rate sampling interval: 63ms
  Thread calibration: mean lat.: 20.885ms, rate sampling interval: 55ms
  Thread Stats   Avg      Stdev     99%   +/- Stdev
    Latency    23.46ms    8.43ms  53.06ms   78.03%
    Req/Sec    10.81     12.62    48.00     83.76%
  Latency Distribution (HdrHistogram - Recorded Latency)
 50.000%   21.81ms
 75.000%   26.66ms
 90.000%   33.63ms
 99.000%   53.06ms
 99.900%   72.64ms
 99.990%  103.17ms
 99.999%  227.46ms
100.000%  252.67ms

  Detailed Percentile spectrum:
       Value   Percentile   TotalCount 1/(1-Percentile)

       0.504     0.000000            1         1.00
      15.151     0.100000        21001         1.11
      17.343     0.200000        42021         1.25
      18.975     0.300000        63084         1.43
      20.383     0.400000        83991         1.67
      21.807     0.500000       104912         2.00
      22.559     0.550000       115369         2.22
      23.391     0.600000       125800         2.50
      24.319     0.650000       136357         2.86
      25.375     0.700000       146792         3.33
      26.655     0.750000       157259         4.00
      27.423     0.775000       162581         4.44
      28.271     0.800000       167785         5.00
      29.247     0.825000       173010         5.71
      30.415     0.850000       178223         6.67
      31.807     0.875000       183466         8.00
      32.655     0.887500       186096         8.89
      33.631     0.900000       188779        10.00
      34.719     0.912500       191342        11.43
      35.999     0.925000       193998        13.33
      37.503     0.937500       196565        16.00
      38.399     0.943750       197869        17.78
      39.423     0.950000       199211        20.00
      40.543     0.956250       200494        22.86
      41.887     0.962500       201816        26.67
      43.423     0.968750       203137        32.00
      44.351     0.971875       203778        35.56
      45.343     0.975000       204430        40.00
      46.463     0.978125       205099        45.71
      47.743     0.981250       205731        53.33
      49.279     0.984375       206395        64.00
      50.143     0.985938       206723        71.11
      51.199     0.987500       207047        80.00
      52.351     0.989062       207373        91.43
      53.599     0.990625       207697       106.67
      55.071     0.992188       208032       128.00
      55.903     0.992969       208193       142.22
      56.863     0.993750       208351       160.00
      57.919     0.994531       208518       182.86
      59.359     0.995313       208680       213.33
      60.959     0.996094       208843       256.00
      61.855     0.996484       208930       284.44
      62.719     0.996875       209007       320.00
      63.679     0.997266       209088       365.71
      64.767     0.997656       209173       426.67
      66.815     0.998047       209253       512.00
      68.031     0.998242       209294       568.89
      69.055     0.998437       209334       640.00
      70.015     0.998633       209376       731.43
      71.167     0.998828       209416       853.33
      72.831     0.999023       209458      1024.00
      73.855     0.999121       209477      1137.78
      75.327     0.999219       209498      1280.00
      76.287     0.999316       209518      1462.86
      77.759     0.999414       209539      1706.67
      79.423     0.999512       209559      2048.00
      80.447     0.999561       209570      2275.56
      81.919     0.999609       209580      2560.00
      84.863     0.999658       209590      2925.71
      86.719     0.999707       209601      3413.33
      88.703     0.999756       209610      4096.00
      89.535     0.999780       209615      4551.11
      91.199     0.999805       209621      5120.00
      92.095     0.999829       209626      5851.43
      94.463     0.999854       209631      6826.67
      96.959     0.999878       209636      8192.00
     100.223     0.999890       209638      9102.22
     104.383     0.999902       209641     10240.00
     110.655     0.999915       209644     11702.86
     113.535     0.999927       209646     13653.33
     117.631     0.999939       209649     16384.00
     123.327     0.999945       209650     18204.44
     132.223     0.999951       209651     20480.00
     178.687     0.999957       209653     23405.71
     185.983     0.999963       209654     27306.67
     186.623     0.999969       209655     32768.00
     216.447     0.999973       209656     36408.89
     216.447     0.999976       209656     40960.00
     218.367     0.999979       209657     46811.43
     219.647     0.999982       209658     54613.33
     219.647     0.999985       209658     65536.00
     227.455     0.999986       209659     72817.78
     227.455     0.999988       209659     81920.00
     227.455     0.999989       209659     93622.86
     235.775     0.999991       209660    109226.67
     235.775     0.999992       209660    131072.00
     235.775     0.999993       209660    145635.56
     235.775     0.999994       209660    163840.00
     235.775     0.999995       209660    187245.71
     252.671     0.999995       209661    218453.33
     252.671     1.000000       209661          inf
#[Mean    =       23.457, StdDeviation   =        8.426]
#[Max     =      252.544, Total count    =       209661]
#[Buckets =           27, SubBuckets     =         2048]
----------------------------------------------------------
  211439 requests in 20.00m, 2.72GB read
Requests/sec:    176.19
Transfer/sec:      2.32MB
