Running 20m test @ http://10.102.47.127:8080/wrk2-api/home-timeline/read
  16 threads and 32 connections
  Thread calibration: mean lat.: 9223372036854776.000ms, rate sampling interval: 10ms
  Thread calibration: mean lat.: 9223372036854776.000ms, rate sampling interval: 10ms
  Thread calibration: mean lat.: 9223372036854776.000ms, rate sampling interval: 10ms
  Thread calibration: mean lat.: 9223372036854776.000ms, rate sampling interval: 10ms
  Thread calibration: mean lat.: 9223372036854776.000ms, rate sampling interval: 10ms
  Thread calibration: mean lat.: 9223372036854776.000ms, rate sampling interval: 10ms
  Thread calibration: mean lat.: 9223372036854776.000ms, rate sampling interval: 10ms
  Thread calibration: mean lat.: 9223372036854776.000ms, rate sampling interval: 10ms
  Thread calibration: mean lat.: 9223372036854776.000ms, rate sampling interval: 10ms
  Thread calibration: mean lat.: 9223372036854776.000ms, rate sampling interval: 10ms
  Thread calibration: mean lat.: 9223372036854776.000ms, rate sampling interval: 10ms
  Thread calibration: mean lat.: 9223372036854776.000ms, rate sampling interval: 10ms
  Thread calibration: mean lat.: 8.873ms, rate sampling interval: 34ms
  Thread calibration: mean lat.: 8.921ms, rate sampling interval: 34ms
  Thread calibration: mean lat.: 9223372036854776.000ms, rate sampling interval: 10ms
  Thread calibration: mean lat.: 9223372036854776.000ms, rate sampling interval: 10ms
  Thread Stats   Avg      Stdev     99%   +/- Stdev
    Latency    11.99ms    5.59ms  28.53ms   66.73%
    Req/Sec     0.61      5.13    29.00     98.35%
  Latency Distribution (HdrHistogram - Recorded Latency)
 50.000%   12.18ms
 75.000%   14.30ms
 90.000%   18.38ms
 99.000%   28.53ms
 99.900%   39.23ms
 99.990%   57.31ms
 99.999%  221.70ms
100.000%  221.70ms

  Detailed Percentile spectrum:
       Value   Percentile   TotalCount 1/(1-Percentile)

       2.403     0.000000            1         1.00
       4.619     0.100000         3582         1.11
       5.671     0.200000         7152         1.25
      10.303     0.300000        10733         1.43
      11.479     0.400000        14338         1.67
      12.175     0.500000        17891         2.00
      12.487     0.550000        19665         2.22
      12.799     0.600000        21461         2.50
      13.175     0.650000        23273         2.86
      13.615     0.700000        25024         3.33
      14.303     0.750000        26817         4.00
      14.799     0.775000        27708         4.44
      15.327     0.800000        28613         5.00
      15.903     0.825000        29498         5.71
      16.559     0.850000        30385         6.67
      17.375     0.875000        31291         8.00
      17.855     0.887500        31734         8.89
      18.383     0.900000        32180        10.00
      19.023     0.912500        32620        11.43
      19.663     0.925000        33073        13.33
      20.447     0.937500        33519        16.00
      20.831     0.943750        33737        17.78
      21.407     0.950000        33964        20.00
      21.999     0.956250        34187        22.86
      22.671     0.962500        34407        26.67
      23.423     0.968750        34630        32.00
      23.951     0.971875        34748        35.56
      24.431     0.975000        34855        40.00
      25.055     0.978125        34967        45.71
      25.711     0.981250        35078        53.33
      26.447     0.984375        35190        64.00
      27.023     0.985938        35247        71.11
      27.615     0.987500        35301        80.00
      28.239     0.989062        35357        91.43
      28.831     0.990625        35413       106.67
      29.583     0.992188        35468       128.00
      29.951     0.992969        35496       142.22
      30.431     0.993750        35524       160.00
      31.055     0.994531        35552       182.86
      31.871     0.995313        35580       213.33
      32.543     0.996094        35608       256.00
      33.023     0.996484        35622       284.44
      33.631     0.996875        35636       320.00
      34.655     0.997266        35650       365.71
      35.199     0.997656        35665       426.67
      35.903     0.998047        35678       512.00
      36.511     0.998242        35685       568.89
      37.375     0.998437        35692       640.00
      37.919     0.998633        35699       731.43
      38.719     0.998828        35706       853.33
      39.391     0.999023        35713      1024.00
      39.999     0.999121        35716      1137.78
      41.215     0.999219        35720      1280.00
      42.207     0.999316        35724      1462.86
      42.399     0.999414        35727      1706.67
      43.455     0.999512        35730      2048.00
      44.351     0.999561        35732      2275.56
      44.607     0.999609        35734      2560.00
      44.671     0.999658        35735      2925.71
      45.215     0.999707        35737      3413.33
      47.839     0.999756        35739      4096.00
      47.935     0.999780        35740      4551.11
      50.111     0.999805        35741      5120.00
      50.111     0.999829        35741      5851.43
      50.367     0.999854        35742      6826.67
      57.311     0.999878        35743      8192.00
      58.463     0.999890        35744      9102.22
      58.463     0.999902        35744     10240.00
      58.463     0.999915        35744     11702.86
     132.991     0.999927        35745     13653.33
     132.991     0.999939        35745     16384.00
     136.063     0.999945        35746     18204.44
     136.063     0.999951        35746     20480.00
     136.063     0.999957        35746     23405.71
     136.063     0.999963        35746     27306.67
     136.063     0.999969        35746     32768.00
     221.695     0.999973        35747     36408.89
     221.695     1.000000        35747          inf
#[Mean    =       11.988, StdDeviation   =        5.591]
#[Max     =      221.568, Total count    =        35747]
#[Buckets =           27, SubBuckets     =         2048]
----------------------------------------------------------
  36060 requests in 20.00m, 308.27MB read
  Socket errors: connect 0, read 0, write 0, timeout 17342
Requests/sec:     30.05
Transfer/sec:    263.04KB
