Running 20m test @ http://10.108.245.163:8080/wrk2-api/post/compose
  16 threads and 32 connections
  Thread calibration: mean lat.: 16.299ms, rate sampling interval: 40ms
  Thread calibration: mean lat.: 17.050ms, rate sampling interval: 43ms
  Thread calibration: mean lat.: 21.073ms, rate sampling interval: 51ms
  Thread calibration: mean lat.: 18.464ms, rate sampling interval: 46ms
  Thread calibration: mean lat.: 17.161ms, rate sampling interval: 42ms
  Thread calibration: mean lat.: 18.772ms, rate sampling interval: 48ms
  Thread calibration: mean lat.: 18.550ms, rate sampling interval: 49ms
  Thread calibration: mean lat.: 18.101ms, rate sampling interval: 47ms
  Thread calibration: mean lat.: 18.420ms, rate sampling interval: 51ms
  Thread calibration: mean lat.: 19.389ms, rate sampling interval: 61ms
  Thread calibration: mean lat.: 18.584ms, rate sampling interval: 46ms
  Thread calibration: mean lat.: 19.438ms, rate sampling interval: 53ms
  Thread calibration: mean lat.: 16.894ms, rate sampling interval: 42ms
  Thread calibration: mean lat.: 19.024ms, rate sampling interval: 50ms
  Thread calibration: mean lat.: 16.714ms, rate sampling interval: 37ms
  Thread calibration: mean lat.: 16.812ms, rate sampling interval: 39ms
  Thread Stats   Avg      Stdev     99%   +/- Stdev
    Latency    19.22ms    8.52ms  41.79ms   92.05%
    Req/Sec     3.97      9.29    40.00     83.14%
  Latency Distribution (HdrHistogram - Recorded Latency)
 50.000%   17.33ms
 75.000%   20.91ms
 90.000%   26.33ms
 99.000%   41.79ms
 99.900%   59.17ms
 99.990%  229.89ms
 99.999%  970.75ms
100.000%    1.02s 

  Detailed Percentile spectrum:
       Value   Percentile   TotalCount 1/(1-Percentile)

      11.583     0.000000            1         1.00
      14.375     0.100000         7691         1.11
      15.047     0.200000        15265         1.25
      15.695     0.300000        22955         1.43
      16.431     0.400000        30554         1.67
      17.327     0.500000        38193         2.00
      17.839     0.550000        41961         2.22
      18.447     0.600000        45839         2.50
      19.119     0.650000        49618         2.86
      19.935     0.700000        53417         3.33
      20.911     0.750000        57212         4.00
      21.503     0.775000        59102         4.44
      22.159     0.800000        61003         5.00
      22.911     0.825000        62923         5.71
      23.823     0.850000        64832         6.67
      24.927     0.875000        66728         8.00
      25.599     0.887500        67682         8.89
      26.335     0.900000        68631        10.00
      27.183     0.912500        69587        11.43
      28.159     0.925000        70538        13.33
      29.247     0.937500        71487        16.00
      29.919     0.943750        71959        17.78
      30.623     0.950000        72434        20.00
      31.519     0.956250        72916        22.86
      32.479     0.962500        73392        26.67
      33.727     0.968750        73869        32.00
      34.495     0.971875        74106        35.56
      35.231     0.975000        74345        40.00
      36.223     0.978125        74584        45.71
      37.247     0.981250        74817        53.33
      38.463     0.984375        75054        64.00
      39.199     0.985938        75174        71.11
      40.127     0.987500        75294        80.00
      41.055     0.989062        75411        91.43
      42.175     0.990625        75534       106.67
      43.615     0.992188        75654       128.00
      44.223     0.992969        75712       142.22
      45.087     0.993750        75769       160.00
      46.015     0.994531        75828       182.86
      47.007     0.995313        75887       213.33
      48.319     0.996094        75947       256.00
      49.183     0.996484        75976       284.44
      50.015     0.996875        76007       320.00
      51.103     0.997266        76036       365.71
      52.351     0.997656        76066       426.67
      53.951     0.998047        76096       512.00
      54.495     0.998242        76110       568.89
      55.231     0.998437        76126       640.00
      56.863     0.998633        76140       731.43
      57.727     0.998828        76155       853.33
      59.519     0.999023        76170      1024.00
      60.639     0.999121        76177      1137.78
      62.719     0.999219        76185      1280.00
      65.343     0.999316        76193      1462.86
      67.007     0.999414        76200      1706.67
      70.527     0.999512        76207      2048.00
      73.087     0.999561        76211      2275.56
      78.207     0.999609        76215      2560.00
      82.879     0.999658        76218      2925.71
     115.263     0.999707        76222      3413.33
     216.319     0.999756        76226      4096.00
     222.463     0.999780        76228      4551.11
     223.871     0.999805        76230      5120.00
     224.639     0.999829        76231      5851.43
     226.687     0.999854        76233      6826.67
     228.991     0.999878        76235      8192.00
     229.887     0.999890        76236      9102.22
     231.423     0.999902        76237     10240.00
     232.447     0.999915        76238     11702.86
     236.543     0.999927        76239     13653.33
     242.175     0.999939        76240     16384.00
     242.175     0.999945        76240     18204.44
     244.991     0.999951        76241     20480.00
     244.991     0.999957        76241     23405.71
     559.103     0.999963        76242     27306.67
     559.103     0.999969        76242     32768.00
     559.103     0.999973        76242     36408.89
     970.751     0.999976        76243     40960.00
     970.751     0.999979        76243     46811.43
     970.751     0.999982        76243     54613.33
     970.751     0.999985        76243     65536.00
     970.751     0.999986        76243     72817.78
    1020.415     0.999988        76244     81920.00
    1020.415     1.000000        76244          inf
#[Mean    =       19.225, StdDeviation   =        8.520]
#[Max     =     1019.904, Total count    =        76244]
#[Buckets =           27, SubBuckets     =         2048]
----------------------------------------------------------
  76920 requests in 20.00m, 15.77MB read
  Socket errors: connect 0, read 0, write 0, timeout 353
Requests/sec:     64.10
Transfer/sec:     13.46KB
