Running 20m test @ http://10.108.245.163:8080/wrk2-api/home-timeline/read
  16 threads and 32 connections
  Thread calibration: mean lat.: 16.375ms, rate sampling interval: 53ms
  Thread calibration: mean lat.: 14.945ms, rate sampling interval: 45ms
  Thread calibration: mean lat.: 17.692ms, rate sampling interval: 55ms
  Thread calibration: mean lat.: 15.230ms, rate sampling interval: 48ms
  Thread calibration: mean lat.: 15.905ms, rate sampling interval: 47ms
  Thread calibration: mean lat.: 15.959ms, rate sampling interval: 49ms
  Thread calibration: mean lat.: 15.917ms, rate sampling interval: 48ms
  Thread calibration: mean lat.: 14.592ms, rate sampling interval: 46ms
  Thread calibration: mean lat.: 13.084ms, rate sampling interval: 38ms
  Thread calibration: mean lat.: 14.738ms, rate sampling interval: 46ms
  Thread calibration: mean lat.: 16.165ms, rate sampling interval: 50ms
  Thread calibration: mean lat.: 17.598ms, rate sampling interval: 55ms
  Thread calibration: mean lat.: 16.820ms, rate sampling interval: 54ms
  Thread calibration: mean lat.: 14.545ms, rate sampling interval: 43ms
  Thread calibration: mean lat.: 16.591ms, rate sampling interval: 50ms
  Thread calibration: mean lat.: 16.177ms, rate sampling interval: 47ms
  Thread Stats   Avg      Stdev     99%   +/- Stdev
    Latency    16.57ms    7.98ms  44.96ms   84.86%
    Req/Sec    25.98     22.80    90.00     57.71%
  Latency Distribution (HdrHistogram - Recorded Latency)
 50.000%   14.41ms
 75.000%   19.42ms
 90.000%   26.19ms
 99.000%   44.96ms
 99.900%   67.46ms
 99.990%  109.18ms
 99.999%  244.10ms
100.000%  253.57ms

  Detailed Percentile spectrum:
       Value   Percentile   TotalCount 1/(1-Percentile)

       0.505     0.000000            1         1.00
       9.767     0.100000        49736         1.11
      10.831     0.200000        99152         1.25
      11.903     0.300000       148861         1.43
      13.071     0.400000       198406         1.67
      14.407     0.500000       248001         2.00
      15.159     0.550000       272692         2.22
      16.015     0.600000       297622         2.50
      16.975     0.650000       322250         2.86
      18.095     0.700000       347254         3.33
      19.423     0.750000       372071         4.00
      20.175     0.775000       384318         4.44
      21.039     0.800000       396710         5.00
      22.031     0.825000       409176         5.71
      23.167     0.850000       421417         6.67
      24.527     0.875000       433879         8.00
      25.311     0.887500       440033         8.89
      26.191     0.900000       446194        10.00
      27.183     0.912500       452372        11.43
      28.383     0.925000       458605        13.33
      29.775     0.937500       464804        16.00
      30.607     0.943750       467901        17.78
      31.567     0.950000       471012        20.00
      32.591     0.956250       474069        22.86
      33.855     0.962500       477214        26.67
      35.359     0.968750       480264        32.00
      36.223     0.971875       481812        35.56
      37.215     0.975000       483380        40.00
      38.271     0.978125       484906        45.71
      39.583     0.981250       486472        53.33
      41.119     0.984375       488024        64.00
      42.015     0.985938       488795        71.11
      43.071     0.987500       489564        80.00
      44.191     0.989062       490332        91.43
      45.567     0.990625       491119       106.67
      47.199     0.992188       491879       128.00
      48.159     0.992969       492265       142.22
      49.279     0.993750       492655       160.00
      50.527     0.994531       493039       182.86
      52.063     0.995313       493429       213.33
      53.695     0.996094       493813       256.00
      54.815     0.996484       494009       284.44
      55.903     0.996875       494202       320.00
      57.183     0.997266       494396       365.71
      58.463     0.997656       494594       426.67
      60.511     0.998047       494785       512.00
      61.631     0.998242       494878       568.89
      62.911     0.998437       494975       640.00
      64.287     0.998633       495072       731.43
      65.791     0.998828       495174       853.33
      67.775     0.999023       495265      1024.00
      69.055     0.999121       495317      1137.78
      70.655     0.999219       495363      1280.00
      72.127     0.999316       495413      1462.86
      73.791     0.999414       495460      1706.67
      76.031     0.999512       495510      2048.00
      76.991     0.999561       495533      2275.56
      78.975     0.999609       495556      2560.00
      81.983     0.999658       495580      2925.71
      85.311     0.999707       495604      3413.33
      87.935     0.999756       495628      4096.00
      90.047     0.999780       495641      4551.11
      92.159     0.999805       495653      5120.00
      95.743     0.999829       495665      5851.43
      99.071     0.999854       495677      6826.67
     105.151     0.999878       495689      8192.00
     106.559     0.999890       495695      9102.22
     112.959     0.999902       495701     10240.00
     123.839     0.999915       495707     11702.86
     141.439     0.999927       495713     13653.33
     194.687     0.999939       495719     16384.00
     201.215     0.999945       495722     18204.44
     220.031     0.999951       495725     20480.00
     222.335     0.999957       495728     23405.71
     223.871     0.999963       495731     27306.67
     228.991     0.999969       495734     32768.00
     231.679     0.999973       495736     36408.89
     236.543     0.999976       495737     40960.00
     242.559     0.999979       495739     46811.43
     242.815     0.999982       495740     54613.33
     243.839     0.999985       495742     65536.00
     243.967     0.999986       495743     72817.78
     243.967     0.999988       495743     81920.00
     244.095     0.999989       495744     93622.86
     246.143     0.999991       495745    109226.67
     249.087     0.999992       495746    131072.00
     249.087     0.999993       495746    145635.56
     249.087     0.999994       495746    163840.00
     250.239     0.999995       495747    187245.71
     250.239     0.999995       495747    218453.33
     251.391     0.999996       495748    262144.00
     251.391     0.999997       495748    291271.11
     251.391     0.999997       495748    327680.00
     251.391     0.999997       495748    374491.43
     251.391     0.999998       495748    436906.67
     253.567     0.999998       495749    524288.00
     253.567     1.000000       495749          inf
#[Mean    =       16.575, StdDeviation   =        7.983]
#[Max     =      253.440, Total count    =       495749]
#[Buckets =           27, SubBuckets     =         2048]
----------------------------------------------------------
  499908 requests in 20.00m, 5.91GB read
Requests/sec:    416.56
Transfer/sec:      5.04MB
