Running 20m test @ http://10.108.245.163:8080/wrk2-api/user-timeline/read
  16 threads and 32 connections
  Thread calibration: mean lat.: 23.879ms, rate sampling interval: 69ms
  Thread calibration: mean lat.: 22.603ms, rate sampling interval: 64ms
  Thread calibration: mean lat.: 24.010ms, rate sampling interval: 72ms
  Thread calibration: mean lat.: 27.659ms, rate sampling interval: 92ms
  Thread calibration: mean lat.: 25.211ms, rate sampling interval: 78ms
  Thread calibration: mean lat.: 25.985ms, rate sampling interval: 78ms
  Thread calibration: mean lat.: 25.970ms, rate sampling interval: 80ms
  Thread calibration: mean lat.: 25.707ms, rate sampling interval: 75ms
  Thread calibration: mean lat.: 25.865ms, rate sampling interval: 73ms
  Thread calibration: mean lat.: 23.097ms, rate sampling interval: 64ms
  Thread calibration: mean lat.: 26.367ms, rate sampling interval: 80ms
  Thread calibration: mean lat.: 31.179ms, rate sampling interval: 91ms
  Thread calibration: mean lat.: 27.587ms, rate sampling interval: 82ms
  Thread calibration: mean lat.: 23.475ms, rate sampling interval: 68ms
  Thread calibration: mean lat.: 22.604ms, rate sampling interval: 65ms
  Thread calibration: mean lat.: 27.865ms, rate sampling interval: 88ms
  Thread Stats   Avg      Stdev     99%   +/- Stdev
    Latency    24.89ms    9.81ms  59.52ms   78.64%
    Req/Sec    12.72     12.77    50.00     84.16%
  Latency Distribution (HdrHistogram - Recorded Latency)
 50.000%   22.67ms
 75.000%   28.56ms
 90.000%   36.99ms
 99.000%   59.52ms
 99.900%   84.03ms
 99.990%  116.99ms
 99.999%  243.71ms
100.000%  258.43ms

  Detailed Percentile spectrum:
       Value   Percentile   TotalCount 1/(1-Percentile)

       5.207     0.000000            1         1.00
      15.487     0.100000        24808         1.11
      17.759     0.200000        49572         1.25
      19.503     0.300000        74528         1.43
      21.055     0.400000        99157         1.67
      22.671     0.500000       123940         2.00
      23.567     0.550000       136416         2.22
      24.559     0.600000       148799         2.50
      25.679     0.650000       161094         2.86
      26.991     0.700000       173491         3.33
      28.559     0.750000       185863         4.00
      29.487     0.775000       192028         4.44
      30.543     0.800000       198237         5.00
      31.775     0.825000       204463         5.71
      33.183     0.850000       210595         6.67
      34.879     0.875000       216808         8.00
      35.871     0.887500       219878         8.89
      36.991     0.900000       223034        10.00
      38.271     0.912500       226074        11.43
      39.743     0.925000       229172        13.33
      41.503     0.937500       232287        16.00
      42.527     0.943750       233852        17.78
      43.647     0.950000       235381        20.00
      44.895     0.956250       236920        22.86
      46.431     0.962500       238467        26.67
      48.223     0.968750       240006        32.00
      49.247     0.971875       240782        35.56
      50.431     0.975000       241568        40.00
      51.807     0.978125       242338        45.71
      53.375     0.981250       243116        53.33
      55.167     0.984375       243884        64.00
      56.255     0.985938       244277        71.11
      57.375     0.987500       244661        80.00
      58.655     0.989062       245040        91.43
      60.159     0.990625       245431       106.67
      62.047     0.992188       245820       128.00
      63.295     0.992969       246009       142.22
      64.447     0.993750       246205       160.00
      66.047     0.994531       246397       182.86
      67.583     0.995313       246589       213.33
      69.567     0.996094       246784       256.00
      70.655     0.996484       246879       284.44
      71.743     0.996875       246974       320.00
      73.151     0.997266       247072       365.71
      74.815     0.997656       247169       426.67
      76.671     0.998047       247265       512.00
      77.823     0.998242       247314       568.89
      79.487     0.998437       247362       640.00
      80.895     0.998633       247411       731.43
      82.431     0.998828       247459       853.33
      84.543     0.999023       247508      1024.00
      85.311     0.999121       247531      1137.78
      87.231     0.999219       247555      1280.00
      89.151     0.999316       247579      1462.86
      90.623     0.999414       247603      1706.67
      92.607     0.999512       247629      2048.00
      94.527     0.999561       247640      2275.56
      95.615     0.999609       247654      2560.00
      96.383     0.999658       247664      2925.71
      98.751     0.999707       247677      3413.33
     100.287     0.999756       247688      4096.00
     101.695     0.999780       247695      4551.11
     102.591     0.999805       247700      5120.00
     105.343     0.999829       247706      5851.43
     108.287     0.999854       247712      6826.67
     112.127     0.999878       247718      8192.00
     115.583     0.999890       247721      9102.22
     117.055     0.999902       247724     10240.00
     118.719     0.999915       247727     11702.86
     121.855     0.999927       247730     13653.33
     131.711     0.999939       247733     16384.00
     138.367     0.999945       247735     18204.44
     138.623     0.999951       247736     20480.00
     141.695     0.999957       247738     23405.71
     154.239     0.999963       247739     27306.67
     211.071     0.999969       247741     32768.00
     222.847     0.999973       247742     36408.89
     222.847     0.999976       247742     40960.00
     229.759     0.999979       247743     46811.43
     234.623     0.999982       247744     54613.33
     238.463     0.999985       247745     65536.00
     238.463     0.999986       247745     72817.78
     238.463     0.999988       247745     81920.00
     243.711     0.999989       247746     93622.86
     243.711     0.999991       247746    109226.67
     254.335     0.999992       247747    131072.00
     254.335     0.999993       247747    145635.56
     254.335     0.999994       247747    163840.00
     254.335     0.999995       247747    187245.71
     254.335     0.999995       247747    218453.33
     258.431     0.999996       247748    262144.00
     258.431     1.000000       247748          inf
#[Mean    =       24.893, StdDeviation   =        9.814]
#[Max     =      258.304, Total count    =       247748]
#[Buckets =           27, SubBuckets     =         2048]
----------------------------------------------------------
  249832 requests in 20.00m, 3.17GB read
Requests/sec:    208.18
Transfer/sec:      2.70MB
