Running 20m test @ http://10.109.169.99:8080/wrk2-api/post/compose
  16 threads and 32 connections
  Thread calibration: mean lat.: 19.275ms, rate sampling interval: 52ms
  Thread calibration: mean lat.: 19.227ms, rate sampling interval: 52ms
  Thread calibration: mean lat.: 19.041ms, rate sampling interval: 53ms
  Thread calibration: mean lat.: 21.099ms, rate sampling interval: 62ms
  Thread calibration: mean lat.: 24.475ms, rate sampling interval: 75ms
  Thread calibration: mean lat.: 28.103ms, rate sampling interval: 88ms
  Thread calibration: mean lat.: 20.628ms, rate sampling interval: 58ms
  Thread calibration: mean lat.: 23.741ms, rate sampling interval: 75ms
  Thread calibration: mean lat.: 23.160ms, rate sampling interval: 74ms
  Thread calibration: mean lat.: 23.657ms, rate sampling interval: 65ms
  Thread calibration: mean lat.: 28.375ms, rate sampling interval: 96ms
  Thread calibration: mean lat.: 32.166ms, rate sampling interval: 92ms
  Thread calibration: mean lat.: 24.080ms, rate sampling interval: 80ms
  Thread calibration: mean lat.: 21.717ms, rate sampling interval: 63ms
  Thread calibration: mean lat.: 22.256ms, rate sampling interval: 67ms
  Thread calibration: mean lat.: 20.280ms, rate sampling interval: 55ms
  Thread Stats   Avg      Stdev     99%   +/- Stdev
    Latency    25.95ms   50.25ms  93.95ms   98.11%
    Req/Sec     5.90      9.47    38.00     84.66%
  Latency Distribution (HdrHistogram - Recorded Latency)
 50.000%   19.73ms
 75.000%   27.33ms
 90.000%   41.15ms
 99.000%   93.95ms
 99.900%  233.09ms
 99.990%    2.81s 
 99.999%    5.01s 
100.000%    5.03s 

  Detailed Percentile spectrum:
       Value   Percentile   TotalCount 1/(1-Percentile)

      10.839     0.000000            1         1.00
      14.647     0.100000        11483         1.11
      15.703     0.200000        22947         1.25
      16.815     0.300000        34448         1.43
      18.111     0.400000        45900         1.67
      19.727     0.500000        57297         2.00
      20.751     0.550000        63007         2.22
      21.935     0.600000        68683         2.50
      23.359     0.650000        74409         2.86
      25.119     0.700000        80119         3.33
      27.327     0.750000        85821         4.00
      28.735     0.775000        88689         4.44
      30.319     0.800000        91539         5.00
      32.223     0.825000        94403         5.71
      34.559     0.850000        97284         6.67
      37.439     0.875000       100143         8.00
      39.103     0.887500       101558         8.89
      41.151     0.900000       102990        10.00
      43.583     0.912500       104420        11.43
      46.495     0.925000       105841        13.33
      50.431     0.937500       107281        16.00
      52.607     0.943750       107995        17.78
      54.943     0.950000       108701        20.00
      57.759     0.956250       109419        22.86
      61.119     0.962500       110135        26.67
      65.151     0.968750       110852        32.00
      67.455     0.971875       111204        35.56
      69.887     0.975000       111567        40.00
      72.895     0.978125       111921        45.71
      76.479     0.981250       112281        53.33
      81.343     0.984375       112637        64.00
      84.159     0.985938       112813        71.11
      87.295     0.987500       112992        80.00
      91.199     0.989062       113172        91.43
      95.999     0.990625       113350       106.67
     101.375     0.992188       113530       128.00
     105.343     0.992969       113621       142.22
     110.335     0.993750       113709       160.00
     115.903     0.994531       113798       182.86
     123.455     0.995313       113886       213.33
     132.095     0.996094       113976       256.00
     139.007     0.996484       114020       284.44
     148.991     0.996875       114065       320.00
     160.639     0.997266       114110       365.71
     176.895     0.997656       114154       426.67
     210.431     0.998047       114199       512.00
     220.543     0.998242       114222       568.89
     223.615     0.998437       114244       640.00
     227.327     0.998633       114266       731.43
     230.655     0.998828       114288       853.33
     233.471     0.999023       114311      1024.00
     236.287     0.999121       114322      1137.78
     239.487     0.999219       114333      1280.00
     241.791     0.999316       114344      1462.86
     245.759     0.999414       114355      1706.67
     251.775     0.999512       114367      2048.00
     256.639     0.999561       114372      2275.56
     268.543     0.999609       114378      2560.00
     282.623     0.999658       114383      2925.71
     321.023     0.999707       114389      3413.33
     883.711     0.999756       114395      4096.00
     956.415     0.999780       114397      4551.11
    1048.063     0.999805       114400      5120.00
    2060.287     0.999829       114403      5851.43
    2373.631     0.999854       114406      6826.67
    2697.215     0.999878       114409      8192.00
    2750.463     0.999890       114410      9102.22
    2807.807     0.999902       114411     10240.00
    3311.615     0.999915       114413     11702.86
    3575.807     0.999927       114414     13653.33
    3717.119     0.999939       114416     16384.00
    3717.119     0.999945       114416     18204.44
    3915.775     0.999951       114417     20480.00
    4173.823     0.999957       114418     23405.71
    4173.823     0.999963       114418     27306.67
    4816.895     0.999969       114419     32768.00
    4816.895     0.999973       114419     36408.89
    4837.375     0.999976       114420     40960.00
    4837.375     0.999979       114420     46811.43
    4837.375     0.999982       114420     54613.33
    5013.503     0.999985       114421     65536.00
    5013.503     0.999986       114421     72817.78
    5013.503     0.999988       114421     81920.00
    5013.503     0.999989       114421     93622.86
    5013.503     0.999991       114421    109226.67
    5029.887     0.999992       114422    131072.00
    5029.887     1.000000       114422          inf
#[Mean    =       25.953, StdDeviation   =       50.255]
#[Max     =     5025.792, Total count    =       114422]
#[Buckets =           27, SubBuckets     =         2048]
----------------------------------------------------------
  115423 requests in 20.00m, 23.67MB read
  Socket errors: connect 0, read 0, write 0, timeout 47
Requests/sec:     96.18
Transfer/sec:     20.19KB
