Running 20m test @ http://10.109.169.99:8080/wrk2-api/home-timeline/read
  16 threads and 32 connections
  Thread calibration: mean lat.: 23.084ms, rate sampling interval: 78ms
  Thread calibration: mean lat.: 26.966ms, rate sampling interval: 95ms
  Thread calibration: mean lat.: 21.466ms, rate sampling interval: 77ms
  Thread calibration: mean lat.: 20.178ms, rate sampling interval: 66ms
  Thread calibration: mean lat.: 42.006ms, rate sampling interval: 169ms
  Thread calibration: mean lat.: 23.309ms, rate sampling interval: 85ms
  Thread calibration: mean lat.: 24.951ms, rate sampling interval: 104ms
  Thread calibration: mean lat.: 27.630ms, rate sampling interval: 91ms
  Thread calibration: mean lat.: 27.557ms, rate sampling interval: 103ms
  Thread calibration: mean lat.: 33.136ms, rate sampling interval: 131ms
  Thread calibration: mean lat.: 26.859ms, rate sampling interval: 101ms
  Thread calibration: mean lat.: 21.576ms, rate sampling interval: 84ms
  Thread calibration: mean lat.: 19.812ms, rate sampling interval: 71ms
  Thread calibration: mean lat.: 51.875ms, rate sampling interval: 234ms
  Thread calibration: mean lat.: 59.636ms, rate sampling interval: 467ms
  Thread calibration: mean lat.: 34.611ms, rate sampling interval: 129ms
  Thread Stats   Avg      Stdev     99%   +/- Stdev
    Latency   145.08ms  723.90ms   3.56s    96.68%
    Req/Sec    36.74     19.21    90.00     68.80%
  Latency Distribution (HdrHistogram - Recorded Latency)
 50.000%   20.61ms
 75.000%   36.61ms
 90.000%   86.91ms
 99.000%    3.56s 
 99.900%    9.56s 
 99.990%   11.36s 
 99.999%   11.64s 
100.000%   11.73s 

  Detailed Percentile spectrum:
       Value   Percentile   TotalCount 1/(1-Percentile)

       0.432     0.000000            1         1.00
      10.567     0.100000        70541         1.11
      12.535     0.200000       141005         1.25
      14.711     0.300000       211516         1.43
      17.311     0.400000       282054         1.67
      20.607     0.500000       352807         2.00
      22.623     0.550000       387795         2.22
      25.023     0.600000       423056         2.50
      27.983     0.650000       458334         2.86
      31.663     0.700000       493493         3.33
      36.607     0.750000       528738         4.00
      39.871     0.775000       546496         4.44
      43.807     0.800000       563999         5.00
      48.991     0.825000       581675         5.71
      56.095     0.850000       599248         6.67
      67.007     0.875000       616887         8.00
      75.327     0.887500       625728         8.89
      86.911     0.900000       634493        10.00
     105.471     0.912500       643298        11.43
     139.007     0.925000       652121        13.33
     205.311     0.937500       660933        16.00
     264.959     0.943750       665332        17.78
     354.303     0.950000       669738        20.00
     484.095     0.956250       674143        22.86
     682.495     0.962500       678558        26.67
     977.919     0.968750       682956        32.00
    1169.407     0.971875       685163        35.56
    1395.711     0.975000       687371        40.00
    1663.999     0.978125       689569        45.71
    1988.607     0.981250       691767        53.33
    2365.439     0.984375       693968        64.00
    2590.719     0.985938       695072        71.11
    2895.871     0.987500       696171        80.00
    3309.567     0.989062       697277        91.43
    3713.023     0.990625       698375       106.67
    4169.727     0.992188       699483       128.00
    4587.519     0.992969       700029       142.22
    5038.079     0.993750       700580       160.00
    5623.807     0.994531       701129       182.86
    6217.727     0.995313       701680       213.33
    6803.455     0.996094       702230       256.00
    7127.039     0.996484       702506       284.44
    7467.007     0.996875       702781       320.00
    7778.303     0.997266       703056       365.71
    8069.119     0.997656       703331       426.67
    8421.375     0.998047       703623       512.00
    8560.639     0.998242       703747       568.89
    8806.399     0.998437       703883       640.00
    9027.583     0.998633       704021       731.43
    9215.999     0.998828       704159       853.33
    9601.023     0.999023       704296      1024.00
    9822.207     0.999121       704364      1137.78
    9961.471     0.999219       704436      1280.00
   10051.583     0.999316       704503      1462.86
   10125.311     0.999414       704573      1706.67
   10215.423     0.999512       704643      2048.00
   10272.767     0.999561       704676      2275.56
   10461.183     0.999609       704709      2560.00
   10657.791     0.999658       704745      2925.71
   10977.279     0.999707       704778      3413.33
   11116.543     0.999756       704811      4096.00
   11182.079     0.999780       704833      4551.11
   11206.655     0.999805       704849      5120.00
   11239.423     0.999829       704866      5851.43
   11272.191     0.999854       704880      6826.67
   11304.959     0.999878       704900      8192.00
   11321.343     0.999890       704906      9102.22
   11362.303     0.999902       704916     10240.00
   11411.455     0.999915       704924     11702.86
   11468.799     0.999927       704932     13653.33
   11517.951     0.999939       704940     16384.00
   11550.719     0.999945       704947     18204.44
   11567.103     0.999951       704952     20480.00
   11575.295     0.999957       704960     23405.71
   11575.295     0.999963       704960     27306.67
   11591.679     0.999969       704962     32768.00
   11599.871     0.999973       704965     36408.89
   11608.063     0.999976       704966     40960.00
   11624.447     0.999979       704968     46811.43
   11632.639     0.999982       704973     54613.33
   11632.639     0.999985       704973     65536.00
   11640.831     0.999986       704976     72817.78
   11640.831     0.999988       704976     81920.00
   11640.831     0.999989       704976     93622.86
   11649.023     0.999991       704978    109226.67
   11649.023     0.999992       704978    131072.00
   11657.215     0.999993       704979    145635.56
   11657.215     0.999994       704979    163840.00
   11665.407     0.999995       704981    187245.71
   11665.407     0.999995       704981    218453.33
   11665.407     0.999996       704981    262144.00
   11665.407     0.999997       704981    291271.11
   11665.407     0.999997       704981    327680.00
   11714.559     0.999997       704982    374491.43
   11714.559     0.999998       704982    436906.67
   11714.559     0.999998       704982    524288.00
   11714.559     0.999998       704982    582542.22
   11714.559     0.999998       704982    655360.00
   11730.943     0.999999       704983    748982.86
   11730.943     1.000000       704983          inf
#[Mean    =      145.083, StdDeviation   =      723.902]
#[Max     =    11722.752, Total count    =       704983]
#[Buckets =           27, SubBuckets     =         2048]
----------------------------------------------------------
  710901 requests in 20.00m, 8.50GB read
Requests/sec:    592.39
Transfer/sec:      7.25MB
