Running 20m test @ http://10.98.185.196:8080/wrk2-api/post/compose
  16 threads and 32 connections
  Thread calibration: mean lat.: 18.305ms, rate sampling interval: 47ms
  Thread calibration: mean lat.: 19.417ms, rate sampling interval: 60ms
  Thread calibration: mean lat.: 20.983ms, rate sampling interval: 58ms
  Thread calibration: mean lat.: 18.782ms, rate sampling interval: 50ms
  Thread calibration: mean lat.: 19.079ms, rate sampling interval: 50ms
  Thread calibration: mean lat.: 18.990ms, rate sampling interval: 46ms
  Thread calibration: mean lat.: 17.773ms, rate sampling interval: 41ms
  Thread calibration: mean lat.: 17.743ms, rate sampling interval: 46ms
  Thread calibration: mean lat.: 17.427ms, rate sampling interval: 47ms
  Thread calibration: mean lat.: 17.700ms, rate sampling interval: 42ms
  Thread calibration: mean lat.: 16.905ms, rate sampling interval: 41ms
  Thread calibration: mean lat.: 18.210ms, rate sampling interval: 48ms
  Thread calibration: mean lat.: 22.405ms, rate sampling interval: 66ms
  Thread calibration: mean lat.: 20.131ms, rate sampling interval: 65ms
  Thread calibration: mean lat.: 22.776ms, rate sampling interval: 68ms
  Thread calibration: mean lat.: 19.633ms, rate sampling interval: 56ms
  Thread Stats   Avg      Stdev     99%   +/- Stdev
    Latency    19.60ms   10.81ms  44.64ms   93.99%
    Req/Sec     3.96      8.90    40.00     81.65%
  Latency Distribution (HdrHistogram - Recorded Latency)
 50.000%   17.39ms
 75.000%   21.12ms
 90.000%   26.94ms
 99.000%   44.64ms
 99.900%   94.53ms
 99.990%  531.97ms
 99.999%  663.55ms
100.000%  673.28ms

  Detailed Percentile spectrum:
       Value   Percentile   TotalCount 1/(1-Percentile)

      10.439     0.000000            1         1.00
      14.359     0.100000         7676         1.11
      15.055     0.200000        15294         1.25
      15.719     0.300000        22936         1.43
      16.479     0.400000        30596         1.67
      17.391     0.500000        38145         2.00
      17.919     0.550000        42005         2.22
      18.543     0.600000        45824         2.50
      19.247     0.650000        49564         2.86
      20.095     0.700000        53440         3.33
      21.119     0.750000        57242         4.00
      21.743     0.775000        59092         4.44
      22.463     0.800000        61024         5.00
      23.279     0.825000        62928         5.71
      24.207     0.850000        64810         6.67
      25.391     0.875000        66724         8.00
      26.143     0.887500        67668         8.89
      26.943     0.900000        68617        10.00
      27.855     0.912500        69577        11.43
      28.879     0.925000        70523        13.33
      30.143     0.937500        71477        16.00
      30.879     0.943750        71960        17.78
      31.647     0.950000        72439        20.00
      32.559     0.956250        72906        22.86
      33.695     0.962500        73382        26.67
      35.071     0.968750        73862        32.00
      35.967     0.971875        74100        35.56
      36.927     0.975000        74335        40.00
      38.015     0.978125        74574        45.71
      39.231     0.981250        74815        53.33
      40.831     0.984375        75056        64.00
      41.663     0.985938        75171        71.11
      42.719     0.987500        75290        80.00
      43.807     0.989062        75413        91.43
      45.247     0.990625        75527       106.67
      46.847     0.992188        75646       128.00
      47.967     0.992969        75706       142.22
      49.215     0.993750        75765       160.00
      50.719     0.994531        75826       182.86
      52.383     0.995313        75884       213.33
      54.239     0.996094        75945       256.00
      55.935     0.996484        75973       284.44
      57.279     0.996875        76003       320.00
      59.167     0.997266        76033       365.71
      61.823     0.997656        76063       426.67
      64.479     0.998047        76093       512.00
      67.007     0.998242        76107       568.89
      69.567     0.998437        76122       640.00
      73.919     0.998633        76137       731.43
      80.767     0.998828        76152       853.33
     103.359     0.999023        76167      1024.00
     120.511     0.999121        76174      1137.78
     155.007     0.999219        76182      1280.00
     214.271     0.999316        76189      1462.86
     221.951     0.999414        76197      1706.67
     226.687     0.999512        76204      2048.00
     228.735     0.999561        76209      2275.56
     230.015     0.999609        76212      2560.00
     233.343     0.999658        76215      2925.71
     237.823     0.999707        76219      3413.33
     245.759     0.999756        76223      4096.00
     296.447     0.999780        76225      4551.11
     319.999     0.999805        76227      5120.00
     331.007     0.999829        76229      5851.43
     367.103     0.999854        76230      6826.67
     525.311     0.999878        76232      8192.00
     531.967     0.999890        76233      9102.22
     534.527     0.999902        76234     10240.00
     549.375     0.999915        76235     11702.86
     555.519     0.999927        76236     13653.33
     569.343     0.999939        76237     16384.00
     569.343     0.999945        76237     18204.44
     594.943     0.999951        76238     20480.00
     594.943     0.999957        76238     23405.71
     646.143     0.999963        76239     27306.67
     646.143     0.999969        76239     32768.00
     646.143     0.999973        76239     36408.89
     663.551     0.999976        76240     40960.00
     663.551     0.999979        76240     46811.43
     663.551     0.999982        76240     54613.33
     663.551     0.999985        76240     65536.00
     663.551     0.999986        76240     72817.78
     673.279     0.999988        76241     81920.00
     673.279     1.000000        76241          inf
#[Mean    =       19.599, StdDeviation   =       10.814]
#[Max     =      672.768, Total count    =        76241]
#[Buckets =           27, SubBuckets     =         2048]
----------------------------------------------------------
  76934 requests in 20.00m, 15.77MB read
  Socket errors: connect 0, read 0, write 0, timeout 341
Requests/sec:     64.11
Transfer/sec:     13.46KB
