Running 20m test @ http://10.98.185.196:8080/wrk2-api/home-timeline/read
  16 threads and 32 connections
  Thread calibration: mean lat.: 17.071ms, rate sampling interval: 60ms
  Thread calibration: mean lat.: 14.548ms, rate sampling interval: 43ms
  Thread calibration: mean lat.: 16.359ms, rate sampling interval: 51ms
  Thread calibration: mean lat.: 17.562ms, rate sampling interval: 60ms
  Thread calibration: mean lat.: 17.770ms, rate sampling interval: 57ms
  Thread calibration: mean lat.: 18.834ms, rate sampling interval: 61ms
  Thread calibration: mean lat.: 17.224ms, rate sampling interval: 57ms
  Thread calibration: mean lat.: 15.974ms, rate sampling interval: 50ms
  Thread calibration: mean lat.: 15.088ms, rate sampling interval: 46ms
  Thread calibration: mean lat.: 18.929ms, rate sampling interval: 64ms
  Thread calibration: mean lat.: 15.625ms, rate sampling interval: 50ms
  Thread calibration: mean lat.: 14.809ms, rate sampling interval: 43ms
  Thread calibration: mean lat.: 17.616ms, rate sampling interval: 57ms
  Thread calibration: mean lat.: 16.653ms, rate sampling interval: 55ms
  Thread calibration: mean lat.: 18.754ms, rate sampling interval: 59ms
  Thread calibration: mean lat.: 18.647ms, rate sampling interval: 58ms
  Thread Stats   Avg      Stdev     99%   +/- Stdev
    Latency    17.48ms   21.73ms  48.96ms   97.48%
    Req/Sec    25.92     21.64    87.00     60.02%
  Latency Distribution (HdrHistogram - Recorded Latency)
 50.000%   14.57ms
 75.000%   19.87ms
 90.000%   27.15ms
 99.000%   48.96ms
 99.900%  198.14ms
 99.990%    1.10s 
 99.999%    1.46s 
100.000%    1.50s 

  Detailed Percentile spectrum:
       Value   Percentile   TotalCount 1/(1-Percentile)

       0.335     0.000000            1         1.00
       9.799     0.100000        49691         1.11
      10.895     0.200000        99406         1.25
      11.991     0.300000       148899         1.43
      13.183     0.400000       198351         1.67
      14.575     0.500000       248138         2.00
      15.367     0.550000       272814         2.22
      16.263     0.600000       297511         2.50
      17.279     0.650000       322373         2.86
      18.463     0.700000       347314         3.33
      19.871     0.750000       372021         4.00
      20.687     0.775000       384294         4.44
      21.599     0.800000       396785         5.00
      22.639     0.825000       409156         5.71
      23.855     0.850000       421464         6.67
      25.311     0.875000       433808         8.00
      26.175     0.887500       440059         8.89
      27.151     0.900000       446208        10.00
      28.239     0.912500       452391        11.43
      29.519     0.925000       458609        13.33
      31.039     0.937500       464804        16.00
      31.919     0.943750       467893        17.78
      32.959     0.950000       471039        20.00
      34.143     0.956250       474084        22.86
      35.551     0.962500       477206        26.67
      37.247     0.968750       480298        32.00
      38.175     0.971875       481817        35.56
      39.327     0.975000       483381        40.00
      40.639     0.978125       484929        45.71
      42.207     0.981250       486466        53.33
      44.127     0.984375       488031        64.00
      45.215     0.985938       488803        71.11
      46.463     0.987500       489572        80.00
      47.967     0.989062       490344        91.43
      49.727     0.990625       491109       106.67
      51.935     0.992188       491882       128.00
      53.279     0.992969       492269       142.22
      54.815     0.993750       492661       160.00
      56.639     0.994531       493045       182.86
      58.943     0.995313       493434       213.33
      61.855     0.996094       493819       256.00
      63.903     0.996484       494013       284.44
      66.367     0.996875       494209       320.00
      69.247     0.997266       494400       365.71
      73.215     0.997656       494593       426.67
      79.999     0.998047       494785       512.00
      84.863     0.998242       494882       568.89
      92.799     0.998437       494979       640.00
     108.799     0.998633       495076       731.43
     148.735     0.998828       495173       853.33
     205.055     0.999023       495269      1024.00
     222.719     0.999121       495318      1137.78
     237.439     0.999219       495366      1280.00
     279.551     0.999316       495415      1462.86
     340.223     0.999414       495463      1706.67
     423.935     0.999512       495511      2048.00
     477.439     0.999561       495536      2275.56
     516.607     0.999609       495560      2560.00
     562.687     0.999658       495584      2925.71
     640.511     0.999707       495609      3413.33
     735.743     0.999756       495633      4096.00
     805.375     0.999780       495645      4551.11
     860.671     0.999805       495657      5120.00
     889.855     0.999829       495670      5851.43
     958.463     0.999854       495681      6826.67
    1005.567     0.999878       495693      8192.00
    1058.815     0.999890       495699      9102.22
    1115.135     0.999902       495705     10240.00
    1203.199     0.999915       495711     11702.86
    1250.303     0.999927       495717     13653.33
    1321.983     0.999939       495723     16384.00
    1345.535     0.999945       495726     18204.44
    1364.991     0.999951       495729     20480.00
    1376.255     0.999957       495732     23405.71
    1386.495     0.999963       495735     27306.67
    1397.759     0.999969       495738     32768.00
    1418.239     0.999973       495740     36408.89
    1423.359     0.999976       495741     40960.00
    1432.575     0.999979       495743     46811.43
    1436.671     0.999982       495744     54613.33
    1448.959     0.999985       495746     65536.00
    1453.055     0.999986       495747     72817.78
    1453.055     0.999988       495747     81920.00
    1457.151     0.999989       495749     93622.86
    1457.151     0.999991       495749    109226.67
    1467.391     0.999992       495750    131072.00
    1467.391     0.999993       495750    145635.56
    1467.391     0.999994       495750    163840.00
    1473.535     0.999995       495751    187245.71
    1473.535     0.999995       495751    218453.33
    1480.703     0.999996       495752    262144.00
    1480.703     0.999997       495752    291271.11
    1480.703     0.999997       495752    327680.00
    1480.703     0.999997       495752    374491.43
    1480.703     0.999998       495752    436906.67
    1499.135     0.999998       495753    524288.00
    1499.135     1.000000       495753          inf
#[Mean    =       17.477, StdDeviation   =       21.728]
#[Max     =     1498.112, Total count    =       495753]
#[Buckets =           27, SubBuckets     =         2048]
----------------------------------------------------------
  499910 requests in 20.00m, 5.91GB read
Requests/sec:    416.57
Transfer/sec:      5.05MB
