Running 20m test @ http://10.98.185.196:8080/wrk2-api/user-timeline/read
  16 threads and 32 connections
  Thread calibration: mean lat.: 24.754ms, rate sampling interval: 68ms
  Thread calibration: mean lat.: 23.273ms, rate sampling interval: 64ms
  Thread calibration: mean lat.: 30.881ms, rate sampling interval: 95ms
  Thread calibration: mean lat.: 28.265ms, rate sampling interval: 86ms
  Thread calibration: mean lat.: 26.926ms, rate sampling interval: 79ms
  Thread calibration: mean lat.: 25.646ms, rate sampling interval: 71ms
  Thread calibration: mean lat.: 24.465ms, rate sampling interval: 71ms
  Thread calibration: mean lat.: 29.335ms, rate sampling interval: 88ms
  Thread calibration: mean lat.: 29.048ms, rate sampling interval: 92ms
  Thread calibration: mean lat.: 29.352ms, rate sampling interval: 92ms
  Thread calibration: mean lat.: 26.086ms, rate sampling interval: 76ms
  Thread calibration: mean lat.: 26.621ms, rate sampling interval: 81ms
  Thread calibration: mean lat.: 25.067ms, rate sampling interval: 71ms
  Thread calibration: mean lat.: 27.488ms, rate sampling interval: 82ms
  Thread calibration: mean lat.: 24.412ms, rate sampling interval: 73ms
  Thread calibration: mean lat.: 27.921ms, rate sampling interval: 80ms
  Thread Stats   Avg      Stdev     99%   +/- Stdev
    Latency    25.72ms   16.76ms  63.94ms   93.17%
    Req/Sec    12.78     12.56    49.00     84.72%
  Latency Distribution (HdrHistogram - Recorded Latency)
 50.000%   22.94ms
 75.000%   29.31ms
 90.000%   38.33ms
 99.000%   63.94ms
 99.900%  120.00ms
 99.990%  744.45ms
 99.999%    1.00s 
100.000%    1.15s 

  Detailed Percentile spectrum:
       Value   Percentile   TotalCount 1/(1-Percentile)

       2.040     0.000000            1         1.00
      15.471     0.100000        24829         1.11
      17.791     0.200000        49560         1.25
      19.583     0.300000        74499         1.43
      21.215     0.400000        99293         1.67
      22.943     0.500000       124002         2.00
      23.919     0.550000       136434         2.22
      24.975     0.600000       148813         2.50
      26.191     0.650000       161079         2.86
      27.615     0.700000       173451         3.33
      29.311     0.750000       185827         4.00
      30.335     0.775000       192067         4.44
      31.439     0.800000       198239         5.00
      32.735     0.825000       204446         5.71
      34.239     0.850000       210602         6.67
      36.095     0.875000       216885         8.00
      37.151     0.887500       219930         8.89
      38.335     0.900000       223013        10.00
      39.711     0.912500       226126        11.43
      41.279     0.925000       229185        13.33
      43.167     0.937500       232312        16.00
      44.255     0.943750       233823        17.78
      45.471     0.950000       235376        20.00
      46.975     0.956250       236914        22.86
      48.639     0.962500       238459        26.67
      50.687     0.968750       240030        32.00
      51.839     0.971875       240791        35.56
      53.151     0.975000       241565        40.00
      54.623     0.978125       242337        45.71
      56.383     0.981250       243123        53.33
      58.591     0.984375       243878        64.00
      59.775     0.985938       244266        71.11
      61.183     0.987500       244655        80.00
      62.879     0.989062       245045        91.43
      64.671     0.990625       245429       106.67
      67.071     0.992188       245816       128.00
      68.543     0.992969       246011       142.22
      70.143     0.993750       246206       160.00
      72.191     0.994531       246396       182.86
      74.367     0.995313       246589       213.33
      77.247     0.996094       246785       256.00
      79.039     0.996484       246879       284.44
      80.831     0.996875       246977       320.00
      83.135     0.997266       247073       365.71
      86.079     0.997656       247170       426.67
      89.983     0.998047       247266       512.00
      92.735     0.998242       247314       568.89
      96.383     0.998437       247363       640.00
     100.991     0.998633       247412       731.43
     109.439     0.998828       247459       853.33
     123.007     0.999023       247508      1024.00
     136.319     0.999121       247532      1137.78
     166.143     0.999219       247556      1280.00
     201.599     0.999316       247580      1462.86
     243.327     0.999414       247604      1706.67
     322.559     0.999512       247629      2048.00
     352.255     0.999561       247641      2275.56
     385.791     0.999609       247653      2560.00
     417.279     0.999658       247665      2925.71
     468.991     0.999707       247677      3413.33
     498.687     0.999756       247689      4096.00
     525.823     0.999780       247695      4551.11
     545.791     0.999805       247701      5120.00
     567.807     0.999829       247707      5851.43
     617.983     0.999854       247713      6826.67
     678.911     0.999878       247719      8192.00
     703.999     0.999890       247722      9102.22
     747.007     0.999902       247725     10240.00
     755.711     0.999915       247728     11702.86
     763.391     0.999927       247731     13653.33
     814.591     0.999939       247734     16384.00
     889.855     0.999945       247736     18204.44
     908.287     0.999951       247737     20480.00
     941.055     0.999957       247739     23405.71
     949.759     0.999963       247740     27306.67
     954.367     0.999969       247742     32768.00
     958.463     0.999973       247743     36408.89
     958.463     0.999976       247743     40960.00
     969.727     0.999979       247744     46811.43
     977.919     0.999982       247745     54613.33
     982.527     0.999985       247746     65536.00
     982.527     0.999986       247746     72817.78
     982.527     0.999988       247746     81920.00
    1003.007     0.999989       247747     93622.86
    1003.007     0.999991       247747    109226.67
    1044.479     0.999992       247748    131072.00
    1044.479     0.999993       247748    145635.56
    1044.479     0.999994       247748    163840.00
    1044.479     0.999995       247748    187245.71
    1044.479     0.999995       247748    218453.33
    1151.999     0.999996       247749    262144.00
    1151.999     1.000000       247749          inf
#[Mean    =       25.722, StdDeviation   =       16.765]
#[Max     =     1150.976, Total count    =       247749]
#[Buckets =           27, SubBuckets     =         2048]
----------------------------------------------------------
  249831 requests in 20.00m, 3.17GB read
Requests/sec:    208.18
Transfer/sec:      2.70MB
