Running 1m test @ http://10.97.15.237:8080/wrk2-api/post/compose
  4 threads and 8 connections
  Thread calibration: mean lat.: 24.308ms, rate sampling interval: 68ms
  Thread calibration: mean lat.: 22.243ms, rate sampling interval: 49ms
  Thread calibration: mean lat.: 37.518ms, rate sampling interval: 101ms
  Thread calibration: mean lat.: 20.367ms, rate sampling interval: 55ms
  Thread Stats   Avg      Stdev     99%   +/- Stdev
    Latency    17.14ms    3.28ms  33.34ms   91.95%
    Req/Sec     1.99      5.67    20.00     87.65%
  Latency Distribution (HdrHistogram - Recorded Latency)
 50.000%   16.43ms
 75.000%   17.44ms
 90.000%   19.23ms
 99.000%   33.34ms
 99.900%   45.28ms
 99.990%   45.28ms
 99.999%   45.28ms
100.000%   45.28ms

  Detailed Percentile spectrum:
       Value   Percentile   TotalCount 1/(1-Percentile)

      13.639     0.000000            1         1.00
      14.903     0.100000           42         1.11
      15.431     0.200000           83         1.25
      15.855     0.300000          124         1.43
      16.087     0.400000          164         1.67
      16.431     0.500000          206         2.00
      16.591     0.550000          227         2.22
      16.783     0.600000          248         2.50
      16.959     0.650000          268         2.86
      17.183     0.700000          287         3.33
      17.439     0.750000          308         4.00
      17.647     0.775000          318         4.44
      17.855     0.800000          328         5.00
      18.159     0.825000          339         5.71
      18.511     0.850000          349         6.67
      18.799     0.875000          359         8.00
      19.103     0.887500          364         8.89
      19.231     0.900000          369        10.00
      20.079     0.912500          375        11.43
      20.543     0.925000          380        13.33
      20.735     0.937500          385        16.00
      20.975     0.943750          387        17.78
      22.063     0.950000          390        20.00
      23.823     0.956250          393        22.86
      24.079     0.962500          395        26.67
      24.527     0.968750          398        32.00
      24.687     0.971875          399        35.56
      24.767     0.975000          400        40.00
      25.855     0.978125          402        45.71
      25.935     0.981250          403        53.33
      26.175     0.984375          404        64.00
      27.679     0.985938          405        71.11
      27.679     0.987500          405        80.00
      33.343     0.989062          406        91.43
      35.935     0.990625          407       106.67
      35.935     0.992188          407       128.00
      39.647     0.992969          408       142.22
      39.647     0.993750          408       160.00
      39.647     0.994531          408       182.86
      42.463     0.995313          409       213.33
      42.463     0.996094          409       256.00
      42.463     0.996484          409       284.44
      42.463     0.996875          409       320.00
      42.463     0.997266          409       365.71
      45.279     0.997656          410       426.67
      45.279     1.000000          410          inf
#[Mean    =       17.140, StdDeviation   =        3.277]
#[Max     =       45.248, Total count    =          410]
#[Buckets =           27, SubBuckets     =         2048]
----------------------------------------------------------
  501 requests in 1.00m, 105.19KB read
  Socket errors: connect 0, read 0, write 0, timeout 26
Requests/sec:      8.35
Transfer/sec:      1.75KB
