Running 1m test @ http://10.97.15.237:8080/wrk2-api/home-timeline/read
  4 threads and 8 connections
  Thread calibration: mean lat.: 9.045ms, rate sampling interval: 38ms
  Thread calibration: mean lat.: 8.400ms, rate sampling interval: 39ms
  Thread calibration: mean lat.: 7.755ms, rate sampling interval: 35ms
  Thread calibration: mean lat.: 7.287ms, rate sampling interval: 32ms
  Thread Stats   Avg      Stdev     99%   +/- Stdev
    Latency     6.82ms    4.20ms  19.39ms   81.61%
    Req/Sec    14.75     20.52    81.00     90.37%
  Latency Distribution (HdrHistogram - Recorded Latency)
 50.000%    4.77ms
 75.000%    7.13ms
 90.000%   14.26ms
 99.000%   19.39ms
 99.900%   26.17ms
 99.990%   38.14ms
 99.999%   38.14ms
100.000%   38.14ms

  Detailed Percentile spectrum:
       Value   Percentile   TotalCount 1/(1-Percentile)

       3.297     0.000000            1         1.00
       4.163     0.100000          298         1.11
       4.351     0.200000          591         1.25
       4.487     0.300000          890         1.43
       4.623     0.400000         1186         1.67
       4.771     0.500000         1472         2.00
       4.847     0.550000         1625         2.22
       4.951     0.600000         1768         2.50
       5.091     0.650000         1916         2.86
       5.375     0.700000         2060         3.33
       7.131     0.750000         2207         4.00
       8.151     0.775000         2281         4.44
       9.991     0.800000         2354         5.00
      11.743     0.825000         2429         5.71
      12.871     0.850000         2501         6.67
      13.503     0.875000         2575         8.00
      13.807     0.887500         2612         8.89
      14.255     0.900000         2648        10.00
      14.663     0.912500         2686        11.43
      14.999     0.925000         2725        13.33
      15.303     0.937500         2759        16.00
      15.519     0.943750         2779        17.78
      15.887     0.950000         2795        20.00
      16.175     0.956250         2815        22.86
      16.559     0.962500         2833        26.67
      17.023     0.968750         2851        32.00
      17.343     0.971875         2860        35.56
      17.647     0.975000         2869        40.00
      17.919     0.978125         2878        45.71
      18.175     0.981250         2887        53.33
      18.767     0.984375         2898        64.00
      18.943     0.985938         2901        71.11
      19.071     0.987500         2906        80.00
      19.327     0.989062         2910        91.43
      19.439     0.990625         2915       106.67
      19.647     0.992188         2920       128.00
      19.871     0.992969         2922       142.22
      20.079     0.993750         2924       160.00
      20.559     0.994531         2926       182.86
      21.439     0.995313         2929       213.33
      22.335     0.996094         2931       256.00
      22.447     0.996484         2932       284.44
      22.527     0.996875         2933       320.00
      23.567     0.997266         2934       365.71
      24.831     0.997656         2936       426.67
      25.023     0.998047         2937       512.00
      25.023     0.998242         2937       568.89
      25.391     0.998437         2938       640.00
      25.391     0.998633         2938       731.43
      26.175     0.998828         2939       853.33
      26.607     0.999023         2940      1024.00
      26.607     0.999121         2940      1137.78
      26.607     0.999219         2940      1280.00
      26.607     0.999316         2940      1462.86
      27.375     0.999414         2941      1706.67
      27.375     0.999512         2941      2048.00
      27.375     0.999561         2941      2275.56
      27.375     0.999609         2941      2560.00
      27.375     0.999658         2941      2925.71
      38.143     0.999707         2942      3413.33
      38.143     1.000000         2942          inf
#[Mean    =        6.824, StdDeviation   =        4.202]
#[Max     =       38.112, Total count    =         2942]
#[Buckets =           27, SubBuckets     =         2048]
----------------------------------------------------------
  3594 requests in 1.00m, 8.19MB read
Requests/sec:     59.90
Transfer/sec:    139.79KB
