Running 1m test @ http://10.97.15.237:8080/wrk2-api/user-timeline/read
  4 threads and 8 connections
  Thread calibration: mean lat.: 45.200ms, rate sampling interval: 137ms
  Thread calibration: mean lat.: 44.293ms, rate sampling interval: 142ms
  Thread calibration: mean lat.: 40.540ms, rate sampling interval: 113ms
  Thread calibration: mean lat.: 41.181ms, rate sampling interval: 118ms
  Thread Stats   Avg      Stdev     99%   +/- Stdev
    Latency    33.51ms   12.75ms  73.66ms   79.31%
    Req/Sec     6.69      7.17    28.00     85.74%
  Latency Distribution (HdrHistogram - Recorded Latency)
 50.000%   31.36ms
 75.000%   39.49ms
 90.000%   46.75ms
 99.000%   73.66ms
 99.900%  113.41ms
 99.990%  129.09ms
 99.999%  129.09ms
100.000%  129.09ms

  Detailed Percentile spectrum:
       Value   Percentile   TotalCount 1/(1-Percentile)

       5.979     0.000000            1         1.00
      20.847     0.100000          139         1.11
      25.519     0.200000          278         1.25
      27.759     0.300000          417         1.43
      29.375     0.400000          556         1.67
      31.359     0.500000          694         2.00
      32.895     0.550000          763         2.22
      34.815     0.600000          833         2.50
      36.607     0.650000          902         2.86
      38.207     0.700000          971         3.33
      39.519     0.750000         1047         4.00
      40.287     0.775000         1076         4.44
      41.055     0.800000         1110         5.00
      42.399     0.825000         1147         5.71
      43.263     0.850000         1179         6.67
      44.575     0.875000         1214         8.00
      45.791     0.887500         1232         8.89
      46.751     0.900000         1250        10.00
      48.351     0.912500         1267        11.43
      50.303     0.925000         1283        13.33
      52.671     0.937500         1301        16.00
      53.663     0.943750         1309        17.78
      55.487     0.950000         1318        20.00
      56.671     0.956250         1327        22.86
      57.983     0.962500         1336        26.67
      60.223     0.968750         1344        32.00
      62.303     0.971875         1348        35.56
      62.879     0.975000         1353        40.00
      63.839     0.978125         1357        45.71
      64.255     0.981250         1361        53.33
      67.775     0.984375         1366        64.00
      70.335     0.985938         1368        71.11
      71.167     0.987500         1370        80.00
      73.215     0.989062         1372        91.43
      74.047     0.990625         1374       106.67
      82.367     0.992188         1377       128.00
      86.975     0.992969         1378       142.22
      90.495     0.993750         1379       160.00
      90.943     0.994531         1380       182.86
      97.663     0.995313         1381       213.33
      98.367     0.996094         1382       256.00
      98.687     0.996484         1383       284.44
      98.687     0.996875         1383       320.00
     107.071     0.997266         1384       365.71
     107.071     0.997656         1384       426.67
     112.639     0.998047         1385       512.00
     112.639     0.998242         1385       568.89
     112.639     0.998437         1385       640.00
     113.407     0.998633         1386       731.43
     113.407     0.998828         1386       853.33
     113.407     0.999023         1386      1024.00
     113.407     0.999121         1386      1137.78
     113.407     0.999219         1386      1280.00
     129.087     0.999316         1387      1462.86
     129.087     1.000000         1387          inf
#[Mean    =       33.512, StdDeviation   =       12.751]
#[Max     =      129.024, Total count    =         1387]
#[Buckets =           27, SubBuckets     =         2048]
----------------------------------------------------------
  1694 requests in 1.00m, 21.58MB read
  Socket errors: connect 0, read 0, write 0, timeout 1
Requests/sec:     28.23
Transfer/sec:    368.35KB
