Running 20m test @ http://10.98.6.206:8080/wrk2-api/post/compose
  16 threads and 32 connections
  Thread calibration: mean lat.: 18.908ms, rate sampling interval: 52ms
  Thread calibration: mean lat.: 16.984ms, rate sampling interval: 41ms
  Thread calibration: mean lat.: 18.525ms, rate sampling interval: 54ms
  Thread calibration: mean lat.: 19.745ms, rate sampling interval: 59ms
  Thread calibration: mean lat.: 17.719ms, rate sampling interval: 46ms
  Thread calibration: mean lat.: 18.941ms, rate sampling interval: 47ms
  Thread calibration: mean lat.: 19.895ms, rate sampling interval: 61ms
  Thread calibration: mean lat.: 18.693ms, rate sampling interval: 50ms
  Thread calibration: mean lat.: 19.858ms, rate sampling interval: 52ms
  Thread calibration: mean lat.: 18.292ms, rate sampling interval: 48ms
  Thread calibration: mean lat.: 22.048ms, rate sampling interval: 61ms
  Thread calibration: mean lat.: 19.290ms, rate sampling interval: 54ms
  Thread calibration: mean lat.: 17.748ms, rate sampling interval: 44ms
  Thread calibration: mean lat.: 20.145ms, rate sampling interval: 57ms
  Thread calibration: mean lat.: 19.586ms, rate sampling interval: 54ms
  Thread calibration: mean lat.: 17.587ms, rate sampling interval: 46ms
  Thread Stats   Avg      Stdev     99%   +/- Stdev
    Latency    20.49ms   12.96ms  48.22ms   94.44%
    Req/Sec     4.94      9.81    41.00     77.38%
  Latency Distribution (HdrHistogram - Recorded Latency)
 50.000%   17.95ms
 75.000%   22.38ms
 90.000%   28.93ms
 99.000%   48.22ms
 99.900%  217.60ms
 99.990%  352.00ms
 99.999%    1.04s 
100.000%    1.05s 

  Detailed Percentile spectrum:
       Value   Percentile   TotalCount 1/(1-Percentile)

       8.263     0.000000            1         1.00
      14.311     0.100000         9572         1.11
      15.135     0.200000        19147         1.25
      15.935     0.300000        28648         1.43
      16.863     0.400000        38201         1.67
      17.951     0.500000        47668         2.00
      18.607     0.550000        52447         2.22
      19.327     0.600000        57171         2.50
      20.159     0.650000        61959         2.86
      21.167     0.700000        66738         3.33
      22.383     0.750000        71465         4.00
      23.103     0.775000        73858         4.44
      23.903     0.800000        76215         5.00
      24.879     0.825000        78600         5.71
      25.983     0.850000        80972         6.67
      27.295     0.875000        83359         8.00
      28.063     0.887500        84565         8.89
      28.927     0.900000        85734        10.00
      29.951     0.912500        86928        11.43
      31.087     0.925000        88126        13.33
      32.527     0.937500        89317        16.00
      33.375     0.943750        89904        17.78
      34.367     0.950000        90499        20.00
      35.423     0.956250        91100        22.86
      36.735     0.962500        91690        26.67
      38.207     0.968750        92285        32.00
      39.039     0.971875        92583        35.56
      40.031     0.975000        92880        40.00
      41.375     0.978125        93181        45.71
      42.655     0.981250        93474        53.33
      44.223     0.984375        93772        64.00
      45.151     0.985938        93925        71.11
      46.175     0.987500        94072        80.00
      47.327     0.989062        94221        91.43
      48.895     0.990625        94372       106.67
      50.655     0.992188        94516       128.00
      51.775     0.992969        94591       142.22
      52.895     0.993750        94665       160.00
      54.271     0.994531        94743       182.86
      55.967     0.995313        94814       213.33
      58.495     0.996094        94888       256.00
      60.351     0.996484        94927       284.44
      62.175     0.996875        94964       320.00
      63.935     0.997266        95000       365.71
      66.879     0.997656        95038       426.67
      73.279     0.998047        95074       512.00
      76.799     0.998242        95093       568.89
      87.103     0.998437        95113       640.00
     108.351     0.998633        95130       731.43
     191.871     0.998828        95149       853.33
     219.007     0.999023        95167      1024.00
     221.183     0.999121        95179      1137.78
     223.487     0.999219        95187      1280.00
     225.535     0.999316        95195      1462.86
     227.455     0.999414        95205      1706.67
     229.247     0.999512        95214      2048.00
     231.679     0.999561        95219      2275.56
     233.471     0.999609        95223      2560.00
     235.903     0.999658        95229      2925.71
     240.767     0.999707        95233      3413.33
     241.535     0.999756        95238      4096.00
     244.095     0.999780        95240      4551.11
     247.423     0.999805        95242      5120.00
     252.799     0.999829        95245      5851.43
     270.079     0.999854        95247      6826.67
     285.951     0.999878        95249      8192.00
     351.999     0.999890        95250      9102.22
     370.175     0.999902        95251     10240.00
     427.775     0.999915        95252     11702.86
     764.415     0.999927        95254     13653.33
     802.303     0.999939        95255     16384.00
     802.303     0.999945        95255     18204.44
     873.983     0.999951        95256     20480.00
     873.983     0.999957        95256     23405.71
    1009.663     0.999963        95257     27306.67
    1023.487     0.999969        95258     32768.00
    1023.487     0.999973        95258     36408.89
    1023.487     0.999976        95258     40960.00
    1023.487     0.999979        95258     46811.43
    1038.847     0.999982        95259     54613.33
    1038.847     0.999985        95259     65536.00
    1038.847     0.999986        95259     72817.78
    1038.847     0.999988        95259     81920.00
    1038.847     0.999989        95259     93622.86
    1046.527     0.999991        95260    109226.67
    1046.527     1.000000        95260          inf
#[Mean    =       20.487, StdDeviation   =       12.961]
#[Max     =     1046.016, Total count    =        95260]
#[Buckets =           27, SubBuckets     =         2048]
----------------------------------------------------------
  96092 requests in 20.00m, 19.70MB read
  Socket errors: connect 0, read 0, write 0, timeout 131
Requests/sec:     80.07
Transfer/sec:     16.81KB
