Running 20m test @ http://10.98.6.206:8080/wrk2-api/home-timeline/read
  16 threads and 32 connections
  Thread calibration: mean lat.: 17.096ms, rate sampling interval: 53ms
  Thread calibration: mean lat.: 19.089ms, rate sampling interval: 64ms
  Thread calibration: mean lat.: 19.321ms, rate sampling interval: 61ms
  Thread calibration: mean lat.: 17.646ms, rate sampling interval: 56ms
  Thread calibration: mean lat.: 16.820ms, rate sampling interval: 58ms
  Thread calibration: mean lat.: 19.981ms, rate sampling interval: 72ms
  Thread calibration: mean lat.: 16.433ms, rate sampling interval: 52ms
  Thread calibration: mean lat.: 17.756ms, rate sampling interval: 59ms
  Thread calibration: mean lat.: 17.726ms, rate sampling interval: 59ms
  Thread calibration: mean lat.: 15.907ms, rate sampling interval: 51ms
  Thread calibration: mean lat.: 14.315ms, rate sampling interval: 43ms
  Thread calibration: mean lat.: 17.574ms, rate sampling interval: 56ms
  Thread calibration: mean lat.: 15.476ms, rate sampling interval: 48ms
  Thread calibration: mean lat.: 16.416ms, rate sampling interval: 50ms
  Thread calibration: mean lat.: 18.137ms, rate sampling interval: 63ms
  Thread calibration: mean lat.: 16.065ms, rate sampling interval: 52ms
  Thread Stats   Avg      Stdev     99%   +/- Stdev
    Latency    18.65ms   11.29ms  57.63ms   88.24%
    Req/Sec    29.87     22.62    94.00     66.45%
  Latency Distribution (HdrHistogram - Recorded Latency)
 50.000%   15.53ms
 75.000%   21.92ms
 90.000%   30.94ms
 99.000%   57.63ms
 99.900%  107.39ms
 99.990%  237.70ms
 99.999%  273.41ms
100.000%  400.89ms

  Detailed Percentile spectrum:
       Value   Percentile   TotalCount 1/(1-Percentile)

       1.594     0.000000            1         1.00
       9.919     0.100000        57358         1.11
      11.183     0.200000       114608         1.25
      12.479     0.300000       171754         1.43
      13.895     0.400000       228668         1.67
      15.535     0.500000       285750         2.00
      16.495     0.550000       314741         2.22
      17.567     0.600000       343200         2.50
      18.783     0.650000       371493         2.86
      20.207     0.700000       400012         3.33
      21.919     0.750000       428629         4.00
      22.911     0.775000       442872         4.44
      24.047     0.800000       457199         5.00
      25.343     0.825000       471515         5.71
      26.863     0.850000       485755         6.67
      28.687     0.875000       500037         8.00
      29.727     0.887500       507156         8.89
      30.943     0.900000       514331        10.00
      32.319     0.912500       521443        11.43
      33.951     0.925000       528676        13.33
      35.871     0.937500       535791        16.00
      36.991     0.943750       539311        17.78
      38.303     0.950000       542913        20.00
      39.775     0.956250       546443        22.86
      41.535     0.962500       549993        26.67
      43.615     0.968750       553598        32.00
      44.799     0.971875       555360        35.56
      46.175     0.975000       557160        40.00
      47.775     0.978125       558947        45.71
      49.727     0.981250       560733        53.33
      51.967     0.984375       562512        64.00
      53.247     0.985938       563395        71.11
      54.655     0.987500       564289        80.00
      56.447     0.989062       565173        91.43
      58.399     0.990625       566071       106.67
      60.991     0.992188       566964       128.00
      62.495     0.992969       567403       142.22
      64.319     0.993750       567852       160.00
      66.239     0.994531       568301       182.86
      68.735     0.995313       568749       213.33
      71.359     0.996094       569187       256.00
      73.279     0.996484       569421       284.44
      75.391     0.996875       569635       320.00
      77.951     0.997266       569861       365.71
      81.087     0.997656       570080       426.67
      85.055     0.998047       570304       512.00
      87.615     0.998242       570415       568.89
      90.623     0.998437       570527       640.00
      94.911     0.998633       570639       731.43
      99.711     0.998828       570750       853.33
     109.247     0.999023       570862      1024.00
     115.711     0.999121       570918      1137.78
     123.199     0.999219       570973      1280.00
     135.167     0.999316       571029      1462.86
     148.351     0.999414       571085      1706.67
     168.831     0.999512       571140      2048.00
     182.399     0.999561       571169      2275.56
     196.223     0.999609       571197      2560.00
     209.663     0.999658       571224      2925.71
     217.215     0.999707       571252      3413.33
     221.823     0.999756       571280      4096.00
     224.383     0.999780       571294      4551.11
     226.431     0.999805       571308      5120.00
     229.375     0.999829       571322      5851.43
     232.831     0.999854       571339      6826.67
     236.031     0.999878       571350      8192.00
     236.799     0.999890       571357      9102.22
     238.207     0.999902       571364     10240.00
     240.255     0.999915       571371     11702.86
     242.431     0.999927       571378     13653.33
     244.863     0.999939       571385     16384.00
     246.399     0.999945       571388     18204.44
     247.423     0.999951       571392     20480.00
     248.191     0.999957       571395     23405.71
     250.111     0.999963       571399     27306.67
     252.543     0.999969       571402     32768.00
     254.207     0.999973       571404     36408.89
     255.999     0.999976       571407     40960.00
     255.999     0.999979       571407     46811.43
     258.559     0.999982       571409     54613.33
     260.223     0.999985       571411     65536.00
     260.735     0.999986       571412     72817.78
     273.407     0.999988       571413     81920.00
     273.407     0.999989       571413     93622.86
     282.111     0.999991       571414    109226.67
     287.999     0.999992       571416    131072.00
     287.999     0.999993       571416    145635.56
     287.999     0.999994       571416    163840.00
     287.999     0.999995       571416    187245.71
     324.351     0.999995       571417    218453.33
     324.351     0.999996       571417    262144.00
     325.631     0.999997       571418    291271.11
     325.631     0.999997       571418    327680.00
     325.631     0.999997       571418    374491.43
     325.631     0.999998       571418    436906.67
     325.631     0.999998       571418    524288.00
     400.895     0.999998       571419    582542.22
     400.895     1.000000       571419          inf
#[Mean    =       18.653, StdDeviation   =       11.290]
#[Max     =      400.640, Total count    =       571419]
#[Buckets =           27, SubBuckets     =         2048]
----------------------------------------------------------
  576221 requests in 20.00m, 6.86GB read
Requests/sec:    480.16
Transfer/sec:      5.85MB
