Running 20m test @ http://10.98.6.206:8080/wrk2-api/user-timeline/read
  16 threads and 32 connections
  Thread calibration: mean lat.: 27.917ms, rate sampling interval: 87ms
  Thread calibration: mean lat.: 25.562ms, rate sampling interval: 73ms
  Thread calibration: mean lat.: 30.350ms, rate sampling interval: 98ms
  Thread calibration: mean lat.: 27.359ms, rate sampling interval: 80ms
  Thread calibration: mean lat.: 26.265ms, rate sampling interval: 79ms
  Thread calibration: mean lat.: 30.767ms, rate sampling interval: 99ms
  Thread calibration: mean lat.: 24.688ms, rate sampling interval: 72ms
  Thread calibration: mean lat.: 29.349ms, rate sampling interval: 83ms
  Thread calibration: mean lat.: 27.019ms, rate sampling interval: 76ms
  Thread calibration: mean lat.: 28.236ms, rate sampling interval: 81ms
  Thread calibration: mean lat.: 27.711ms, rate sampling interval: 83ms
  Thread calibration: mean lat.: 30.040ms, rate sampling interval: 102ms
  Thread calibration: mean lat.: 29.664ms, rate sampling interval: 89ms
  Thread calibration: mean lat.: 27.103ms, rate sampling interval: 81ms
  Thread calibration: mean lat.: 26.847ms, rate sampling interval: 84ms
  Thread calibration: mean lat.: 29.198ms, rate sampling interval: 91ms
  Thread Stats   Avg      Stdev     99%   +/- Stdev
    Latency    27.62ms   12.66ms  73.09ms   80.14%
    Req/Sec    14.80     12.97    51.00     59.25%
  Latency Distribution (HdrHistogram - Recorded Latency)
 50.000%   24.45ms
 75.000%   32.26ms
 90.000%   43.23ms
 99.000%   73.09ms
 99.900%  108.48ms
 99.990%  158.59ms
 99.999%  240.77ms
100.000%  264.70ms

  Detailed Percentile spectrum:
       Value   Percentile   TotalCount 1/(1-Percentile)

       5.031     0.000000            1         1.00
      15.943     0.100000        28667         1.11
      18.447     0.200000        57299         1.25
      20.431     0.300000        85984         1.43
      22.351     0.400000       114503         1.67
      24.447     0.500000       143289         2.00
      25.615     0.550000       157519         2.22
      26.911     0.600000       171770         2.50
      28.415     0.650000       186183         2.86
      30.159     0.700000       200400         3.33
      32.255     0.750000       214774         4.00
      33.503     0.775000       221949         4.44
      34.879     0.800000       229042         5.00
      36.447     0.825000       236198         5.71
      38.303     0.850000       243321         6.67
      40.511     0.875000       250505         8.00
      41.791     0.887500       254106         8.89
      43.231     0.900000       257641        10.00
      44.863     0.912500       261243        11.43
      46.783     0.925000       264794        13.33
      49.023     0.937500       268357        16.00
      50.399     0.943750       270172        17.78
      51.871     0.950000       271960        20.00
      53.471     0.956250       273717        22.86
      55.423     0.962500       275521        26.67
      57.855     0.968750       277295        32.00
      59.199     0.971875       278192        35.56
      60.767     0.975000       279089        40.00
      62.431     0.978125       279985        45.71
      64.351     0.981250       280883        53.33
      66.879     0.984375       281766        64.00
      68.287     0.985938       282213        71.11
      69.887     0.987500       282662        80.00
      71.807     0.989062       283113        91.43
      73.983     0.990625       283564       106.67
      76.415     0.992188       284007       128.00
      77.823     0.992969       284231       142.22
      79.487     0.993750       284453       160.00
      81.343     0.994531       284673       182.86
      83.711     0.995313       284898       213.33
      86.591     0.996094       285122       256.00
      87.999     0.996484       285233       284.44
      89.855     0.996875       285346       320.00
      92.351     0.997266       285457       365.71
      94.975     0.997656       285573       426.67
      97.791     0.998047       285680       512.00
      99.711     0.998242       285735       568.89
     101.823     0.998437       285791       640.00
     103.935     0.998633       285850       731.43
     106.111     0.998828       285903       853.33
     108.927     0.999023       285959      1024.00
     110.591     0.999121       285988      1137.78
     112.511     0.999219       286017      1280.00
     114.367     0.999316       286043      1462.86
     117.631     0.999414       286071      1706.67
     120.767     0.999512       286099      2048.00
     122.175     0.999561       286113      2275.56
     126.719     0.999609       286127      2560.00
     130.815     0.999658       286141      2925.71
     134.911     0.999707       286155      3413.33
     138.751     0.999756       286170      4096.00
     141.567     0.999780       286176      4551.11
     143.231     0.999805       286184      5120.00
     146.559     0.999829       286190      5851.43
     151.423     0.999854       286197      6826.67
     155.775     0.999878       286204      8192.00
     157.567     0.999890       286207      9102.22
     159.615     0.999902       286211     10240.00
     161.919     0.999915       286214     11702.86
     172.031     0.999927       286218     13653.33
     176.895     0.999939       286221     16384.00
     183.295     0.999945       286223     18204.44
     191.871     0.999951       286225     20480.00
     195.327     0.999957       286226     23405.71
     204.543     0.999963       286228     27306.67
     223.871     0.999969       286230     32768.00
     230.655     0.999973       286231     36408.89
     232.319     0.999976       286232     40960.00
     232.319     0.999979       286232     46811.43
     234.239     0.999982       286233     54613.33
     236.543     0.999985       286234     65536.00
     240.767     0.999986       286235     72817.78
     240.767     0.999988       286235     81920.00
     240.767     0.999989       286235     93622.86
     244.351     0.999991       286236    109226.67
     244.351     0.999992       286236    131072.00
     244.991     0.999993       286237    145635.56
     244.991     0.999994       286237    163840.00
     244.991     0.999995       286237    187245.71
     244.991     0.999995       286237    218453.33
     244.991     0.999996       286237    262144.00
     264.703     0.999997       286238    291271.11
     264.703     1.000000       286238          inf
#[Mean    =       27.624, StdDeviation   =       12.658]
#[Max     =      264.448, Total count    =       286238]
#[Buckets =           27, SubBuckets     =         2048]
----------------------------------------------------------
  288609 requests in 20.00m, 3.61GB read
Requests/sec:    240.49
Transfer/sec:      3.08MB
