Running 20m test @ http://10.96.103.31:8080/wrk2-api/post/compose
  16 threads and 32 connections
  Thread calibration: mean lat.: 16.948ms, rate sampling interval: 42ms
  Thread calibration: mean lat.: 24.869ms, rate sampling interval: 71ms
  Thread calibration: mean lat.: 22.589ms, rate sampling interval: 56ms
  Thread calibration: mean lat.: 24.835ms, rate sampling interval: 80ms
  Thread calibration: mean lat.: 19.429ms, rate sampling interval: 51ms
  Thread calibration: mean lat.: 18.637ms, rate sampling interval: 52ms
  Thread calibration: mean lat.: 20.802ms, rate sampling interval: 61ms
  Thread calibration: mean lat.: 20.773ms, rate sampling interval: 63ms
  Thread calibration: mean lat.: 21.522ms, rate sampling interval: 73ms
  Thread calibration: mean lat.: 23.568ms, rate sampling interval: 68ms
  Thread calibration: mean lat.: 17.228ms, rate sampling interval: 41ms
  Thread calibration: mean lat.: 19.141ms, rate sampling interval: 52ms
  Thread calibration: mean lat.: 23.135ms, rate sampling interval: 67ms
  Thread calibration: mean lat.: 23.462ms, rate sampling interval: 65ms
  Thread calibration: mean lat.: 21.116ms, rate sampling interval: 57ms
  Thread calibration: mean lat.: 26.588ms, rate sampling interval: 77ms
  Thread Stats   Avg      Stdev     99%   +/- Stdev
    Latency    21.25ms   36.57ms  54.14ms   99.26%
    Req/Sec     4.92      9.23    38.00     84.32%
  Latency Distribution (HdrHistogram - Recorded Latency)
 50.000%   17.98ms
 75.000%   23.01ms
 90.000%   30.90ms
 99.000%   54.14ms
 99.900%   94.97ms
 99.990%    1.66s 
 99.999%    4.26s 
100.000%    5.02s 

  Detailed Percentile spectrum:
       Value   Percentile   TotalCount 1/(1-Percentile)

      11.063     0.000000            1         1.00
      14.247     0.100000         9586         1.11
      15.039     0.200000        19078         1.25
      15.863     0.300000        28638         1.43
      16.799     0.400000        38135         1.67
      17.983     0.500000        47739         2.00
      18.671     0.550000        52443         2.22
      19.487     0.600000        57231         2.50
      20.431     0.650000        61949         2.86
      21.583     0.700000        66712         3.33
      23.007     0.750000        71453         4.00
      23.871     0.775000        73846         4.44
      24.831     0.800000        76219         5.00
      25.983     0.825000        78606         5.71
      27.295     0.850000        80986         6.67
      28.879     0.875000        83365         8.00
      29.791     0.887500        84544         8.89
      30.895     0.900000        85736        10.00
      32.095     0.912500        86935        11.43
      33.503     0.925000        88133        13.33
      35.167     0.937500        89310        16.00
      36.127     0.943750        89905        17.78
      37.311     0.950000        90515        20.00
      38.655     0.956250        91099        22.86
      40.223     0.962500        91697        26.67
      42.143     0.968750        92289        32.00
      43.263     0.971875        92581        35.56
      44.479     0.975000        92886        40.00
      45.823     0.978125        93181        45.71
      47.487     0.981250        93478        53.33
      49.503     0.984375        93772        64.00
      50.623     0.985938        93924        71.11
      51.743     0.987500        94070        80.00
      53.247     0.989062        94219        91.43
      54.847     0.990625        94369       106.67
      56.991     0.992188        94516       128.00
      58.463     0.992969        94593       142.22
      59.871     0.993750        94667       160.00
      61.215     0.994531        94744       182.86
      63.295     0.995313        94815       213.33
      66.815     0.996094        94891       256.00
      68.479     0.996484        94928       284.44
      70.143     0.996875        94963       320.00
      71.871     0.997266        95000       365.71
      75.007     0.997656        95037       426.67
      78.271     0.998047        95074       512.00
      80.255     0.998242        95093       568.89
      83.391     0.998437        95112       640.00
      85.951     0.998633        95130       731.43
      89.919     0.998828        95149       853.33
      96.191     0.999023        95167      1024.00
     101.183     0.999121        95177      1137.78
     108.671     0.999219        95186      1280.00
     111.935     0.999316        95195      1462.86
     126.335     0.999414        95205      1706.67
     153.343     0.999512        95214      2048.00
     218.495     0.999561        95219      2275.56
     220.159     0.999609        95223      2560.00
     222.335     0.999658        95228      2925.71
     228.223     0.999707        95233      3413.33
     236.927     0.999756        95237      4096.00
     239.999     0.999780        95240      4551.11
     390.655     0.999805        95242      5120.00
     474.879     0.999829        95244      5851.43
     908.799     0.999854        95247      6826.67
    1289.215     0.999878        95249      8192.00
    1657.855     0.999890        95250      9102.22
    1751.039     0.999902        95251     10240.00
    1884.159     0.999915        95252     11702.86
    2897.919     0.999927        95254     13653.33
    3086.335     0.999939        95255     16384.00
    3086.335     0.999945        95255     18204.44
    3160.063     0.999951        95256     20480.00
    3160.063     0.999957        95256     23405.71
    3192.831     0.999963        95257     27306.67
    4202.495     0.999969        95258     32768.00
    4202.495     0.999973        95258     36408.89
    4202.495     0.999976        95258     40960.00
    4202.495     0.999979        95258     46811.43
    4263.935     0.999982        95259     54613.33
    4263.935     0.999985        95259     65536.00
    4263.935     0.999986        95259     72817.78
    4263.935     0.999988        95259     81920.00
    4263.935     0.999989        95259     93622.86
    5017.599     0.999991        95260    109226.67
    5017.599     1.000000        95260          inf
#[Mean    =       21.248, StdDeviation   =       36.570]
#[Max     =     5013.504, Total count    =        95260]
#[Buckets =           27, SubBuckets     =         2048]
----------------------------------------------------------
  96094 requests in 20.00m, 19.70MB read
  Socket errors: connect 0, read 0, write 0, timeout 132
Requests/sec:     80.07
Transfer/sec:     16.81KB
