Running 20m test @ http://10.96.103.31:8080/wrk2-api/home-timeline/read
  16 threads and 32 connections
  Thread calibration: mean lat.: 20.848ms, rate sampling interval: 74ms
  Thread calibration: mean lat.: 22.060ms, rate sampling interval: 81ms
  Thread calibration: mean lat.: 20.758ms, rate sampling interval: 72ms
  Thread calibration: mean lat.: 19.382ms, rate sampling interval: 64ms
  Thread calibration: mean lat.: 16.671ms, rate sampling interval: 54ms
  Thread calibration: mean lat.: 21.114ms, rate sampling interval: 71ms
  Thread calibration: mean lat.: 19.860ms, rate sampling interval: 72ms
  Thread calibration: mean lat.: 20.808ms, rate sampling interval: 75ms
  Thread calibration: mean lat.: 15.856ms, rate sampling interval: 50ms
  Thread calibration: mean lat.: 19.096ms, rate sampling interval: 63ms
  Thread calibration: mean lat.: 20.495ms, rate sampling interval: 76ms
  Thread calibration: mean lat.: 19.404ms, rate sampling interval: 72ms
  Thread calibration: mean lat.: 25.620ms, rate sampling interval: 91ms
  Thread calibration: mean lat.: 29.770ms, rate sampling interval: 107ms
  Thread calibration: mean lat.: 18.065ms, rate sampling interval: 65ms
  Thread calibration: mean lat.: 17.285ms, rate sampling interval: 57ms
  Thread Stats   Avg      Stdev     99%   +/- Stdev
    Latency    20.60ms   14.11ms  72.77ms   88.72%
    Req/Sec    32.89     21.39    92.00     74.48%
  Latency Distribution (HdrHistogram - Recorded Latency)
 50.000%   16.53ms
 75.000%   24.29ms
 90.000%   35.62ms
 99.000%   72.77ms
 99.900%  140.03ms
 99.990%  260.22ms
 99.999%  409.86ms
100.000%  531.46ms

  Detailed Percentile spectrum:
       Value   Percentile   TotalCount 1/(1-Percentile)

       2.259     0.000000            1         1.00
       9.999     0.100000        63227         1.11
      11.423     0.200000       125885         1.25
      12.903     0.300000       188827         1.43
      14.551     0.400000       251744         1.67
      16.527     0.500000       314835         2.00
      17.663     0.550000       345957         2.22
      18.959     0.600000       377700         2.50
      20.447     0.650000       409063         2.86
      22.191     0.700000       440350         3.33
      24.287     0.750000       471835         4.00
      25.519     0.775000       487456         4.44
      26.927     0.800000       503312         5.00
      28.527     0.825000       518978         5.71
      30.415     0.850000       534646         6.67
      32.735     0.875000       550417         8.00
      34.079     0.887500       558241         8.89
      35.615     0.900000       566136        10.00
      37.407     0.912500       573968        11.43
      39.519     0.925000       581795        13.33
      42.015     0.937500       589709        16.00
      43.519     0.943750       593623        17.78
      45.247     0.950000       597521        20.00
      47.231     0.956250       601470        22.86
      49.503     0.962500       605408        26.67
      52.319     0.968750       609320        32.00
      53.983     0.971875       611280        35.56
      55.935     0.975000       613259        40.00
      58.303     0.978125       615221        45.71
      60.991     0.981250       617182        53.33
      64.255     0.984375       619137        64.00
      66.303     0.985938       620135        71.11
      68.607     0.987500       621124        80.00
      71.039     0.989062       622083        91.43
      74.111     0.990625       623070       106.67
      78.015     0.992188       624049       128.00
      80.447     0.992969       624550       142.22
      82.879     0.993750       625033       160.00
      85.951     0.994531       625527       182.86
      89.727     0.995313       626012       213.33
      94.207     0.996094       626507       256.00
      96.831     0.996484       626754       284.44
     100.031     0.996875       626996       320.00
     103.743     0.997266       627248       365.71
     108.671     0.997656       627487       426.67
     114.367     0.998047       627735       512.00
     117.439     0.998242       627855       568.89
     122.239     0.998437       627979       640.00
     127.103     0.998633       628101       731.43
     133.247     0.998828       628223       853.33
     141.311     0.999023       628347      1024.00
     146.175     0.999121       628409      1137.78
     152.319     0.999219       628469      1280.00
     159.103     0.999316       628531      1462.86
     166.271     0.999414       628592      1706.67
     176.639     0.999512       628653      2048.00
     184.063     0.999561       628684      2275.56
     193.279     0.999609       628715      2560.00
     201.599     0.999658       628746      2925.71
     212.223     0.999707       628776      3413.33
     221.055     0.999756       628807      4096.00
     224.639     0.999780       628822      4551.11
     229.247     0.999805       628838      5120.00
     232.831     0.999829       628853      5851.43
     239.103     0.999854       628868      6826.67
     248.575     0.999878       628884      8192.00
     254.207     0.999890       628891      9102.22
     260.607     0.999902       628899     10240.00
     271.359     0.999915       628907     11702.86
     287.999     0.999927       628914     13653.33
     294.143     0.999939       628922     16384.00
     298.751     0.999945       628926     18204.44
     303.871     0.999951       628930     20480.00
     308.223     0.999957       628934     23405.71
     312.319     0.999963       628937     27306.67
     330.239     0.999969       628942     32768.00
     330.751     0.999973       628943     36408.89
     340.991     0.999976       628945     40960.00
     349.695     0.999979       628947     46811.43
     355.071     0.999982       628949     54613.33
     377.343     0.999985       628951     65536.00
     384.511     0.999986       628952     72817.78
     387.327     0.999988       628953     81920.00
     409.855     0.999989       628954     93622.86
     413.439     0.999991       628955    109226.67
     463.871     0.999992       628956    131072.00
     463.871     0.999993       628956    145635.56
     472.319     0.999994       628957    163840.00
     472.319     0.999995       628957    187245.71
     492.031     0.999995       628958    218453.33
     492.031     0.999996       628958    262144.00
     492.031     0.999997       628958    291271.11
     504.575     0.999997       628959    327680.00
     504.575     0.999997       628959    374491.43
     504.575     0.999998       628959    436906.67
     504.575     0.999998       628959    524288.00
     504.575     0.999998       628959    582542.22
     531.455     0.999998       628960    655360.00
     531.455     1.000000       628960          inf
#[Mean    =       20.603, StdDeviation   =       14.110]
#[Max     =      530.944, Total count    =       628960]
#[Buckets =           27, SubBuckets     =         2048]
----------------------------------------------------------
  634241 requests in 20.00m, 7.56GB read
Requests/sec:    528.51
Transfer/sec:      6.45MB
