Running 20m test @ http://10.96.103.31:8080/wrk2-api/user-timeline/read
  16 threads and 32 connections
  Thread calibration: mean lat.: 27.856ms, rate sampling interval: 95ms
  Thread calibration: mean lat.: 29.850ms, rate sampling interval: 98ms
  Thread calibration: mean lat.: 30.855ms, rate sampling interval: 101ms
  Thread calibration: mean lat.: 35.188ms, rate sampling interval: 110ms
  Thread calibration: mean lat.: 31.981ms, rate sampling interval: 102ms
  Thread calibration: mean lat.: 30.839ms, rate sampling interval: 106ms
  Thread calibration: mean lat.: 31.359ms, rate sampling interval: 102ms
  Thread calibration: mean lat.: 27.337ms, rate sampling interval: 85ms
  Thread calibration: mean lat.: 30.078ms, rate sampling interval: 91ms
  Thread calibration: mean lat.: 33.039ms, rate sampling interval: 115ms
  Thread calibration: mean lat.: 31.924ms, rate sampling interval: 101ms
  Thread calibration: mean lat.: 30.920ms, rate sampling interval: 101ms
  Thread calibration: mean lat.: 28.041ms, rate sampling interval: 91ms
  Thread calibration: mean lat.: 24.343ms, rate sampling interval: 72ms
  Thread calibration: mean lat.: 25.149ms, rate sampling interval: 73ms
  Thread calibration: mean lat.: 32.602ms, rate sampling interval: 104ms
  Thread Stats   Avg      Stdev     99%   +/- Stdev
    Latency    29.08ms   15.19ms  84.67ms   83.84%
    Req/Sec    15.69     12.65    52.00     65.82%
  Latency Distribution (HdrHistogram - Recorded Latency)
 50.000%   25.10ms
 75.000%   33.95ms
 90.000%   46.56ms
 99.000%   84.67ms
 99.900%  139.65ms
 99.990%  236.80ms
 99.999%  435.45ms
100.000%  449.79ms

  Detailed Percentile spectrum:
       Value   Percentile   TotalCount 1/(1-Percentile)

       5.011     0.000000            1         1.00
      16.079     0.100000        30577         1.11
      18.687     0.200000        61273         1.25
      20.767     0.300000        91770         1.43
      22.815     0.400000       122286         1.67
      25.103     0.500000       152782         2.00
      26.399     0.550000       168012         2.22
      27.855     0.600000       183248         2.50
      29.567     0.650000       198534         2.86
      31.519     0.700000       213719         3.33
      33.951     0.750000       229033         4.00
      35.327     0.775000       236609         4.44
      36.927     0.800000       244321         5.00
      38.751     0.825000       251928         5.71
      40.831     0.850000       259490         6.67
      43.359     0.875000       267195         8.00
      44.863     0.887500       270974         8.89
      46.559     0.900000       274796        10.00
      48.415     0.912500       278572        11.43
      50.687     0.925000       282396        13.33
      53.471     0.937500       286217        16.00
      55.039     0.943750       288113        17.78
      56.799     0.950000       290012        20.00
      58.911     0.956250       291918        22.86
      61.407     0.962500       293854        26.67
      64.351     0.968750       295742        32.00
      66.111     0.971875       296714        35.56
      68.095     0.975000       297663        40.00
      70.399     0.978125       298612        45.71
      72.959     0.981250       299568        53.33
      76.095     0.984375       300517        64.00
      78.079     0.985938       300990        71.11
      80.383     0.987500       301466        80.00
      82.943     0.989062       301939        91.43
      86.079     0.990625       302414       106.67
      89.919     0.992188       302888       128.00
      91.967     0.992969       303127       142.22
      94.527     0.993750       303365       160.00
      97.663     0.994531       303604       182.86
     100.799     0.995313       303846       213.33
     104.895     0.996094       304082       256.00
     107.327     0.996484       304203       284.44
     110.015     0.996875       304319       320.00
     113.151     0.997266       304440       365.71
     116.415     0.997656       304558       426.67
     121.151     0.998047       304676       512.00
     124.031     0.998242       304738       568.89
     126.591     0.998437       304797       640.00
     130.303     0.998633       304855       731.43
     134.399     0.998828       304915       853.33
     140.031     0.999023       304974      1024.00
     144.127     0.999121       305004      1137.78
     150.399     0.999219       305035      1280.00
     156.159     0.999316       305064      1462.86
     161.023     0.999414       305094      1706.67
     167.423     0.999512       305123      2048.00
     171.391     0.999561       305139      2275.56
     176.127     0.999609       305153      2560.00
     181.503     0.999658       305168      2925.71
     188.799     0.999707       305183      3413.33
     199.551     0.999756       305198      4096.00
     202.239     0.999780       305206      4551.11
     206.591     0.999805       305213      5120.00
     217.087     0.999829       305220      5851.43
     224.383     0.999854       305228      6826.67
     229.631     0.999878       305235      8192.00
     233.727     0.999890       305239      9102.22
     240.383     0.999902       305243     10240.00
     247.679     0.999915       305246     11702.86
     254.847     0.999927       305250     13653.33
     265.983     0.999939       305254     16384.00
     272.895     0.999945       305256     18204.44
     281.855     0.999951       305258     20480.00
     287.231     0.999957       305259     23405.71
     295.167     0.999963       305261     27306.67
     327.679     0.999969       305263     32768.00
     339.455     0.999973       305264     36408.89
     340.479     0.999976       305265     40960.00
     341.503     0.999979       305266     46811.43
     348.159     0.999982       305267     54613.33
     407.295     0.999985       305268     65536.00
     407.295     0.999986       305268     72817.78
     435.455     0.999988       305269     81920.00
     435.455     0.999989       305269     93622.86
     446.207     0.999991       305270    109226.67
     446.207     0.999992       305270    131072.00
     446.207     0.999993       305270    145635.56
     449.791     0.999994       305272    163840.00
     449.791     1.000000       305272          inf
#[Mean    =       29.084, StdDeviation   =       15.194]
#[Max     =      449.536, Total count    =       305272]
#[Buckets =           27, SubBuckets     =         2048]
----------------------------------------------------------
  307841 requests in 20.00m, 3.85GB read
Requests/sec:    256.51
Transfer/sec:      3.29MB
