Running 20m test @ http://10.97.21.241:8080/wrk2-api/post/compose
  16 threads and 32 connections
  Thread calibration: mean lat.: 18.531ms, rate sampling interval: 46ms
  Thread calibration: mean lat.: 15.727ms, rate sampling interval: 35ms
  Thread calibration: mean lat.: 21.505ms, rate sampling interval: 57ms
  Thread calibration: mean lat.: 20.553ms, rate sampling interval: 53ms
  Thread calibration: mean lat.: 20.304ms, rate sampling interval: 56ms
  Thread calibration: mean lat.: 18.648ms, rate sampling interval: 53ms
  Thread calibration: mean lat.: 18.466ms, rate sampling interval: 48ms
  Thread calibration: mean lat.: 17.812ms, rate sampling interval: 45ms
  Thread calibration: mean lat.: 19.192ms, rate sampling interval: 56ms
  Thread calibration: mean lat.: 18.865ms, rate sampling interval: 50ms
  Thread calibration: mean lat.: 18.441ms, rate sampling interval: 44ms
  Thread calibration: mean lat.: 18.514ms, rate sampling interval: 51ms
  Thread calibration: mean lat.: 17.546ms, rate sampling interval: 45ms
  Thread calibration: mean lat.: 17.014ms, rate sampling interval: 42ms
  Thread calibration: mean lat.: 18.902ms, rate sampling interval: 47ms
  Thread calibration: mean lat.: 18.404ms, rate sampling interval: 49ms
  Thread Stats   Avg      Stdev     99%   +/- Stdev
    Latency    19.05ms    6.59ms  40.38ms   89.65%
    Req/Sec     3.95      9.08    39.00     82.48%
  Latency Distribution (HdrHistogram - Recorded Latency)
 50.000%   17.25ms
 75.000%   20.69ms
 90.000%   25.81ms
 99.000%   40.38ms
 99.900%   60.96ms
 99.990%  224.51ms
 99.999%  235.65ms
100.000%  244.99ms

  Detailed Percentile spectrum:
       Value   Percentile   TotalCount 1/(1-Percentile)

       7.167     0.000000            1         1.00
      14.407     0.100000         7666         1.11
      15.087     0.200000        15338         1.25
      15.695     0.300000        22877         1.43
      16.399     0.400000        30527         1.67
      17.247     0.500000        38248         2.00
      17.759     0.550000        42015         2.22
      18.303     0.600000        45753         2.50
      18.959     0.650000        49636         2.86
      19.759     0.700000        53428         3.33
      20.687     0.750000        57187         4.00
      21.231     0.775000        59108         4.44
      21.871     0.800000        61015         5.00
      22.591     0.825000        62911         5.71
      23.423     0.850000        64824         6.67
      24.447     0.875000        66737         8.00
      25.071     0.887500        67686         8.89
      25.807     0.900000        68623        10.00
      26.607     0.912500        69578        11.43
      27.551     0.925000        70530        13.33
      28.639     0.937500        71482        16.00
      29.247     0.943750        71958        17.78
      29.999     0.950000        72439        20.00
      30.863     0.956250        72915        22.86
      31.823     0.962500        73393        26.67
      32.959     0.968750        73871        32.00
      33.599     0.971875        74101        35.56
      34.463     0.975000        74352        40.00
      35.327     0.978125        74583        45.71
      36.415     0.981250        74825        53.33
      37.503     0.984375        75060        64.00
      38.175     0.985938        75173        71.11
      39.007     0.987500        75292        80.00
      39.839     0.989062        75416        91.43
      40.767     0.990625        75531       106.67
      42.079     0.992188        75650       128.00
      43.039     0.992969        75709       142.22
      43.967     0.993750        75770       160.00
      45.087     0.994531        75832       182.86
      45.983     0.995313        75888       213.33
      47.679     0.996094        75949       256.00
      48.607     0.996484        75977       284.44
      49.695     0.996875        76009       320.00
      50.495     0.997266        76037       365.71
      51.775     0.997656        76067       426.67
      53.567     0.998047        76097       512.00
      55.231     0.998242        76112       568.89
      56.575     0.998437        76126       640.00
      57.695     0.998633        76141       731.43
      59.327     0.998828        76156       853.33
      61.087     0.999023        76171      1024.00
      62.559     0.999121        76178      1137.78
      64.863     0.999219        76187      1280.00
      65.983     0.999316        76193      1462.86
      69.887     0.999414        76201      1706.67
      75.839     0.999512        76208      2048.00
      81.215     0.999561        76212      2275.56
      88.703     0.999609        76216      2560.00
      91.711     0.999658        76219      2925.71
     145.151     0.999707        76223      3413.33
     214.783     0.999756        76227      4096.00
     216.319     0.999780        76229      4551.11
     219.135     0.999805        76231      5120.00
     220.031     0.999829        76232      5851.43
     223.231     0.999854        76234      6826.67
     224.255     0.999878        76236      8192.00
     224.511     0.999890        76237      9102.22
     225.151     0.999902        76238     10240.00
     225.791     0.999915        76239     11702.86
     228.479     0.999927        76240     13653.33
     230.399     0.999939        76241     16384.00
     230.399     0.999945        76241     18204.44
     231.039     0.999951        76242     20480.00
     231.039     0.999957        76242     23405.71
     235.519     0.999963        76243     27306.67
     235.519     0.999969        76243     32768.00
     235.519     0.999973        76243     36408.89
     235.647     0.999976        76244     40960.00
     235.647     0.999979        76244     46811.43
     235.647     0.999982        76244     54613.33
     235.647     0.999985        76244     65536.00
     235.647     0.999986        76244     72817.78
     244.991     0.999988        76245     81920.00
     244.991     1.000000        76245          inf
#[Mean    =       19.049, StdDeviation   =        6.593]
#[Max     =      244.864, Total count    =        76245]
#[Buckets =           27, SubBuckets     =         2048]
----------------------------------------------------------
  76933 requests in 20.00m, 15.77MB read
  Socket errors: connect 0, read 0, write 0, timeout 344
Requests/sec:     64.11
Transfer/sec:     13.46KB
