Running 20m test @ http://10.97.21.241:8080/wrk2-api/home-timeline/read
  16 threads and 32 connections
  Thread calibration: mean lat.: 19.614ms, rate sampling interval: 67ms
  Thread calibration: mean lat.: 16.121ms, rate sampling interval: 52ms
  Thread calibration: mean lat.: 14.334ms, rate sampling interval: 44ms
  Thread calibration: mean lat.: 20.638ms, rate sampling interval: 70ms
  Thread calibration: mean lat.: 17.413ms, rate sampling interval: 57ms
  Thread calibration: mean lat.: 15.368ms, rate sampling interval: 48ms
  Thread calibration: mean lat.: 16.784ms, rate sampling interval: 51ms
  Thread calibration: mean lat.: 15.625ms, rate sampling interval: 51ms
  Thread calibration: mean lat.: 16.477ms, rate sampling interval: 48ms
  Thread calibration: mean lat.: 16.273ms, rate sampling interval: 50ms
  Thread calibration: mean lat.: 14.084ms, rate sampling interval: 43ms
  Thread calibration: mean lat.: 18.285ms, rate sampling interval: 61ms
  Thread calibration: mean lat.: 15.541ms, rate sampling interval: 50ms
  Thread calibration: mean lat.: 17.108ms, rate sampling interval: 51ms
  Thread calibration: mean lat.: 15.821ms, rate sampling interval: 51ms
  Thread calibration: mean lat.: 15.530ms, rate sampling interval: 45ms
  Thread Stats   Avg      Stdev     99%   +/- Stdev
    Latency    16.55ms    8.05ms  45.66ms   85.26%
    Req/Sec    25.98     22.12    89.00     61.17%
  Latency Distribution (HdrHistogram - Recorded Latency)
 50.000%   14.32ms
 75.000%   19.33ms
 90.000%   26.24ms
 99.000%   45.66ms
 99.900%   69.06ms
 99.990%  109.18ms
 99.999%  245.63ms
100.000%  263.68ms

  Detailed Percentile spectrum:
       Value   Percentile   TotalCount 1/(1-Percentile)

       2.251     0.000000            1         1.00
       9.767     0.100000        49822         1.11
      10.807     0.200000        99464         1.25
      11.855     0.300000       148999         1.43
      13.007     0.400000       198510         1.67
      14.319     0.500000       248055         2.00
      15.071     0.550000       272784         2.22
      15.919     0.600000       297642         2.50
      16.879     0.650000       322458         2.86
      17.999     0.700000       347321         3.33
      19.327     0.750000       372097         4.00
      20.111     0.775000       384294         4.44
      20.991     0.800000       396712         5.00
      21.983     0.825000       409025         5.71
      23.135     0.850000       421420         6.67
      24.543     0.875000       433833         8.00
      25.343     0.887500       440002         8.89
      26.239     0.900000       446221        10.00
      27.263     0.912500       452396        11.43
      28.479     0.925000       458595        13.33
      29.935     0.937500       464802        16.00
      30.751     0.943750       467870        17.78
      31.727     0.950000       470992        20.00
      32.831     0.956250       474105        22.86
      34.047     0.962500       477163        26.67
      35.583     0.968750       480267        32.00
      36.447     0.971875       481810        35.56
      37.439     0.975000       483381        40.00
      38.591     0.978125       484946        45.71
      39.903     0.981250       486461        53.33
      41.535     0.984375       488006        64.00
      42.495     0.985938       488789        71.11
      43.583     0.987500       489566        80.00
      44.799     0.989062       490332        91.43
      46.303     0.990625       491107       106.67
      47.967     0.992188       491880       128.00
      48.927     0.992969       492273       142.22
      49.983     0.993750       492658       160.00
      51.199     0.994531       493042       182.86
      52.671     0.995313       493437       213.33
      54.399     0.996094       493817       256.00
      55.519     0.996484       494012       284.44
      56.767     0.996875       494204       320.00
      57.983     0.997266       494398       365.71
      59.551     0.997656       494592       426.67
      61.599     0.998047       494784       512.00
      62.815     0.998242       494883       568.89
      64.255     0.998437       494985       640.00
      65.727     0.998633       495076       731.43
      67.391     0.998828       495175       853.33
      69.375     0.999023       495268      1024.00
      70.719     0.999121       495317      1137.78
      71.743     0.999219       495366      1280.00
      73.471     0.999316       495415      1462.86
      75.647     0.999414       495462      1706.67
      77.887     0.999512       495510      2048.00
      79.423     0.999561       495535      2275.56
      81.023     0.999609       495559      2560.00
      83.071     0.999658       495583      2925.71
      85.247     0.999707       495607      3413.33
      88.127     0.999756       495631      4096.00
      90.111     0.999780       495644      4551.11
      92.927     0.999805       495656      5120.00
      96.191     0.999829       495668      5851.43
     100.479     0.999854       495681      6826.67
     104.127     0.999878       495692      8192.00
     106.751     0.999890       495698      9102.22
     109.695     0.999902       495704     10240.00
     115.071     0.999915       495710     11702.86
     127.935     0.999927       495716     13653.33
     157.951     0.999939       495722     16384.00
     173.439     0.999945       495725     18204.44
     191.487     0.999951       495728     20480.00
     205.823     0.999957       495731     23405.71
     218.239     0.999963       495734     27306.67
     227.839     0.999969       495737     32768.00
     228.351     0.999973       495739     36408.89
     229.887     0.999976       495740     40960.00
     233.983     0.999979       495742     46811.43
     239.487     0.999982       495743     54613.33
     243.967     0.999985       495745     65536.00
     245.631     0.999986       495747     72817.78
     245.631     0.999988       495747     81920.00
     245.631     0.999989       495747     93622.86
     246.527     0.999991       495748    109226.67
     255.487     0.999992       495749    131072.00
     255.487     0.999993       495749    145635.56
     255.487     0.999994       495749    163840.00
     259.583     0.999995       495750    187245.71
     259.583     0.999995       495750    218453.33
     262.399     0.999996       495751    262144.00
     262.399     0.999997       495751    291271.11
     262.399     0.999997       495751    327680.00
     262.399     0.999997       495751    374491.43
     262.399     0.999998       495751    436906.67
     263.679     0.999998       495752    524288.00
     263.679     1.000000       495752          inf
#[Mean    =       16.551, StdDeviation   =        8.054]
#[Max     =      263.424, Total count    =       495752]
#[Buckets =           27, SubBuckets     =         2048]
----------------------------------------------------------
  499911 requests in 20.00m, 5.92GB read
Requests/sec:    416.57
Transfer/sec:      5.05MB
