Running 20m test @ http://10.97.21.241:8080/wrk2-api/user-timeline/read
  16 threads and 32 connections
  Thread calibration: mean lat.: 25.415ms, rate sampling interval: 76ms
  Thread calibration: mean lat.: 27.775ms, rate sampling interval: 81ms
  Thread calibration: mean lat.: 29.373ms, rate sampling interval: 96ms
  Thread calibration: mean lat.: 25.183ms, rate sampling interval: 75ms
  Thread calibration: mean lat.: 28.215ms, rate sampling interval: 93ms
  Thread calibration: mean lat.: 25.797ms, rate sampling interval: 85ms
  Thread calibration: mean lat.: 25.169ms, rate sampling interval: 70ms
  Thread calibration: mean lat.: 27.457ms, rate sampling interval: 84ms
  Thread calibration: mean lat.: 26.070ms, rate sampling interval: 76ms
  Thread calibration: mean lat.: 24.600ms, rate sampling interval: 71ms
  Thread calibration: mean lat.: 25.354ms, rate sampling interval: 69ms
  Thread calibration: mean lat.: 26.108ms, rate sampling interval: 78ms
  Thread calibration: mean lat.: 25.988ms, rate sampling interval: 77ms
  Thread calibration: mean lat.: 25.220ms, rate sampling interval: 72ms
  Thread calibration: mean lat.: 26.433ms, rate sampling interval: 79ms
  Thread calibration: mean lat.: 25.307ms, rate sampling interval: 72ms
  Thread Stats   Avg      Stdev     99%   +/- Stdev
    Latency    25.12ms    9.96ms  60.10ms   78.31%
    Req/Sec    12.76     12.56    51.00     85.64%
  Latency Distribution (HdrHistogram - Recorded Latency)
 50.000%   22.88ms
 75.000%   28.94ms
 90.000%   37.50ms
 99.000%   60.10ms
 99.900%   85.06ms
 99.990%  117.06ms
 99.999%  230.91ms
100.000%  245.89ms

  Detailed Percentile spectrum:
       Value   Percentile   TotalCount 1/(1-Percentile)

       5.079     0.000000            1         1.00
      15.503     0.100000        24822         1.11
      17.839     0.200000        49658         1.25
      19.583     0.300000        74441         1.43
      21.183     0.400000        99143         1.67
      22.879     0.500000       123988         2.00
      23.807     0.550000       136399         2.22
      24.815     0.600000       148690         2.50
      25.983     0.650000       161108         2.86
      27.327     0.700000       173438         3.33
      28.943     0.750000       185908         4.00
      29.903     0.775000       192079         4.44
      30.975     0.800000       198283         5.00
      32.191     0.825000       204461         5.71
      33.631     0.850000       210639         6.67
      35.359     0.875000       216873         8.00
      36.351     0.887500       219905         8.89
      37.503     0.900000       222979        10.00
      38.783     0.912500       226120        11.43
      40.319     0.925000       229228        13.33
      42.047     0.937500       232271        16.00
      43.135     0.943750       233846        17.78
      44.223     0.950000       235389        20.00
      45.535     0.956250       236943        22.86
      47.039     0.962500       238486        26.67
      48.863     0.968750       240021        32.00
      49.855     0.971875       240783        35.56
      51.039     0.975000       241560        40.00
      52.319     0.978125       242341        45.71
      53.919     0.981250       243108        53.33
      55.743     0.984375       243881        64.00
      56.831     0.985938       244272        71.11
      57.887     0.987500       244656        80.00
      59.167     0.989062       245042        91.43
      60.703     0.990625       245429       106.67
      62.719     0.992188       245820       128.00
      63.775     0.992969       246011       142.22
      64.991     0.993750       246204       160.00
      66.495     0.994531       246399       182.86
      67.903     0.995313       246589       213.33
      69.823     0.996094       246782       256.00
      70.911     0.996484       246878       284.44
      72.127     0.996875       246977       320.00
      73.535     0.997266       247071       365.71
      75.391     0.997656       247171       426.67
      77.759     0.998047       247265       512.00
      78.911     0.998242       247313       568.89
      80.191     0.998437       247363       640.00
      81.343     0.998633       247411       731.43
      83.327     0.998828       247459       853.33
      85.311     0.999023       247509      1024.00
      86.335     0.999121       247532      1137.78
      87.423     0.999219       247555      1280.00
      88.895     0.999316       247580      1462.86
      90.687     0.999414       247605      1706.67
      92.543     0.999512       247629      2048.00
      93.759     0.999561       247640      2275.56
      95.231     0.999609       247652      2560.00
      96.895     0.999658       247664      2925.71
      99.263     0.999707       247676      3413.33
     102.399     0.999756       247689      4096.00
     103.807     0.999780       247694      4551.11
     105.215     0.999805       247700      5120.00
     107.519     0.999829       247706      5851.43
     109.439     0.999854       247712      6826.67
     114.303     0.999878       247718      8192.00
     115.775     0.999890       247721      9102.22
     117.695     0.999902       247724     10240.00
     119.103     0.999915       247727     11702.86
     121.087     0.999927       247730     13653.33
     123.199     0.999939       247733     16384.00
     125.567     0.999945       247735     18204.44
     125.759     0.999951       247736     20480.00
     142.463     0.999957       247738     23405.71
     152.063     0.999963       247739     27306.67
     191.743     0.999969       247741     32768.00
     196.863     0.999973       247742     36408.89
     196.863     0.999976       247742     40960.00
     229.887     0.999979       247743     46811.43
     230.655     0.999982       247745     54613.33
     230.655     0.999985       247745     65536.00
     230.655     0.999986       247745     72817.78
     230.655     0.999988       247745     81920.00
     230.911     0.999989       247746     93622.86
     230.911     0.999991       247746    109226.67
     241.151     0.999992       247747    131072.00
     241.151     0.999993       247747    145635.56
     241.151     0.999994       247747    163840.00
     241.151     0.999995       247747    187245.71
     241.151     0.999995       247747    218453.33
     245.887     0.999996       247748    262144.00
     245.887     1.000000       247748          inf
#[Mean    =       25.121, StdDeviation   =        9.964]
#[Max     =      245.760, Total count    =       247748]
#[Buckets =           27, SubBuckets     =         2048]
----------------------------------------------------------
  249832 requests in 20.00m, 3.17GB read
Requests/sec:    208.18
Transfer/sec:      2.71MB
