Running 20m test @ http://10.99.169.235:8080/wrk2-api/post/compose
  16 threads and 32 connections
  Thread calibration: mean lat.: 18.034ms, rate sampling interval: 47ms
  Thread calibration: mean lat.: 19.007ms, rate sampling interval: 52ms
  Thread calibration: mean lat.: 19.732ms, rate sampling interval: 49ms
  Thread calibration: mean lat.: 19.767ms, rate sampling interval: 55ms
  Thread calibration: mean lat.: 19.430ms, rate sampling interval: 62ms
  Thread calibration: mean lat.: 16.690ms, rate sampling interval: 42ms
  Thread calibration: mean lat.: 19.413ms, rate sampling interval: 60ms
  Thread calibration: mean lat.: 16.099ms, rate sampling interval: 37ms
  Thread calibration: mean lat.: 19.994ms, rate sampling interval: 58ms
  Thread calibration: mean lat.: 20.575ms, rate sampling interval: 62ms
  Thread calibration: mean lat.: 18.291ms, rate sampling interval: 51ms
  Thread calibration: mean lat.: 19.139ms, rate sampling interval: 54ms
  Thread calibration: mean lat.: 18.246ms, rate sampling interval: 48ms
  Thread calibration: mean lat.: 17.613ms, rate sampling interval: 44ms
  Thread calibration: mean lat.: 17.483ms, rate sampling interval: 46ms
  Thread calibration: mean lat.: 16.461ms, rate sampling interval: 44ms
  Thread Stats   Avg      Stdev     99%   +/- Stdev
    Latency    19.31ms    9.50ms  41.79ms   93.14%
    Req/Sec     3.96      8.95    38.00     81.88%
  Latency Distribution (HdrHistogram - Recorded Latency)
 50.000%   17.36ms
 75.000%   21.06ms
 90.000%   26.50ms
 99.000%   41.79ms
 99.900%   62.37ms
 99.990%  237.44ms
 99.999%    1.03s 
100.000%    1.04s 

  Detailed Percentile spectrum:
       Value   Percentile   TotalCount 1/(1-Percentile)

       0.140     0.000000            1         1.00
      14.311     0.100000         7677         1.11
      15.023     0.200000        15291         1.25
      15.695     0.300000        22900         1.43
      16.431     0.400000        30552         1.67
      17.359     0.500000        38210         2.00
      17.887     0.550000        41990         2.22
      18.495     0.600000        45757         2.50
      19.215     0.650000        49591         2.86
      20.031     0.700000        53436         3.33
      21.055     0.750000        57208         4.00
      21.647     0.775000        59106         4.44
      22.335     0.800000        61022         5.00
      23.103     0.825000        62915         5.71
      23.999     0.850000        64809         6.67
      25.103     0.875000        66732         8.00
      25.759     0.887500        67690         8.89
      26.495     0.900000        68632        10.00
      27.343     0.912500        69574        11.43
      28.287     0.925000        70526        13.33
      29.423     0.937500        71480        16.00
      30.191     0.943750        71959        17.78
      30.895     0.950000        72429        20.00
      31.727     0.956250        72910        22.86
      32.751     0.962500        73386        26.67
      33.983     0.968750        73865        32.00
      34.655     0.971875        74104        35.56
      35.455     0.975000        74343        40.00
      36.383     0.978125        74578        45.71
      37.407     0.981250        74815        53.33
      38.623     0.984375        75051        64.00
      39.359     0.985938        75170        71.11
      40.127     0.987500        75289        80.00
      41.183     0.989062        75409        91.43
      42.239     0.990625        75529       106.67
      43.679     0.992188        75647       128.00
      44.383     0.992969        75705       142.22
      45.279     0.993750        75765       160.00
      46.367     0.994531        75826       182.86
      47.743     0.995313        75884       213.33
      49.311     0.996094        75944       256.00
      50.111     0.996484        75973       284.44
      51.007     0.996875        76003       320.00
      52.095     0.997266        76033       365.71
      53.055     0.997656        76064       426.67
      54.399     0.998047        76093       512.00
      55.359     0.998242        76107       568.89
      56.895     0.998437        76122       640.00
      58.015     0.998633        76137       731.43
      59.999     0.998828        76152       853.33
      62.687     0.999023        76167      1024.00
      63.647     0.999121        76174      1137.78
      66.431     0.999219        76182      1280.00
      67.967     0.999316        76189      1462.86
      71.999     0.999414        76197      1706.67
      78.719     0.999512        76204      2048.00
      89.215     0.999561        76208      2275.56
     134.527     0.999609        76212      2560.00
     214.271     0.999658        76215      2925.71
     223.359     0.999707        76219      3413.33
     224.383     0.999756        76223      4096.00
     226.047     0.999780        76225      4551.11
     226.559     0.999805        76227      5120.00
     227.199     0.999829        76228      5851.43
     228.223     0.999854        76230      6826.67
     233.215     0.999878        76232      8192.00
     237.439     0.999890        76233      9102.22
     246.271     0.999902        76234     10240.00
     250.879     0.999915        76235     11702.86
     278.783     0.999927        76236     13653.33
     444.671     0.999939        76237     16384.00
     444.671     0.999945        76237     18204.44
     504.063     0.999951        76238     20480.00
     504.063     0.999957        76238     23405.71
     865.791     0.999963        76239     27306.67
     865.791     0.999969        76239     32768.00
     865.791     0.999973        76239     36408.89
    1026.047     0.999976        76240     40960.00
    1026.047     0.999979        76240     46811.43
    1026.047     0.999982        76240     54613.33
    1026.047     0.999985        76240     65536.00
    1026.047     0.999986        76240     72817.78
    1038.335     0.999988        76241     81920.00
    1038.335     1.000000        76241          inf
#[Mean    =       19.308, StdDeviation   =        9.496]
#[Max     =     1037.824, Total count    =        76241]
#[Buckets =           27, SubBuckets     =         2048]
----------------------------------------------------------
  76932 requests in 20.00m, 15.77MB read
  Socket errors: connect 0, read 0, write 0, timeout 346
Requests/sec:     64.11
Transfer/sec:     13.46KB
