Running 20m test @ http://10.99.169.235:8080/wrk2-api/home-timeline/read
  16 threads and 32 connections
  Thread calibration: mean lat.: 16.389ms, rate sampling interval: 48ms
  Thread calibration: mean lat.: 16.646ms, rate sampling interval: 53ms
  Thread calibration: mean lat.: 15.173ms, rate sampling interval: 50ms
  Thread calibration: mean lat.: 16.849ms, rate sampling interval: 54ms
  Thread calibration: mean lat.: 15.110ms, rate sampling interval: 47ms
  Thread calibration: mean lat.: 16.256ms, rate sampling interval: 48ms
  Thread calibration: mean lat.: 17.515ms, rate sampling interval: 55ms
  Thread calibration: mean lat.: 14.302ms, rate sampling interval: 44ms
  Thread calibration: mean lat.: 16.287ms, rate sampling interval: 51ms
  Thread calibration: mean lat.: 16.889ms, rate sampling interval: 55ms
  Thread calibration: mean lat.: 15.895ms, rate sampling interval: 50ms
  Thread calibration: mean lat.: 15.607ms, rate sampling interval: 48ms
  Thread calibration: mean lat.: 14.245ms, rate sampling interval: 43ms
  Thread calibration: mean lat.: 17.067ms, rate sampling interval: 56ms
  Thread calibration: mean lat.: 15.656ms, rate sampling interval: 48ms
  Thread calibration: mean lat.: 15.437ms, rate sampling interval: 45ms
  Thread Stats   Avg      Stdev     99%   +/- Stdev
    Latency    16.72ms    8.05ms  45.79ms   84.77%
    Req/Sec    25.96     22.43    90.00     59.44%
  Latency Distribution (HdrHistogram - Recorded Latency)
 50.000%   14.49ms
 75.000%   19.57ms
 90.000%   26.51ms
 99.000%   45.79ms
 99.900%   67.78ms
 99.990%   98.56ms
 99.999%  241.92ms
100.000%  268.03ms

  Detailed Percentile spectrum:
       Value   Percentile   TotalCount 1/(1-Percentile)

       0.461     0.000000            1         1.00
       9.815     0.100000        49650         1.11
      10.895     0.200000        99328         1.25
      11.967     0.300000       148841         1.43
      13.143     0.400000       198342         1.67
      14.495     0.500000       248028         2.00
      15.263     0.550000       272675         2.22
      16.119     0.600000       297623         2.50
      17.087     0.650000       322394         2.86
      18.223     0.700000       347327         3.33
      19.567     0.750000       371919         4.00
      20.351     0.775000       384398         4.44
      21.231     0.800000       396767         5.00
      22.223     0.825000       409093         5.71
      23.391     0.850000       421399         6.67
      24.783     0.875000       433792         8.00
      25.599     0.887500       440049         8.89
      26.511     0.900000       446235        10.00
      27.583     0.912500       452430        11.43
      28.799     0.925000       458582        13.33
      30.239     0.937500       464765        16.00
      31.071     0.943750       467861        17.78
      32.063     0.950000       471002        20.00
      33.183     0.956250       474107        22.86
      34.463     0.962500       477171        26.67
      35.935     0.968750       480267        32.00
      36.831     0.971875       481840        35.56
      37.791     0.975000       483389        40.00
      38.911     0.978125       484940        45.71
      40.255     0.981250       486470        53.33
      41.823     0.984375       488019        64.00
      42.751     0.985938       488800        71.11
      43.743     0.987500       489570        80.00
      44.927     0.989062       490334        91.43
      46.335     0.990625       491101       106.67
      47.999     0.992188       491876       128.00
      49.023     0.992969       492272       142.22
      50.047     0.993750       492656       160.00
      51.263     0.994531       493036       182.86
      52.767     0.995313       493432       213.33
      54.431     0.996094       493813       256.00
      55.551     0.996484       494004       284.44
      56.575     0.996875       494200       320.00
      57.951     0.997266       494393       365.71
      59.263     0.997656       494587       426.67
      61.151     0.998047       494781       512.00
      62.143     0.998242       494875       568.89
      63.295     0.998437       494972       640.00
      64.607     0.998633       495070       731.43
      66.239     0.998828       495170       853.33
      68.095     0.999023       495266      1024.00
      68.927     0.999121       495311      1137.78
      70.271     0.999219       495360      1280.00
      71.615     0.999316       495408      1462.86
      73.151     0.999414       495456      1706.67
      74.943     0.999512       495504      2048.00
      75.967     0.999561       495529      2275.56
      77.567     0.999609       495554      2560.00
      78.911     0.999658       495577      2925.71
      81.151     0.999707       495601      3413.33
      82.687     0.999756       495625      4096.00
      84.415     0.999780       495638      4551.11
      86.015     0.999805       495651      5120.00
      88.383     0.999829       495662      5851.43
      90.303     0.999854       495674      6826.67
      95.167     0.999878       495686      8192.00
      97.215     0.999890       495692      9102.22
      98.751     0.999902       495698     10240.00
     108.991     0.999915       495704     11702.86
     121.983     0.999927       495710     13653.33
     152.831     0.999939       495716     16384.00
     164.223     0.999945       495719     18204.44
     179.071     0.999951       495722     20480.00
     187.903     0.999957       495725     23405.71
     191.743     0.999963       495728     27306.67
     217.343     0.999969       495731     32768.00
     219.647     0.999973       495734     36408.89
     219.647     0.999976       495734     40960.00
     225.151     0.999979       495736     46811.43
     228.991     0.999982       495737     54613.33
     237.951     0.999985       495739     65536.00
     240.511     0.999986       495740     72817.78
     240.511     0.999988       495740     81920.00
     241.919     0.999989       495741     93622.86
     244.095     0.999991       495742    109226.67
     246.911     0.999992       495743    131072.00
     246.911     0.999993       495743    145635.56
     246.911     0.999994       495743    163840.00
     247.679     0.999995       495744    187245.71
     247.679     0.999995       495744    218453.33
     262.655     0.999996       495745    262144.00
     262.655     0.999997       495745    291271.11
     262.655     0.999997       495745    327680.00
     262.655     0.999997       495745    374491.43
     262.655     0.999998       495745    436906.67
     268.031     0.999998       495746    524288.00
     268.031     1.000000       495746          inf
#[Mean    =       16.717, StdDeviation   =        8.053]
#[Max     =      267.776, Total count    =       495746]
#[Buckets =           27, SubBuckets     =         2048]
----------------------------------------------------------
  499907 requests in 20.00m, 5.92GB read
Requests/sec:    416.57
Transfer/sec:      5.05MB
