Running 20m test @ http://10.99.169.235:8080/wrk2-api/user-timeline/read
  16 threads and 32 connections
  Thread calibration: mean lat.: 26.193ms, rate sampling interval: 75ms
  Thread calibration: mean lat.: 25.014ms, rate sampling interval: 75ms
  Thread calibration: mean lat.: 27.105ms, rate sampling interval: 76ms
  Thread calibration: mean lat.: 26.507ms, rate sampling interval: 78ms
  Thread calibration: mean lat.: 26.382ms, rate sampling interval: 77ms
  Thread calibration: mean lat.: 26.009ms, rate sampling interval: 75ms
  Thread calibration: mean lat.: 23.264ms, rate sampling interval: 66ms
  Thread calibration: mean lat.: 24.180ms, rate sampling interval: 73ms
  Thread calibration: mean lat.: 22.983ms, rate sampling interval: 71ms
  Thread calibration: mean lat.: 23.572ms, rate sampling interval: 67ms
  Thread calibration: mean lat.: 25.259ms, rate sampling interval: 75ms
  Thread calibration: mean lat.: 26.629ms, rate sampling interval: 67ms
  Thread calibration: mean lat.: 25.787ms, rate sampling interval: 73ms
  Thread calibration: mean lat.: 23.834ms, rate sampling interval: 67ms
  Thread calibration: mean lat.: 25.853ms, rate sampling interval: 81ms
  Thread calibration: mean lat.: 24.421ms, rate sampling interval: 70ms
  Thread Stats   Avg      Stdev     99%   +/- Stdev
    Latency    25.10ms   10.07ms  60.58ms   78.76%
    Req/Sec    12.79     12.95    52.00     82.71%
  Latency Distribution (HdrHistogram - Recorded Latency)
 50.000%   22.82ms
 75.000%   28.86ms
 90.000%   37.50ms
 99.000%   60.58ms
 99.900%   86.85ms
 99.990%  128.96ms
 99.999%  223.87ms
100.000%  251.26ms

  Detailed Percentile spectrum:
       Value   Percentile   TotalCount 1/(1-Percentile)

       5.091     0.000000            1         1.00
      15.471     0.100000        24779         1.11
      17.791     0.200000        49617         1.25
      19.551     0.300000        74378         1.43
      21.151     0.400000        99272         1.67
      22.815     0.500000       124028         2.00
      23.743     0.550000       136334         2.22
      24.767     0.600000       148799         2.50
      25.919     0.650000       161161         2.86
      27.263     0.700000       173531         3.33
      28.863     0.750000       185834         4.00
      29.823     0.775000       192083         4.44
      30.911     0.800000       198262         5.00
      32.159     0.825000       204404         5.71
      33.631     0.850000       210695         6.67
      35.327     0.875000       216831         8.00
      36.351     0.887500       219899         8.89
      37.503     0.900000       223039        10.00
      38.783     0.912500       226087        11.43
      40.319     0.925000       229177        13.33
      42.143     0.937500       232317        16.00
      43.199     0.943750       233864        17.78
      44.319     0.950000       235365        20.00
      45.663     0.956250       236938        22.86
      47.167     0.962500       238473        26.67
      48.991     0.968750       240022        32.00
      50.047     0.971875       240799        35.56
      51.199     0.975000       241563        40.00
      52.575     0.978125       242337        45.71
      54.079     0.981250       243106        53.33
      55.967     0.984375       243881        64.00
      57.023     0.985938       244273        71.11
      58.207     0.987500       244655        80.00
      59.711     0.989062       245044        91.43
      61.343     0.990625       245432       106.67
      63.359     0.992188       245814       128.00
      64.511     0.992969       246010       142.22
      65.727     0.993750       246199       160.00
      67.199     0.994531       246393       182.86
      69.119     0.995313       246588       213.33
      71.295     0.996094       246781       256.00
      72.575     0.996484       246881       284.44
      73.983     0.996875       246974       320.00
      75.327     0.997266       247072       365.71
      77.055     0.997656       247169       426.67
      78.911     0.998047       247264       512.00
      80.255     0.998242       247312       568.89
      81.791     0.998437       247362       640.00
      83.135     0.998633       247409       731.43
      85.311     0.998828       247458       853.33
      87.295     0.999023       247506      1024.00
      88.447     0.999121       247531      1137.78
      89.919     0.999219       247554      1280.00
      91.519     0.999316       247580      1462.86
      92.991     0.999414       247603      1706.67
      95.487     0.999512       247627      2048.00
      98.047     0.999561       247640      2275.56
      99.391     0.999609       247651      2560.00
     101.823     0.999658       247663      2925.71
     104.703     0.999707       247675      3413.33
     107.135     0.999756       247687      4096.00
     109.503     0.999780       247693      4551.11
     110.335     0.999805       247699      5120.00
     112.447     0.999829       247705      5851.43
     115.199     0.999854       247711      6826.67
     124.607     0.999878       247717      8192.00
     127.103     0.999890       247720      9102.22
     131.455     0.999902       247723     10240.00
     134.911     0.999915       247726     11702.86
     136.831     0.999927       247729     13653.33
     140.031     0.999939       247732     16384.00
     146.687     0.999945       247734     18204.44
     146.943     0.999951       247735     20480.00
     155.135     0.999957       247737     23405.71
     165.759     0.999963       247738     27306.67
     187.519     0.999969       247740     32768.00
     192.383     0.999973       247741     36408.89
     192.383     0.999976       247741     40960.00
     195.199     0.999979       247742     46811.43
     206.591     0.999982       247743     54613.33
     214.655     0.999985       247744     65536.00
     214.655     0.999986       247744     72817.78
     214.655     0.999988       247744     81920.00
     223.871     0.999989       247745     93622.86
     223.871     0.999991       247745    109226.67
     226.943     0.999992       247746    131072.00
     226.943     0.999993       247746    145635.56
     226.943     0.999994       247746    163840.00
     226.943     0.999995       247746    187245.71
     226.943     0.999995       247746    218453.33
     251.263     0.999996       247747    262144.00
     251.263     1.000000       247747          inf
#[Mean    =       25.102, StdDeviation   =       10.067]
#[Max     =      251.136, Total count    =       247747]
#[Buckets =           27, SubBuckets     =         2048]
----------------------------------------------------------
  249828 requests in 20.00m, 3.17GB read
Requests/sec:    208.18
Transfer/sec:      2.70MB
