Running 20m test @ http://10.105.62.129:8080/wrk2-api/post/compose
  16 threads and 32 connections
  Thread calibration: mean lat.: 19.475ms, rate sampling interval: 57ms
  Thread calibration: mean lat.: 18.055ms, rate sampling interval: 45ms
  Thread calibration: mean lat.: 20.825ms, rate sampling interval: 60ms
  Thread calibration: mean lat.: 17.708ms, rate sampling interval: 39ms
  Thread calibration: mean lat.: 20.062ms, rate sampling interval: 55ms
  Thread calibration: mean lat.: 16.614ms, rate sampling interval: 41ms
  Thread calibration: mean lat.: 17.701ms, rate sampling interval: 48ms
  Thread calibration: mean lat.: 19.820ms, rate sampling interval: 59ms
  Thread calibration: mean lat.: 17.251ms, rate sampling interval: 45ms
  Thread calibration: mean lat.: 16.516ms, rate sampling interval: 41ms
  Thread calibration: mean lat.: 17.639ms, rate sampling interval: 43ms
  Thread calibration: mean lat.: 16.549ms, rate sampling interval: 39ms
  Thread calibration: mean lat.: 17.209ms, rate sampling interval: 44ms
  Thread calibration: mean lat.: 19.042ms, rate sampling interval: 58ms
  Thread calibration: mean lat.: 19.953ms, rate sampling interval: 63ms
  Thread calibration: mean lat.: 17.764ms, rate sampling interval: 46ms
  Thread Stats   Avg      Stdev     99%   +/- Stdev
    Latency    19.19ms    7.08ms  42.27ms   89.93%
    Req/Sec     3.96      9.15    36.00     82.54%
  Latency Distribution (HdrHistogram - Recorded Latency)
 50.000%   17.23ms
 75.000%   20.83ms
 90.000%   26.30ms
 99.000%   42.27ms
 99.900%   61.41ms
 99.990%  231.17ms
 99.999%  251.26ms
100.000%  266.24ms

  Detailed Percentile spectrum:
       Value   Percentile   TotalCount 1/(1-Percentile)

       9.719     0.000000            1         1.00
      14.391     0.100000         7682         1.11
      15.063     0.200000        15347         1.25
      15.671     0.300000        22890         1.43
      16.359     0.400000        30520         1.67
      17.231     0.500000        38164         2.00
      17.759     0.550000        42039         2.22
      18.351     0.600000        45810         2.50
      19.039     0.650000        49570         2.86
      19.823     0.700000        53382         3.33
      20.831     0.750000        57191         4.00
      21.439     0.775000        59135         4.44
      22.095     0.800000        61003         5.00
      22.879     0.825000        62927         5.71
      23.775     0.850000        64817         6.67
      24.895     0.875000        66731         8.00
      25.551     0.887500        67672         8.89
      26.303     0.900000        68624        10.00
      27.119     0.912500        69578        11.43
      28.063     0.925000        70529        13.33
      29.215     0.937500        71486        16.00
      29.855     0.943750        71961        17.78
      30.591     0.950000        72433        20.00
      31.535     0.956250        72910        22.86
      32.543     0.962500        73390        26.67
      33.823     0.968750        73864        32.00
      34.623     0.971875        74100        35.56
      35.551     0.975000        74345        40.00
      36.543     0.978125        74578        45.71
      37.727     0.981250        74821        53.33
      39.071     0.984375        75055        64.00
      39.871     0.985938        75173        71.11
      40.671     0.987500        75292        80.00
      41.631     0.989062        75413        91.43
      42.879     0.990625        75531       106.67
      44.063     0.992188        75651       128.00
      44.895     0.992969        75711       142.22
      45.791     0.993750        75770       160.00
      46.911     0.994531        75829       182.86
      47.871     0.995313        75887       213.33
      49.055     0.996094        75948       256.00
      49.791     0.996484        75976       284.44
      51.039     0.996875        76006       320.00
      51.903     0.997266        76037       365.71
      53.279     0.997656        76066       426.67
      54.399     0.998047        76096       512.00
      55.423     0.998242        76110       568.89
      56.351     0.998437        76125       640.00
      57.983     0.998633        76140       731.43
      59.839     0.998828        76155       853.33
      62.079     0.999023        76170      1024.00
      63.359     0.999121        76177      1137.78
      65.663     0.999219        76185      1280.00
      67.263     0.999316        76192      1462.86
      70.655     0.999414        76200      1706.67
      85.119     0.999512        76207      2048.00
     109.567     0.999561        76211      2275.56
     131.839     0.999609        76215      2560.00
     155.007     0.999658        76218      2925.71
     193.279     0.999707        76222      3413.33
     220.799     0.999756        76226      4096.00
     222.335     0.999780        76228      4551.11
     223.359     0.999805        76230      5120.00
     223.871     0.999829        76231      5851.43
     228.479     0.999854        76233      6826.67
     230.015     0.999878        76235      8192.00
     231.167     0.999890        76236      9102.22
     232.063     0.999902        76237     10240.00
     235.519     0.999915        76238     11702.86
     236.415     0.999927        76239     13653.33
     237.439     0.999939        76240     16384.00
     237.439     0.999945        76240     18204.44
     241.407     0.999951        76241     20480.00
     241.407     0.999957        76241     23405.71
     246.527     0.999963        76242     27306.67
     246.527     0.999969        76242     32768.00
     246.527     0.999973        76242     36408.89
     251.263     0.999976        76243     40960.00
     251.263     0.999979        76243     46811.43
     251.263     0.999982        76243     54613.33
     251.263     0.999985        76243     65536.00
     251.263     0.999986        76243     72817.78
     266.239     0.999988        76244     81920.00
     266.239     1.000000        76244          inf
#[Mean    =       19.193, StdDeviation   =        7.077]
#[Max     =      265.984, Total count    =        76244]
#[Buckets =           27, SubBuckets     =         2048]
----------------------------------------------------------
  76933 requests in 20.00m, 15.77MB read
  Socket errors: connect 0, read 0, write 0, timeout 345
Requests/sec:     64.11
Transfer/sec:     13.46KB
