Running 20m test @ http://10.105.62.129:8080/wrk2-api/home-timeline/read
  16 threads and 32 connections
  Thread calibration: mean lat.: 17.292ms, rate sampling interval: 58ms
  Thread calibration: mean lat.: 17.211ms, rate sampling interval: 55ms
  Thread calibration: mean lat.: 18.920ms, rate sampling interval: 64ms
  Thread calibration: mean lat.: 15.075ms, rate sampling interval: 45ms
  Thread calibration: mean lat.: 18.593ms, rate sampling interval: 60ms
  Thread calibration: mean lat.: 16.777ms, rate sampling interval: 56ms
  Thread calibration: mean lat.: 16.377ms, rate sampling interval: 53ms
  Thread calibration: mean lat.: 15.026ms, rate sampling interval: 48ms
  Thread calibration: mean lat.: 17.513ms, rate sampling interval: 59ms
  Thread calibration: mean lat.: 16.755ms, rate sampling interval: 54ms
  Thread calibration: mean lat.: 16.899ms, rate sampling interval: 53ms
  Thread calibration: mean lat.: 17.588ms, rate sampling interval: 59ms
  Thread calibration: mean lat.: 16.404ms, rate sampling interval: 54ms
  Thread calibration: mean lat.: 16.422ms, rate sampling interval: 51ms
  Thread calibration: mean lat.: 19.269ms, rate sampling interval: 69ms
  Thread calibration: mean lat.: 15.770ms, rate sampling interval: 49ms
  Thread Stats   Avg      Stdev     99%   +/- Stdev
    Latency    17.03ms    8.51ms  46.81ms   85.55%
    Req/Sec    25.86     21.31    86.00     61.06%
  Latency Distribution (HdrHistogram - Recorded Latency)
 50.000%   14.73ms
 75.000%   19.97ms
 90.000%   27.14ms
 99.000%   46.81ms
 99.900%   72.38ms
 99.990%  199.81ms
 99.999%  250.75ms
100.000%  270.85ms

  Detailed Percentile spectrum:
       Value   Percentile   TotalCount 1/(1-Percentile)

       0.393     0.000000            1         1.00
       9.887     0.100000        49627         1.11
      11.007     0.200000        99442         1.25
      12.127     0.300000       148926         1.43
      13.351     0.400000       198494         1.67
      14.735     0.500000       247914         2.00
      15.535     0.550000       272725         2.22
      16.415     0.600000       297590         2.50
      17.423     0.650000       322563         2.86
      18.575     0.700000       347140         3.33
      19.967     0.750000       371919         4.00
      20.767     0.775000       384275         4.44
      21.663     0.800000       396665         5.00
      22.687     0.825000       409005         5.71
      23.887     0.850000       421466         6.67
      25.327     0.875000       433807         8.00
      26.191     0.887500       440069         8.89
      27.135     0.900000       446245        10.00
      28.191     0.912500       452371        11.43
      29.423     0.925000       458593        13.33
      30.911     0.937500       464792        16.00
      31.775     0.943750       467899        17.78
      32.719     0.950000       470965        20.00
      33.855     0.956250       474121        22.86
      35.167     0.962500       477217        26.67
      36.703     0.968750       480293        32.00
      37.567     0.971875       481821        35.56
      38.591     0.975000       483383        40.00
      39.711     0.978125       484926        45.71
      41.055     0.981250       486481        53.33
      42.655     0.984375       488039        64.00
      43.679     0.985938       488796        71.11
      44.735     0.987500       489552        80.00
      45.919     0.989062       490345        91.43
      47.391     0.990625       491106       106.67
      49.247     0.992188       491876       128.00
      50.239     0.992969       492273       142.22
      51.327     0.993750       492655       160.00
      52.607     0.994531       493046       182.86
      54.111     0.995313       493425       213.33
      55.807     0.996094       493812       256.00
      56.927     0.996484       494009       284.44
      58.271     0.996875       494200       320.00
      59.807     0.997266       494396       365.71
      61.503     0.997656       494589       426.67
      63.743     0.998047       494780       512.00
      64.927     0.998242       494880       568.89
      66.367     0.998437       494978       640.00
      67.839     0.998633       495071       731.43
      69.759     0.998828       495169       853.33
      72.575     0.999023       495264      1024.00
      74.623     0.999121       495313      1137.78
      76.095     0.999219       495361      1280.00
      78.527     0.999316       495410      1462.86
      81.663     0.999414       495458      1706.67
      85.247     0.999512       495508      2048.00
      87.807     0.999561       495532      2275.56
      90.111     0.999609       495556      2560.00
      93.631     0.999658       495579      2925.71
      97.151     0.999707       495603      3413.33
     103.871     0.999756       495627      4096.00
     109.887     0.999780       495640      4551.11
     116.159     0.999805       495652      5120.00
     125.631     0.999829       495664      5851.43
     140.799     0.999854       495676      6826.67
     164.735     0.999878       495688      8192.00
     179.967     0.999890       495694      9102.22
     201.599     0.999902       495700     10240.00
     211.967     0.999915       495706     11702.86
     219.903     0.999927       495712     13653.33
     225.919     0.999939       495718     16384.00
     226.815     0.999945       495721     18204.44
     230.143     0.999951       495724     20480.00
     231.551     0.999957       495727     23405.71
     233.727     0.999963       495730     27306.67
     237.951     0.999969       495733     32768.00
     242.303     0.999973       495735     36408.89
     243.327     0.999976       495736     40960.00
     244.863     0.999979       495738     46811.43
     244.991     0.999982       495739     54613.33
     250.239     0.999985       495741     65536.00
     250.623     0.999986       495742     72817.78
     250.623     0.999988       495742     81920.00
     250.751     0.999989       495743     93622.86
     251.135     0.999991       495744    109226.67
     253.951     0.999992       495745    131072.00
     253.951     0.999993       495745    145635.56
     253.951     0.999994       495745    163840.00
     263.423     0.999995       495746    187245.71
     263.423     0.999995       495746    218453.33
     269.055     0.999996       495747    262144.00
     269.055     0.999997       495747    291271.11
     269.055     0.999997       495747    327680.00
     269.055     0.999997       495747    374491.43
     269.055     0.999998       495747    436906.67
     270.847     0.999998       495748    524288.00
     270.847     1.000000       495748          inf
#[Mean    =       17.030, StdDeviation   =        8.507]
#[Max     =      270.592, Total count    =       495748]
#[Buckets =           27, SubBuckets     =         2048]
----------------------------------------------------------
  499908 requests in 20.00m, 5.91GB read
Requests/sec:    416.57
Transfer/sec:      5.05MB
