Running 20m test @ http://10.105.62.129:8080/wrk2-api/user-timeline/read
  16 threads and 32 connections
  Thread calibration: mean lat.: 27.636ms, rate sampling interval: 84ms
  Thread calibration: mean lat.: 25.956ms, rate sampling interval: 78ms
  Thread calibration: mean lat.: 25.333ms, rate sampling interval: 74ms
  Thread calibration: mean lat.: 27.992ms, rate sampling interval: 85ms
  Thread calibration: mean lat.: 27.086ms, rate sampling interval: 78ms
  Thread calibration: mean lat.: 28.301ms, rate sampling interval: 88ms
  Thread calibration: mean lat.: 25.208ms, rate sampling interval: 70ms
  Thread calibration: mean lat.: 24.029ms, rate sampling interval: 69ms
  Thread calibration: mean lat.: 26.477ms, rate sampling interval: 83ms
  Thread calibration: mean lat.: 28.185ms, rate sampling interval: 89ms
  Thread calibration: mean lat.: 26.382ms, rate sampling interval: 81ms
  Thread calibration: mean lat.: 27.691ms, rate sampling interval: 84ms
  Thread calibration: mean lat.: 23.302ms, rate sampling interval: 65ms
  Thread calibration: mean lat.: 25.423ms, rate sampling interval: 68ms
  Thread calibration: mean lat.: 26.318ms, rate sampling interval: 80ms
  Thread calibration: mean lat.: 27.108ms, rate sampling interval: 82ms
  Thread Stats   Avg      Stdev     99%   +/- Stdev
    Latency    25.08ms    9.99ms  60.67ms   78.69%
    Req/Sec    12.76     12.58    49.00     86.04%
  Latency Distribution (HdrHistogram - Recorded Latency)
 50.000%   22.80ms
 75.000%   28.83ms
 90.000%   37.44ms
 99.000%   60.67ms
 99.900%   85.38ms
 99.990%  114.88ms
 99.999%  230.65ms
100.000%  243.46ms

  Detailed Percentile spectrum:
       Value   Percentile   TotalCount 1/(1-Percentile)

       4.967     0.000000            1         1.00
      15.495     0.100000        24824         1.11
      17.791     0.200000        49719         1.25
      19.551     0.300000        74466         1.43
      21.135     0.400000        99129         1.67
      22.799     0.500000       123966         2.00
      23.711     0.550000       136377         2.22
      24.735     0.600000       148713         2.50
      25.887     0.650000       161042         2.86
      27.231     0.700000       173533         3.33
      28.831     0.750000       185820         4.00
      29.775     0.775000       192068         4.44
      30.831     0.800000       198280         5.00
      32.063     0.825000       204429         5.71
      33.535     0.850000       210652         6.67
      35.295     0.875000       216875         8.00
      36.287     0.887500       219899         8.89
      37.439     0.900000       223006        10.00
      38.783     0.912500       226119        11.43
      40.255     0.925000       229184        13.33
      42.079     0.937500       232301        16.00
      43.135     0.943750       233823        17.78
      44.319     0.950000       235378        20.00
      45.663     0.956250       236917        22.86
      47.167     0.962500       238459        26.67
      48.959     0.968750       240006        32.00
      49.983     0.971875       240788        35.56
      51.167     0.975000       241564        40.00
      52.575     0.978125       242334        45.71
      54.111     0.981250       243106        53.33
      56.031     0.984375       243884        64.00
      57.151     0.985938       244277        71.11
      58.239     0.987500       244653        80.00
      59.743     0.989062       245043        91.43
      61.343     0.990625       245427       106.67
      63.295     0.992188       245815       128.00
      64.319     0.992969       246005       142.22
      65.727     0.993750       246205       160.00
      67.071     0.994531       246394       182.86
      68.607     0.995313       246591       213.33
      70.719     0.996094       246783       256.00
      71.743     0.996484       246878       284.44
      72.959     0.996875       246974       320.00
      74.751     0.997266       247070       365.71
      76.351     0.997656       247167       426.67
      78.399     0.998047       247263       512.00
      79.487     0.998242       247313       568.89
      80.639     0.998437       247360       640.00
      82.047     0.998633       247409       731.43
      83.647     0.998828       247456       853.33
      85.567     0.999023       247506      1024.00
      86.719     0.999121       247529      1137.78
      87.935     0.999219       247556      1280.00
      89.215     0.999316       247577      1462.86
      91.327     0.999414       247601      1706.67
      94.399     0.999512       247626      2048.00
      95.871     0.999561       247639      2275.56
      96.959     0.999609       247650      2560.00
      98.367     0.999658       247662      2925.71
     100.095     0.999707       247674      3413.33
     102.527     0.999756       247686      4096.00
     104.255     0.999780       247692      4551.11
     107.199     0.999805       247698      5120.00
     109.247     0.999829       247705      5851.43
     110.399     0.999854       247710      6826.67
     112.895     0.999878       247716      8192.00
     114.239     0.999890       247719      9102.22
     114.879     0.999902       247722     10240.00
     117.055     0.999915       247725     11702.86
     120.447     0.999927       247728     13653.33
     125.503     0.999939       247731     16384.00
     125.759     0.999945       247733     18204.44
     125.823     0.999951       247734     20480.00
     133.759     0.999957       247736     23405.71
     134.655     0.999963       247737     27306.67
     140.543     0.999969       247739     32768.00
     142.463     0.999973       247740     36408.89
     142.463     0.999976       247740     40960.00
     186.367     0.999979       247741     46811.43
     190.079     0.999982       247742     54613.33
     228.351     0.999985       247743     65536.00
     228.351     0.999986       247743     72817.78
     228.351     0.999988       247743     81920.00
     230.655     0.999989       247744     93622.86
     230.655     0.999991       247744    109226.67
     240.895     0.999992       247745    131072.00
     240.895     0.999993       247745    145635.56
     240.895     0.999994       247745    163840.00
     240.895     0.999995       247745    187245.71
     240.895     0.999995       247745    218453.33
     243.455     0.999996       247746    262144.00
     243.455     1.000000       247746          inf
#[Mean    =       25.079, StdDeviation   =        9.995]
#[Max     =      243.328, Total count    =       247746]
#[Buckets =           27, SubBuckets     =         2048]
----------------------------------------------------------
  249832 requests in 20.00m, 3.17GB read
Requests/sec:    208.18
Transfer/sec:      2.70MB
