Running 20m test @ http://10.106.51.215:8080/wrk2-api/post/compose
  16 threads and 32 connections
  Thread calibration: mean lat.: 18.855ms, rate sampling interval: 49ms
  Thread calibration: mean lat.: 19.752ms, rate sampling interval: 53ms
  Thread calibration: mean lat.: 17.826ms, rate sampling interval: 43ms
  Thread calibration: mean lat.: 16.417ms, rate sampling interval: 37ms
  Thread calibration: mean lat.: 18.925ms, rate sampling interval: 54ms
  Thread calibration: mean lat.: 18.568ms, rate sampling interval: 48ms
  Thread calibration: mean lat.: 18.175ms, rate sampling interval: 46ms
  Thread calibration: mean lat.: 16.959ms, rate sampling interval: 43ms
  Thread calibration: mean lat.: 17.280ms, rate sampling interval: 41ms
  Thread calibration: mean lat.: 18.585ms, rate sampling interval: 44ms
  Thread calibration: mean lat.: 18.009ms, rate sampling interval: 44ms
  Thread calibration: mean lat.: 18.566ms, rate sampling interval: 54ms
  Thread calibration: mean lat.: 16.820ms, rate sampling interval: 43ms
  Thread calibration: mean lat.: 18.658ms, rate sampling interval: 52ms
  Thread calibration: mean lat.: 18.413ms, rate sampling interval: 51ms
  Thread calibration: mean lat.: 17.872ms, rate sampling interval: 48ms
  Thread Stats   Avg      Stdev     99%   +/- Stdev
    Latency    18.98ms    6.60ms  41.02ms   89.45%
    Req/Sec     3.96      9.21    40.00     82.95%
  Latency Distribution (HdrHistogram - Recorded Latency)
 50.000%   17.17ms
 75.000%   20.64ms
 90.000%   25.84ms
 99.000%   41.02ms
 99.900%   59.71ms
 99.990%  227.46ms
 99.999%  236.41ms
100.000%  237.57ms

  Detailed Percentile spectrum:
       Value   Percentile   TotalCount 1/(1-Percentile)

       0.912     0.000000            1         1.00
      14.271     0.100000         7695         1.11
      14.951     0.200000        15283         1.25
      15.599     0.300000        22922         1.43
      16.311     0.400000        30535         1.67
      17.167     0.500000        38165         2.00
      17.679     0.550000        41982         2.22
      18.239     0.600000        45756         2.50
      18.927     0.650000        49653         2.86
      19.695     0.700000        53406         3.33
      20.639     0.750000        57227         4.00
      21.199     0.775000        59090         4.44
      21.839     0.800000        61005         5.00
      22.607     0.825000        62931         5.71
      23.471     0.850000        64832         6.67
      24.527     0.875000        66723         8.00
      25.167     0.887500        67689         8.89
      25.839     0.900000        68629        10.00
      26.639     0.912500        69575        11.43
      27.599     0.925000        70533        13.33
      28.687     0.937500        71483        16.00
      29.263     0.943750        71966        17.78
      29.967     0.950000        72437        20.00
      30.799     0.956250        72909        22.86
      31.823     0.962500        73388        26.67
      33.055     0.968750        73868        32.00
      33.791     0.971875        74112        35.56
      34.495     0.975000        74338        40.00
      35.359     0.978125        74579        45.71
      36.447     0.981250        74820        53.33
      37.599     0.984375        75054        64.00
      38.271     0.985938        75170        71.11
      39.263     0.987500        75292        80.00
      40.255     0.989062        75410        91.43
      41.407     0.990625        75529       106.67
      42.687     0.992188        75647       128.00
      43.647     0.992969        75708       142.22
      44.447     0.993750        75767       160.00
      45.599     0.994531        75828       182.86
      46.719     0.995313        75886       213.33
      47.935     0.996094        75945       256.00
      48.799     0.996484        75974       284.44
      49.535     0.996875        76004       320.00
      50.527     0.997266        76034       365.71
      52.191     0.997656        76065       426.67
      53.919     0.998047        76094       512.00
      54.943     0.998242        76108       568.89
      56.319     0.998437        76123       640.00
      56.991     0.998633        76138       731.43
      58.559     0.998828        76153       853.33
      59.935     0.999023        76168      1024.00
      61.055     0.999121        76175      1137.78
      62.015     0.999219        76183      1280.00
      63.807     0.999316        76190      1462.86
      66.303     0.999414        76198      1706.67
      69.951     0.999512        76206      2048.00
      74.367     0.999561        76209      2275.56
      79.295     0.999609        76213      2560.00
      80.383     0.999658        76216      2925.71
      90.303     0.999707        76220      3413.33
     218.239     0.999756        76224      4096.00
     220.671     0.999780        76226      4551.11
     222.335     0.999805        76228      5120.00
     222.847     0.999829        76229      5851.43
     223.871     0.999854        76231      6826.67
     226.943     0.999878        76233      8192.00
     227.455     0.999890        76234      9102.22
     231.167     0.999902        76235     10240.00
     231.935     0.999915        76236     11702.86
     232.703     0.999927        76237     13653.33
     234.367     0.999939        76238     16384.00
     234.367     0.999945        76238     18204.44
     235.007     0.999951        76239     20480.00
     235.007     0.999957        76239     23405.71
     235.263     0.999963        76240     27306.67
     235.263     0.999969        76240     32768.00
     235.263     0.999973        76240     36408.89
     236.415     0.999976        76241     40960.00
     236.415     0.999979        76241     46811.43
     236.415     0.999982        76241     54613.33
     236.415     0.999985        76241     65536.00
     236.415     0.999986        76241     72817.78
     237.567     0.999988        76242     81920.00
     237.567     1.000000        76242          inf
#[Mean    =       18.979, StdDeviation   =        6.598]
#[Max     =      237.440, Total count    =        76242]
#[Buckets =           27, SubBuckets     =         2048]
----------------------------------------------------------
  76935 requests in 20.00m, 15.77MB read
  Socket errors: connect 0, read 0, write 0, timeout 341
Requests/sec:     64.11
Transfer/sec:     13.46KB
