Running 20m test @ http://10.106.51.215:8080/wrk2-api/home-timeline/read
  16 threads and 32 connections
  Thread calibration: mean lat.: 15.058ms, rate sampling interval: 46ms
  Thread calibration: mean lat.: 16.767ms, rate sampling interval: 57ms
  Thread calibration: mean lat.: 17.282ms, rate sampling interval: 58ms
  Thread calibration: mean lat.: 15.799ms, rate sampling interval: 52ms
  Thread calibration: mean lat.: 14.825ms, rate sampling interval: 45ms
  Thread calibration: mean lat.: 15.563ms, rate sampling interval: 49ms
  Thread calibration: mean lat.: 14.892ms, rate sampling interval: 45ms
  Thread calibration: mean lat.: 16.354ms, rate sampling interval: 56ms
  Thread calibration: mean lat.: 14.575ms, rate sampling interval: 44ms
  Thread calibration: mean lat.: 14.701ms, rate sampling interval: 48ms
  Thread calibration: mean lat.: 16.215ms, rate sampling interval: 51ms
  Thread calibration: mean lat.: 15.394ms, rate sampling interval: 51ms
  Thread calibration: mean lat.: 13.731ms, rate sampling interval: 39ms
  Thread calibration: mean lat.: 15.262ms, rate sampling interval: 44ms
  Thread calibration: mean lat.: 14.202ms, rate sampling interval: 42ms
  Thread calibration: mean lat.: 15.719ms, rate sampling interval: 49ms
  Thread Stats   Avg      Stdev     99%   +/- Stdev
    Latency    16.72ms    8.11ms  45.28ms   85.15%
    Req/Sec    25.96     22.79    90.00     57.68%
  Latency Distribution (HdrHistogram - Recorded Latency)
 50.000%   14.53ms
 75.000%   19.58ms
 90.000%   26.43ms
 99.000%   45.28ms
 99.900%   68.22ms
 99.990%  163.58ms
 99.999%  258.56ms
100.000%  281.86ms

  Detailed Percentile spectrum:
       Value   Percentile   TotalCount 1/(1-Percentile)

       0.944     0.000000            1         1.00
       9.871     0.100000        49856         1.11
      10.943     0.200000        99499         1.25
      12.015     0.300000       149078         1.43
      13.183     0.400000       198469         1.67
      14.527     0.500000       248009         2.00
      15.303     0.550000       272913         2.22
      16.151     0.600000       297639         2.50
      17.119     0.650000       322380         2.86
      18.255     0.700000       347343         3.33
      19.583     0.750000       372029         4.00
      20.351     0.775000       384295         4.44
      21.215     0.800000       396665         5.00
      22.223     0.825000       409178         5.71
      23.359     0.850000       421409         6.67
      24.719     0.875000       433788         8.00
      25.535     0.887500       440035         8.89
      26.431     0.900000       446198        10.00
      27.455     0.912500       452377        11.43
      28.655     0.925000       458613        13.33
      30.063     0.937500       464769        16.00
      30.911     0.943750       467921        17.78
      31.823     0.950000       471005        20.00
      32.895     0.956250       474128        22.86
      34.079     0.962500       477171        26.67
      35.615     0.968750       480307        32.00
      36.447     0.971875       481838        35.56
      37.407     0.975000       483398        40.00
      38.495     0.978125       484926        45.71
      39.807     0.981250       486491        53.33
      41.343     0.984375       488026        64.00
      42.207     0.985938       488794        71.11
      43.263     0.987500       489568        80.00
      44.415     0.989062       490336        91.43
      45.887     0.990625       491115       106.67
      47.455     0.992188       491886       128.00
      48.511     0.992969       492273       142.22
      49.567     0.993750       492658       160.00
      50.847     0.994531       493049       182.86
      52.319     0.995313       493437       213.33
      54.047     0.996094       493817       256.00
      55.103     0.996484       494013       284.44
      56.191     0.996875       494208       320.00
      57.567     0.997266       494397       365.71
      59.071     0.997656       494592       426.67
      60.831     0.998047       494786       512.00
      62.047     0.998242       494883       568.89
      63.263     0.998437       494978       640.00
      64.735     0.998633       495075       731.43
      66.367     0.998828       495172       853.33
      68.415     0.999023       495269      1024.00
      69.759     0.999121       495317      1137.78
      71.039     0.999219       495365      1280.00
      72.831     0.999316       495418      1462.86
      74.879     0.999414       495462      1706.67
      77.887     0.999512       495511      2048.00
      79.295     0.999561       495537      2275.56
      81.151     0.999609       495559      2560.00
      84.287     0.999658       495583      2925.71
      87.423     0.999707       495607      3413.33
      91.007     0.999756       495631      4096.00
      93.439     0.999780       495645      4551.11
      97.215     0.999805       495657      5120.00
     100.671     0.999829       495669      5851.43
     112.447     0.999854       495680      6826.67
     131.007     0.999878       495692      8192.00
     151.039     0.999890       495698      9102.22
     166.783     0.999902       495704     10240.00
     180.991     0.999915       495710     11702.86
     192.255     0.999927       495716     13653.33
     211.967     0.999939       495722     16384.00
     214.911     0.999945       495725     18204.44
     218.367     0.999951       495728     20480.00
     224.127     0.999957       495731     23405.71
     225.023     0.999963       495734     27306.67
     229.247     0.999969       495737     32768.00
     233.215     0.999973       495739     36408.89
     235.903     0.999976       495740     40960.00
     240.895     0.999979       495742     46811.43
     241.151     0.999982       495743     54613.33
     250.367     0.999985       495745     65536.00
     252.159     0.999986       495746     72817.78
     252.159     0.999988       495746     81920.00
     258.559     0.999989       495747     93622.86
     259.583     0.999991       495748    109226.67
     266.495     0.999992       495749    131072.00
     266.495     0.999993       495749    145635.56
     266.495     0.999994       495749    163840.00
     267.519     0.999995       495750    187245.71
     267.519     0.999995       495750    218453.33
     270.847     0.999996       495751    262144.00
     270.847     0.999997       495751    291271.11
     270.847     0.999997       495751    327680.00
     270.847     0.999997       495751    374491.43
     270.847     0.999998       495751    436906.67
     281.855     0.999998       495752    524288.00
     281.855     1.000000       495752          inf
#[Mean    =       16.724, StdDeviation   =        8.105]
#[Max     =      281.600, Total count    =       495752]
#[Buckets =           27, SubBuckets     =         2048]
----------------------------------------------------------
  499913 requests in 20.00m, 5.91GB read
Requests/sec:    416.57
Transfer/sec:      5.04MB
