Running 20m test @ http://10.106.51.215:8080/wrk2-api/user-timeline/read
  16 threads and 32 connections
  Thread calibration: mean lat.: 21.275ms, rate sampling interval: 56ms
  Thread calibration: mean lat.: 24.235ms, rate sampling interval: 67ms
  Thread calibration: mean lat.: 23.557ms, rate sampling interval: 70ms
  Thread calibration: mean lat.: 23.401ms, rate sampling interval: 63ms
  Thread calibration: mean lat.: 23.262ms, rate sampling interval: 76ms
  Thread calibration: mean lat.: 24.188ms, rate sampling interval: 74ms
  Thread calibration: mean lat.: 24.678ms, rate sampling interval: 68ms
  Thread calibration: mean lat.: 22.956ms, rate sampling interval: 63ms
  Thread calibration: mean lat.: 25.262ms, rate sampling interval: 77ms
  Thread calibration: mean lat.: 25.057ms, rate sampling interval: 74ms
  Thread calibration: mean lat.: 24.670ms, rate sampling interval: 77ms
  Thread calibration: mean lat.: 24.907ms, rate sampling interval: 80ms
  Thread calibration: mean lat.: 26.665ms, rate sampling interval: 75ms
  Thread calibration: mean lat.: 23.486ms, rate sampling interval: 68ms
  Thread calibration: mean lat.: 24.891ms, rate sampling interval: 76ms
  Thread calibration: mean lat.: 24.762ms, rate sampling interval: 73ms
  Thread Stats   Avg      Stdev     99%   +/- Stdev
    Latency    24.63ms    9.75ms  59.23ms   78.66%
    Req/Sec    12.78     13.18    53.00     82.63%
  Latency Distribution (HdrHistogram - Recorded Latency)
 50.000%   22.46ms
 75.000%   28.29ms
 90.000%   36.58ms
 99.000%   59.23ms
 99.900%   83.39ms
 99.990%  117.06ms
 99.999%  233.85ms
100.000%  255.87ms

  Detailed Percentile spectrum:
       Value   Percentile   TotalCount 1/(1-Percentile)

       4.931     0.000000            1         1.00
      15.263     0.100000        24841         1.11
      17.551     0.200000        49583         1.25
      19.279     0.300000        74439         1.43
      20.831     0.400000        99116         1.67
      22.463     0.500000       124062         2.00
      23.359     0.550000       136413         2.22
      24.335     0.600000       148816         2.50
      25.439     0.650000       161176         2.86
      26.735     0.700000       173549         3.33
      28.287     0.750000       185870         4.00
      29.215     0.775000       192069         4.44
      30.255     0.800000       198243         5.00
      31.423     0.825000       204392         5.71
      32.831     0.850000       210669         6.67
      34.527     0.875000       216877         8.00
      35.487     0.887500       219918         8.89
      36.575     0.900000       222974        10.00
      37.823     0.912500       226071        11.43
      39.295     0.925000       229194        13.33
      41.055     0.937500       232312        16.00
      42.047     0.943750       233825        17.78
      43.199     0.950000       235370        20.00
      44.511     0.956250       236931        22.86
      46.047     0.962500       238475        26.67
      47.839     0.968750       240015        32.00
      48.831     0.971875       240796        35.56
      49.983     0.975000       241557        40.00
      51.327     0.978125       242340        45.71
      52.831     0.981250       243117        53.33
      54.687     0.984375       243881        64.00
      55.743     0.985938       244270        71.11
      56.895     0.987500       244659        80.00
      58.303     0.989062       245040        91.43
      59.871     0.990625       245425       106.67
      61.855     0.992188       245819       128.00
      62.975     0.992969       246011       142.22
      64.063     0.993750       246201       160.00
      65.407     0.994531       246397       182.86
      67.007     0.995313       246587       213.33
      68.927     0.996094       246780       256.00
      69.951     0.996484       246879       284.44
      71.295     0.996875       246980       320.00
      72.575     0.997266       247071       365.71
      74.111     0.997656       247167       426.67
      76.415     0.998047       247270       512.00
      77.759     0.998242       247313       568.89
      79.103     0.998437       247360       640.00
      79.999     0.998633       247410       731.43
      81.791     0.998828       247460       853.33
      83.839     0.999023       247506      1024.00
      85.055     0.999121       247530      1137.78
      86.719     0.999219       247555      1280.00
      88.191     0.999316       247578      1462.86
      90.495     0.999414       247603      1706.67
      93.695     0.999512       247628      2048.00
      95.103     0.999561       247639      2275.56
      97.151     0.999609       247651      2560.00
      98.943     0.999658       247663      2925.71
     101.567     0.999707       247675      3413.33
     104.127     0.999756       247687      4096.00
     105.023     0.999780       247693      4551.11
     107.007     0.999805       247699      5120.00
     110.143     0.999829       247705      5851.43
     111.359     0.999854       247711      6826.67
     113.407     0.999878       247717      8192.00
     115.455     0.999890       247720      9102.22
     118.399     0.999902       247723     10240.00
     122.687     0.999915       247726     11702.86
     123.391     0.999927       247729     13653.33
     126.143     0.999939       247732     16384.00
     127.487     0.999945       247734     18204.44
     130.815     0.999951       247735     20480.00
     136.319     0.999957       247737     23405.71
     142.079     0.999963       247738     27306.67
     195.839     0.999969       247740     32768.00
     213.247     0.999973       247741     36408.89
     213.247     0.999976       247741     40960.00
     220.543     0.999979       247742     46811.43
     226.943     0.999982       247743     54613.33
     229.375     0.999985       247744     65536.00
     229.375     0.999986       247744     72817.78
     229.375     0.999988       247744     81920.00
     233.855     0.999989       247745     93622.86
     233.855     0.999991       247745    109226.67
     235.775     0.999992       247746    131072.00
     235.775     0.999993       247746    145635.56
     235.775     0.999994       247746    163840.00
     235.775     0.999995       247746    187245.71
     235.775     0.999995       247746    218453.33
     255.871     0.999996       247747    262144.00
     255.871     1.000000       247747          inf
#[Mean    =       24.631, StdDeviation   =        9.747]
#[Max     =      255.744, Total count    =       247747]
#[Buckets =           27, SubBuckets     =         2048]
----------------------------------------------------------
  249814 requests in 20.00m, 3.17GB read
Requests/sec:    208.16
Transfer/sec:      2.70MB
