Running 20m test @ http://10.102.235.64:8080/wrk2-api/post/compose
  16 threads and 32 connections
  Thread calibration: mean lat.: 19.146ms, rate sampling interval: 52ms
  Thread calibration: mean lat.: 17.653ms, rate sampling interval: 45ms
  Thread calibration: mean lat.: 18.449ms, rate sampling interval: 47ms
  Thread calibration: mean lat.: 17.718ms, rate sampling interval: 44ms
  Thread calibration: mean lat.: 16.383ms, rate sampling interval: 38ms
  Thread calibration: mean lat.: 17.300ms, rate sampling interval: 46ms
  Thread calibration: mean lat.: 18.144ms, rate sampling interval: 52ms
  Thread calibration: mean lat.: 17.520ms, rate sampling interval: 51ms
  Thread calibration: mean lat.: 17.109ms, rate sampling interval: 44ms
  Thread calibration: mean lat.: 19.429ms, rate sampling interval: 53ms
  Thread calibration: mean lat.: 16.512ms, rate sampling interval: 37ms
  Thread calibration: mean lat.: 17.498ms, rate sampling interval: 44ms
  Thread calibration: mean lat.: 17.080ms, rate sampling interval: 41ms
  Thread calibration: mean lat.: 17.137ms, rate sampling interval: 37ms
  Thread calibration: mean lat.: 18.832ms, rate sampling interval: 51ms
  Thread calibration: mean lat.: 16.753ms, rate sampling interval: 40ms
  Thread Stats   Avg      Stdev     99%   +/- Stdev
    Latency    18.25ms    6.95ms  36.61ms   92.36%
    Req/Sec     2.97      8.17    27.00     87.46%
  Latency Distribution (HdrHistogram - Recorded Latency)
 50.000%   16.64ms
 75.000%   19.49ms
 90.000%   23.81ms
 99.000%   36.61ms
 99.900%   55.65ms
 99.990%  237.70ms
 99.999%  244.61ms
100.000%  247.42ms

  Detailed Percentile spectrum:
       Value   Percentile   TotalCount 1/(1-Percentile)

      11.535     0.000000            1         1.00
      14.335     0.100000         5706         1.11
      14.927     0.200000        11440         1.25
      15.431     0.300000        17122         1.43
      15.983     0.400000        22813         1.67
      16.639     0.500000        28470         2.00
      17.055     0.550000        31346         2.22
      17.519     0.600000        34181         2.50
      18.063     0.650000        37053         2.86
      18.703     0.700000        39873         3.33
      19.487     0.750000        42680         4.00
      19.951     0.775000        44104         4.44
      20.495     0.800000        45550         5.00
      21.103     0.825000        46949         5.71
      21.855     0.850000        48390         6.67
      22.687     0.875000        49800         8.00
      23.231     0.887500        50511         8.89
      23.807     0.900000        51224        10.00
      24.479     0.912500        51926        11.43
      25.327     0.925000        52642        13.33
      26.207     0.937500        53353        16.00
      26.751     0.943750        53705        17.78
      27.375     0.950000        54067        20.00
      28.079     0.956250        54421        22.86
      28.895     0.962500        54774        26.67
      29.839     0.968750        55127        32.00
      30.495     0.971875        55306        35.56
      31.167     0.975000        55484        40.00
      31.919     0.978125        55661        45.71
      32.831     0.981250        55845        53.33
      33.791     0.984375        56016        64.00
      34.463     0.985938        56110        71.11
      35.231     0.987500        56195        80.00
      35.999     0.989062        56284        91.43
      36.991     0.990625        56377       106.67
      38.111     0.992188        56462       128.00
      38.847     0.992969        56505       142.22
      39.743     0.993750        56553       160.00
      40.415     0.994531        56594       182.86
      41.375     0.995313        56639       213.33
      42.495     0.996094        56683       256.00
      43.327     0.996484        56705       284.44
      44.287     0.996875        56728       320.00
      45.727     0.997266        56750       365.71
      46.975     0.997656        56772       426.67
      48.735     0.998047        56794       512.00
      49.695     0.998242        56806       568.89
      50.783     0.998437        56819       640.00
      51.967     0.998633        56828       731.43
      52.863     0.998828        56839       853.33
      56.287     0.999023        56850      1024.00
      57.215     0.999121        56855      1137.78
      59.743     0.999219        56861      1280.00
      68.415     0.999316        56867      1462.86
     137.087     0.999414        56872      1706.67
     221.055     0.999512        56878      2048.00
     221.823     0.999561        56880      2275.56
     224.639     0.999609        56883      2560.00
     225.791     0.999658        56887      2925.71
     226.303     0.999707        56889      3413.33
     232.319     0.999756        56892      4096.00
     233.215     0.999780        56893      4551.11
     233.727     0.999805        56894      5120.00
     236.415     0.999829        56896      5851.43
     236.799     0.999854        56897      6826.67
     237.695     0.999878        56899      8192.00
     237.695     0.999890        56899      9102.22
     237.823     0.999902        56900     10240.00
     238.463     0.999915        56901     11702.86
     238.463     0.999927        56901     13653.33
     239.871     0.999939        56902     16384.00
     239.871     0.999945        56902     18204.44
     240.639     0.999951        56903     20480.00
     240.639     0.999957        56903     23405.71
     240.639     0.999963        56903     27306.67
     244.607     0.999969        56904     32768.00
     244.607     0.999973        56904     36408.89
     244.607     0.999976        56904     40960.00
     244.607     0.999979        56904     46811.43
     244.607     0.999982        56904     54613.33
     247.423     0.999985        56905     65536.00
     247.423     1.000000        56905          inf
#[Mean    =       18.253, StdDeviation   =        6.951]
#[Max     =      247.296, Total count    =        56905]
#[Buckets =           27, SubBuckets     =         2048]
----------------------------------------------------------
  57427 requests in 20.00m, 11.77MB read
  Socket errors: connect 0, read 0, write 0, timeout 927
Requests/sec:     47.85
Transfer/sec:     10.05KB
