Running 20m test @ http://10.102.235.64:8080/wrk2-api/home-timeline/read
  16 threads and 32 connections
  Thread calibration: mean lat.: 14.443ms, rate sampling interval: 42ms
  Thread calibration: mean lat.: 14.875ms, rate sampling interval: 45ms
  Thread calibration: mean lat.: 14.000ms, rate sampling interval: 40ms
  Thread calibration: mean lat.: 13.918ms, rate sampling interval: 40ms
  Thread calibration: mean lat.: 13.096ms, rate sampling interval: 39ms
  Thread calibration: mean lat.: 14.683ms, rate sampling interval: 46ms
  Thread calibration: mean lat.: 14.646ms, rate sampling interval: 43ms
  Thread calibration: mean lat.: 14.494ms, rate sampling interval: 45ms
  Thread calibration: mean lat.: 14.534ms, rate sampling interval: 44ms
  Thread calibration: mean lat.: 14.694ms, rate sampling interval: 43ms
  Thread calibration: mean lat.: 14.969ms, rate sampling interval: 43ms
  Thread calibration: mean lat.: 13.794ms, rate sampling interval: 41ms
  Thread calibration: mean lat.: 13.673ms, rate sampling interval: 38ms
  Thread calibration: mean lat.: 15.017ms, rate sampling interval: 47ms
  Thread calibration: mean lat.: 14.451ms, rate sampling interval: 44ms
  Thread calibration: mean lat.: 15.116ms, rate sampling interval: 47ms
  Thread Stats   Avg      Stdev     99%   +/- Stdev
    Latency    15.17ms    6.75ms  37.79ms   85.09%
    Req/Sec    22.02     22.27    88.00     82.52%
  Latency Distribution (HdrHistogram - Recorded Latency)
 50.000%   13.49ms
 75.000%   17.55ms
 90.000%   23.06ms
 99.000%   37.79ms
 99.900%   56.00ms
 99.990%  191.23ms
 99.999%  245.50ms
100.000%  262.14ms

  Detailed Percentile spectrum:
       Value   Percentile   TotalCount 1/(1-Percentile)

       0.339     0.000000            1         1.00
       9.631     0.100000        42086         1.11
      10.551     0.200000        84230         1.25
      11.431     0.300000       126107         1.43
      12.391     0.400000       168076         1.67
      13.487     0.500000       209857         2.00
      14.111     0.550000       230902         2.22
      14.791     0.600000       251783         2.50
      15.567     0.650000       272770         2.86
      16.479     0.700000       293868         3.33
      17.551     0.750000       314849         4.00
      18.175     0.775000       325209         4.44
      18.879     0.800000       335648         5.00
      19.679     0.825000       346153         5.71
      20.607     0.850000       356609         6.67
      21.711     0.875000       367185         8.00
      22.335     0.887500       372324         8.89
      23.055     0.900000       377574        10.00
      23.887     0.912500       382868        11.43
      24.831     0.925000       388113        13.33
      25.967     0.937500       393311        16.00
      26.623     0.943750       395969        17.78
      27.359     0.950000       398590        20.00
      28.191     0.956250       401162        22.86
      29.151     0.962500       403777        26.67
      30.351     0.968750       406418        32.00
      31.007     0.971875       407716        35.56
      31.743     0.975000       409032        40.00
      32.591     0.978125       410334        45.71
      33.631     0.981250       411656        53.33
      34.815     0.984375       412951        64.00
      35.519     0.985938       413612        71.11
      36.319     0.987500       414268        80.00
      37.215     0.989062       414927        91.43
      38.271     0.990625       415583       106.67
      39.551     0.992188       416234       128.00
      40.223     0.992969       416562       142.22
      41.023     0.993750       416894       160.00
      42.015     0.994531       417210       182.86
      43.231     0.995313       417543       213.33
      44.607     0.996094       417866       256.00
      45.407     0.996484       418035       284.44
      46.367     0.996875       418193       320.00
      47.519     0.997266       418357       365.71
      48.831     0.997656       418525       426.67
      50.239     0.998047       418685       512.00
      51.071     0.998242       418769       568.89
      52.223     0.998437       418850       640.00
      53.151     0.998633       418932       731.43
      54.559     0.998828       419012       853.33
      56.287     0.999023       419094      1024.00
      57.375     0.999121       419135      1137.78
      58.687     0.999219       419177      1280.00
      59.903     0.999316       419217      1462.86
      61.567     0.999414       419259      1706.67
      64.095     0.999512       419299      2048.00
      65.983     0.999561       419319      2275.56
      67.775     0.999609       419341      2560.00
      68.671     0.999658       419361      2925.71
      71.359     0.999707       419381      3413.33
      76.031     0.999756       419401      4096.00
      80.255     0.999780       419411      4551.11
      89.343     0.999805       419422      5120.00
      99.583     0.999829       419432      5851.43
     116.607     0.999854       419442      6826.67
     158.335     0.999878       419452      8192.00
     172.927     0.999890       419457      9102.22
     193.919     0.999902       419463     10240.00
     202.239     0.999915       419468     11702.86
     216.831     0.999927       419473     13653.33
     221.695     0.999939       419478     16384.00
     222.847     0.999945       419480     18204.44
     224.511     0.999951       419484     20480.00
     227.327     0.999957       419486     23405.71
     228.991     0.999963       419488     27306.67
     237.567     0.999969       419492     32768.00
     237.567     0.999973       419492     36408.89
     238.463     0.999976       419493     40960.00
     239.999     0.999979       419495     46811.43
     240.511     0.999982       419496     54613.33
     242.303     0.999985       419497     65536.00
     243.967     0.999986       419498     72817.78
     243.967     0.999988       419498     81920.00
     245.503     0.999989       419499     93622.86
     248.191     0.999991       419500    109226.67
     248.191     0.999992       419500    131072.00
     249.087     0.999993       419501    145635.56
     249.087     0.999994       419501    163840.00
     249.087     0.999995       419501    187245.71
     261.375     0.999995       419502    218453.33
     261.375     0.999996       419502    262144.00
     261.375     0.999997       419502    291271.11
     261.375     0.999997       419502    327680.00
     261.375     0.999997       419502    374491.43
     262.143     0.999998       419503    436906.67
     262.143     1.000000       419503          inf
#[Mean    =       15.175, StdDeviation   =        6.755]
#[Max     =      262.016, Total count    =       419503]
#[Buckets =           27, SubBuckets     =         2048]
----------------------------------------------------------
  422998 requests in 20.00m, 4.96GB read
Requests/sec:    352.47
Transfer/sec:      4.23MB
