Running 20m test @ http://10.102.235.64:8080/wrk2-api/user-timeline/read
  16 threads and 32 connections
  Thread calibration: mean lat.: 23.492ms, rate sampling interval: 64ms
  Thread calibration: mean lat.: 24.041ms, rate sampling interval: 68ms
  Thread calibration: mean lat.: 22.889ms, rate sampling interval: 63ms
  Thread calibration: mean lat.: 22.555ms, rate sampling interval: 59ms
  Thread calibration: mean lat.: 24.785ms, rate sampling interval: 72ms
  Thread calibration: mean lat.: 24.640ms, rate sampling interval: 71ms
  Thread calibration: mean lat.: 24.886ms, rate sampling interval: 76ms
  Thread calibration: mean lat.: 22.416ms, rate sampling interval: 60ms
  Thread calibration: mean lat.: 25.448ms, rate sampling interval: 75ms
  Thread calibration: mean lat.: 22.839ms, rate sampling interval: 65ms
  Thread calibration: mean lat.: 25.330ms, rate sampling interval: 75ms
  Thread calibration: mean lat.: 24.563ms, rate sampling interval: 73ms
  Thread calibration: mean lat.: 25.925ms, rate sampling interval: 78ms
  Thread calibration: mean lat.: 24.322ms, rate sampling interval: 67ms
  Thread calibration: mean lat.: 22.501ms, rate sampling interval: 60ms
  Thread calibration: mean lat.: 25.026ms, rate sampling interval: 70ms
  Thread Stats   Avg      Stdev     99%   +/- Stdev
    Latency    23.60ms    8.42ms  52.96ms   77.91%
    Req/Sec    10.79     12.37    50.00     82.71%
  Latency Distribution (HdrHistogram - Recorded Latency)
 50.000%   21.93ms
 75.000%   26.85ms
 90.000%   33.79ms
 99.000%   52.96ms
 99.900%   72.00ms
 99.990%   96.77ms
 99.999%  241.54ms
100.000%  256.00ms

  Detailed Percentile spectrum:
       Value   Percentile   TotalCount 1/(1-Percentile)

       4.595     0.000000            1         1.00
      15.295     0.100000        20997         1.11
      17.487     0.200000        42038         1.25
      19.087     0.300000        62921         1.43
      20.511     0.400000        84117         1.67
      21.935     0.500000       104871         2.00
      22.703     0.550000       115430         2.22
      23.535     0.600000       125905         2.50
      24.463     0.650000       136294         2.86
      25.551     0.700000       146856         3.33
      26.847     0.750000       157322         4.00
      27.599     0.775000       162540         4.44
      28.463     0.800000       167813         5.00
      29.439     0.825000       172989         5.71
      30.591     0.850000       178221         6.67
      32.015     0.875000       183457         8.00
      32.863     0.887500       186114         8.89
      33.791     0.900000       188715        10.00
      34.911     0.912500       191357        11.43
      36.191     0.925000       193963        13.33
      37.695     0.937500       196568        16.00
      38.559     0.943750       197874        17.78
      39.551     0.950000       199216        20.00
      40.639     0.956250       200493        22.86
      41.919     0.962500       201815        26.67
      43.487     0.968750       203112        32.00
      44.319     0.971875       203769        35.56
      45.343     0.975000       204434        40.00
      46.527     0.978125       205076        45.71
      47.839     0.981250       205734        53.33
      49.439     0.984375       206399        64.00
      50.303     0.985938       206719        71.11
      51.199     0.987500       207049        80.00
      52.255     0.989062       207373        91.43
      53.503     0.990625       207701       106.67
      54.879     0.992188       208024       128.00
      55.775     0.992969       208190       142.22
      56.799     0.993750       208352       160.00
      58.015     0.994531       208519       182.86
      59.359     0.995313       208685       213.33
      61.055     0.996094       208846       256.00
      61.855     0.996484       208925       284.44
      62.879     0.996875       209009       320.00
      64.063     0.997266       209088       365.71
      65.407     0.997656       209173       426.67
      67.071     0.998047       209257       512.00
      67.903     0.998242       209294       568.89
      68.863     0.998437       209334       640.00
      69.823     0.998633       209377       731.43
      70.847     0.998828       209416       853.33
      72.255     0.999023       209458      1024.00
      72.959     0.999121       209477      1137.78
      73.983     0.999219       209499      1280.00
      75.071     0.999316       209520      1462.86
      76.479     0.999414       209540      1706.67
      78.463     0.999512       209559      2048.00
      79.359     0.999561       209570      2275.56
      80.703     0.999609       209580      2560.00
      82.687     0.999658       209590      2925.71
      84.607     0.999707       209600      3413.33
      85.887     0.999756       209610      4096.00
      86.783     0.999780       209615      4551.11
      89.727     0.999805       209621      5120.00
      91.327     0.999829       209626      5851.43
      93.439     0.999854       209631      6826.67
      94.911     0.999878       209636      8192.00
      96.575     0.999890       209638      9102.22
      97.087     0.999902       209641     10240.00
      98.111     0.999915       209644     11702.86
     102.335     0.999927       209646     13653.33
     105.855     0.999939       209649     16384.00
     106.431     0.999945       209650     18204.44
     115.391     0.999951       209651     20480.00
     151.807     0.999957       209653     23405.71
     181.247     0.999963       209654     27306.67
     221.695     0.999969       209655     32768.00
     233.727     0.999973       209656     36408.89
     233.727     0.999976       209656     40960.00
     236.671     0.999979       209657     46811.43
     240.767     0.999982       209658     54613.33
     240.767     0.999985       209658     65536.00
     241.535     0.999986       209659     72817.78
     241.535     0.999988       209659     81920.00
     241.535     0.999989       209659     93622.86
     252.287     0.999991       209660    109226.67
     252.287     0.999992       209660    131072.00
     252.287     0.999993       209660    145635.56
     252.287     0.999994       209660    163840.00
     252.287     0.999995       209660    187245.71
     255.999     0.999995       209661    218453.33
     255.999     1.000000       209661          inf
#[Mean    =       23.599, StdDeviation   =        8.419]
#[Max     =      255.872, Total count    =       209661]
#[Buckets =           27, SubBuckets     =         2048]
----------------------------------------------------------
  211439 requests in 20.00m, 2.72GB read
Requests/sec:    176.18
Transfer/sec:      2.32MB
