Running 20m test @ http://10.103.159.34:8080/wrk2-api/post/compose
  16 threads and 32 connections
  Thread calibration: mean lat.: 20.165ms, rate sampling interval: 54ms
  Thread calibration: mean lat.: 20.697ms, rate sampling interval: 62ms
  Thread calibration: mean lat.: 18.725ms, rate sampling interval: 47ms
  Thread calibration: mean lat.: 18.519ms, rate sampling interval: 46ms
  Thread calibration: mean lat.: 18.694ms, rate sampling interval: 52ms
  Thread calibration: mean lat.: 19.809ms, rate sampling interval: 51ms
  Thread calibration: mean lat.: 19.553ms, rate sampling interval: 50ms
  Thread calibration: mean lat.: 18.945ms, rate sampling interval: 48ms
  Thread calibration: mean lat.: 21.814ms, rate sampling interval: 59ms
  Thread calibration: mean lat.: 18.091ms, rate sampling interval: 50ms
  Thread calibration: mean lat.: 19.436ms, rate sampling interval: 51ms
  Thread calibration: mean lat.: 19.162ms, rate sampling interval: 53ms
  Thread calibration: mean lat.: 22.727ms, rate sampling interval: 67ms
  Thread calibration: mean lat.: 19.619ms, rate sampling interval: 49ms
  Thread calibration: mean lat.: 17.986ms, rate sampling interval: 49ms
  Thread calibration: mean lat.: 21.710ms, rate sampling interval: 54ms
  Thread Stats   Avg      Stdev     99%   +/- Stdev
    Latency    20.70ms    9.81ms  48.96ms   91.06%
    Req/Sec     4.94      9.68    40.00     78.09%
  Latency Distribution (HdrHistogram - Recorded Latency)
 50.000%   18.25ms
 75.000%   22.86ms
 90.000%   29.63ms
 99.000%   48.96ms
 99.900%   81.28ms
 99.990%  236.41ms
 99.999%  860.67ms
100.000%    1.06s 

  Detailed Percentile spectrum:
       Value   Percentile   TotalCount 1/(1-Percentile)

      11.623     0.000000            1         1.00
      14.487     0.100000         9592         1.11
      15.303     0.200000        19077         1.25
      16.151     0.300000        28618         1.43
      17.119     0.400000        38136         1.67
      18.255     0.500000        47700         2.00
      18.927     0.550000        52404         2.22
      19.711     0.600000        57232         2.50
      20.575     0.650000        61974         2.86
      21.615     0.700000        66697         3.33
      22.863     0.750000        71447         4.00
      23.615     0.775000        73830         4.44
      24.479     0.800000        76229         5.00
      25.455     0.825000        78604         5.71
      26.591     0.850000        80983         6.67
      27.951     0.875000        83367         8.00
      28.751     0.887500        84563         8.89
      29.631     0.900000        85742        10.00
      30.703     0.912500        86932        11.43
      31.903     0.925000        88123        13.33
      33.311     0.937500        89308        16.00
      34.207     0.943750        89916        17.78
      35.103     0.950000        90497        20.00
      36.287     0.956250        91105        22.86
      37.503     0.962500        91688        26.67
      39.103     0.968750        92284        32.00
      39.967     0.971875        92582        35.56
      40.991     0.975000        92880        40.00
      42.143     0.978125        93178        45.71
      43.423     0.981250        93474        53.33
      45.119     0.984375        93776        64.00
      46.143     0.985938        93923        71.11
      47.167     0.987500        94070        80.00
      48.159     0.989062        94219        91.43
      49.599     0.990625        94372       106.67
      51.519     0.992188        94519       128.00
      52.383     0.992969        94591       142.22
      53.535     0.993750        94665       160.00
      55.007     0.994531        94741       182.86
      56.671     0.995313        94815       213.33
      58.207     0.996094        94890       256.00
      59.615     0.996484        94926       284.44
      60.831     0.996875        94963       320.00
      62.655     0.997266        95001       365.71
      64.351     0.997656        95037       426.67
      66.943     0.998047        95074       512.00
      67.967     0.998242        95093       568.89
      70.079     0.998437        95112       640.00
      72.703     0.998633        95130       731.43
      75.327     0.998828        95149       853.33
      82.111     0.999023        95167      1024.00
      86.207     0.999121        95177      1137.78
      94.143     0.999219        95186      1280.00
     106.047     0.999316        95195      1462.86
     165.503     0.999414        95205      1706.67
     192.127     0.999512        95214      2048.00
     217.855     0.999561        95220      2275.56
     220.415     0.999609        95223      2560.00
     221.439     0.999658        95228      2925.71
     223.487     0.999707        95233      3413.33
     225.151     0.999756        95238      4096.00
     225.919     0.999780        95240      4551.11
     228.991     0.999805        95242      5120.00
     230.143     0.999829        95244      5851.43
     232.831     0.999854        95247      6826.67
     234.367     0.999878        95249      8192.00
     236.415     0.999890        95250      9102.22
     236.543     0.999902        95251     10240.00
     236.799     0.999915        95252     11702.86
     243.711     0.999927        95254     13653.33
     243.839     0.999939        95255     16384.00
     243.839     0.999945        95255     18204.44
     244.223     0.999951        95256     20480.00
     244.223     0.999957        95256     23405.71
     244.863     0.999963        95257     27306.67
     246.911     0.999969        95258     32768.00
     246.911     0.999973        95258     36408.89
     246.911     0.999976        95258     40960.00
     246.911     0.999979        95258     46811.43
     860.671     0.999982        95259     54613.33
     860.671     0.999985        95259     65536.00
     860.671     0.999986        95259     72817.78
     860.671     0.999988        95259     81920.00
     860.671     0.999989        95259     93622.86
    1057.791     0.999991        95260    109226.67
    1057.791     1.000000        95260          inf
#[Mean    =       20.702, StdDeviation   =        9.813]
#[Max     =     1056.768, Total count    =        95260]
#[Buckets =           27, SubBuckets     =         2048]
----------------------------------------------------------
  96092 requests in 20.00m, 19.70MB read
  Socket errors: connect 0, read 0, write 0, timeout 129
Requests/sec:     80.07
Transfer/sec:     16.81KB
