Running 20m test @ http://10.103.159.34:8080/wrk2-api/home-timeline/read
  16 threads and 32 connections
  Thread calibration: mean lat.: 18.176ms, rate sampling interval: 64ms
  Thread calibration: mean lat.: 21.414ms, rate sampling interval: 74ms
  Thread calibration: mean lat.: 18.884ms, rate sampling interval: 61ms
  Thread calibration: mean lat.: 16.140ms, rate sampling interval: 50ms
  Thread calibration: mean lat.: 14.904ms, rate sampling interval: 45ms
  Thread calibration: mean lat.: 17.683ms, rate sampling interval: 60ms
  Thread calibration: mean lat.: 18.254ms, rate sampling interval: 62ms
  Thread calibration: mean lat.: 17.870ms, rate sampling interval: 59ms
  Thread calibration: mean lat.: 15.508ms, rate sampling interval: 51ms
  Thread calibration: mean lat.: 17.605ms, rate sampling interval: 60ms
  Thread calibration: mean lat.: 18.211ms, rate sampling interval: 63ms
  Thread calibration: mean lat.: 17.884ms, rate sampling interval: 61ms
  Thread calibration: mean lat.: 19.437ms, rate sampling interval: 64ms
  Thread calibration: mean lat.: 15.345ms, rate sampling interval: 47ms
  Thread calibration: mean lat.: 18.269ms, rate sampling interval: 59ms
  Thread calibration: mean lat.: 20.310ms, rate sampling interval: 63ms
  Thread Stats   Avg      Stdev     99%   +/- Stdev
    Latency    18.82ms   10.82ms  58.43ms   87.05%
    Req/Sec    29.86     22.17    90.00     69.69%
  Latency Distribution (HdrHistogram - Recorded Latency)
 50.000%   15.69ms
 75.000%   22.27ms
 90.000%   31.42ms
 99.000%   58.43ms
 99.900%   95.23ms
 99.990%  209.41ms
 99.999%  251.26ms
100.000%  266.75ms

  Detailed Percentile spectrum:
       Value   Percentile   TotalCount 1/(1-Percentile)

       0.077     0.000000            1         1.00
       9.967     0.100000        57310         1.11
      11.247     0.200000       114598         1.25
      12.543     0.300000       171606         1.43
      13.999     0.400000       228742         1.67
      15.695     0.500000       285960         2.00
      16.671     0.550000       314343         2.22
      17.775     0.600000       342924         2.50
      19.055     0.650000       371720         2.86
      20.511     0.700000       400165         3.33
      22.271     0.750000       428781         4.00
      23.279     0.775000       443044         4.44
      24.415     0.800000       457191         5.00
      25.727     0.825000       471459         5.71
      27.263     0.850000       485765         6.67
      29.135     0.875000       500067         8.00
      30.207     0.887500       507190         8.89
      31.423     0.900000       514335        10.00
      32.863     0.912500       521564        11.43
      34.495     0.925000       528632        13.33
      36.447     0.937500       535772        16.00
      37.599     0.943750       539352        17.78
      38.911     0.950000       542884        20.00
      40.383     0.956250       546446        22.86
      42.111     0.962500       550029        26.67
      44.223     0.968750       553616        32.00
      45.503     0.971875       555386        35.56
      46.879     0.975000       557166        40.00
      48.479     0.978125       558955        45.71
      50.335     0.981250       560719        53.33
      52.735     0.984375       562506        64.00
      54.047     0.985938       563398        71.11
      55.551     0.987500       564282        80.00
      57.279     0.989062       565191        91.43
      59.263     0.990625       566072       106.67
      61.567     0.992188       566957       128.00
      63.039     0.992969       567408       142.22
      64.671     0.993750       567857       160.00
      66.495     0.994531       568317       182.86
      68.607     0.995313       568744       213.33
      71.359     0.996094       569189       256.00
      72.895     0.996484       569414       284.44
      74.687     0.996875       569637       320.00
      76.863     0.997266       569863       365.71
      79.231     0.997656       570082       426.67
      82.623     0.998047       570305       512.00
      84.415     0.998242       570419       568.89
      86.271     0.998437       570529       640.00
      88.767     0.998633       570644       731.43
      91.839     0.998828       570752       853.33
      95.615     0.999023       570863      1024.00
      97.599     0.999121       570920      1137.78
     100.159     0.999219       570975      1280.00
     103.295     0.999316       571031      1462.86
     107.199     0.999414       571087      1706.67
     113.023     0.999512       571143      2048.00
     115.903     0.999561       571170      2275.56
     119.295     0.999609       571198      2560.00
     124.607     0.999658       571226      2925.71
     132.351     0.999707       571254      3413.33
     148.735     0.999756       571282      4096.00
     155.647     0.999780       571296      4551.11
     167.807     0.999805       571310      5120.00
     176.639     0.999829       571325      5851.43
     184.191     0.999854       571338      6826.67
     197.887     0.999878       571352      8192.00
     205.311     0.999890       571359      9102.22
     210.431     0.999902       571366     10240.00
     216.831     0.999915       571373     11702.86
     220.927     0.999927       571380     13653.33
     224.255     0.999939       571387     16384.00
     226.815     0.999945       571390     18204.44
     228.735     0.999951       571394     20480.00
     230.271     0.999957       571397     23405.71
     230.911     0.999963       571401     27306.67
     234.751     0.999969       571404     32768.00
     241.023     0.999973       571406     36408.89
     243.071     0.999976       571408     40960.00
     244.095     0.999979       571409     46811.43
     246.271     0.999982       571412     54613.33
     247.935     0.999985       571413     65536.00
     248.063     0.999986       571414     72817.78
     251.263     0.999988       571415     81920.00
     251.263     0.999989       571415     93622.86
     252.799     0.999991       571416    109226.67
     253.439     0.999992       571417    131072.00
     256.255     0.999993       571418    145635.56
     256.255     0.999994       571418    163840.00
     256.255     0.999995       571418    187245.71
     257.535     0.999995       571419    218453.33
     257.535     0.999996       571419    262144.00
     264.191     0.999997       571420    291271.11
     264.191     0.999997       571420    327680.00
     264.191     0.999997       571420    374491.43
     264.191     0.999998       571420    436906.67
     264.191     0.999998       571420    524288.00
     266.751     0.999998       571421    582542.22
     266.751     1.000000       571421          inf
#[Mean    =       18.819, StdDeviation   =       10.821]
#[Max     =      266.496, Total count    =       571421]
#[Buckets =           27, SubBuckets     =         2048]
----------------------------------------------------------
  576222 requests in 20.00m, 6.86GB read
Requests/sec:    480.15
Transfer/sec:      5.86MB
