Running 20m test @ http://10.103.159.34:8080/wrk2-api/user-timeline/read
  16 threads and 32 connections
  Thread calibration: mean lat.: 27.641ms, rate sampling interval: 85ms
  Thread calibration: mean lat.: 25.573ms, rate sampling interval: 73ms
  Thread calibration: mean lat.: 28.444ms, rate sampling interval: 88ms
  Thread calibration: mean lat.: 24.681ms, rate sampling interval: 69ms
  Thread calibration: mean lat.: 28.236ms, rate sampling interval: 93ms
  Thread calibration: mean lat.: 26.718ms, rate sampling interval: 80ms
  Thread calibration: mean lat.: 25.709ms, rate sampling interval: 81ms
  Thread calibration: mean lat.: 31.136ms, rate sampling interval: 104ms
  Thread calibration: mean lat.: 25.767ms, rate sampling interval: 81ms
  Thread calibration: mean lat.: 26.452ms, rate sampling interval: 78ms
  Thread calibration: mean lat.: 26.155ms, rate sampling interval: 80ms
  Thread calibration: mean lat.: 28.895ms, rate sampling interval: 86ms
  Thread calibration: mean lat.: 26.834ms, rate sampling interval: 80ms
  Thread calibration: mean lat.: 24.813ms, rate sampling interval: 77ms
  Thread calibration: mean lat.: 29.429ms, rate sampling interval: 94ms
  Thread calibration: mean lat.: 29.733ms, rate sampling interval: 96ms
  Thread Stats   Avg      Stdev     99%   +/- Stdev
    Latency    27.03ms   12.22ms  71.49ms   80.02%
    Req/Sec    14.73     13.07    51.00     58.95%
  Latency Distribution (HdrHistogram - Recorded Latency)
 50.000%   23.95ms
 75.000%   31.49ms
 90.000%   42.14ms
 99.000%   71.49ms
 99.900%  104.64ms
 99.990%  137.73ms
 99.999%  228.48ms
100.000%  264.45ms

  Detailed Percentile spectrum:
       Value   Percentile   TotalCount 1/(1-Percentile)

       5.179     0.000000            1         1.00
      15.719     0.100000        28625         1.11
      18.159     0.200000        57457         1.25
      20.079     0.300000        85980         1.43
      21.935     0.400000       114743         1.67
      23.951     0.500000       143148         2.00
      25.087     0.550000       157487         2.22
      26.351     0.600000       171883         2.50
      27.791     0.650000       186159         2.86
      29.471     0.700000       200436         3.33
      31.487     0.750000       214745         4.00
      32.671     0.775000       221866         4.44
      34.015     0.800000       229000         5.00
      35.551     0.825000       236211         5.71
      37.343     0.850000       243374         6.67
      39.487     0.875000       250474         8.00
      40.767     0.887500       254108         8.89
      42.143     0.900000       257655        10.00
      43.743     0.912500       261222        11.43
      45.567     0.925000       264816        13.33
      47.775     0.937500       268369        16.00
      49.087     0.943750       270166        17.78
      50.495     0.950000       271961        20.00
      52.127     0.956250       273727        22.86
      54.079     0.962500       275522        26.67
      56.351     0.968750       277318        32.00
      57.695     0.971875       278199        35.56
      59.231     0.975000       279098        40.00
      60.991     0.978125       279989        45.71
      63.039     0.981250       280884        53.33
      65.407     0.984375       281779        64.00
      66.815     0.985938       282230        71.11
      68.479     0.987500       282679        80.00
      70.335     0.989062       283130        91.43
      72.319     0.990625       283564       106.67
      74.879     0.992188       284012       128.00
      76.223     0.992969       284239       142.22
      77.631     0.993750       284462       160.00
      79.423     0.994531       284680       182.86
      81.535     0.995313       284904       213.33
      84.287     0.996094       285138       256.00
      85.823     0.996484       285241       284.44
      87.423     0.996875       285357       320.00
      89.343     0.997266       285467       365.71
      91.711     0.997656       285575       426.67
      94.527     0.998047       285689       512.00
      95.935     0.998242       285742       568.89
      97.599     0.998437       285801       640.00
      99.839     0.998633       285856       731.43
     102.079     0.998828       285910       853.33
     104.959     0.999023       285968      1024.00
     106.815     0.999121       285994      1137.78
     108.799     0.999219       286022      1280.00
     110.143     0.999316       286052      1462.86
     112.319     0.999414       286078      1706.67
     114.879     0.999512       286108      2048.00
     116.031     0.999561       286120      2275.56
     117.759     0.999609       286134      2560.00
     119.615     0.999658       286148      2925.71
     121.151     0.999707       286162      3413.33
     124.031     0.999756       286176      4096.00
     125.695     0.999780       286183      4551.11
     127.167     0.999805       286190      5120.00
     128.831     0.999829       286197      5851.43
     132.223     0.999854       286204      6826.67
     135.551     0.999878       286211      8192.00
     137.087     0.999890       286215      9102.22
     139.135     0.999902       286220     10240.00
     140.159     0.999915       286221     11702.86
     146.559     0.999927       286225     13653.33
     148.223     0.999939       286228     16384.00
     152.063     0.999945       286230     18204.44
     153.343     0.999951       286232     20480.00
     153.599     0.999957       286233     23405.71
     159.487     0.999963       286235     27306.67
     181.887     0.999969       286237     32768.00
     185.087     0.999973       286238     36408.89
     198.783     0.999976       286239     40960.00
     198.783     0.999979       286239     46811.43
     217.727     0.999982       286240     54613.33
     226.175     0.999985       286241     65536.00
     228.479     0.999986       286243     72817.78
     228.479     0.999988       286243     81920.00
     228.479     0.999989       286243     93622.86
     228.479     0.999991       286243    109226.67
     228.479     0.999992       286243    131072.00
     239.999     0.999993       286244    145635.56
     239.999     0.999994       286244    163840.00
     239.999     0.999995       286244    187245.71
     239.999     0.999995       286244    218453.33
     239.999     0.999996       286244    262144.00
     264.447     0.999997       286245    291271.11
     264.447     1.000000       286245          inf
#[Mean    =       27.030, StdDeviation   =       12.218]
#[Max     =      264.192, Total count    =       286245]
#[Buckets =           27, SubBuckets     =         2048]
----------------------------------------------------------
  288640 requests in 20.00m, 3.61GB read
Requests/sec:    240.52
Transfer/sec:      3.08MB
