Running 20m test @ http://10.99.177.16:8080/wrk2-api/post/compose
  16 threads and 32 connections
  Thread calibration: mean lat.: 20.457ms, rate sampling interval: 57ms
  Thread calibration: mean lat.: 18.563ms, rate sampling interval: 48ms
  Thread calibration: mean lat.: 20.783ms, rate sampling interval: 62ms
  Thread calibration: mean lat.: 18.236ms, rate sampling interval: 54ms
  Thread calibration: mean lat.: 17.459ms, rate sampling interval: 50ms
  Thread calibration: mean lat.: 19.382ms, rate sampling interval: 55ms
  Thread calibration: mean lat.: 21.140ms, rate sampling interval: 62ms
  Thread calibration: mean lat.: 18.183ms, rate sampling interval: 48ms
  Thread calibration: mean lat.: 18.369ms, rate sampling interval: 51ms
  Thread calibration: mean lat.: 17.560ms, rate sampling interval: 47ms
  Thread calibration: mean lat.: 17.230ms, rate sampling interval: 44ms
  Thread calibration: mean lat.: 20.915ms, rate sampling interval: 61ms
  Thread calibration: mean lat.: 19.630ms, rate sampling interval: 51ms
  Thread calibration: mean lat.: 20.736ms, rate sampling interval: 61ms
  Thread calibration: mean lat.: 17.943ms, rate sampling interval: 47ms
  Thread calibration: mean lat.: 20.463ms, rate sampling interval: 55ms
  Thread Stats   Avg      Stdev     99%   +/- Stdev
    Latency    19.80ms    9.31ms  45.18ms   91.83%
    Req/Sec     4.95      9.65    40.00     76.72%
  Latency Distribution (HdrHistogram - Recorded Latency)
 50.000%   17.66ms
 75.000%   21.71ms
 90.000%   27.73ms
 99.000%   45.18ms
 99.900%   67.65ms
 99.990%  230.27ms
 99.999%    1.02s 
100.000%    1.05s 

  Detailed Percentile spectrum:
       Value   Percentile   TotalCount 1/(1-Percentile)

      11.287     0.000000            1         1.00
      14.311     0.100000         9562         1.11
      15.063     0.200000        19075         1.25
      15.823     0.300000        28641         1.43
      16.655     0.400000        38114         1.67
      17.663     0.500000        47727         2.00
      18.239     0.550000        52398         2.22
      18.911     0.600000        57241         2.50
      19.679     0.650000        61943         2.86
      20.591     0.700000        66716         3.33
      21.711     0.750000        71444         4.00
      22.383     0.775000        73857         4.44
      23.151     0.800000        76264         5.00
      23.999     0.825000        78588         5.71
      25.023     0.850000        81006         6.67
      26.239     0.875000        83369         8.00
      26.943     0.887500        84562         8.89
      27.743     0.900000        85758        10.00
      28.655     0.912500        86937        11.43
      29.743     0.925000        88115        13.33
      31.071     0.937500        89309        16.00
      31.871     0.943750        89903        17.78
      32.751     0.950000        90509        20.00
      33.759     0.956250        91102        22.86
      34.879     0.962500        91686        26.67
      36.319     0.968750        92282        32.00
      37.151     0.971875        92586        35.56
      38.015     0.975000        92882        40.00
      39.135     0.978125        93178        45.71
      40.319     0.981250        93478        53.33
      41.727     0.984375        93769        64.00
      42.495     0.985938        93918        71.11
      43.391     0.987500        94069        80.00
      44.447     0.989062        94217        91.43
      45.599     0.990625        94364       106.67
      47.039     0.992188        94515       128.00
      47.839     0.992969        94588       142.22
      48.799     0.993750        94663       160.00
      49.727     0.994531        94737       182.86
      51.007     0.995313        94811       213.33
      52.735     0.996094        94885       256.00
      53.535     0.996484        94926       284.44
      54.719     0.996875        94960       320.00
      55.967     0.997266        94998       365.71
      57.119     0.997656        95034       426.67
      59.135     0.998047        95071       512.00
      60.543     0.998242        95090       568.89
      61.823     0.998437        95109       640.00
      63.551     0.998633        95127       731.43
      65.279     0.998828        95146       853.33
      67.903     0.999023        95164      1024.00
      69.439     0.999121        95174      1137.78
      70.719     0.999219        95183      1280.00
      72.895     0.999316        95192      1462.86
      76.543     0.999414        95202      1706.67
      81.407     0.999512        95211      2048.00
      85.631     0.999561        95216      2275.56
      91.263     0.999609        95221      2560.00
     120.319     0.999658        95225      2925.71
     185.343     0.999707        95230      3413.33
     220.287     0.999756        95234      4096.00
     221.951     0.999780        95238      4551.11
     223.487     0.999805        95239      5120.00
     223.999     0.999829        95241      5851.43
     226.815     0.999854        95244      6826.67
     230.015     0.999878        95246      8192.00
     230.271     0.999890        95247      9102.22
     230.655     0.999902        95248     10240.00
     231.295     0.999915        95250     11702.86
     233.855     0.999927        95251     13653.33
     235.263     0.999939        95252     16384.00
     235.263     0.999945        95252     18204.44
     235.391     0.999951        95253     20480.00
     235.391     0.999957        95253     23405.71
     238.463     0.999963        95254     27306.67
     992.255     0.999969        95255     32768.00
     992.255     0.999973        95255     36408.89
     992.255     0.999976        95255     40960.00
     992.255     0.999979        95255     46811.43
    1024.511     0.999982        95256     54613.33
    1024.511     0.999985        95256     65536.00
    1024.511     0.999986        95256     72817.78
    1024.511     0.999988        95256     81920.00
    1024.511     0.999989        95256     93622.86
    1049.599     0.999991        95257    109226.67
    1049.599     1.000000        95257          inf
#[Mean    =       19.804, StdDeviation   =        9.310]
#[Max     =     1048.576, Total count    =        95257]
#[Buckets =           27, SubBuckets     =         2048]
----------------------------------------------------------
  96085 requests in 20.00m, 19.70MB read
  Socket errors: connect 0, read 0, write 0, timeout 137
Requests/sec:     80.07
Transfer/sec:     16.81KB
