Running 20m test @ http://10.99.177.16:8080/wrk2-api/home-timeline/read
  16 threads and 32 connections
  Thread calibration: mean lat.: 15.755ms, rate sampling interval: 48ms
  Thread calibration: mean lat.: 21.043ms, rate sampling interval: 73ms
  Thread calibration: mean lat.: 20.725ms, rate sampling interval: 70ms
  Thread calibration: mean lat.: 18.759ms, rate sampling interval: 57ms
  Thread calibration: mean lat.: 15.852ms, rate sampling interval: 50ms
  Thread calibration: mean lat.: 18.542ms, rate sampling interval: 60ms
  Thread calibration: mean lat.: 19.343ms, rate sampling interval: 65ms
  Thread calibration: mean lat.: 16.962ms, rate sampling interval: 54ms
  Thread calibration: mean lat.: 17.519ms, rate sampling interval: 58ms
  Thread calibration: mean lat.: 16.382ms, rate sampling interval: 56ms
  Thread calibration: mean lat.: 17.811ms, rate sampling interval: 64ms
  Thread calibration: mean lat.: 19.036ms, rate sampling interval: 67ms
  Thread calibration: mean lat.: 20.025ms, rate sampling interval: 69ms
  Thread calibration: mean lat.: 18.783ms, rate sampling interval: 57ms
  Thread calibration: mean lat.: 15.004ms, rate sampling interval: 46ms
  Thread calibration: mean lat.: 16.944ms, rate sampling interval: 58ms
  Thread Stats   Avg      Stdev     99%   +/- Stdev
    Latency    18.56ms   10.30ms  55.52ms   86.47%
    Req/Sec    29.85     22.10    89.00     67.79%
  Latency Distribution (HdrHistogram - Recorded Latency)
 50.000%   15.67ms
 75.000%   21.93ms
 90.000%   30.69ms
 99.000%   55.52ms
 99.900%   88.38ms
 99.990%  221.05ms
 99.999%  264.45ms
100.000%  292.61ms

  Detailed Percentile spectrum:
       Value   Percentile   TotalCount 1/(1-Percentile)

       0.394     0.000000            1         1.00
       9.991     0.100000        57451         1.11
      11.287     0.200000       114593         1.25
      12.591     0.300000       171472         1.43
      14.031     0.400000       228676         1.67
      15.671     0.500000       285827         2.00
      16.607     0.550000       314305         2.22
      17.663     0.600000       342872         2.50
      18.879     0.650000       371603         2.86
      20.271     0.700000       400134         3.33
      21.935     0.750000       428581         4.00
      22.927     0.775000       443063         4.44
      23.999     0.800000       457159         5.00
      25.263     0.825000       471440         5.71
      26.735     0.850000       485707         6.67
      28.511     0.875000       500092         8.00
      29.535     0.887500       507214         8.89
      30.687     0.900000       514303        10.00
      31.999     0.912500       521463        11.43
      33.535     0.925000       528575        13.33
      35.327     0.937500       535766        16.00
      36.383     0.943750       539296        17.78
      37.631     0.950000       542907        20.00
      39.039     0.956250       546469        22.86
      40.639     0.962500       550029        26.67
      42.591     0.968750       553604        32.00
      43.711     0.971875       555354        35.56
      45.023     0.975000       557151        40.00
      46.623     0.978125       558948        45.71
      48.319     0.981250       560707        53.33
      50.399     0.984375       562515        64.00
      51.551     0.985938       563394        71.11
      52.927     0.987500       564288        80.00
      54.463     0.989062       565172        91.43
      56.287     0.990625       566064       106.67
      58.559     0.992188       566958       128.00
      59.999     0.992969       567405       142.22
      61.375     0.993750       567854       160.00
      63.135     0.994531       568298       182.86
      65.279     0.995313       568746       213.33
      67.775     0.996094       569187       256.00
      69.055     0.996484       569413       284.44
      70.847     0.996875       569639       320.00
      72.767     0.997266       569859       365.71
      74.623     0.997656       570084       426.67
      77.247     0.998047       570304       512.00
      78.911     0.998242       570419       568.89
      80.959     0.998437       570529       640.00
      83.135     0.998633       570639       731.43
      85.503     0.998828       570751       853.33
      88.767     0.999023       570861      1024.00
      90.879     0.999121       570917      1137.78
      93.823     0.999219       570973      1280.00
      96.767     0.999316       571031      1462.86
     100.863     0.999414       571086      1706.67
     105.151     0.999512       571140      2048.00
     107.711     0.999561       571168      2275.56
     112.831     0.999609       571196      2560.00
     117.823     0.999658       571225      2925.71
     122.495     0.999707       571252      3413.33
     130.239     0.999756       571280      4096.00
     134.783     0.999780       571295      4551.11
     140.415     0.999805       571308      5120.00
     150.527     0.999829       571322      5851.43
     175.871     0.999854       571336      6826.67
     201.471     0.999878       571350      8192.00
     216.319     0.999890       571357      9102.22
     221.567     0.999902       571364     10240.00
     226.559     0.999915       571371     11702.86
     230.271     0.999927       571378     13653.33
     233.343     0.999939       571385     16384.00
     235.391     0.999945       571388     18204.44
     239.999     0.999951       571392     20480.00
     243.711     0.999957       571395     23405.71
     246.783     0.999963       571400     27306.67
     247.935     0.999969       571402     32768.00
     248.319     0.999973       571404     36408.89
     252.543     0.999976       571406     40960.00
     256.127     0.999979       571407     46811.43
     256.767     0.999982       571409     54613.33
     259.071     0.999985       571411     65536.00
     261.759     0.999986       571412     72817.78
     264.447     0.999988       571413     81920.00
     264.447     0.999989       571413     93622.86
     267.007     0.999991       571415    109226.67
     267.007     0.999992       571415    131072.00
     269.055     0.999993       571416    145635.56
     269.055     0.999994       571416    163840.00
     269.055     0.999995       571416    187245.71
     270.591     0.999995       571417    218453.33
     270.591     0.999996       571417    262144.00
     271.359     0.999997       571418    291271.11
     271.359     0.999997       571418    327680.00
     271.359     0.999997       571418    374491.43
     271.359     0.999998       571418    436906.67
     271.359     0.999998       571418    524288.00
     292.607     0.999998       571419    582542.22
     292.607     1.000000       571419          inf
#[Mean    =       18.563, StdDeviation   =       10.299]
#[Max     =      292.352, Total count    =       571419]
#[Buckets =           27, SubBuckets     =         2048]
----------------------------------------------------------
  576221 requests in 20.00m, 6.86GB read
Requests/sec:    480.16
Transfer/sec:      5.85MB
