Running 20m test @ http://10.99.177.16:8080/wrk2-api/user-timeline/read
  16 threads and 32 connections
  Thread calibration: mean lat.: 26.588ms, rate sampling interval: 83ms
  Thread calibration: mean lat.: 25.542ms, rate sampling interval: 77ms
  Thread calibration: mean lat.: 25.629ms, rate sampling interval: 75ms
  Thread calibration: mean lat.: 26.072ms, rate sampling interval: 74ms
  Thread calibration: mean lat.: 29.677ms, rate sampling interval: 92ms
  Thread calibration: mean lat.: 24.926ms, rate sampling interval: 71ms
  Thread calibration: mean lat.: 28.727ms, rate sampling interval: 93ms
  Thread calibration: mean lat.: 28.367ms, rate sampling interval: 90ms
  Thread calibration: mean lat.: 27.433ms, rate sampling interval: 88ms
  Thread calibration: mean lat.: 29.389ms, rate sampling interval: 97ms
  Thread calibration: mean lat.: 30.982ms, rate sampling interval: 106ms
  Thread calibration: mean lat.: 24.806ms, rate sampling interval: 74ms
  Thread calibration: mean lat.: 27.219ms, rate sampling interval: 87ms
  Thread calibration: mean lat.: 24.198ms, rate sampling interval: 70ms
  Thread calibration: mean lat.: 27.757ms, rate sampling interval: 83ms
  Thread calibration: mean lat.: 25.919ms, rate sampling interval: 75ms
  Thread Stats   Avg      Stdev     99%   +/- Stdev
    Latency    26.15ms   11.54ms  67.90ms   80.13%
    Req/Sec    14.80     13.16    54.00     59.58%
  Latency Distribution (HdrHistogram - Recorded Latency)
 50.000%   23.28ms
 75.000%   30.33ms
 90.000%   40.29ms
 99.000%   67.90ms
 99.900%   99.78ms
 99.990%  141.05ms
 99.999%  210.30ms
100.000%  230.53ms

  Detailed Percentile spectrum:
       Value   Percentile   TotalCount 1/(1-Percentile)

       5.119     0.000000            1         1.00
      15.471     0.100000        28664         1.11
      17.823     0.200000        57403         1.25
      19.663     0.300000        86050         1.43
      21.407     0.400000       114613         1.67
      23.279     0.500000       143174         2.00
      24.351     0.550000       157630         2.22
      25.519     0.600000       171781         2.50
      26.879     0.650000       186150         2.86
      28.447     0.700000       200483         3.33
      30.335     0.750000       214751         4.00
      31.423     0.775000       221846         4.44
      32.687     0.800000       229031         5.00
      34.111     0.825000       236186         5.71
      35.807     0.850000       243376         6.67
      37.823     0.875000       250536         8.00
      38.975     0.887500       254085         8.89
      40.287     0.900000       257631        10.00
      41.855     0.912500       261233        11.43
      43.615     0.925000       264783        13.33
      45.727     0.937500       268356        16.00
      47.007     0.943750       270167        17.78
      48.319     0.950000       271970        20.00
      49.887     0.956250       273724        22.86
      51.679     0.962500       275520        26.67
      53.823     0.968750       277316        32.00
      55.071     0.971875       278204        35.56
      56.543     0.975000       279092        40.00
      58.143     0.978125       279990        45.71
      59.999     0.981250       280878        53.33
      62.303     0.984375       281779        64.00
      63.615     0.985938       282224        71.11
      65.087     0.987500       282668        80.00
      66.815     0.989062       283118        91.43
      68.671     0.990625       283568       106.67
      70.911     0.992188       284017       128.00
      72.255     0.992969       284244       142.22
      73.535     0.993750       284457       160.00
      75.455     0.994531       284682       182.86
      77.503     0.995313       284911       213.33
      79.999     0.996094       285131       256.00
      81.535     0.996484       285242       284.44
      83.135     0.996875       285351       320.00
      84.927     0.997266       285465       365.71
      87.231     0.997656       285575       426.67
      89.663     0.998047       285686       512.00
      91.647     0.998242       285742       568.89
      93.055     0.998437       285804       640.00
      94.911     0.998633       285854       731.43
      97.407     0.998828       285910       853.33
      99.967     0.999023       285968      1024.00
     101.375     0.999121       285995      1137.78
     103.231     0.999219       286022      1280.00
     105.599     0.999316       286050      1462.86
     109.055     0.999414       286078      1706.67
     112.639     0.999512       286106      2048.00
     114.815     0.999561       286120      2275.56
     116.991     0.999609       286134      2560.00
     119.295     0.999658       286148      2925.71
     121.791     0.999707       286162      3413.33
     124.031     0.999756       286176      4096.00
     125.183     0.999780       286183      4551.11
     127.295     0.999805       286191      5120.00
     128.255     0.999829       286197      5851.43
     131.199     0.999854       286205      6826.67
     135.935     0.999878       286211      8192.00
     139.391     0.999890       286214      9102.22
     141.567     0.999902       286218     10240.00
     143.103     0.999915       286221     11702.86
     151.167     0.999927       286225     13653.33
     153.983     0.999939       286228     16384.00
     158.847     0.999945       286230     18204.44
     167.679     0.999951       286232     20480.00
     169.343     0.999957       286233     23405.71
     174.975     0.999963       286235     27306.67
     176.383     0.999969       286237     32768.00
     179.711     0.999973       286238     36408.89
     186.239     0.999976       286239     40960.00
     186.239     0.999979       286239     46811.43
     200.575     0.999982       286240     54613.33
     209.279     0.999985       286241     65536.00
     210.303     0.999986       286242     72817.78
     210.303     0.999988       286242     81920.00
     210.303     0.999989       286242     93622.86
     226.175     0.999991       286243    109226.67
     226.175     0.999992       286243    131072.00
     227.583     0.999993       286244    145635.56
     227.583     0.999994       286244    163840.00
     227.583     0.999995       286244    187245.71
     227.583     0.999995       286244    218453.33
     227.583     0.999996       286244    262144.00
     230.527     0.999997       286245    291271.11
     230.527     1.000000       286245          inf
#[Mean    =       26.155, StdDeviation   =       11.542]
#[Max     =      230.400, Total count    =       286245]
#[Buckets =           27, SubBuckets     =         2048]
----------------------------------------------------------
  288642 requests in 20.00m, 3.61GB read
Requests/sec:    240.52
Transfer/sec:      3.08MB
