Running 20m test @ http://10.111.185.252:8080/wrk2-api/post/compose
  16 threads and 32 connections
  Thread calibration: mean lat.: 20.750ms, rate sampling interval: 59ms
  Thread calibration: mean lat.: 18.104ms, rate sampling interval: 50ms
  Thread calibration: mean lat.: 20.299ms, rate sampling interval: 63ms
  Thread calibration: mean lat.: 16.945ms, rate sampling interval: 37ms
  Thread calibration: mean lat.: 26.130ms, rate sampling interval: 45ms
  Thread calibration: mean lat.: 19.210ms, rate sampling interval: 50ms
  Thread calibration: mean lat.: 20.803ms, rate sampling interval: 61ms
  Thread calibration: mean lat.: 18.102ms, rate sampling interval: 45ms
  Thread calibration: mean lat.: 17.643ms, rate sampling interval: 42ms
  Thread calibration: mean lat.: 19.145ms, rate sampling interval: 52ms
  Thread calibration: mean lat.: 17.100ms, rate sampling interval: 41ms
  Thread calibration: mean lat.: 18.252ms, rate sampling interval: 48ms
  Thread calibration: mean lat.: 18.328ms, rate sampling interval: 46ms
  Thread calibration: mean lat.: 25.612ms, rate sampling interval: 48ms
  Thread calibration: mean lat.: 25.157ms, rate sampling interval: 67ms
  Thread calibration: mean lat.: 22.781ms, rate sampling interval: 47ms
  Thread Stats   Avg      Stdev     99%   +/- Stdev
    Latency    18.59ms    7.54ms  38.05ms   92.55%
    Req/Sec     2.96      7.81    27.00     86.35%
  Latency Distribution (HdrHistogram - Recorded Latency)
 50.000%   16.94ms
 75.000%   20.09ms
 90.000%   24.69ms
 99.000%   38.05ms
 99.900%   53.06ms
 99.990%  233.85ms
 99.999%  400.13ms
100.000%    1.04s 

  Detailed Percentile spectrum:
       Value   Percentile   TotalCount 1/(1-Percentile)

      11.383     0.000000            1         1.00
      14.375     0.100000         5728         1.11
      14.999     0.200000        11405         1.25
      15.559     0.300000        17133         1.43
      16.175     0.400000        22790         1.67
      16.943     0.500000        28554         2.00
      17.407     0.550000        31387         2.22
      17.935     0.600000        34183         2.50
      18.543     0.650000        37004         2.86
      19.247     0.700000        39882         3.33
      20.095     0.750000        42710         4.00
      20.623     0.775000        44106         4.44
      21.183     0.800000        45543         5.00
      21.823     0.825000        46964         5.71
      22.591     0.850000        48386         6.67
      23.519     0.875000        49804         8.00
      24.079     0.887500        50511         8.89
      24.687     0.900000        51228        10.00
      25.295     0.912500        51928        11.43
      26.127     0.925000        52650        13.33
      27.055     0.937500        53353        16.00
      27.663     0.943750        53716        17.78
      28.255     0.950000        54061        20.00
      28.959     0.956250        54418        22.86
      29.807     0.962500        54772        26.67
      30.863     0.968750        55128        32.00
      31.471     0.971875        55305        35.56
      32.095     0.975000        55484        40.00
      32.831     0.978125        55662        45.71
      33.727     0.981250        55842        53.33
      35.039     0.984375        56016        64.00
      35.679     0.985938        56110        71.11
      36.575     0.987500        56197        80.00
      37.535     0.989062        56285        91.43
      38.367     0.990625        56374       106.67
      39.807     0.992188        56465       128.00
      40.287     0.992969        56505       142.22
      41.119     0.993750        56550       160.00
      41.951     0.994531        56594       182.86
      42.815     0.995313        56639       213.33
      44.095     0.996094        56683       256.00
      44.863     0.996484        56705       284.44
      45.599     0.996875        56729       320.00
      46.559     0.997266        56750       365.71
      47.135     0.997656        56773       426.67
      48.351     0.998047        56794       512.00
      48.959     0.998242        56805       568.89
      49.791     0.998437        56817       640.00
      50.655     0.998633        56828       731.43
      51.967     0.998828        56840       853.33
      53.663     0.999023        56850      1024.00
      54.783     0.999121        56855      1137.78
      57.855     0.999219        56861      1280.00
      59.167     0.999316        56867      1462.86
      60.159     0.999414        56872      1706.67
      61.951     0.999512        56878      2048.00
      64.159     0.999561        56880      2275.56
      69.631     0.999609        56884      2560.00
      72.959     0.999658        56886      2925.71
     183.935     0.999707        56889      3413.33
     213.375     0.999756        56892      4096.00
     217.599     0.999780        56893      4551.11
     221.055     0.999805        56894      5120.00
     222.335     0.999829        56896      5851.43
     232.575     0.999854        56897      6826.67
     233.855     0.999878        56899      8192.00
     233.855     0.999890        56899      9102.22
     235.519     0.999902        56900     10240.00
     235.903     0.999915        56901     11702.86
     235.903     0.999927        56901     13653.33
     240.511     0.999939        56902     16384.00
     240.511     0.999945        56902     18204.44
     241.791     0.999951        56903     20480.00
     241.791     0.999957        56903     23405.71
     241.791     0.999963        56903     27306.67
     400.127     0.999969        56904     32768.00
     400.127     0.999973        56904     36408.89
     400.127     0.999976        56904     40960.00
     400.127     0.999979        56904     46811.43
     400.127     0.999982        56904     54613.33
    1037.823     0.999985        56905     65536.00
    1037.823     1.000000        56905          inf
#[Mean    =       18.587, StdDeviation   =        7.543]
#[Max     =     1037.312, Total count    =        56905]
#[Buckets =           27, SubBuckets     =         2048]
----------------------------------------------------------
  57428 requests in 20.00m, 11.78MB read
  Socket errors: connect 0, read 0, write 0, timeout 913
Requests/sec:     47.85
Transfer/sec:     10.05KB
