Running 20m test @ http://10.111.185.252:8080/wrk2-api/home-timeline/read
  16 threads and 32 connections
  Thread calibration: mean lat.: 15.296ms, rate sampling interval: 46ms
  Thread calibration: mean lat.: 15.185ms, rate sampling interval: 49ms
  Thread calibration: mean lat.: 17.144ms, rate sampling interval: 53ms
  Thread calibration: mean lat.: 14.331ms, rate sampling interval: 41ms
  Thread calibration: mean lat.: 17.909ms, rate sampling interval: 53ms
  Thread calibration: mean lat.: 14.096ms, rate sampling interval: 42ms
  Thread calibration: mean lat.: 17.303ms, rate sampling interval: 55ms
  Thread calibration: mean lat.: 15.205ms, rate sampling interval: 44ms
  Thread calibration: mean lat.: 16.595ms, rate sampling interval: 53ms
  Thread calibration: mean lat.: 14.891ms, rate sampling interval: 43ms
  Thread calibration: mean lat.: 15.974ms, rate sampling interval: 51ms
  Thread calibration: mean lat.: 16.695ms, rate sampling interval: 52ms
  Thread calibration: mean lat.: 15.057ms, rate sampling interval: 47ms
  Thread calibration: mean lat.: 14.140ms, rate sampling interval: 41ms
  Thread calibration: mean lat.: 15.195ms, rate sampling interval: 48ms
  Thread calibration: mean lat.: 15.702ms, rate sampling interval: 47ms
  Thread Stats   Avg      Stdev     99%   +/- Stdev
    Latency    15.54ms    6.77ms  39.33ms   83.50%
    Req/Sec    21.95     21.27    85.00     85.19%
  Latency Distribution (HdrHistogram - Recorded Latency)
 50.000%   13.80ms
 75.000%   18.09ms
 90.000%   23.82ms
 99.000%   39.33ms
 99.900%   56.32ms
 99.990%   82.94ms
 99.999%  225.79ms
100.000%  272.64ms

  Detailed Percentile spectrum:
       Value   Percentile   TotalCount 1/(1-Percentile)

       0.513     0.000000            1         1.00
       9.695     0.100000        42090         1.11
      10.663     0.200000        84007         1.25
      11.615     0.300000       126139         1.43
      12.639     0.400000       168089         1.67
      13.799     0.500000       209940         2.00
      14.463     0.550000       230909         2.22
      15.191     0.600000       251915         2.50
      15.999     0.650000       272692         2.86
      16.959     0.700000       293870         3.33
      18.095     0.750000       314805         4.00
      18.735     0.775000       325138         4.44
      19.471     0.800000       335667         5.00
      20.319     0.825000       346235         5.71
      21.279     0.850000       356582         6.67
      22.415     0.875000       367116         8.00
      23.087     0.887500       372427         8.89
      23.823     0.900000       377557        10.00
      24.687     0.912500       382868        11.43
      25.679     0.925000       388058        13.33
      26.847     0.937500       393359        16.00
      27.503     0.943750       395940        17.78
      28.271     0.950000       398580        20.00
      29.135     0.956250       401173        22.86
      30.159     0.962500       403782        26.67
      31.391     0.968750       406425        32.00
      32.047     0.971875       407703        35.56
      32.895     0.975000       409057        40.00
      33.823     0.978125       410346        45.71
      34.879     0.981250       411659        53.33
      36.095     0.984375       412953        64.00
      36.863     0.985938       413607        71.11
      37.727     0.987500       414265        80.00
      38.687     0.989062       414921        91.43
      39.743     0.990625       415571       106.67
      41.023     0.992188       416227       128.00
      41.823     0.992969       416552       142.22
      42.719     0.993750       416888       160.00
      43.711     0.994531       417212       182.86
      44.767     0.995313       417535       213.33
      46.047     0.996094       417872       256.00
      46.751     0.996484       418029       284.44
      47.519     0.996875       418194       320.00
      48.671     0.997266       418355       365.71
      49.919     0.997656       418522       426.67
      51.391     0.998047       418685       512.00
      52.095     0.998242       418768       568.89
      52.895     0.998437       418846       640.00
      54.047     0.998633       418927       731.43
      55.199     0.998828       419009       853.33
      56.511     0.999023       419091      1024.00
      57.375     0.999121       419133      1137.78
      58.463     0.999219       419173      1280.00
      59.807     0.999316       419214      1462.86
      61.151     0.999414       419256      1706.67
      62.591     0.999512       419299      2048.00
      63.295     0.999561       419316      2275.56
      64.255     0.999609       419338      2560.00
      65.215     0.999658       419358      2925.71
      66.815     0.999707       419379      3413.33
      68.479     0.999756       419398      4096.00
      69.759     0.999780       419408      4551.11
      70.655     0.999805       419419      5120.00
      73.215     0.999829       419429      5851.43
      75.135     0.999854       419439      6826.67
      77.759     0.999878       419449      8192.00
      79.807     0.999890       419454      9102.22
      85.311     0.999902       419460     10240.00
      99.263     0.999915       419465     11702.86
     120.639     0.999927       419470     13653.33
     138.879     0.999939       419475     16384.00
     142.207     0.999945       419477     18204.44
     160.639     0.999951       419480     20480.00
     170.495     0.999957       419483     23405.71
     173.695     0.999963       419485     27306.67
     212.735     0.999969       419488     32768.00
     215.167     0.999973       419489     36408.89
     218.495     0.999976       419490     40960.00
     219.391     0.999979       419492     46811.43
     220.031     0.999982       419493     54613.33
     221.567     0.999985       419495     65536.00
     221.567     0.999986       419495     72817.78
     221.567     0.999988       419495     81920.00
     225.791     0.999989       419496     93622.86
     226.303     0.999991       419497    109226.67
     226.303     0.999992       419497    131072.00
     242.047     0.999993       419498    145635.56
     242.047     0.999994       419498    163840.00
     242.047     0.999995       419498    187245.71
     244.863     0.999995       419499    218453.33
     244.863     0.999996       419499    262144.00
     244.863     0.999997       419499    291271.11
     244.863     0.999997       419499    327680.00
     244.863     0.999997       419499    374491.43
     272.639     0.999998       419500    436906.67
     272.639     1.000000       419500          inf
#[Mean    =       15.544, StdDeviation   =        6.771]
#[Max     =      272.384, Total count    =       419500]
#[Buckets =           27, SubBuckets     =         2048]
----------------------------------------------------------
  423026 requests in 20.00m, 4.96GB read
Requests/sec:    352.50
Transfer/sec:      4.23MB
