Running 20m test @ http://10.111.185.252:8080/wrk2-api/user-timeline/read
  16 threads and 32 connections
  Thread calibration: mean lat.: 24.289ms, rate sampling interval: 66ms
  Thread calibration: mean lat.: 24.831ms, rate sampling interval: 71ms
  Thread calibration: mean lat.: 24.684ms, rate sampling interval: 69ms
  Thread calibration: mean lat.: 25.685ms, rate sampling interval: 70ms
  Thread calibration: mean lat.: 23.678ms, rate sampling interval: 65ms
  Thread calibration: mean lat.: 25.195ms, rate sampling interval: 67ms
  Thread calibration: mean lat.: 25.079ms, rate sampling interval: 68ms
  Thread calibration: mean lat.: 23.646ms, rate sampling interval: 65ms
  Thread calibration: mean lat.: 24.176ms, rate sampling interval: 69ms
  Thread calibration: mean lat.: 23.046ms, rate sampling interval: 63ms
  Thread calibration: mean lat.: 22.301ms, rate sampling interval: 64ms
  Thread calibration: mean lat.: 22.480ms, rate sampling interval: 58ms
  Thread calibration: mean lat.: 23.709ms, rate sampling interval: 66ms
  Thread calibration: mean lat.: 24.250ms, rate sampling interval: 74ms
  Thread calibration: mean lat.: 22.965ms, rate sampling interval: 60ms
  Thread calibration: mean lat.: 25.322ms, rate sampling interval: 72ms
  Thread Stats   Avg      Stdev     99%   +/- Stdev
    Latency    23.32ms    8.33ms  52.83ms   78.23%
    Req/Sec    10.83     12.53    47.00     83.37%
  Latency Distribution (HdrHistogram - Recorded Latency)
 50.000%   21.69ms
 75.000%   26.43ms
 90.000%   33.34ms
 99.000%   52.83ms
 99.900%   73.09ms
 99.990%   96.32ms
 99.999%  248.57ms
100.000%  252.16ms

  Detailed Percentile spectrum:
       Value   Percentile   TotalCount 1/(1-Percentile)

       4.299     0.000000            1         1.00
      15.127     0.100000        21014         1.11
      17.295     0.200000        42004         1.25
      18.911     0.300000        63072         1.43
      20.319     0.400000        84117         1.67
      21.695     0.500000       104934         2.00
      22.431     0.550000       115466         2.22
      23.231     0.600000       125847         2.50
      24.127     0.650000       136287         2.86
      25.183     0.700000       146899         3.33
      26.431     0.750000       157371         4.00
      27.151     0.775000       162506         4.44
      27.983     0.800000       167730         5.00
      28.959     0.825000       172973         5.71
      30.111     0.850000       178258         6.67
      31.535     0.875000       183479         8.00
      32.367     0.887500       186090         8.89
      33.343     0.900000       188762        10.00
      34.367     0.912500       191337        11.43
      35.615     0.925000       193938        13.33
      37.183     0.937500       196601        16.00
      38.079     0.943750       197909        17.78
      39.071     0.950000       199221        20.00
      40.159     0.956250       200500        22.86
      41.503     0.962500       201803        26.67
      43.071     0.968750       203132        32.00
      43.967     0.971875       203783        35.56
      44.927     0.975000       204421        40.00
      46.079     0.978125       205094        45.71
      47.391     0.981250       205743        53.33
      48.831     0.984375       206390        64.00
      49.855     0.985938       206721        71.11
      50.879     0.987500       207046        80.00
      51.999     0.989062       207370        91.43
      53.279     0.990625       207699       106.67
      54.783     0.992188       208027       128.00
      55.743     0.992969       208192       142.22
      56.703     0.993750       208353       160.00
      57.823     0.994531       208517       182.86
      59.327     0.995313       208683       213.33
      60.735     0.996094       208845       256.00
      61.663     0.996484       208925       284.44
      62.623     0.996875       209007       320.00
      63.935     0.997266       209090       365.71
      65.023     0.997656       209172       426.67
      66.751     0.998047       209253       512.00
      67.775     0.998242       209294       568.89
      69.183     0.998437       209335       640.00
      70.335     0.998633       209378       731.43
      71.999     0.998828       209419       853.33
      73.279     0.999023       209458      1024.00
      74.559     0.999121       209478      1137.78
      75.775     0.999219       209502      1280.00
      77.119     0.999316       209519      1462.86
      78.335     0.999414       209541      1706.67
      80.383     0.999512       209560      2048.00
      81.663     0.999561       209572      2275.56
      82.431     0.999609       209581      2560.00
      83.135     0.999658       209591      2925.71
      84.351     0.999707       209601      3413.33
      86.783     0.999756       209611      4096.00
      87.871     0.999780       209616      4551.11
      89.855     0.999805       209622      5120.00
      92.095     0.999829       209627      5851.43
      93.631     0.999854       209632      6826.67
      95.039     0.999878       209637      8192.00
      95.679     0.999890       209639      9102.22
      97.727     0.999902       209642     10240.00
     100.287     0.999915       209645     11702.86
     101.439     0.999927       209647     13653.33
     103.295     0.999939       209650     16384.00
     106.367     0.999945       209651     18204.44
     126.655     0.999951       209652     20480.00
     156.671     0.999957       209654     23405.71
     175.743     0.999963       209655     27306.67
     180.223     0.999969       209656     32768.00
     221.823     0.999973       209657     36408.89
     221.823     0.999976       209657     40960.00
     231.551     0.999979       209658     46811.43
     234.879     0.999982       209659     54613.33
     234.879     0.999985       209659     65536.00
     248.575     0.999986       209660     72817.78
     248.575     0.999988       209660     81920.00
     248.575     0.999989       209660     93622.86
     249.727     0.999991       209661    109226.67
     249.727     0.999992       209661    131072.00
     249.727     0.999993       209661    145635.56
     249.727     0.999994       209661    163840.00
     249.727     0.999995       209661    187245.71
     252.159     0.999995       209662    218453.33
     252.159     1.000000       209662          inf
#[Mean    =       23.316, StdDeviation   =        8.332]
#[Max     =      252.032, Total count    =       209662]
#[Buckets =           27, SubBuckets     =         2048]
----------------------------------------------------------
  211441 requests in 20.00m, 2.72GB read
Requests/sec:    176.19
Transfer/sec:      2.32MB
