Running 20m test @ http://10.104.124.40:8080/wrk2-api/home-timeline/read
  16 threads and 32 connections
  Thread calibration: mean lat.: 207.054ms, rate sampling interval: 976ms
  Thread calibration: mean lat.: 89.345ms, rate sampling interval: 544ms
  Thread calibration: mean lat.: 58.019ms, rate sampling interval: 293ms
  Thread calibration: mean lat.: 154.452ms, rate sampling interval: 982ms
  Thread calibration: mean lat.: 93.000ms, rate sampling interval: 589ms
  Thread calibration: mean lat.: 513.046ms, rate sampling interval: 2992ms
  Thread calibration: mean lat.: 695.627ms, rate sampling interval: 4061ms
  Thread calibration: mean lat.: 204.647ms, rate sampling interval: 1254ms
  Thread calibration: mean lat.: 251.264ms, rate sampling interval: 1895ms
  Thread calibration: mean lat.: 513.628ms, rate sampling interval: 2617ms
  Thread calibration: mean lat.: 64.037ms, rate sampling interval: 336ms
  Thread calibration: mean lat.: 65.647ms, rate sampling interval: 354ms
  Thread calibration: mean lat.: 713.516ms, rate sampling interval: 2682ms
  Thread calibration: mean lat.: 121.027ms, rate sampling interval: 658ms
  Thread calibration: mean lat.: 54.287ms, rate sampling interval: 279ms
  Thread calibration: mean lat.: 199.287ms, rate sampling interval: 1244ms
  Thread Stats   Avg      Stdev     99%   +/- Stdev
    Latency   135.11ms  610.23ms   3.50s    96.76%
    Req/Sec    36.53      9.32    61.00     74.51%
  Latency Distribution (HdrHistogram - Recorded Latency)
 50.000%   24.03ms
 75.000%   44.58ms
 90.000%  104.32ms
 99.000%    3.50s 
 99.900%    7.32s 
 99.990%    8.42s 
 99.999%    8.69s 
100.000%    8.77s 

  Detailed Percentile spectrum:
       Value   Percentile   TotalCount 1/(1-Percentile)

       0.094     0.000000            1         1.00
      11.207     0.100000        70592         1.11
      13.695     0.200000       141245         1.25
      16.479     0.300000       211664         1.43
      19.823     0.400000       282133         1.67
      24.031     0.500000       352714         2.00
      26.623     0.550000       387908         2.22
      29.711     0.600000       423188         2.50
      33.439     0.650000       458353         2.86
      38.175     0.700000       493587         3.33
      44.575     0.750000       528938         4.00
      48.703     0.775000       546518         4.44
      53.855     0.800000       564181         5.00
      60.415     0.825000       581705         5.71
      69.439     0.850000       599431         6.67
      82.431     0.875000       616974         8.00
      91.903     0.887500       625789         8.89
     104.319     0.900000       634601        10.00
     121.663     0.912500       643396        11.43
     146.943     0.925000       652238        13.33
     189.567     0.937500       661044        16.00
     221.695     0.943750       665442        17.78
     268.543     0.950000       669846        20.00
     348.927     0.956250       674244        22.86
     505.343     0.962500       678652        26.67
     823.295     0.968750       683063        32.00
    1060.863     0.971875       685267        35.56
    1336.319     0.975000       687465        40.00
    1655.807     0.978125       689674        45.71
    2004.991     0.981250       691872        53.33
    2424.831     0.984375       694079        64.00
    2672.639     0.985938       695176        71.11
    2940.927     0.987500       696277        80.00
    3282.943     0.989062       697383        91.43
    3647.487     0.990625       698481       106.67
    4106.239     0.992188       699584       128.00
    4354.047     0.992969       700138       142.22
    4616.191     0.993750       700689       160.00
    4825.087     0.994531       701237       182.86
    5107.711     0.995313       701788       213.33
    5451.775     0.996094       702337       256.00
    5595.135     0.996484       702616       284.44
    5775.359     0.996875       702888       320.00
    6012.927     0.997266       703169       365.71
    6221.823     0.997656       703438       426.67
    6430.719     0.998047       703713       512.00
    6545.407     0.998242       703853       568.89
    6725.631     0.998437       703990       640.00
    6926.335     0.998633       704127       731.43
    7135.231     0.998828       704264       853.33
    7344.127     0.999023       704403      1024.00
    7475.199     0.999121       704471      1137.78
    7647.231     0.999219       704541      1280.00
    7761.919     0.999316       704612      1462.86
    7831.551     0.999414       704677      1706.67
    7909.375     0.999512       704748      2048.00
    7966.719     0.999561       704784      2275.56
    8003.583     0.999609       704817      2560.00
    8065.023     0.999658       704850      2925.71
    8126.463     0.999707       704885      3413.33
    8175.615     0.999756       704920      4096.00
    8212.479     0.999780       704936      4551.11
    8245.247     0.999805       704955      5120.00
    8302.591     0.999829       704973      5851.43
    8327.167     0.999854       704989      6826.67
    8380.415     0.999878       705004      8192.00
    8404.991     0.999890       705015      9102.22
    8437.759     0.999902       705025     10240.00
    8454.143     0.999915       705031     11702.86
    8486.911     0.999927       705039     13653.33
    8511.487     0.999939       705048     16384.00
    8536.063     0.999945       705053     18204.44
    8552.447     0.999951       705057     20480.00
    8568.831     0.999957       705061     23405.71
    8585.215     0.999963       705065     27306.67
    8601.599     0.999969       705070     32768.00
    8609.791     0.999973       705071     36408.89
    8617.983     0.999976       705073     40960.00
    8634.367     0.999979       705075     46811.43
    8650.751     0.999982       705078     54613.33
    8675.327     0.999985       705080     65536.00
    8683.519     0.999986       705081     72817.78
    8691.711     0.999988       705084     81920.00
    8691.711     0.999989       705084     93622.86
    8691.711     0.999991       705084    109226.67
    8699.903     0.999992       705087    131072.00
    8699.903     0.999993       705087    145635.56
    8699.903     0.999994       705087    163840.00
    8699.903     0.999995       705087    187245.71
    8699.903     0.999995       705087    218453.33
    8716.287     0.999996       705088    262144.00
    8716.287     0.999997       705088    291271.11
    8716.287     0.999997       705088    327680.00
    8749.055     0.999997       705089    374491.43
    8749.055     0.999998       705089    436906.67
    8749.055     0.999998       705089    524288.00
    8749.055     0.999998       705089    582542.22
    8749.055     0.999998       705089    655360.00
    8773.631     0.999999       705090    748982.86
    8773.631     1.000000       705090          inf
#[Mean    =      135.106, StdDeviation   =      610.228]
#[Max     =     8765.440, Total count    =       705090]
#[Buckets =           27, SubBuckets     =         2048]
----------------------------------------------------------
  711004 requests in 20.00m, 8.51GB read
Requests/sec:    592.48
Transfer/sec:      7.26MB
