Running 20m test @ http://10.99.242.255:8080/wrk2-api/post/compose
  16 threads and 32 connections
  Thread calibration: mean lat.: 19.336ms, rate sampling interval: 52ms
  Thread calibration: mean lat.: 19.446ms, rate sampling interval: 54ms
  Thread calibration: mean lat.: 18.560ms, rate sampling interval: 49ms
  Thread calibration: mean lat.: 18.621ms, rate sampling interval: 52ms
  Thread calibration: mean lat.: 21.411ms, rate sampling interval: 58ms
  Thread calibration: mean lat.: 19.219ms, rate sampling interval: 54ms
  Thread calibration: mean lat.: 18.714ms, rate sampling interval: 46ms
  Thread calibration: mean lat.: 20.469ms, rate sampling interval: 55ms
  Thread calibration: mean lat.: 19.197ms, rate sampling interval: 53ms
  Thread calibration: mean lat.: 17.540ms, rate sampling interval: 48ms
  Thread calibration: mean lat.: 21.206ms, rate sampling interval: 67ms
  Thread calibration: mean lat.: 20.474ms, rate sampling interval: 54ms
  Thread calibration: mean lat.: 16.514ms, rate sampling interval: 42ms
  Thread calibration: mean lat.: 17.721ms, rate sampling interval: 46ms
  Thread calibration: mean lat.: 17.777ms, rate sampling interval: 42ms
  Thread calibration: mean lat.: 17.793ms, rate sampling interval: 48ms
  Thread Stats   Avg      Stdev     99%   +/- Stdev
    Latency    20.02ms   10.75ms  49.63ms   92.71%
    Req/Sec     4.93      9.82    41.00     78.63%
  Latency Distribution (HdrHistogram - Recorded Latency)
 50.000%   17.44ms
 75.000%   21.57ms
 90.000%   28.25ms
 99.000%   49.63ms
 99.900%  221.95ms
 99.990%  249.21ms
 99.999%  275.20ms
100.000%  464.13ms

  Detailed Percentile spectrum:
       Value   Percentile   TotalCount 1/(1-Percentile)

       7.683     0.000000            1         1.00
      14.175     0.100000         9611         1.11
      14.903     0.200000        19074         1.25
      15.623     0.300000        28678         1.43
      16.431     0.400000        38199         1.67
      17.439     0.500000        47768         2.00
      17.999     0.550000        52428         2.22
      18.655     0.600000        57194         2.50
      19.439     0.650000        62012         2.86
      20.367     0.700000        66687         3.33
      21.567     0.750000        71500         4.00
      22.271     0.775000        73872         4.44
      23.055     0.800000        76216         5.00
      24.015     0.825000        78609         5.71
      25.199     0.850000        80981         6.67
      26.559     0.875000        83368         8.00
      27.375     0.887500        84560         8.89
      28.255     0.900000        85748        10.00
      29.327     0.912500        86937        11.43
      30.543     0.925000        88118        13.33
      32.047     0.937500        89309        16.00
      32.895     0.943750        89916        17.78
      33.887     0.950000        90501        20.00
      34.943     0.956250        91095        22.86
      36.351     0.962500        91692        26.67
      37.951     0.968750        92296        32.00
      38.943     0.971875        92586        35.56
      40.191     0.975000        92886        40.00
      41.471     0.978125        93179        45.71
      42.975     0.981250        93481        53.33
      44.799     0.984375        93779        64.00
      45.855     0.985938        93929        71.11
      47.135     0.987500        94072        80.00
      48.543     0.989062        94221        91.43
      50.303     0.990625        94372       106.67
      52.159     0.992188        94518       128.00
      53.311     0.992969        94595       142.22
      54.847     0.993750        94667       160.00
      56.543     0.994531        94743       182.86
      58.687     0.995313        94816       213.33
      61.311     0.996094        94891       256.00
      63.199     0.996484        94928       284.44
      65.375     0.996875        94966       320.00
      68.799     0.997266        95002       365.71
      73.855     0.997656        95039       426.67
      80.127     0.998047        95076       512.00
      90.495     0.998242        95095       568.89
     100.927     0.998437        95114       640.00
     176.383     0.998633        95132       731.43
     217.983     0.998828        95151       853.33
     222.207     0.999023        95169      1024.00
     224.383     0.999121        95181      1137.78
     225.279     0.999219        95188      1280.00
     226.943     0.999316        95197      1462.86
     230.527     0.999414        95208      1706.67
     234.623     0.999512        95216      2048.00
     235.903     0.999561        95221      2275.56
     236.543     0.999609        95225      2560.00
     237.439     0.999658        95230      2925.71
     238.591     0.999707        95235      3413.33
     243.071     0.999756        95239      4096.00
     243.839     0.999780        95242      4551.11
     244.223     0.999805        95245      5120.00
     244.351     0.999829        95246      5851.43
     245.759     0.999854        95249      6826.67
     248.447     0.999878        95251      8192.00
     249.215     0.999890        95252      9102.22
     250.239     0.999902        95253     10240.00
     251.519     0.999915        95254     11702.86
     252.287     0.999927        95256     13653.33
     256.895     0.999939        95257     16384.00
     256.895     0.999945        95257     18204.44
     257.663     0.999951        95258     20480.00
     257.663     0.999957        95258     23405.71
     259.839     0.999963        95259     27306.67
     265.215     0.999969        95260     32768.00
     265.215     0.999973        95260     36408.89
     265.215     0.999976        95260     40960.00
     265.215     0.999979        95260     46811.43
     275.199     0.999982        95261     54613.33
     275.199     0.999985        95261     65536.00
     275.199     0.999986        95261     72817.78
     275.199     0.999988        95261     81920.00
     275.199     0.999989        95261     93622.86
     464.127     0.999991        95262    109226.67
     464.127     1.000000        95262          inf
#[Mean    =       20.019, StdDeviation   =       10.746]
#[Max     =      463.872, Total count    =        95262]
#[Buckets =           27, SubBuckets     =         2048]
----------------------------------------------------------
  96094 requests in 20.00m, 19.70MB read
  Socket errors: connect 0, read 0, write 0, timeout 129
Requests/sec:     80.07
Transfer/sec:     16.81KB
