Running 20m test @ http://10.99.242.255:8080/wrk2-api/home-timeline/read
  16 threads and 32 connections
  Thread calibration: mean lat.: 20.324ms, rate sampling interval: 66ms
  Thread calibration: mean lat.: 20.529ms, rate sampling interval: 79ms
  Thread calibration: mean lat.: 20.058ms, rate sampling interval: 74ms
  Thread calibration: mean lat.: 19.939ms, rate sampling interval: 67ms
  Thread calibration: mean lat.: 18.746ms, rate sampling interval: 62ms
  Thread calibration: mean lat.: 21.718ms, rate sampling interval: 77ms
  Thread calibration: mean lat.: 19.219ms, rate sampling interval: 64ms
  Thread calibration: mean lat.: 16.870ms, rate sampling interval: 57ms
  Thread calibration: mean lat.: 15.142ms, rate sampling interval: 50ms
  Thread calibration: mean lat.: 22.024ms, rate sampling interval: 77ms
  Thread calibration: mean lat.: 21.127ms, rate sampling interval: 78ms
  Thread calibration: mean lat.: 16.895ms, rate sampling interval: 56ms
  Thread calibration: mean lat.: 20.637ms, rate sampling interval: 70ms
  Thread calibration: mean lat.: 24.994ms, rate sampling interval: 82ms
  Thread calibration: mean lat.: 18.419ms, rate sampling interval: 61ms
  Thread calibration: mean lat.: 19.767ms, rate sampling interval: 68ms
  Thread Stats   Avg      Stdev     99%   +/- Stdev
    Latency    21.72ms   15.70ms  78.21ms   89.37%
    Req/Sec    32.82     21.58    90.00     74.73%
  Latency Distribution (HdrHistogram - Recorded Latency)
 50.000%   17.38ms
 75.000%   25.63ms
 90.000%   37.66ms
 99.000%   78.21ms
 99.900%  164.22ms
 99.990%  270.08ms
 99.999%  809.47ms
100.000%    1.08s 

  Detailed Percentile spectrum:
       Value   Percentile   TotalCount 1/(1-Percentile)

       0.934     0.000000            1         1.00
      10.239     0.100000        63001         1.11
      11.807     0.200000       125932         1.25
      13.431     0.300000       188856         1.43
      15.255     0.400000       251722         1.67
      17.375     0.500000       314640         2.00
      18.591     0.550000       345974         2.22
      19.983     0.600000       377656         2.50
      21.551     0.650000       408933         2.86
      23.391     0.700000       440398         3.33
      25.631     0.750000       471936         4.00
      26.943     0.775000       487517         4.44
      28.431     0.800000       503277         5.00
      30.127     0.825000       518974         5.71
      32.127     0.850000       534715         6.67
      34.623     0.875000       550516         8.00
      36.063     0.887500       558334         8.89
      37.663     0.900000       566102        10.00
      39.551     0.912500       573947        11.43
      41.791     0.925000       581843        13.33
      44.511     0.937500       589703        16.00
      46.175     0.943750       593590        17.78
      48.063     0.950000       597544        20.00
      50.175     0.956250       601468        22.86
      52.767     0.962500       605398        26.67
      55.839     0.968750       609320        32.00
      57.663     0.971875       611296        35.56
      59.807     0.975000       613249        40.00
      62.239     0.978125       615218        45.71
      65.215     0.981250       617172        53.33
      68.863     0.984375       619151        64.00
      70.975     0.985938       620120        71.11
      73.407     0.987500       621106        80.00
      76.159     0.989062       622094        91.43
      79.679     0.990625       623076       106.67
      83.903     0.992188       624064       128.00
      86.655     0.992969       624560       142.22
      89.343     0.993750       625041       160.00
      92.799     0.994531       625538       182.86
      96.831     0.995313       626023       213.33
     101.247     0.996094       626508       256.00
     104.191     0.996484       626756       284.44
     108.095     0.996875       627000       320.00
     112.767     0.997266       627245       365.71
     118.399     0.997656       627490       426.67
     125.311     0.998047       627737       512.00
     129.535     0.998242       627859       568.89
     135.551     0.998437       627982       640.00
     143.231     0.998633       628105       731.43
     152.831     0.998828       628227       853.33
     166.143     0.999023       628350      1024.00
     174.847     0.999121       628413      1137.78
     183.935     0.999219       628474      1280.00
     193.791     0.999316       628535      1462.86
     205.183     0.999414       628597      1706.67
     218.495     0.999512       628657      2048.00
     222.079     0.999561       628688      2275.56
     227.071     0.999609       628720      2560.00
     232.703     0.999658       628750      2925.71
     238.335     0.999707       628780      3413.33
     241.535     0.999756       628813      4096.00
     243.455     0.999780       628826      4551.11
     248.191     0.999805       628842      5120.00
     251.775     0.999829       628858      5851.43
     255.615     0.999854       628874      6826.67
     263.167     0.999878       628888      8192.00
     266.495     0.999890       628895      9102.22
     270.591     0.999902       628903     10240.00
     275.455     0.999915       628911     11702.86
     282.367     0.999927       628918     13653.33
     286.207     0.999939       628926     16384.00
     301.823     0.999945       628931     18204.44
     307.967     0.999951       628934     20480.00
     316.415     0.999957       628938     23405.71
     328.959     0.999963       628941     27306.67
     372.479     0.999969       628945     32768.00
     388.095     0.999973       628947     36408.89
     415.487     0.999976       628949     40960.00
     462.591     0.999979       628951     46811.43
     494.847     0.999982       628953     54613.33
     601.087     0.999985       628955     65536.00
     699.391     0.999986       628956     72817.78
     711.679     0.999988       628957     81920.00
     809.471     0.999989       628958     93622.86
     901.119     0.999991       628959    109226.67
     923.647     0.999992       628960    131072.00
     923.647     0.999993       628960    145635.56
     985.599     0.999994       628961    163840.00
     985.599     0.999995       628961    187245.71
    1044.479     0.999995       628962    218453.33
    1044.479     0.999996       628962    262144.00
    1044.479     0.999997       628962    291271.11
    1068.031     0.999997       628963    327680.00
    1068.031     0.999997       628963    374491.43
    1068.031     0.999998       628963    436906.67
    1068.031     0.999998       628963    524288.00
    1068.031     0.999998       628963    582542.22
    1083.391     0.999998       628964    655360.00
    1083.391     1.000000       628964          inf
#[Mean    =       21.720, StdDeviation   =       15.697]
#[Max     =     1082.368, Total count    =       628964]
#[Buckets =           27, SubBuckets     =         2048]
----------------------------------------------------------
  634244 requests in 20.00m, 7.56GB read
  Non-2xx or 3xx responses: 1
Requests/sec:    528.52
Transfer/sec:      6.45MB
