Running 20m test @ http://10.99.242.255:8080/wrk2-api/user-timeline/read
  16 threads and 32 connections
  Thread calibration: mean lat.: 28.516ms, rate sampling interval: 89ms
  Thread calibration: mean lat.: 28.474ms, rate sampling interval: 92ms
  Thread calibration: mean lat.: 25.727ms, rate sampling interval: 77ms
  Thread calibration: mean lat.: 30.346ms, rate sampling interval: 97ms
  Thread calibration: mean lat.: 28.159ms, rate sampling interval: 79ms
  Thread calibration: mean lat.: 25.618ms, rate sampling interval: 81ms
  Thread calibration: mean lat.: 27.515ms, rate sampling interval: 82ms
  Thread calibration: mean lat.: 25.823ms, rate sampling interval: 76ms
  Thread calibration: mean lat.: 28.256ms, rate sampling interval: 81ms
  Thread calibration: mean lat.: 32.038ms, rate sampling interval: 111ms
  Thread calibration: mean lat.: 27.171ms, rate sampling interval: 87ms
  Thread calibration: mean lat.: 34.417ms, rate sampling interval: 114ms
  Thread calibration: mean lat.: 29.042ms, rate sampling interval: 98ms
  Thread calibration: mean lat.: 29.268ms, rate sampling interval: 93ms
  Thread calibration: mean lat.: 28.528ms, rate sampling interval: 78ms
  Thread calibration: mean lat.: 27.537ms, rate sampling interval: 82ms
  Thread Stats   Avg      Stdev     99%   +/- Stdev
    Latency    28.65ms   15.01ms  83.71ms   84.01%
    Req/Sec    15.74     13.12    52.00     61.18%
  Latency Distribution (HdrHistogram - Recorded Latency)
 50.000%   24.72ms
 75.000%   33.31ms
 90.000%   45.82ms
 99.000%   83.71ms
 99.900%  144.00ms
 99.990%  236.41ms
 99.999%  300.54ms
100.000%  344.06ms

  Detailed Percentile spectrum:
       Value   Percentile   TotalCount 1/(1-Percentile)

       4.779     0.000000            1         1.00
      15.879     0.100000        30611         1.11
      18.447     0.200000        61241         1.25
      20.495     0.300000        91742         1.43
      22.511     0.400000       122164         1.67
      24.719     0.500000       152731         2.00
      25.967     0.550000       167995         2.22
      27.391     0.600000       183223         2.50
      29.023     0.650000       198502         2.86
      30.959     0.700000       213722         3.33
      33.311     0.750000       229027         4.00
      34.719     0.775000       236724         4.44
      36.255     0.800000       244285         5.00
      38.079     0.825000       251964         5.71
      40.159     0.850000       259574         6.67
      42.655     0.875000       267137         8.00
      44.159     0.887500       270991         8.89
      45.823     0.900000       274784        10.00
      47.743     0.912500       278609        11.43
      49.983     0.925000       282414        13.33
      52.639     0.937500       286210        16.00
      54.239     0.943750       288100        17.78
      56.031     0.950000       290012        20.00
      58.111     0.956250       291918        22.86
      60.607     0.962500       293848        26.67
      63.455     0.968750       295730        32.00
      65.247     0.971875       296681        35.56
      67.263     0.975000       297656        40.00
      69.567     0.978125       298604        45.71
      72.319     0.981250       299542        53.33
      75.519     0.984375       300496        64.00
      77.375     0.985938       300991        71.11
      79.615     0.987500       301462        80.00
      81.983     0.989062       301937        91.43
      84.991     0.990625       302411       106.67
      88.639     0.992188       302886       128.00
      90.687     0.992969       303121       142.22
      93.119     0.993750       303358       160.00
      96.063     0.994531       303595       182.86
      99.903     0.995313       303836       213.33
     104.127     0.996094       304072       256.00
     106.559     0.996484       304191       284.44
     109.183     0.996875       304312       320.00
     112.767     0.997266       304432       365.71
     117.119     0.997656       304549       426.67
     121.919     0.998047       304669       512.00
     125.119     0.998242       304730       568.89
     128.767     0.998437       304791       640.00
     132.479     0.998633       304847       731.43
     138.239     0.998828       304911       853.33
     144.639     0.999023       304966      1024.00
     148.351     0.999121       304996      1137.78
     153.087     0.999219       305027      1280.00
     157.311     0.999316       305056      1462.86
     163.071     0.999414       305086      1706.67
     172.543     0.999512       305115      2048.00
     178.815     0.999561       305130      2275.56
     183.935     0.999609       305145      2560.00
     191.359     0.999658       305160      2925.71
     201.087     0.999707       305175      3413.33
     208.127     0.999756       305191      4096.00
     209.663     0.999780       305198      4551.11
     216.575     0.999805       305205      5120.00
     221.439     0.999829       305212      5851.43
     224.767     0.999854       305220      6826.67
     231.551     0.999878       305227      8192.00
     233.343     0.999890       305231      9102.22
     237.823     0.999902       305235     10240.00
     243.455     0.999915       305238     11702.86
     247.551     0.999927       305242     13653.33
     253.567     0.999939       305247     16384.00
     254.207     0.999945       305248     18204.44
     258.175     0.999951       305250     20480.00
     258.687     0.999957       305251     23405.71
     262.911     0.999963       305253     27306.67
     276.223     0.999969       305255     32768.00
     277.247     0.999973       305256     36408.89
     278.271     0.999976       305257     40960.00
     286.975     0.999979       305258     46811.43
     287.743     0.999982       305259     54613.33
     293.887     0.999985       305260     65536.00
     293.887     0.999986       305260     72817.78
     300.543     0.999988       305261     81920.00
     300.543     0.999989       305261     93622.86
     304.639     0.999991       305262    109226.67
     304.639     0.999992       305262    131072.00
     304.639     0.999993       305262    145635.56
     315.391     0.999994       305263    163840.00
     315.391     0.999995       305263    187245.71
     315.391     0.999995       305263    218453.33
     315.391     0.999996       305263    262144.00
     315.391     0.999997       305263    291271.11
     344.063     0.999997       305264    327680.00
     344.063     1.000000       305264          inf
#[Mean    =       28.654, StdDeviation   =       15.013]
#[Max     =      343.808, Total count    =       305264]
#[Buckets =           27, SubBuckets     =         2048]
----------------------------------------------------------
  307850 requests in 20.00m, 3.85GB read
Requests/sec:    256.52
Transfer/sec:      3.29MB
