Running 20m test @ http://10.96.107.71:8080/wrk2-api/post/compose
  16 threads and 32 connections
  Thread calibration: mean lat.: 24.520ms, rate sampling interval: 98ms
  Thread calibration: mean lat.: 31.225ms, rate sampling interval: 122ms
  Thread calibration: mean lat.: 25.228ms, rate sampling interval: 80ms
  Thread calibration: mean lat.: 23.807ms, rate sampling interval: 64ms
  Thread calibration: mean lat.: 27.109ms, rate sampling interval: 98ms
  Thread calibration: mean lat.: 21.036ms, rate sampling interval: 65ms
  Thread calibration: mean lat.: 23.508ms, rate sampling interval: 61ms
  Thread calibration: mean lat.: 27.359ms, rate sampling interval: 84ms
  Thread calibration: mean lat.: 25.585ms, rate sampling interval: 80ms
  Thread calibration: mean lat.: 29.956ms, rate sampling interval: 97ms
  Thread calibration: mean lat.: 22.895ms, rate sampling interval: 74ms
  Thread calibration: mean lat.: 22.695ms, rate sampling interval: 77ms
  Thread calibration: mean lat.: 25.882ms, rate sampling interval: 89ms
  Thread calibration: mean lat.: 22.664ms, rate sampling interval: 69ms
  Thread calibration: mean lat.: 26.784ms, rate sampling interval: 88ms
  Thread calibration: mean lat.: 24.928ms, rate sampling interval: 88ms
  Thread Stats   Avg      Stdev     99%   +/- Stdev
    Latency    25.97ms   18.37ms  90.62ms   90.95%
    Req/Sec     5.87      8.55    33.00     89.20%
  Latency Distribution (HdrHistogram - Recorded Latency)
 50.000%   20.45ms
 75.000%   28.88ms
 90.000%   42.59ms
 99.000%   90.62ms
 99.900%  228.35ms
 99.990%  291.84ms
 99.999%    1.01s 
100.000%    1.03s 

  Detailed Percentile spectrum:
       Value   Percentile   TotalCount 1/(1-Percentile)

       6.407     0.000000            1         1.00
      14.727     0.100000        11485         1.11
      15.903     0.200000        22956         1.25
      17.135     0.300000        34403         1.43
      18.591     0.400000        45810         1.67
      20.447     0.500000        57278         2.00
      21.599     0.550000        62993         2.22
      22.959     0.600000        68669         2.50
      24.543     0.650000        74395         2.86
      26.479     0.700000        80125         3.33
      28.879     0.750000        85824         4.00
      30.319     0.775000        88713         4.44
      31.919     0.800000        91544         5.00
      33.855     0.825000        94424         5.71
      36.159     0.850000        97266         6.67
      39.007     0.875000       100132         8.00
      40.639     0.887500       101564         8.89
      42.591     0.900000       103003        10.00
      44.991     0.912500       104429        11.43
      47.679     0.925000       105847        13.33
      51.039     0.937500       107279        16.00
      53.087     0.943750       108004        17.78
      55.231     0.950000       108718        20.00
      57.791     0.956250       109422        22.86
      60.831     0.962500       110141        26.67
      64.383     0.968750       110856        32.00
      66.495     0.971875       111214        35.56
      68.991     0.975000       111571        40.00
      71.615     0.978125       111927        45.71
      74.751     0.981250       112283        53.33
      79.167     0.984375       112647        64.00
      81.791     0.985938       112819        71.11
      84.799     0.987500       112998        80.00
      88.511     0.989062       113183        91.43
      92.287     0.990625       113356       106.67
      98.815     0.992188       113537       128.00
     101.951     0.992969       113624       142.22
     106.495     0.993750       113713       160.00
     110.847     0.994531       113805       182.86
     116.607     0.995313       113892       213.33
     123.775     0.996094       113982       256.00
     128.703     0.996484       114028       284.44
     134.783     0.996875       114071       320.00
     143.359     0.997266       114116       365.71
     154.367     0.997656       114160       426.67
     179.071     0.998047       114205       512.00
     199.935     0.998242       114227       568.89
     216.447     0.998437       114251       640.00
     222.591     0.998633       114272       731.43
     226.175     0.998828       114294       853.33
     228.735     0.999023       114317      1024.00
     231.167     0.999121       114328      1137.78
     233.983     0.999219       114339      1280.00
     236.671     0.999316       114350      1462.86
     238.463     0.999414       114361      1706.67
     242.047     0.999512       114373      2048.00
     243.583     0.999561       114378      2275.56
     246.911     0.999609       114384      2560.00
     249.471     0.999658       114389      2925.71
     253.439     0.999707       114395      3413.33
     260.991     0.999756       114401      4096.00
     263.167     0.999780       114404      4551.11
     265.471     0.999805       114406      5120.00
     269.823     0.999829       114409      5851.43
     276.479     0.999854       114412      6826.67
     283.647     0.999878       114415      8192.00
     290.559     0.999890       114416      9102.22
     291.839     0.999902       114417     10240.00
     298.751     0.999915       114419     11702.86
     300.287     0.999927       114420     13653.33
     326.655     0.999939       114422     16384.00
     326.655     0.999945       114422     18204.44
     593.407     0.999951       114423     20480.00
     606.207     0.999957       114424     23405.71
     606.207     0.999963       114424     27306.67
     825.855     0.999969       114425     32768.00
     825.855     0.999973       114425     36408.89
     837.631     0.999976       114426     40960.00
     837.631     0.999979       114426     46811.43
     837.631     0.999982       114426     54613.33
    1010.687     0.999985       114427     65536.00
    1010.687     0.999986       114427     72817.78
    1010.687     0.999988       114427     81920.00
    1010.687     0.999989       114427     93622.86
    1010.687     0.999991       114427    109226.67
    1033.727     0.999992       114428    131072.00
    1033.727     1.000000       114428          inf
#[Mean    =       25.967, StdDeviation   =       18.372]
#[Max     =     1033.216, Total count    =       114428]
#[Buckets =           27, SubBuckets     =         2048]
----------------------------------------------------------
  115419 requests in 20.00m, 23.67MB read
  Socket errors: connect 0, read 0, write 0, timeout 54
Requests/sec:     96.17
Transfer/sec:     20.19KB
