Running 20m test @ http://10.100.153.65:8080/wrk2-api/post/compose
  16 threads and 32 connections
  Thread calibration: mean lat.: 25.032ms, rate sampling interval: 77ms
  Thread calibration: mean lat.: 18.042ms, rate sampling interval: 42ms
  Thread calibration: mean lat.: 25.670ms, rate sampling interval: 86ms
  Thread calibration: mean lat.: 21.047ms, rate sampling interval: 56ms
  Thread calibration: mean lat.: 18.806ms, rate sampling interval: 46ms
  Thread calibration: mean lat.: 19.579ms, rate sampling interval: 51ms
  Thread calibration: mean lat.: 21.196ms, rate sampling interval: 65ms
  Thread calibration: mean lat.: 18.374ms, rate sampling interval: 48ms
  Thread calibration: mean lat.: 18.505ms, rate sampling interval: 46ms
  Thread calibration: mean lat.: 18.489ms, rate sampling interval: 48ms
  Thread calibration: mean lat.: 18.578ms, rate sampling interval: 53ms
  Thread calibration: mean lat.: 18.880ms, rate sampling interval: 52ms
  Thread calibration: mean lat.: 20.339ms, rate sampling interval: 48ms
  Thread calibration: mean lat.: 19.053ms, rate sampling interval: 52ms
  Thread calibration: mean lat.: 21.870ms, rate sampling interval: 62ms
  Thread calibration: mean lat.: 20.248ms, rate sampling interval: 56ms
  Thread Stats   Avg      Stdev     99%   +/- Stdev
    Latency    19.80ms    8.31ms  45.82ms   90.18%
    Req/Sec     4.92      9.60    41.00     79.92%
  Latency Distribution (HdrHistogram - Recorded Latency)
 50.000%   17.60ms
 75.000%   21.76ms
 90.000%   28.00ms
 99.000%   45.82ms
 99.900%   70.01ms
 99.990%  235.52ms
 99.999%  251.77ms
100.000%    1.04s 

  Detailed Percentile spectrum:
       Value   Percentile   TotalCount 1/(1-Percentile)

      11.335     0.000000            1         1.00
      14.263     0.100000         9555         1.11
      15.023     0.200000        19096         1.25
      15.751     0.300000        28636         1.43
      16.591     0.400000        38129         1.67
      17.599     0.500000        47727         2.00
      18.175     0.550000        52396         2.22
      18.847     0.600000        57167         2.50
      19.663     0.650000        62012         2.86
      20.607     0.700000        66706         3.33
      21.759     0.750000        71464         4.00
      22.447     0.775000        73883         4.44
      23.215     0.800000        76238         5.00
      24.127     0.825000        78613         5.71
      25.151     0.850000        80996         6.67
      26.399     0.875000        83381         8.00
      27.119     0.887500        84569         8.89
      27.999     0.900000        85742        10.00
      28.959     0.912500        86929        11.43
      30.047     0.925000        88136        13.33
      31.343     0.937500        89313        16.00
      32.095     0.943750        89914        17.78
      32.991     0.950000        90499        20.00
      33.919     0.956250        91099        22.86
      35.071     0.962500        91695        26.67
      36.447     0.968750        92293        32.00
      37.215     0.971875        92584        35.56
      38.143     0.975000        92887        40.00
      39.263     0.978125        93180        45.71
      40.543     0.981250        93480        53.33
      42.079     0.984375        93775        64.00
      42.975     0.985938        93925        71.11
      44.031     0.987500        94073        80.00
      45.183     0.989062        94223        91.43
      46.495     0.990625        94369       106.67
      47.903     0.992188        94525       128.00
      48.735     0.992969        94595       142.22
      49.599     0.993750        94668       160.00
      50.783     0.994531        94744       182.86
      52.127     0.995313        94817       213.33
      54.015     0.996094        94892       256.00
      54.911     0.996484        94928       284.44
      56.223     0.996875        94965       320.00
      57.887     0.997266        95002       365.71
      59.455     0.997656        95039       426.67
      61.375     0.998047        95076       512.00
      62.783     0.998242        95095       568.89
      63.839     0.998437        95114       640.00
      65.983     0.998633        95132       731.43
      67.967     0.998828        95151       853.33
      70.271     0.999023        95169      1024.00
      71.999     0.999121        95180      1137.78
      73.727     0.999219        95188      1280.00
      76.351     0.999316        95197      1462.86
      80.831     0.999414        95207      1706.67
      88.639     0.999512        95216      2048.00
      93.887     0.999561        95221      2275.56
     110.399     0.999609        95225      2560.00
     132.607     0.999658        95230      2925.71
     157.439     0.999707        95235      3413.33
     199.935     0.999756        95239      4096.00
     222.207     0.999780        95243      4551.11
     222.847     0.999805        95244      5120.00
     224.639     0.999829        95246      5851.43
     231.807     0.999854        95249      6826.67
     234.623     0.999878        95251      8192.00
     235.519     0.999890        95252      9102.22
     235.647     0.999902        95253     10240.00
     237.823     0.999915        95254     11702.86
     239.359     0.999927        95256     13653.33
     240.895     0.999939        95257     16384.00
     240.895     0.999945        95257     18204.44
     242.815     0.999951        95259     20480.00
     242.815     0.999957        95259     23405.71
     242.815     0.999963        95259     27306.67
     243.071     0.999969        95260     32768.00
     243.071     0.999973        95260     36408.89
     243.071     0.999976        95260     40960.00
     243.071     0.999979        95260     46811.43
     251.775     0.999982        95261     54613.33
     251.775     0.999985        95261     65536.00
     251.775     0.999986        95261     72817.78
     251.775     0.999988        95261     81920.00
     251.775     0.999989        95261     93622.86
    1039.359     0.999991        95262    109226.67
    1039.359     1.000000        95262          inf
#[Mean    =       19.805, StdDeviation   =        8.313]
#[Max     =     1038.848, Total count    =        95262]
#[Buckets =           27, SubBuckets     =         2048]
----------------------------------------------------------
  96092 requests in 20.00m, 19.70MB read
  Socket errors: connect 0, read 0, write 0, timeout 128
Requests/sec:     80.07
Transfer/sec:     16.81KB
