Running 20m test @ http://10.100.153.65:8080/wrk2-api/home-timeline/read
  16 threads and 32 connections
  Thread calibration: mean lat.: 18.203ms, rate sampling interval: 63ms
  Thread calibration: mean lat.: 17.314ms, rate sampling interval: 57ms
  Thread calibration: mean lat.: 20.498ms, rate sampling interval: 71ms
  Thread calibration: mean lat.: 17.670ms, rate sampling interval: 59ms
  Thread calibration: mean lat.: 16.076ms, rate sampling interval: 51ms
  Thread calibration: mean lat.: 20.188ms, rate sampling interval: 71ms
  Thread calibration: mean lat.: 19.240ms, rate sampling interval: 63ms
  Thread calibration: mean lat.: 23.466ms, rate sampling interval: 80ms
  Thread calibration: mean lat.: 21.425ms, rate sampling interval: 77ms
  Thread calibration: mean lat.: 18.613ms, rate sampling interval: 60ms
  Thread calibration: mean lat.: 19.124ms, rate sampling interval: 67ms
  Thread calibration: mean lat.: 18.921ms, rate sampling interval: 56ms
  Thread calibration: mean lat.: 23.133ms, rate sampling interval: 84ms
  Thread calibration: mean lat.: 21.479ms, rate sampling interval: 66ms
  Thread calibration: mean lat.: 22.907ms, rate sampling interval: 80ms
  Thread calibration: mean lat.: 20.006ms, rate sampling interval: 63ms
  Thread Stats   Avg      Stdev     99%   +/- Stdev
    Latency    18.23ms   10.07ms  55.46ms   86.60%
    Req/Sec    29.82     20.92    87.00     72.00%
  Latency Distribution (HdrHistogram - Recorded Latency)
 50.000%   15.33ms
 75.000%   21.50ms
 90.000%   30.11ms
 99.000%   55.46ms
 99.900%   87.61ms
 99.990%  150.40ms
 99.999%  252.54ms
100.000%  308.22ms

  Detailed Percentile spectrum:
       Value   Percentile   TotalCount 1/(1-Percentile)

       0.074     0.000000            1         1.00
       9.871     0.100000        57315         1.11
      11.103     0.200000       114386         1.25
      12.359     0.300000       171563         1.43
      13.735     0.400000       228794         1.67
      15.327     0.500000       285713         2.00
      16.255     0.550000       314463         2.22
      17.295     0.600000       343055         2.50
      18.463     0.650000       371502         2.86
      19.839     0.700000       400096         3.33
      21.503     0.750000       428808         4.00
      22.463     0.775000       442985         4.44
      23.535     0.800000       457221         5.00
      24.783     0.825000       471579         5.71
      26.207     0.850000       485740         6.67
      27.935     0.875000       500005         8.00
      28.959     0.887500       507196         8.89
      30.111     0.900000       514320        10.00
      31.439     0.912500       521460        11.43
      32.959     0.925000       528563        13.33
      34.815     0.937500       535810        16.00
      35.903     0.943750       539371        17.78
      37.151     0.950000       542934        20.00
      38.559     0.956250       546440        22.86
      40.159     0.962500       549997        26.67
      42.239     0.968750       553603        32.00
      43.391     0.971875       555354        35.56
      44.671     0.975000       557132        40.00
      46.175     0.978125       558925        45.71
      47.967     0.981250       560719        53.33
      50.111     0.984375       562488        64.00
      51.391     0.985938       563393        71.11
      52.831     0.987500       564297        80.00
      54.367     0.989062       565172        91.43
      56.255     0.990625       566064       106.67
      58.495     0.992188       566961       128.00
      59.807     0.992969       567400       142.22
      61.407     0.993750       567850       160.00
      63.103     0.994531       568298       182.86
      65.151     0.995313       568741       213.33
      67.647     0.996094       569194       256.00
      68.991     0.996484       569412       284.44
      70.335     0.996875       569635       320.00
      72.191     0.997266       569858       365.71
      74.367     0.997656       570084       426.67
      77.119     0.998047       570301       512.00
      78.719     0.998242       570417       568.89
      80.255     0.998437       570527       640.00
      82.495     0.998633       570638       731.43
      84.671     0.998828       570747       853.33
      88.063     0.999023       570858      1024.00
      89.855     0.999121       570914      1137.78
      91.647     0.999219       570971      1280.00
      94.207     0.999316       571027      1462.86
      96.831     0.999414       571084      1706.67
     100.223     0.999512       571137      2048.00
     101.759     0.999561       571165      2275.56
     103.999     0.999609       571193      2560.00
     107.135     0.999658       571222      2925.71
     110.655     0.999707       571249      3413.33
     115.839     0.999756       571277      4096.00
     118.079     0.999780       571291      4551.11
     120.831     0.999805       571305      5120.00
     124.607     0.999829       571320      5851.43
     131.071     0.999854       571333      6826.67
     138.239     0.999878       571347      8192.00
     148.095     0.999890       571354      9102.22
     155.391     0.999902       571361     10240.00
     169.599     0.999915       571368     11702.86
     185.855     0.999927       571375     13653.33
     204.543     0.999939       571382     16384.00
     219.263     0.999945       571385     18204.44
     223.487     0.999951       571389     20480.00
     226.559     0.999957       571392     23405.71
     229.503     0.999963       571396     27306.67
     236.927     0.999969       571399     32768.00
     241.023     0.999973       571401     36408.89
     242.175     0.999976       571403     40960.00
     242.815     0.999979       571404     46811.43
     245.631     0.999982       571406     54613.33
     248.959     0.999985       571408     65536.00
     250.111     0.999986       571409     72817.78
     252.543     0.999988       571410     81920.00
     252.543     0.999989       571410     93622.86
     252.799     0.999991       571411    109226.67
     259.711     0.999992       571412    131072.00
     261.887     0.999993       571413    145635.56
     261.887     0.999994       571413    163840.00
     261.887     0.999995       571413    187245.71
     291.583     0.999995       571414    218453.33
     291.583     0.999996       571414    262144.00
     295.423     0.999997       571415    291271.11
     295.423     0.999997       571415    327680.00
     295.423     0.999997       571415    374491.43
     295.423     0.999998       571415    436906.67
     295.423     0.999998       571415    524288.00
     308.223     0.999998       571416    582542.22
     308.223     1.000000       571416          inf
#[Mean    =       18.233, StdDeviation   =       10.066]
#[Max     =      307.968, Total count    =       571416]
#[Buckets =           27, SubBuckets     =         2048]
----------------------------------------------------------
  576196 requests in 20.00m, 6.86GB read
Requests/sec:    480.13
Transfer/sec:      5.86MB
