Running 20m test @ http://10.100.153.65:8080/wrk2-api/user-timeline/read
  16 threads and 32 connections
  Thread calibration: mean lat.: 26.922ms, rate sampling interval: 88ms
  Thread calibration: mean lat.: 33.419ms, rate sampling interval: 106ms
  Thread calibration: mean lat.: 36.266ms, rate sampling interval: 134ms
  Thread calibration: mean lat.: 27.989ms, rate sampling interval: 90ms
  Thread calibration: mean lat.: 29.124ms, rate sampling interval: 90ms
  Thread calibration: mean lat.: 27.795ms, rate sampling interval: 91ms
  Thread calibration: mean lat.: 30.984ms, rate sampling interval: 93ms
  Thread calibration: mean lat.: 28.423ms, rate sampling interval: 90ms
  Thread calibration: mean lat.: 29.942ms, rate sampling interval: 90ms
  Thread calibration: mean lat.: 29.265ms, rate sampling interval: 85ms
  Thread calibration: mean lat.: 32.315ms, rate sampling interval: 106ms
  Thread calibration: mean lat.: 29.185ms, rate sampling interval: 87ms
  Thread calibration: mean lat.: 33.831ms, rate sampling interval: 96ms
  Thread calibration: mean lat.: 31.491ms, rate sampling interval: 96ms
  Thread calibration: mean lat.: 28.989ms, rate sampling interval: 89ms
  Thread calibration: mean lat.: 30.601ms, rate sampling interval: 92ms
  Thread Stats   Avg      Stdev     99%   +/- Stdev
    Latency    27.26ms   12.50ms  72.57ms   80.67%
    Req/Sec    14.74     12.26    47.00     60.38%
  Latency Distribution (HdrHistogram - Recorded Latency)
 50.000%   24.16ms
 75.000%   31.68ms
 90.000%   42.43ms
 99.000%   72.57ms
 99.900%  108.80ms
 99.990%  160.51ms
 99.999%  275.20ms
100.000%  289.79ms

  Detailed Percentile spectrum:
       Value   Percentile   TotalCount 1/(1-Percentile)

       4.611     0.000000            1         1.00
      15.831     0.100000        28677         1.11
      18.271     0.200000        57281         1.25
      20.239     0.300000        86055         1.43
      22.111     0.400000       114520         1.67
      24.159     0.500000       143321         2.00
      25.295     0.550000       157548         2.22
      26.543     0.600000       171864         2.50
      27.983     0.650000       186149         2.86
      29.663     0.700000       200408         3.33
      31.679     0.750000       214706         4.00
      32.895     0.775000       221919         4.44
      34.271     0.800000       229094         5.00
      35.775     0.825000       236189         5.71
      37.599     0.850000       243378         6.67
      39.775     0.875000       250520         8.00
      41.055     0.887500       254117         8.89
      42.431     0.900000       257638        10.00
      44.095     0.912500       261250        11.43
      45.983     0.925000       264796        13.33
      48.223     0.937500       268396        16.00
      49.535     0.943750       270200        17.78
      51.007     0.950000       271975        20.00
      52.671     0.956250       273725        22.86
      54.559     0.962500       275516        26.67
      56.863     0.968750       277311        32.00
      58.271     0.971875       278205        35.56
      59.903     0.975000       279113        40.00
      61.663     0.978125       279990        45.71
      63.711     0.981250       280879        53.33
      66.303     0.984375       281779        64.00
      67.711     0.985938       282219        71.11
      69.567     0.987500       282676        80.00
      71.295     0.989062       283126        91.43
      73.471     0.990625       283560       106.67
      76.095     0.992188       284011       128.00
      77.567     0.992969       284234       142.22
      79.167     0.993750       284455       160.00
      80.831     0.994531       284683       182.86
      83.071     0.995313       284903       213.33
      85.951     0.996094       285131       256.00
      87.487     0.996484       285241       284.44
      89.791     0.996875       285350       320.00
      91.839     0.997266       285463       365.71
      94.335     0.997656       285575       426.67
      97.343     0.998047       285684       512.00
      99.647     0.998242       285740       568.89
     101.695     0.998437       285798       640.00
     103.743     0.998633       285854       731.43
     106.175     0.998828       285908       853.33
     109.311     0.999023       285964      1024.00
     110.911     0.999121       285992      1137.78
     113.663     0.999219       286020      1280.00
     115.775     0.999316       286048      1462.86
     118.655     0.999414       286078      1706.67
     122.687     0.999512       286105      2048.00
     125.951     0.999561       286118      2275.56
     128.959     0.999609       286132      2560.00
     131.455     0.999658       286146      2925.71
     135.551     0.999707       286160      3413.33
     138.367     0.999756       286174      4096.00
     143.103     0.999780       286181      4551.11
     146.303     0.999805       286189      5120.00
     148.095     0.999829       286195      5851.43
     151.679     0.999854       286202      6826.67
     155.775     0.999878       286209      8192.00
     158.463     0.999890       286212      9102.22
     162.047     0.999902       286216     10240.00
     166.015     0.999915       286219     11702.86
     171.135     0.999927       286223     13653.33
     175.231     0.999939       286226     16384.00
     188.671     0.999945       286228     18204.44
     196.991     0.999951       286230     20480.00
     198.655     0.999957       286231     23405.71
     226.431     0.999963       286233     27306.67
     233.855     0.999969       286235     32768.00
     235.263     0.999973       286236     36408.89
     249.855     0.999976       286237     40960.00
     249.855     0.999979       286237     46811.43
     259.327     0.999982       286238     54613.33
     262.911     0.999985       286239     65536.00
     275.199     0.999986       286240     72817.78
     275.199     0.999988       286240     81920.00
     275.199     0.999989       286240     93622.86
     279.551     0.999991       286241    109226.67
     279.551     0.999992       286241    131072.00
     284.671     0.999993       286242    145635.56
     284.671     0.999994       286242    163840.00
     284.671     0.999995       286242    187245.71
     284.671     0.999995       286242    218453.33
     284.671     0.999996       286242    262144.00
     289.791     0.999997       286243    291271.11
     289.791     1.000000       286243          inf
#[Mean    =       27.261, StdDeviation   =       12.497]
#[Max     =      289.536, Total count    =       286243]
#[Buckets =           27, SubBuckets     =         2048]
----------------------------------------------------------
  288655 requests in 20.00m, 3.61GB read
Requests/sec:    240.53
Transfer/sec:      3.08MB
