Running 20m test @ http://10.108.79.45:8080/wrk2-api/home-timeline/read
  16 threads and 32 connections
  Thread calibration: mean lat.: 27.967ms, rate sampling interval: 127ms
  Thread calibration: mean lat.: 26.377ms, rate sampling interval: 110ms
  Thread calibration: mean lat.: 33.007ms, rate sampling interval: 135ms
  Thread calibration: mean lat.: 40.074ms, rate sampling interval: 181ms
  Thread calibration: mean lat.: 47.274ms, rate sampling interval: 191ms
  Thread calibration: mean lat.: 27.534ms, rate sampling interval: 110ms
  Thread calibration: mean lat.: 39.168ms, rate sampling interval: 197ms
  Thread calibration: mean lat.: 50.204ms, rate sampling interval: 180ms
  Thread calibration: mean lat.: 61.001ms, rate sampling interval: 238ms
  Thread calibration: mean lat.: 56.998ms, rate sampling interval: 224ms
  Thread calibration: mean lat.: 42.336ms, rate sampling interval: 182ms
  Thread calibration: mean lat.: 76.775ms, rate sampling interval: 516ms
  Thread calibration: mean lat.: 53.231ms, rate sampling interval: 237ms
  Thread calibration: mean lat.: 33.190ms, rate sampling interval: 120ms
  Thread calibration: mean lat.: 30.977ms, rate sampling interval: 132ms
  Thread calibration: mean lat.: 36.963ms, rate sampling interval: 141ms
  Thread Stats   Avg      Stdev     99%   +/- Stdev
    Latency   216.89ms  951.09ms   5.78s    96.03%
    Req/Sec    36.67     15.27    78.00     72.01%
  Latency Distribution (HdrHistogram - Recorded Latency)
 50.000%   23.60ms
 75.000%   48.03ms
 90.000%  168.83ms
 99.000%    5.78s 
 99.900%   10.03s 
 99.990%   11.71s 
 99.999%   12.07s 
100.000%   12.17s 

  Detailed Percentile spectrum:
       Value   Percentile   TotalCount 1/(1-Percentile)

       0.550     0.000000            1         1.00
      10.999     0.100000        70598         1.11
      13.327     0.200000       141218         1.25
      15.983     0.300000       211709         1.43
      19.263     0.400000       282317         1.67
      23.599     0.500000       352699         2.00
      26.383     0.550000       387945         2.22
      29.775     0.600000       423192         2.50
      34.047     0.650000       458398         2.86
      39.807     0.700000       493715         3.33
      48.031     0.750000       528851         4.00
      53.759     0.775000       546567         4.44
      61.279     0.800000       564109         5.00
      71.807     0.825000       581731         5.71
      87.743     0.850000       599385         6.67
     114.431     0.875000       616986         8.00
     136.575     0.887500       625813         8.89
     168.831     0.900000       634634        10.00
     219.135     0.912500       643427        11.43
     305.663     0.925000       652251        13.33
     458.751     0.937500       661064        16.00
     583.167     0.943750       665457        17.78
     754.175     0.950000       669862        20.00
     978.431     0.956250       674270        22.86
    1296.383     0.962500       678679        26.67
    1759.231     0.968750       683082        32.00
    2039.807     0.971875       685285        35.56
    2390.015     0.975000       687490        40.00
    2807.807     0.978125       689696        45.71
    3327.999     0.981250       691895        53.33
    3983.359     0.984375       694101        64.00
    4423.679     0.985938       695201        71.11
    4952.063     0.987500       696304        80.00
    5455.871     0.989062       697403        91.43
    6008.831     0.990625       698510       106.67
    6635.519     0.992188       699607       128.00
    7004.159     0.992969       700163       142.22
    7327.743     0.993750       700712       160.00
    7708.671     0.994531       701265       182.86
    7970.815     0.995313       701818       213.33
    8265.727     0.996094       702363       256.00
    8421.375     0.996484       702651       284.44
    8577.023     0.996875       702916       320.00
    8814.591     0.997266       703192       365.71
    9125.887     0.997656       703463       426.67
    9363.455     0.998047       703740       512.00
    9510.911     0.998242       703879       568.89
    9633.791     0.998437       704022       640.00
    9764.863     0.998633       704152       731.43
    9895.935     0.998828       704291       853.33
   10043.391     0.999023       704429      1024.00
   10108.927     0.999121       704497      1137.78
   10248.191     0.999219       704567      1280.00
   10403.839     0.999316       704634      1462.86
   10764.287     0.999414       704703      1706.67
   10993.663     0.999512       704771      2048.00
   11141.119     0.999561       704807      2275.56
   11255.807     0.999609       704842      2560.00
   11378.687     0.999658       704875      2925.71
   11485.183     0.999707       704911      3413.33
   11534.335     0.999756       704943      4096.00
   11550.719     0.999780       704961      4551.11
   11575.295     0.999805       704983      5120.00
   11591.679     0.999829       704997      5851.43
   11616.255     0.999854       705012      6826.67
   11657.215     0.999878       705029      8192.00
   11681.791     0.999890       705038      9102.22
   11714.559     0.999902       705047     10240.00
   11771.903     0.999915       705056     11702.86
   11829.247     0.999927       705064     13653.33
   11870.207     0.999939       705072     16384.00
   11902.975     0.999945       705078     18204.44
   11911.167     0.999951       705081     20480.00
   11935.743     0.999957       705089     23405.71
   11943.935     0.999963       705093     27306.67
   11952.127     0.999969       705096     32768.00
   11952.127     0.999973       705096     36408.89
   11960.319     0.999976       705098     40960.00
   11968.511     0.999979       705100     46811.43
   11984.895     0.999982       705104     54613.33
   11993.087     0.999985       705105     65536.00
   12050.431     0.999986       705106     72817.78
   12058.623     0.999988       705107     81920.00
   12066.815     0.999989       705108     93622.86
   12083.199     0.999991       705109    109226.67
   12115.967     0.999992       705111    131072.00
   12115.967     0.999993       705111    145635.56
   12115.967     0.999994       705111    163840.00
   12124.159     0.999995       705112    187245.71
   12124.159     0.999995       705112    218453.33
   12132.351     0.999996       705113    262144.00
   12132.351     0.999997       705113    291271.11
   12132.351     0.999997       705113    327680.00
   12140.543     0.999997       705114    374491.43
   12140.543     0.999998       705114    436906.67
   12140.543     0.999998       705114    524288.00
   12140.543     0.999998       705114    582542.22
   12140.543     0.999998       705114    655360.00
   12165.119     0.999999       705115    748982.86
   12165.119     1.000000       705115          inf
#[Mean    =      216.888, StdDeviation   =      951.094]
#[Max     =    12156.928, Total count    =       705115]
#[Buckets =           27, SubBuckets     =         2048]
----------------------------------------------------------
  710977 requests in 20.00m, 8.50GB read
Requests/sec:    592.46
Transfer/sec:      7.25MB
