Running 20m test @ http://10.108.79.45:8080/wrk2-api/user-timeline/read
  16 threads and 32 connections
  Thread calibration: mean lat.: 54.099ms, rate sampling interval: 216ms
  Thread calibration: mean lat.: 52.736ms, rate sampling interval: 213ms
  Thread calibration: mean lat.: 55.646ms, rate sampling interval: 237ms
  Thread calibration: mean lat.: 44.203ms, rate sampling interval: 179ms
  Thread calibration: mean lat.: 51.324ms, rate sampling interval: 204ms
  Thread calibration: mean lat.: 58.254ms, rate sampling interval: 221ms
  Thread calibration: mean lat.: 54.133ms, rate sampling interval: 189ms
  Thread calibration: mean lat.: 44.011ms, rate sampling interval: 169ms
  Thread calibration: mean lat.: 32.588ms, rate sampling interval: 102ms
  Thread calibration: mean lat.: 60.721ms, rate sampling interval: 270ms
  Thread calibration: mean lat.: 50.931ms, rate sampling interval: 189ms
  Thread calibration: mean lat.: 81.187ms, rate sampling interval: 475ms
  Thread calibration: mean lat.: 48.718ms, rate sampling interval: 177ms
  Thread calibration: mean lat.: 68.794ms, rate sampling interval: 262ms
  Thread calibration: mean lat.: 49.253ms, rate sampling interval: 196ms
  Thread calibration: mean lat.: 36.576ms, rate sampling interval: 123ms
  Thread Stats   Avg      Stdev     99%   +/- Stdev
    Latency    79.24ms  209.39ms   1.00s    95.72%
    Req/Sec    17.61      9.71    45.00     74.92%
  Latency Distribution (HdrHistogram - Recorded Latency)
 50.000%   32.86ms
 75.000%   57.63ms
 90.000%  125.44ms
 99.000%    1.00s 
 99.900%    2.85s 
 99.990%    3.63s 
 99.999%    3.90s 
100.000%    3.95s 

  Detailed Percentile spectrum:
       Value   Percentile   TotalCount 1/(1-Percentile)

       2.011     0.000000            1         1.00
      17.583     0.100000        34507         1.11
      20.991     0.200000        68854         1.25
      24.207     0.300000       103190         1.43
      27.983     0.400000       137581         1.67
      32.863     0.500000       171982         2.00
      35.935     0.550000       189164         2.22
      39.583     0.600000       206450         2.50
      44.095     0.650000       223531         2.86
      49.887     0.700000       240750         3.33
      57.631     0.750000       257943         4.00
      62.623     0.775000       266523         4.44
      68.799     0.800000       275179         5.00
      76.671     0.825000       283721         5.71
      87.167     0.850000       292311         6.67
     102.463     0.875000       300918         8.00
     112.511     0.887500       305219         8.89
     125.439     0.900000       309498        10.00
     142.847     0.912500       313810        11.43
     165.887     0.925000       318110        13.33
     198.783     0.937500       322397        16.00
     220.927     0.943750       324550        17.78
     247.551     0.950000       326689        20.00
     282.623     0.956250       328844        22.86
     326.911     0.962500       330997        26.67
     385.791     0.968750       333136        32.00
     424.959     0.971875       334214        35.56
     473.855     0.975000       335291        40.00
     532.991     0.978125       336361        45.71
     608.255     0.981250       337435        53.33
     709.119     0.984375       338511        64.00
     773.631     0.985938       339051        71.11
     844.287     0.987500       339585        80.00
     933.887     0.989062       340124        91.43
    1051.647     0.990625       340663       106.67
    1209.343     0.992188       341197       128.00
    1305.599     0.992969       341466       142.22
    1410.047     0.993750       341733       160.00
    1504.255     0.994531       342005       182.86
    1612.799     0.995313       342272       213.33
    1755.135     0.996094       342539       256.00
    1840.127     0.996484       342674       284.44
    1953.791     0.996875       342808       320.00
    2093.055     0.997266       342943       365.71
    2279.423     0.997656       343078       426.67
    2463.743     0.998047       343211       512.00
    2543.615     0.998242       343278       568.89
    2629.631     0.998437       343348       640.00
    2715.647     0.998633       343412       731.43
    2793.471     0.998828       343481       853.33
    2859.007     0.999023       343547      1024.00
    2899.967     0.999121       343580      1137.78
    2945.023     0.999219       343615      1280.00
    2985.983     0.999316       343647      1462.86
    3086.335     0.999414       343681      1706.67
    3184.639     0.999512       343715      2048.00
    3268.607     0.999561       343731      2275.56
    3330.047     0.999609       343749      2560.00
    3358.719     0.999658       343765      2925.71
    3422.207     0.999707       343782      3413.33
    3477.503     0.999756       343799      4096.00
    3495.935     0.999780       343807      4551.11
    3530.751     0.999805       343815      5120.00
    3557.375     0.999829       343824      5851.43
    3594.239     0.999854       343833      6826.67
    3616.767     0.999878       343841      8192.00
    3622.911     0.999890       343846      9102.22
    3629.055     0.999902       343849     10240.00
    3641.343     0.999915       343853     11702.86
    3665.919     0.999927       343857     13653.33
    3737.599     0.999939       343862     16384.00
    3753.983     0.999945       343864     18204.44
    3770.367     0.999951       343866     20480.00
    3801.087     0.999957       343868     23405.71
    3817.471     0.999963       343870     27306.67
    3837.951     0.999969       343872     32768.00
    3842.047     0.999973       343873     36408.89
    3846.143     0.999976       343874     40960.00
    3858.431     0.999979       343876     46811.43
    3858.431     0.999982       343876     54613.33
    3880.959     0.999985       343877     65536.00
    3885.055     0.999986       343878     72817.78
    3885.055     0.999988       343878     81920.00
    3895.295     0.999989       343879     93622.86
    3895.295     0.999991       343879    109226.67
    3903.487     0.999992       343880    131072.00
    3903.487     0.999993       343880    145635.56
    3903.487     0.999994       343880    163840.00
    3926.015     0.999995       343881    187245.71
    3926.015     0.999995       343881    218453.33
    3926.015     0.999996       343881    262144.00
    3926.015     0.999997       343881    291271.11
    3926.015     0.999997       343881    327680.00
    3946.495     0.999997       343882    374491.43
    3946.495     1.000000       343882          inf
#[Mean    =       79.241, StdDeviation   =      209.386]
#[Max     =     3944.448, Total count    =       343882]
#[Buckets =           27, SubBuckets     =         2048]
----------------------------------------------------------
  346757 requests in 20.00m, 4.30GB read
Requests/sec:    288.94
Transfer/sec:      3.67MB
