Running 20m test @ http://10.103.40.11:8080/wrk2-api/post/compose
  16 threads and 32 connections
  Thread calibration: mean lat.: 19.340ms, rate sampling interval: 58ms
  Thread calibration: mean lat.: 19.068ms, rate sampling interval: 53ms
  Thread calibration: mean lat.: 20.231ms, rate sampling interval: 49ms
  Thread calibration: mean lat.: 19.587ms, rate sampling interval: 50ms
  Thread calibration: mean lat.: 19.187ms, rate sampling interval: 51ms
  Thread calibration: mean lat.: 20.446ms, rate sampling interval: 56ms
  Thread calibration: mean lat.: 19.600ms, rate sampling interval: 58ms
  Thread calibration: mean lat.: 19.430ms, rate sampling interval: 57ms
  Thread calibration: mean lat.: 19.057ms, rate sampling interval: 50ms
  Thread calibration: mean lat.: 18.555ms, rate sampling interval: 52ms
  Thread calibration: mean lat.: 19.458ms, rate sampling interval: 63ms
  Thread calibration: mean lat.: 18.165ms, rate sampling interval: 44ms
  Thread calibration: mean lat.: 21.049ms, rate sampling interval: 63ms
  Thread calibration: mean lat.: 21.211ms, rate sampling interval: 56ms
  Thread calibration: mean lat.: 19.140ms, rate sampling interval: 53ms
  Thread calibration: mean lat.: 18.449ms, rate sampling interval: 45ms
  Thread Stats   Avg      Stdev     99%   +/- Stdev
    Latency    19.90ms    8.99ms  46.88ms   91.06%
    Req/Sec     4.94      9.61    40.00     78.07%
  Latency Distribution (HdrHistogram - Recorded Latency)
 50.000%   17.68ms
 75.000%   21.74ms
 90.000%   28.08ms
 99.000%   46.88ms
 99.900%   71.17ms
 99.990%  239.62ms
 99.999%  727.55ms
100.000%    1.04s 

  Detailed Percentile spectrum:
       Value   Percentile   TotalCount 1/(1-Percentile)

      10.183     0.000000            1         1.00
      14.295     0.100000         9540         1.11
      15.063     0.200000        19153         1.25
      15.823     0.300000        28664         1.43
      16.671     0.400000        38245         1.67
      17.679     0.500000        47697         2.00
      18.255     0.550000        52402         2.22
      18.943     0.600000        57227         2.50
      19.711     0.650000        61960         2.86
      20.639     0.700000        66736         3.33
      21.743     0.750000        71490         4.00
      22.431     0.775000        73846         4.44
      23.183     0.800000        76243         5.00
      24.047     0.825000        78594         5.71
      25.103     0.850000        80997         6.67
      26.431     0.875000        83372         8.00
      27.183     0.887500        84557         8.89
      28.079     0.900000        85751        10.00
      29.071     0.912500        86931        11.43
      30.191     0.925000        88134        13.33
      31.551     0.937500        89307        16.00
      32.383     0.943750        89904        17.78
      33.311     0.950000        90513        20.00
      34.271     0.956250        91112        22.86
      35.487     0.962500        91705        26.67
      36.991     0.968750        92295        32.00
      37.791     0.971875        92591        35.56
      38.783     0.975000        92882        40.00
      39.871     0.978125        93182        45.71
      41.183     0.981250        93476        53.33
      42.847     0.984375        93777        64.00
      43.711     0.985938        93923        71.11
      44.703     0.987500        94072        80.00
      45.983     0.989062        94221        91.43
      47.487     0.990625        94368       106.67
      49.119     0.992188        94517       128.00
      49.919     0.992969        94594       142.22
      50.975     0.993750        94666       160.00
      52.127     0.994531        94741       182.86
      53.599     0.995313        94814       213.33
      55.295     0.996094        94889       256.00
      56.351     0.996484        94927       284.44
      57.919     0.996875        94963       320.00
      59.007     0.997266        95000       365.71
      60.959     0.997656        95037       426.67
      63.327     0.998047        95074       512.00
      64.543     0.998242        95093       568.89
      65.663     0.998437        95112       640.00
      67.391     0.998633        95132       731.43
      69.503     0.998828        95149       853.33
      71.295     0.999023        95168      1024.00
      72.767     0.999121        95177      1137.78
      74.175     0.999219        95186      1280.00
      79.167     0.999316        95195      1462.86
      84.095     0.999414        95205      1706.67
      88.703     0.999512        95214      2048.00
     101.439     0.999561        95219      2275.56
     105.599     0.999609        95223      2560.00
     159.743     0.999658        95228      2925.71
     218.495     0.999707        95233      3413.33
     221.183     0.999756        95237      4096.00
     222.463     0.999780        95240      4551.11
     223.359     0.999805        95242      5120.00
     225.919     0.999829        95244      5851.43
     231.935     0.999854        95247      6826.67
     235.519     0.999878        95249      8192.00
     239.615     0.999890        95250      9102.22
     239.871     0.999902        95251     10240.00
     240.255     0.999915        95252     11702.86
     244.735     0.999927        95254     13653.33
     251.263     0.999939        95255     16384.00
     251.263     0.999945        95255     18204.44
     251.647     0.999951        95256     20480.00
     251.647     0.999957        95256     23405.71
     255.615     0.999963        95257     27306.67
     638.463     0.999969        95258     32768.00
     638.463     0.999973        95258     36408.89
     638.463     0.999976        95258     40960.00
     638.463     0.999979        95258     46811.43
     727.551     0.999982        95259     54613.33
     727.551     0.999985        95259     65536.00
     727.551     0.999986        95259     72817.78
     727.551     0.999988        95259     81920.00
     727.551     0.999989        95259     93622.86
    1038.335     0.999991        95260    109226.67
    1038.335     1.000000        95260          inf
#[Mean    =       19.902, StdDeviation   =        8.990]
#[Max     =     1037.824, Total count    =        95260]
#[Buckets =           27, SubBuckets     =         2048]
----------------------------------------------------------
  96092 requests in 20.01m, 19.70MB read
  Socket errors: connect 0, read 0, write 0, timeout 132
Requests/sec:     80.06
Transfer/sec:     16.81KB
