Running 20m test @ http://10.103.40.11:8080/wrk2-api/home-timeline/read
  16 threads and 32 connections
  Thread calibration: mean lat.: 17.212ms, rate sampling interval: 56ms
  Thread calibration: mean lat.: 19.191ms, rate sampling interval: 62ms
  Thread calibration: mean lat.: 17.364ms, rate sampling interval: 59ms
  Thread calibration: mean lat.: 15.258ms, rate sampling interval: 47ms
  Thread calibration: mean lat.: 24.876ms, rate sampling interval: 82ms
  Thread calibration: mean lat.: 18.201ms, rate sampling interval: 58ms
  Thread calibration: mean lat.: 21.612ms, rate sampling interval: 75ms
  Thread calibration: mean lat.: 15.835ms, rate sampling interval: 55ms
  Thread calibration: mean lat.: 20.440ms, rate sampling interval: 64ms
  Thread calibration: mean lat.: 22.799ms, rate sampling interval: 82ms
  Thread calibration: mean lat.: 18.246ms, rate sampling interval: 65ms
  Thread calibration: mean lat.: 16.674ms, rate sampling interval: 55ms
  Thread calibration: mean lat.: 16.731ms, rate sampling interval: 56ms
  Thread calibration: mean lat.: 16.149ms, rate sampling interval: 51ms
  Thread calibration: mean lat.: 21.413ms, rate sampling interval: 70ms
  Thread calibration: mean lat.: 15.693ms, rate sampling interval: 51ms
  Thread Stats   Avg      Stdev     99%   +/- Stdev
    Latency    19.16ms   11.33ms  61.47ms   87.38%
    Req/Sec    29.88     21.77    90.00     67.45%
  Latency Distribution (HdrHistogram - Recorded Latency)
 50.000%   15.85ms
 75.000%   22.62ms
 90.000%   32.24ms
 99.000%   61.47ms
 99.900%  103.55ms
 99.990%  180.48ms
 99.999%  241.92ms
100.000%  269.82ms

  Detailed Percentile spectrum:
       Value   Percentile   TotalCount 1/(1-Percentile)

       2.295     0.000000            1         1.00
       9.983     0.100000        57311         1.11
      11.287     0.200000       114518         1.25
      12.631     0.300000       171615         1.43
      14.119     0.400000       228747         1.67
      15.855     0.500000       285736         2.00
      16.879     0.550000       314634         2.22
      17.999     0.600000       342932         2.50
      19.295     0.650000       371623         2.86
      20.815     0.700000       400045         3.33
      22.623     0.750000       428582         4.00
      23.695     0.775000       443032         4.44
      24.879     0.800000       457222         5.00
      26.255     0.825000       471493         5.71
      27.855     0.850000       485755         6.67
      29.791     0.875000       500064         8.00
      30.927     0.887500       507195         8.89
      32.239     0.900000       514326        10.00
      33.695     0.912500       521474        11.43
      35.423     0.925000       528604        13.33
      37.535     0.937500       535794        16.00
      38.719     0.943750       539286        17.78
      40.127     0.950000       542900        20.00
      41.727     0.956250       546448        22.86
      43.615     0.962500       550048        26.67
      45.887     0.968750       553579        32.00
      47.231     0.971875       555385        35.56
      48.703     0.975000       557154        40.00
      50.431     0.978125       558950        45.71
      52.511     0.981250       560719        53.33
      55.071     0.984375       562516        64.00
      56.511     0.985938       563398        71.11
      58.111     0.987500       564294        80.00
      60.063     0.989062       565177        91.43
      62.495     0.990625       566066       106.67
      65.279     0.992188       566967       128.00
      66.879     0.992969       567420       142.22
      68.671     0.993750       567861       160.00
      70.847     0.994531       568303       182.86
      73.407     0.995313       568752       213.33
      76.479     0.996094       569194       256.00
      78.399     0.996484       569418       284.44
      80.511     0.996875       569637       320.00
      82.751     0.997266       569863       365.71
      86.015     0.997656       570083       426.67
      89.599     0.998047       570310       512.00
      91.903     0.998242       570419       568.89
      94.207     0.998437       570530       640.00
      97.279     0.998633       570641       731.43
      99.839     0.998828       570753       853.33
     104.063     0.999023       570865      1024.00
     106.431     0.999121       570921      1137.78
     109.439     0.999219       570978      1280.00
     112.895     0.999316       571032      1462.86
     117.247     0.999414       571088      1706.67
     122.239     0.999512       571143      2048.00
     125.183     0.999561       571171      2275.56
     128.383     0.999609       571199      2560.00
     133.503     0.999658       571227      2925.71
     137.087     0.999707       571255      3413.33
     142.591     0.999756       571283      4096.00
     147.071     0.999780       571297      4551.11
     152.575     0.999805       571311      5120.00
     160.127     0.999829       571325      5851.43
     165.119     0.999854       571339      6826.67
     170.879     0.999878       571353      8192.00
     175.359     0.999890       571360      9102.22
     183.807     0.999902       571367     10240.00
     187.391     0.999915       571374     11702.86
     192.767     0.999927       571381     13653.33
     214.015     0.999939       571388     16384.00
     218.495     0.999945       571391     18204.44
     220.671     0.999951       571396     20480.00
     222.079     0.999957       571398     23405.71
     223.871     0.999963       571402     27306.67
     228.351     0.999969       571406     32768.00
     229.503     0.999973       571407     36408.89
     232.447     0.999976       571409     40960.00
     236.031     0.999979       571410     46811.43
     238.847     0.999982       571412     54613.33
     241.663     0.999985       571415     65536.00
     241.663     0.999986       571415     72817.78
     241.919     0.999988       571416     81920.00
     241.919     0.999989       571416     93622.86
     243.839     0.999991       571417    109226.67
     247.807     0.999992       571418    131072.00
     253.823     0.999993       571419    145635.56
     253.823     0.999994       571419    163840.00
     253.823     0.999995       571419    187245.71
     258.559     0.999995       571420    218453.33
     258.559     0.999996       571420    262144.00
     259.711     0.999997       571421    291271.11
     259.711     0.999997       571421    327680.00
     259.711     0.999997       571421    374491.43
     259.711     0.999998       571421    436906.67
     259.711     0.999998       571421    524288.00
     269.823     0.999998       571422    582542.22
     269.823     1.000000       571422          inf
#[Mean    =       19.160, StdDeviation   =       11.334]
#[Max     =      269.568, Total count    =       571422]
#[Buckets =           27, SubBuckets     =         2048]
----------------------------------------------------------
  576223 requests in 20.00m, 6.87GB read
Requests/sec:    480.15
Transfer/sec:      5.86MB
