Running 20m test @ http://10.103.40.11:8080/wrk2-api/user-timeline/read
  16 threads and 32 connections
  Thread calibration: mean lat.: 26.994ms, rate sampling interval: 80ms
  Thread calibration: mean lat.: 29.488ms, rate sampling interval: 104ms
  Thread calibration: mean lat.: 30.327ms, rate sampling interval: 97ms
  Thread calibration: mean lat.: 26.419ms, rate sampling interval: 84ms
  Thread calibration: mean lat.: 31.571ms, rate sampling interval: 102ms
  Thread calibration: mean lat.: 26.505ms, rate sampling interval: 76ms
  Thread calibration: mean lat.: 29.207ms, rate sampling interval: 85ms
  Thread calibration: mean lat.: 26.054ms, rate sampling interval: 78ms
  Thread calibration: mean lat.: 24.017ms, rate sampling interval: 68ms
  Thread calibration: mean lat.: 25.417ms, rate sampling interval: 79ms
  Thread calibration: mean lat.: 29.640ms, rate sampling interval: 95ms
  Thread calibration: mean lat.: 25.822ms, rate sampling interval: 76ms
  Thread calibration: mean lat.: 25.001ms, rate sampling interval: 69ms
  Thread calibration: mean lat.: 30.993ms, rate sampling interval: 86ms
  Thread calibration: mean lat.: 29.502ms, rate sampling interval: 91ms
  Thread calibration: mean lat.: 25.368ms, rate sampling interval: 77ms
  Thread Stats   Avg      Stdev     99%   +/- Stdev
    Latency    27.65ms   13.32ms  76.67ms   81.82%
    Req/Sec    14.72     13.04    52.00     57.51%
  Latency Distribution (HdrHistogram - Recorded Latency)
 50.000%   24.22ms
 75.000%   32.16ms
 90.000%   43.55ms
 99.000%   76.67ms
 99.900%  118.97ms
 99.990%  184.57ms
 99.999%  235.39ms
100.000%  263.68ms

  Detailed Percentile spectrum:
       Value   Percentile   TotalCount 1/(1-Percentile)

       5.135     0.000000            1         1.00
      15.743     0.100000        28655         1.11
      18.223     0.200000        57279         1.25
      20.223     0.300000        86059         1.43
      22.127     0.400000       114702         1.67
      24.223     0.500000       143276         2.00
      25.407     0.550000       157553         2.22
      26.719     0.600000       171752         2.50
      28.239     0.650000       186141         2.86
      30.031     0.700000       200476         3.33
      32.159     0.750000       214729         4.00
      33.439     0.775000       221876         4.44
      34.879     0.800000       229150         5.00
      36.479     0.825000       236199         5.71
      38.431     0.850000       243383         6.67
      40.735     0.875000       250485         8.00
      42.047     0.887500       254053         8.89
      43.551     0.900000       257619        10.00
      45.279     0.912500       261221        11.43
      47.263     0.925000       264813        13.33
      49.695     0.937500       268381        16.00
      51.103     0.943750       270170        17.78
      52.735     0.950000       271967        20.00
      54.559     0.956250       273730        22.86
      56.703     0.962500       275508        26.67
      59.263     0.968750       277301        32.00
      60.735     0.971875       278201        35.56
      62.399     0.975000       279094        40.00
      64.319     0.978125       279985        45.71
      66.623     0.981250       280880        53.33
      69.439     0.984375       281780        64.00
      71.167     0.985938       282229        71.11
      72.895     0.987500       282666        80.00
      75.199     0.989062       283122        91.43
      77.695     0.990625       283571       106.67
      80.511     0.992188       284007       128.00
      82.239     0.992969       284232       142.22
      84.607     0.993750       284454       160.00
      86.911     0.994531       284678       182.86
      89.663     0.995313       284902       213.33
      92.799     0.996094       285126       256.00
      94.719     0.996484       285237       284.44
      96.511     0.996875       285349       320.00
      99.071     0.997266       285460       365.71
     101.503     0.997656       285573       426.67
     104.767     0.998047       285683       512.00
     107.071     0.998242       285739       568.89
     109.311     0.998437       285796       640.00
     111.999     0.998633       285851       731.43
     115.199     0.998828       285908       853.33
     119.487     0.999023       285964      1024.00
     121.535     0.999121       285991      1137.78
     124.543     0.999219       286021      1280.00
     128.895     0.999316       286047      1462.86
     132.223     0.999414       286075      1706.67
     138.239     0.999512       286103      2048.00
     142.207     0.999561       286117      2275.56
     143.487     0.999609       286131      2560.00
     146.815     0.999658       286146      2925.71
     151.039     0.999707       286159      3413.33
     155.775     0.999756       286173      4096.00
     158.079     0.999780       286180      4551.11
     161.791     0.999805       286188      5120.00
     164.095     0.999829       286194      5851.43
     169.855     0.999854       286201      6826.67
     175.359     0.999878       286208      8192.00
     179.327     0.999890       286211      9102.22
     184.831     0.999902       286215     10240.00
     188.543     0.999915       286218     11702.86
     193.279     0.999927       286223     13653.33
     196.095     0.999939       286225     16384.00
     199.039     0.999945       286227     18204.44
     210.943     0.999951       286229     20480.00
     214.911     0.999957       286230     23405.71
     226.431     0.999963       286232     27306.67
     227.583     0.999969       286234     32768.00
     229.759     0.999973       286235     36408.89
     229.887     0.999976       286236     40960.00
     229.887     0.999979       286236     46811.43
     231.039     0.999982       286237     54613.33
     234.239     0.999985       286238     65536.00
     235.391     0.999986       286239     72817.78
     235.391     0.999988       286239     81920.00
     235.391     0.999989       286239     93622.86
     239.231     0.999991       286240    109226.67
     239.231     0.999992       286240    131072.00
     239.743     0.999993       286241    145635.56
     239.743     0.999994       286241    163840.00
     239.743     0.999995       286241    187245.71
     239.743     0.999995       286241    218453.33
     239.743     0.999996       286241    262144.00
     263.679     0.999997       286242    291271.11
     263.679     1.000000       286242          inf
#[Mean    =       27.645, StdDeviation   =       13.324]
#[Max     =      263.424, Total count    =       286242]
#[Buckets =           27, SubBuckets     =         2048]
----------------------------------------------------------
  288654 requests in 20.00m, 3.61GB read
Requests/sec:    240.53
Transfer/sec:      3.08MB
