Running 20m test @ http://10.106.159.43:8080/wrk2-api/post/compose
  16 threads and 32 connections
  Thread calibration: mean lat.: 20.701ms, rate sampling interval: 54ms
  Thread calibration: mean lat.: 17.252ms, rate sampling interval: 44ms
  Thread calibration: mean lat.: 17.446ms, rate sampling interval: 43ms
  Thread calibration: mean lat.: 18.829ms, rate sampling interval: 51ms
  Thread calibration: mean lat.: 17.828ms, rate sampling interval: 52ms
  Thread calibration: mean lat.: 18.192ms, rate sampling interval: 46ms
  Thread calibration: mean lat.: 18.471ms, rate sampling interval: 48ms
  Thread calibration: mean lat.: 20.117ms, rate sampling interval: 52ms
  Thread calibration: mean lat.: 18.150ms, rate sampling interval: 49ms
  Thread calibration: mean lat.: 19.830ms, rate sampling interval: 49ms
  Thread calibration: mean lat.: 19.244ms, rate sampling interval: 49ms
  Thread calibration: mean lat.: 16.937ms, rate sampling interval: 43ms
  Thread calibration: mean lat.: 18.812ms, rate sampling interval: 48ms
  Thread calibration: mean lat.: 23.288ms, rate sampling interval: 41ms
  Thread calibration: mean lat.: 17.550ms, rate sampling interval: 41ms
  Thread calibration: mean lat.: 17.324ms, rate sampling interval: 42ms
  Thread Stats   Avg      Stdev     99%   +/- Stdev
    Latency    18.77ms    6.89ms  39.29ms   91.13%
    Req/Sec     2.95      7.92    25.00     86.93%
  Latency Distribution (HdrHistogram - Recorded Latency)
 50.000%   17.07ms
 75.000%   20.29ms
 90.000%   25.04ms
 99.000%   39.29ms
 99.900%   57.69ms
 99.990%  229.12ms
 99.999%  242.30ms
100.000%  242.69ms

  Detailed Percentile spectrum:
       Value   Percentile   TotalCount 1/(1-Percentile)

      11.751     0.000000            1         1.00
      14.399     0.100000         5715         1.11
      15.039     0.200000        11386         1.25
      15.623     0.300000        17085         1.43
      16.271     0.400000        22819         1.67
      17.071     0.500000        28541         2.00
      17.535     0.550000        31344         2.22
      18.079     0.600000        34188         2.50
      18.703     0.650000        37057         2.86
      19.407     0.700000        39859         3.33
      20.287     0.750000        42701         4.00
      20.783     0.775000        44134         4.44
      21.375     0.800000        45546         5.00
      22.079     0.825000        46978         5.71
      22.831     0.850000        48373         6.67
      23.775     0.875000        49805         8.00
      24.367     0.887500        50511         8.89
      25.039     0.900000        51228        10.00
      25.727     0.912500        51934        11.43
      26.575     0.925000        52640        13.33
      27.599     0.937500        53354        16.00
      28.159     0.943750        53706        17.78
      28.799     0.950000        54060        20.00
      29.535     0.956250        54417        22.86
      30.399     0.962500        54773        26.67
      31.487     0.968750        55126        32.00
      32.191     0.971875        55305        35.56
      32.799     0.975000        55483        40.00
      33.695     0.978125        55664        45.71
      34.751     0.981250        55846        53.33
      35.999     0.984375        56018        64.00
      36.799     0.985938        56106        71.11
      37.631     0.987500        56193        80.00
      38.559     0.989062        56282        91.43
      39.871     0.990625        56371       106.67
      41.343     0.992188        56462       128.00
      41.919     0.992969        56505       142.22
      42.719     0.993750        56549       160.00
      43.679     0.994531        56593       182.86
      44.735     0.995313        56638       213.33
      46.079     0.996094        56682       256.00
      47.135     0.996484        56704       284.44
      47.775     0.996875        56729       320.00
      48.767     0.997266        56749       365.71
      49.759     0.997656        56772       426.67
      51.103     0.998047        56793       512.00
      51.519     0.998242        56804       568.89
      52.895     0.998437        56816       640.00
      54.015     0.998633        56828       731.43
      54.847     0.998828        56838       853.33
      57.823     0.999023        56849      1024.00
      58.943     0.999121        56854      1137.78
      60.383     0.999219        56860      1280.00
      63.167     0.999316        56866      1462.86
      73.407     0.999414        56871      1706.67
     153.855     0.999512        56877      2048.00
     172.287     0.999561        56879      2275.56
     214.783     0.999609        56882      2560.00
     220.927     0.999658        56885      2925.71
     223.231     0.999707        56888      3413.33
     225.407     0.999756        56891      4096.00
     226.431     0.999780        56892      4551.11
     226.815     0.999805        56893      5120.00
     227.711     0.999829        56895      5851.43
     227.967     0.999854        56896      6826.67
     229.119     0.999878        56898      8192.00
     229.119     0.999890        56898      9102.22
     231.167     0.999902        56899     10240.00
     232.319     0.999915        56900     11702.86
     232.319     0.999927        56900     13653.33
     233.727     0.999939        56901     16384.00
     233.727     0.999945        56901     18204.44
     241.663     0.999951        56902     20480.00
     241.663     0.999957        56902     23405.71
     241.663     0.999963        56902     27306.67
     242.303     0.999969        56903     32768.00
     242.303     0.999973        56903     36408.89
     242.303     0.999976        56903     40960.00
     242.303     0.999979        56903     46811.43
     242.303     0.999982        56903     54613.33
     242.687     0.999985        56904     65536.00
     242.687     1.000000        56904          inf
#[Mean    =       18.774, StdDeviation   =        6.886]
#[Max     =      242.560, Total count    =        56904]
#[Buckets =           27, SubBuckets     =         2048]
----------------------------------------------------------
  57428 requests in 20.00m, 11.78MB read
  Socket errors: connect 0, read 0, write 0, timeout 916
Requests/sec:     47.85
Transfer/sec:     10.05KB
