Running 20m test @ http://10.106.159.43:8080/wrk2-api/home-timeline/read
  16 threads and 32 connections
  Thread calibration: mean lat.: 13.485ms, rate sampling interval: 42ms
  Thread calibration: mean lat.: 13.452ms, rate sampling interval: 38ms
  Thread calibration: mean lat.: 13.776ms, rate sampling interval: 40ms
  Thread calibration: mean lat.: 13.353ms, rate sampling interval: 39ms
  Thread calibration: mean lat.: 14.998ms, rate sampling interval: 45ms
  Thread calibration: mean lat.: 14.430ms, rate sampling interval: 45ms
  Thread calibration: mean lat.: 15.072ms, rate sampling interval: 46ms
  Thread calibration: mean lat.: 16.486ms, rate sampling interval: 45ms
  Thread calibration: mean lat.: 15.472ms, rate sampling interval: 45ms
  Thread calibration: mean lat.: 14.527ms, rate sampling interval: 42ms
  Thread calibration: mean lat.: 15.403ms, rate sampling interval: 43ms
  Thread calibration: mean lat.: 13.825ms, rate sampling interval: 41ms
  Thread calibration: mean lat.: 13.863ms, rate sampling interval: 41ms
  Thread calibration: mean lat.: 15.608ms, rate sampling interval: 47ms
  Thread calibration: mean lat.: 14.777ms, rate sampling interval: 43ms
  Thread calibration: mean lat.: 19.019ms, rate sampling interval: 50ms
  Thread Stats   Avg      Stdev     99%   +/- Stdev
    Latency    15.23ms    6.95ms  38.27ms   85.65%
    Req/Sec    22.03     22.24    88.00     83.14%
  Latency Distribution (HdrHistogram - Recorded Latency)
 50.000%   13.50ms
 75.000%   17.60ms
 90.000%   23.17ms
 99.000%   38.27ms
 99.900%   56.54ms
 99.990%  221.70ms
 99.999%  250.49ms
100.000%  266.49ms

  Detailed Percentile spectrum:
       Value   Percentile   TotalCount 1/(1-Percentile)

       0.366     0.000000            1         1.00
       9.655     0.100000        42164         1.11
      10.575     0.200000        84016         1.25
      11.463     0.300000       126092         1.43
      12.415     0.400000       167868         1.67
      13.503     0.500000       209764         2.00
      14.127     0.550000       230871         2.22
      14.823     0.600000       251898         2.50
      15.607     0.650000       272769         2.86
      16.527     0.700000       293988         3.33
      17.599     0.750000       314852         4.00
      18.223     0.775000       325148         4.44
      18.927     0.800000       335619         5.00
      19.743     0.825000       346093         5.71
      20.687     0.850000       356685         6.67
      21.807     0.875000       367174         8.00
      22.447     0.887500       372384         8.89
      23.167     0.900000       377555        10.00
      24.015     0.912500       382807        11.43
      24.991     0.925000       388123        13.33
      26.143     0.937500       393329        16.00
      26.799     0.943750       395923        17.78
      27.551     0.950000       398530        20.00
      28.415     0.956250       401175        22.86
      29.423     0.962500       403781        26.67
      30.591     0.968750       406403        32.00
      31.295     0.971875       407715        35.56
      32.095     0.975000       409032        40.00
      32.991     0.978125       410353        45.71
      34.015     0.981250       411670        53.33
      35.231     0.984375       412953        64.00
      35.967     0.985938       413619        71.11
      36.735     0.987500       414263        80.00
      37.695     0.989062       414917        91.43
      38.751     0.990625       415574       106.67
      40.095     0.992188       416222       128.00
      40.863     0.992969       416550       142.22
      41.631     0.993750       416878       160.00
      42.559     0.994531       417211       182.86
      43.551     0.995313       417535       213.33
      44.959     0.996094       417864       256.00
      45.823     0.996484       418026       284.44
      46.847     0.996875       418191       320.00
      47.903     0.997266       418353       365.71
      48.991     0.997656       418520       426.67
      50.495     0.998047       418682       512.00
      51.551     0.998242       418765       568.89
      52.767     0.998437       418845       640.00
      54.015     0.998633       418927       731.43
      55.135     0.998828       419009       853.33
      56.735     0.999023       419090      1024.00
      57.919     0.999121       419132      1137.78
      59.103     0.999219       419172      1280.00
      60.863     0.999316       419213      1462.86
      63.071     0.999414       419254      1706.67
      65.855     0.999512       419295      2048.00
      67.839     0.999561       419316      2275.56
      69.951     0.999609       419336      2560.00
      73.599     0.999658       419356      2925.71
      80.191     0.999707       419377      3413.33
      91.455     0.999756       419397      4096.00
     110.463     0.999780       419407      4551.11
     128.639     0.999805       419419      5120.00
     142.207     0.999829       419428      5851.43
     176.767     0.999854       419438      6826.67
     186.239     0.999878       419448      8192.00
     216.703     0.999890       419453      9102.22
     221.695     0.999902       419459     10240.00
     224.383     0.999915       419464     11702.86
     227.199     0.999927       419469     13653.33
     228.095     0.999939       419474     16384.00
     228.607     0.999945       419477     18204.44
     228.863     0.999951       419479     20480.00
     232.575     0.999957       419483     23405.71
     233.087     0.999963       419484     27306.67
     238.975     0.999969       419487     32768.00
     239.487     0.999973       419488     36408.89
     240.511     0.999976       419489     40960.00
     246.783     0.999979       419491     46811.43
     247.039     0.999982       419492     54613.33
     248.575     0.999985       419493     65536.00
     250.239     0.999986       419494     72817.78
     250.239     0.999988       419494     81920.00
     250.495     0.999989       419495     93622.86
     253.823     0.999991       419496    109226.67
     253.823     0.999992       419496    131072.00
     254.335     0.999993       419497    145635.56
     254.335     0.999994       419497    163840.00
     254.335     0.999995       419497    187245.71
     255.231     0.999995       419498    218453.33
     255.231     0.999996       419498    262144.00
     255.231     0.999997       419498    291271.11
     255.231     0.999997       419498    327680.00
     255.231     0.999997       419498    374491.43
     266.495     0.999998       419499    436906.67
     266.495     1.000000       419499          inf
#[Mean    =       15.235, StdDeviation   =        6.955]
#[Max     =      266.240, Total count    =       419499]
#[Buckets =           27, SubBuckets     =         2048]
----------------------------------------------------------
  423023 requests in 20.00m, 4.95GB read
Requests/sec:    352.50
Transfer/sec:      4.23MB
