Running 20m test @ http://10.106.159.43:8080/wrk2-api/user-timeline/read
  16 threads and 32 connections
  Thread calibration: mean lat.: 26.274ms, rate sampling interval: 76ms
  Thread calibration: mean lat.: 22.512ms, rate sampling interval: 61ms
  Thread calibration: mean lat.: 23.877ms, rate sampling interval: 68ms
  Thread calibration: mean lat.: 23.262ms, rate sampling interval: 64ms
  Thread calibration: mean lat.: 23.460ms, rate sampling interval: 66ms
  Thread calibration: mean lat.: 23.364ms, rate sampling interval: 65ms
  Thread calibration: mean lat.: 23.433ms, rate sampling interval: 65ms
  Thread calibration: mean lat.: 24.503ms, rate sampling interval: 77ms
  Thread calibration: mean lat.: 25.007ms, rate sampling interval: 72ms
  Thread calibration: mean lat.: 22.252ms, rate sampling interval: 61ms
  Thread calibration: mean lat.: 22.609ms, rate sampling interval: 60ms
  Thread calibration: mean lat.: 23.659ms, rate sampling interval: 70ms
  Thread calibration: mean lat.: 22.687ms, rate sampling interval: 62ms
  Thread calibration: mean lat.: 23.430ms, rate sampling interval: 66ms
  Thread calibration: mean lat.: 24.192ms, rate sampling interval: 72ms
  Thread calibration: mean lat.: 25.657ms, rate sampling interval: 72ms
  Thread Stats   Avg      Stdev     99%   +/- Stdev
    Latency    24.06ms    8.82ms  54.88ms   78.29%
    Req/Sec    10.83     12.51    49.00     83.19%
  Latency Distribution (HdrHistogram - Recorded Latency)
 50.000%   22.27ms
 75.000%   27.41ms
 90.000%   34.72ms
 99.000%   54.88ms
 99.900%   76.16ms
 99.990%  111.87ms
 99.999%  247.68ms
100.000%  259.71ms

  Detailed Percentile spectrum:
       Value   Percentile   TotalCount 1/(1-Percentile)

       3.275     0.000000            1         1.00
      15.455     0.100000        21006         1.11
      17.679     0.200000        41943         1.25
      19.343     0.300000        62965         1.43
      20.799     0.400000        83979         1.67
      22.271     0.500000       104910         2.00
      23.071     0.550000       115318         2.22
      23.967     0.600000       125947         2.50
      24.959     0.650000       136434         2.86
      26.063     0.700000       146836         3.33
      27.407     0.750000       157313         4.00
      28.191     0.775000       162496         4.44
      29.103     0.800000       167736         5.00
      30.143     0.825000       173020         5.71
      31.359     0.850000       178256         6.67
      32.863     0.875000       183549         8.00
      33.727     0.887500       186097         8.89
      34.719     0.900000       188764        10.00
      35.839     0.912500       191366        11.43
      37.183     0.925000       193982        13.33
      38.751     0.937500       196585        16.00
      39.647     0.943750       197907        17.78
      40.639     0.950000       199182        20.00
      41.823     0.956250       200519        22.86
      43.167     0.962500       201824        26.67
      44.863     0.968750       203125        32.00
      45.791     0.971875       203784        35.56
      46.879     0.975000       204436        40.00
      48.031     0.978125       205093        45.71
      49.311     0.981250       205731        53.33
      50.975     0.984375       206389        64.00
      51.903     0.985938       206714        71.11
      52.895     0.987500       207045        80.00
      54.079     0.989062       207373        91.43
      55.391     0.990625       207700       106.67
      56.927     0.992188       208031       128.00
      57.727     0.992969       208189       142.22
      58.719     0.993750       208352       160.00
      59.839     0.994531       208519       182.86
      61.151     0.995313       208680       213.33
      63.103     0.996094       208846       256.00
      63.903     0.996484       208926       284.44
      65.183     0.996875       209008       320.00
      66.623     0.997266       209089       365.71
      68.031     0.997656       209173       426.67
      69.567     0.998047       209254       512.00
      70.783     0.998242       209294       568.89
      72.127     0.998437       209336       640.00
      73.215     0.998633       209376       731.43
      74.495     0.998828       209418       853.33
      76.287     0.999023       209458      1024.00
      77.119     0.999121       209478      1137.78
      78.655     0.999219       209499      1280.00
      79.871     0.999316       209519      1462.86
      81.535     0.999414       209540      1706.67
      83.647     0.999512       209560      2048.00
      84.671     0.999561       209570      2275.56
      85.759     0.999609       209581      2560.00
      87.359     0.999658       209591      2925.71
      88.831     0.999707       209601      3413.33
      91.391     0.999756       209611      4096.00
      92.031     0.999780       209616      4551.11
      93.311     0.999805       209622      5120.00
      96.255     0.999829       209627      5851.43
      99.903     0.999854       209632      6826.67
     107.135     0.999878       209637      8192.00
     110.527     0.999890       209639      9102.22
     113.215     0.999902       209642     10240.00
     120.063     0.999915       209645     11702.86
     138.239     0.999927       209647     13653.33
     170.879     0.999939       209650     16384.00
     191.871     0.999945       209651     18204.44
     203.519     0.999951       209652     20480.00
     219.263     0.999957       209654     23405.71
     219.647     0.999963       209655     27306.67
     223.871     0.999969       209656     32768.00
     223.999     0.999973       209657     36408.89
     223.999     0.999976       209657     40960.00
     225.919     0.999979       209658     46811.43
     231.423     0.999982       209659     54613.33
     231.423     0.999985       209659     65536.00
     247.679     0.999986       209660     72817.78
     247.679     0.999988       209660     81920.00
     247.679     0.999989       209660     93622.86
     253.951     0.999991       209661    109226.67
     253.951     0.999992       209661    131072.00
     253.951     0.999993       209661    145635.56
     253.951     0.999994       209661    163840.00
     253.951     0.999995       209661    187245.71
     259.711     0.999995       209662    218453.33
     259.711     1.000000       209662          inf
#[Mean    =       24.063, StdDeviation   =        8.818]
#[Max     =      259.584, Total count    =       209662]
#[Buckets =           27, SubBuckets     =         2048]
----------------------------------------------------------
  211439 requests in 20.00m, 2.72GB read
Requests/sec:    176.19
Transfer/sec:      2.32MB
