Running 20m test @ http://10.103.231.202:8080/wrk2-api/post/compose
  16 threads and 32 connections
  Thread calibration: mean lat.: 20.731ms, rate sampling interval: 66ms
  Thread calibration: mean lat.: 19.067ms, rate sampling interval: 55ms
  Thread calibration: mean lat.: 20.108ms, rate sampling interval: 57ms
  Thread calibration: mean lat.: 20.673ms, rate sampling interval: 56ms
  Thread calibration: mean lat.: 17.815ms, rate sampling interval: 43ms
  Thread calibration: mean lat.: 20.318ms, rate sampling interval: 55ms
  Thread calibration: mean lat.: 21.651ms, rate sampling interval: 56ms
  Thread calibration: mean lat.: 19.505ms, rate sampling interval: 62ms
  Thread calibration: mean lat.: 25.588ms, rate sampling interval: 81ms
  Thread calibration: mean lat.: 21.542ms, rate sampling interval: 60ms
  Thread calibration: mean lat.: 21.728ms, rate sampling interval: 64ms
  Thread calibration: mean lat.: 20.005ms, rate sampling interval: 53ms
  Thread calibration: mean lat.: 18.487ms, rate sampling interval: 51ms
  Thread calibration: mean lat.: 19.233ms, rate sampling interval: 52ms
  Thread calibration: mean lat.: 19.923ms, rate sampling interval: 57ms
  Thread calibration: mean lat.: 19.325ms, rate sampling interval: 53ms
  Thread Stats   Avg      Stdev     99%   +/- Stdev
    Latency    19.99ms    7.59ms  46.65ms   88.85%
    Req/Sec     4.93      9.30    37.00     78.98%
  Latency Distribution (HdrHistogram - Recorded Latency)
 50.000%   17.77ms
 75.000%   21.97ms
 90.000%   28.27ms
 99.000%   46.65ms
 99.900%   68.93ms
 99.990%  227.84ms
 99.999%  249.98ms
100.000%  250.62ms

  Detailed Percentile spectrum:
       Value   Percentile   TotalCount 1/(1-Percentile)

       7.271     0.000000            1         1.00
      14.375     0.100000         9594         1.11
      15.135     0.200000        19066         1.25
      15.895     0.300000        28606         1.43
      16.767     0.400000        38207         1.67
      17.775     0.500000        47751         2.00
      18.383     0.550000        52458         2.22
      19.055     0.600000        57177         2.50
      19.855     0.650000        61926         2.86
      20.799     0.700000        66711         3.33
      21.967     0.750000        71522         4.00
      22.639     0.775000        73830         4.44
      23.423     0.800000        76219         5.00
      24.319     0.825000        78619         5.71
      25.391     0.850000        81003         6.67
      26.687     0.875000        83353         8.00
      27.439     0.887500        84555         8.89
      28.271     0.900000        85748        10.00
      29.231     0.912500        86927        11.43
      30.431     0.925000        88126        13.33
      31.727     0.937500        89311        16.00
      32.543     0.943750        89902        17.78
      33.503     0.950000        90504        20.00
      34.495     0.956250        91114        22.86
      35.679     0.962500        91702        26.67
      36.991     0.968750        92296        32.00
      37.791     0.971875        92587        35.56
      38.751     0.975000        92885        40.00
      39.839     0.978125        93177        45.71
      41.055     0.981250        93474        53.33
      42.687     0.984375        93774        64.00
      43.583     0.985938        93922        71.11
      44.543     0.987500        94072        80.00
      45.791     0.989062        94220        91.43
      47.103     0.990625        94367       106.67
      48.671     0.992188        94518       128.00
      49.567     0.992969        94591       142.22
      50.783     0.993750        94667       160.00
      51.807     0.994531        94740       182.86
      53.151     0.995313        94814       213.33
      55.103     0.996094        94889       256.00
      55.967     0.996484        94928       284.44
      57.151     0.996875        94963       320.00
      58.527     0.997266        95000       365.71
      59.903     0.997656        95037       426.67
      61.823     0.998047        95074       512.00
      62.591     0.998242        95093       568.89
      64.095     0.998437        95112       640.00
      65.023     0.998633        95130       731.43
      67.519     0.998828        95149       853.33
      68.991     0.999023        95167      1024.00
      69.887     0.999121        95178      1137.78
      71.551     0.999219        95187      1280.00
      74.687     0.999316        95195      1462.86
      80.959     0.999414        95205      1706.67
      85.119     0.999512        95214      2048.00
      87.039     0.999561        95219      2275.56
      90.111     0.999609        95223      2560.00
     100.159     0.999658        95228      2925.71
     117.183     0.999707        95233      3413.33
     150.015     0.999756        95237      4096.00
     201.215     0.999780        95240      4551.11
     217.215     0.999805        95242      5120.00
     218.239     0.999829        95244      5851.43
     224.895     0.999854        95247      6826.67
     227.455     0.999878        95249      8192.00
     227.839     0.999890        95250      9102.22
     228.095     0.999902        95251     10240.00
     232.319     0.999915        95252     11702.86
     233.727     0.999927        95254     13653.33
     233.855     0.999939        95255     16384.00
     233.855     0.999945        95255     18204.44
     234.495     0.999951        95256     20480.00
     234.495     0.999957        95256     23405.71
     241.151     0.999963        95257     27306.67
     247.551     0.999969        95258     32768.00
     247.551     0.999973        95258     36408.89
     247.551     0.999976        95258     40960.00
     247.551     0.999979        95258     46811.43
     249.983     0.999982        95259     54613.33
     249.983     0.999985        95259     65536.00
     249.983     0.999986        95259     72817.78
     249.983     0.999988        95259     81920.00
     249.983     0.999989        95259     93622.86
     250.623     0.999991        95260    109226.67
     250.623     1.000000        95260          inf
#[Mean    =       19.986, StdDeviation   =        7.594]
#[Max     =      250.496, Total count    =        95260]
#[Buckets =           27, SubBuckets     =         2048]
----------------------------------------------------------
  96094 requests in 20.00m, 19.70MB read
  Socket errors: connect 0, read 0, write 0, timeout 134
Requests/sec:     80.07
Transfer/sec:     16.81KB
