Running 20m test @ http://10.103.231.202:8080/wrk2-api/home-timeline/read
  16 threads and 32 connections
  Thread calibration: mean lat.: 19.123ms, rate sampling interval: 64ms
  Thread calibration: mean lat.: 17.440ms, rate sampling interval: 59ms
  Thread calibration: mean lat.: 22.760ms, rate sampling interval: 79ms
  Thread calibration: mean lat.: 18.883ms, rate sampling interval: 67ms
  Thread calibration: mean lat.: 23.090ms, rate sampling interval: 76ms
  Thread calibration: mean lat.: 17.289ms, rate sampling interval: 54ms
  Thread calibration: mean lat.: 17.720ms, rate sampling interval: 58ms
  Thread calibration: mean lat.: 19.928ms, rate sampling interval: 69ms
  Thread calibration: mean lat.: 20.356ms, rate sampling interval: 68ms
  Thread calibration: mean lat.: 19.377ms, rate sampling interval: 62ms
  Thread calibration: mean lat.: 16.119ms, rate sampling interval: 50ms
  Thread calibration: mean lat.: 18.980ms, rate sampling interval: 63ms
  Thread calibration: mean lat.: 23.843ms, rate sampling interval: 80ms
  Thread calibration: mean lat.: 16.680ms, rate sampling interval: 56ms
  Thread calibration: mean lat.: 18.974ms, rate sampling interval: 63ms
  Thread calibration: mean lat.: 17.877ms, rate sampling interval: 58ms
  Thread Stats   Avg      Stdev     99%   +/- Stdev
    Latency    19.34ms   11.11ms  60.35ms   86.49%
    Req/Sec    29.81     21.32    88.00     71.55%
  Latency Distribution (HdrHistogram - Recorded Latency)
 50.000%   16.14ms
 75.000%   22.98ms
 90.000%   32.49ms
 99.000%   60.35ms
 99.900%   97.98ms
 99.990%  167.17ms
 99.999%  232.32ms
100.000%  259.07ms

  Detailed Percentile spectrum:
       Value   Percentile   TotalCount 1/(1-Percentile)

       0.097     0.000000            1         1.00
      10.079     0.100000        57221         1.11
      11.447     0.200000       114421         1.25
      12.823     0.300000       171662         1.43
      14.351     0.400000       228667         1.67
      16.135     0.500000       285930         2.00
      17.151     0.550000       314439         2.22
      18.287     0.600000       342913         2.50
      19.599     0.650000       371505         2.86
      21.135     0.700000       400165         3.33
      22.975     0.750000       428688         4.00
      24.047     0.775000       443028         4.44
      25.247     0.800000       457203         5.00
      26.607     0.825000       471479         5.71
      28.191     0.850000       485759         6.67
      30.095     0.875000       500005         8.00
      31.215     0.887500       507140         8.89
      32.495     0.900000       514334        10.00
      33.951     0.912500       521508        11.43
      35.647     0.925000       528600        13.33
      37.663     0.937500       535802        16.00
      38.847     0.943750       539290        17.78
      40.159     0.950000       542911        20.00
      41.695     0.956250       546434        22.86
      43.519     0.962500       550045        26.67
      45.695     0.968750       553565        32.00
      47.039     0.971875       555390        35.56
      48.479     0.975000       557157        40.00
      50.143     0.978125       558925        45.71
      51.999     0.981250       560716        53.33
      54.335     0.984375       562514        64.00
      55.679     0.985938       563391        71.11
      57.151     0.987500       564290        80.00
      59.007     0.989062       565172        91.43
      61.279     0.990625       566073       106.67
      63.839     0.992188       566957       128.00
      65.375     0.992969       567404       142.22
      67.135     0.993750       567855       160.00
      69.119     0.994531       568303       182.86
      71.487     0.995313       568743       213.33
      74.175     0.996094       569189       256.00
      75.839     0.996484       569416       284.44
      77.759     0.996875       569643       320.00
      79.807     0.997266       569863       365.71
      82.367     0.997656       570084       426.67
      85.439     0.998047       570307       512.00
      87.423     0.998242       570417       568.89
      89.407     0.998437       570529       640.00
      92.351     0.998633       570645       731.43
      95.039     0.998828       570752       853.33
      98.495     0.999023       570865      1024.00
     100.543     0.999121       570919      1137.78
     103.231     0.999219       570976      1280.00
     106.239     0.999316       571032      1462.86
     109.503     0.999414       571088      1706.67
     113.215     0.999512       571143      2048.00
     115.711     0.999561       571170      2275.56
     118.911     0.999609       571199      2560.00
     122.815     0.999658       571226      2925.71
     129.535     0.999707       571254      3413.33
     134.399     0.999756       571284      4096.00
     136.575     0.999780       571296      4551.11
     141.439     0.999805       571310      5120.00
     147.711     0.999829       571324      5851.43
     152.191     0.999854       571338      6826.67
     156.927     0.999878       571352      8192.00
     165.119     0.999890       571359      9102.22
     168.063     0.999902       571366     10240.00
     173.055     0.999915       571373     11702.86
     182.143     0.999927       571380     13653.33
     190.847     0.999939       571387     16384.00
     194.303     0.999945       571390     18204.44
     202.367     0.999951       571394     20480.00
     209.151     0.999957       571397     23405.71
     217.727     0.999963       571402     27306.67
     218.495     0.999969       571404     32768.00
     218.879     0.999973       571406     36408.89
     221.183     0.999976       571408     40960.00
     222.463     0.999979       571409     46811.43
     225.151     0.999982       571411     54613.33
     229.887     0.999985       571413     65536.00
     231.423     0.999986       571414     72817.78
     232.319     0.999988       571415     81920.00
     232.319     0.999989       571415     93622.86
     234.111     0.999991       571416    109226.67
     238.463     0.999992       571417    131072.00
     239.231     0.999993       571418    145635.56
     239.231     0.999994       571418    163840.00
     239.231     0.999995       571418    187245.71
     242.559     0.999995       571419    218453.33
     242.559     0.999996       571419    262144.00
     257.535     0.999997       571420    291271.11
     257.535     0.999997       571420    327680.00
     257.535     0.999997       571420    374491.43
     257.535     0.999998       571420    436906.67
     257.535     0.999998       571420    524288.00
     259.071     0.999998       571421    582542.22
     259.071     1.000000       571421          inf
#[Mean    =       19.339, StdDeviation   =       11.105]
#[Max     =      258.944, Total count    =       571421]
#[Buckets =           27, SubBuckets     =         2048]
----------------------------------------------------------
  576222 requests in 20.00m, 6.85GB read
Requests/sec:    480.15
Transfer/sec:      5.85MB
