Running 20m test @ http://10.103.231.202:8080/wrk2-api/user-timeline/read
  16 threads and 32 connections
  Thread calibration: mean lat.: 25.944ms, rate sampling interval: 73ms
  Thread calibration: mean lat.: 33.502ms, rate sampling interval: 111ms
  Thread calibration: mean lat.: 30.700ms, rate sampling interval: 97ms
  Thread calibration: mean lat.: 26.648ms, rate sampling interval: 85ms
  Thread calibration: mean lat.: 28.406ms, rate sampling interval: 84ms
  Thread calibration: mean lat.: 26.737ms, rate sampling interval: 80ms
  Thread calibration: mean lat.: 26.908ms, rate sampling interval: 79ms
  Thread calibration: mean lat.: 30.412ms, rate sampling interval: 97ms
  Thread calibration: mean lat.: 24.419ms, rate sampling interval: 72ms
  Thread calibration: mean lat.: 26.719ms, rate sampling interval: 78ms
  Thread calibration: mean lat.: 25.668ms, rate sampling interval: 74ms
  Thread calibration: mean lat.: 27.012ms, rate sampling interval: 90ms
  Thread calibration: mean lat.: 29.068ms, rate sampling interval: 94ms
  Thread calibration: mean lat.: 26.869ms, rate sampling interval: 82ms
  Thread calibration: mean lat.: 27.181ms, rate sampling interval: 84ms
  Thread calibration: mean lat.: 26.448ms, rate sampling interval: 86ms
  Thread Stats   Avg      Stdev     99%   +/- Stdev
    Latency    26.14ms   11.68ms  68.74ms   80.19%
    Req/Sec    14.75     12.97    51.00     59.77%
  Latency Distribution (HdrHistogram - Recorded Latency)
 50.000%   23.22ms
 75.000%   30.24ms
 90.000%   40.45ms
 99.000%   68.74ms
 99.900%  100.10ms
 99.990%  132.48ms
 99.999%  164.74ms
100.000%  244.74ms

  Detailed Percentile spectrum:
       Value   Percentile   TotalCount 1/(1-Percentile)

       5.163     0.000000            1         1.00
      15.351     0.100000        28654         1.11
      17.727     0.200000        57392         1.25
      19.583     0.300000        85886         1.43
      21.359     0.400000       114603         1.67
      23.215     0.500000       143169         2.00
      24.271     0.550000       157487         2.22
      25.455     0.600000       171937         2.50
      26.783     0.650000       186146         2.86
      28.367     0.700000       200499         3.33
      30.239     0.750000       214705         4.00
      31.375     0.775000       221908         4.44
      32.639     0.800000       229061         5.00
      34.111     0.825000       236246         5.71
      35.871     0.850000       243427         6.67
      37.919     0.875000       250525         8.00
      39.135     0.887500       254111         8.89
      40.447     0.900000       257628        10.00
      42.015     0.912500       261231        11.43
      43.839     0.925000       264779        13.33
      46.015     0.937500       268396        16.00
      47.231     0.943750       270145        17.78
      48.671     0.950000       271960        20.00
      50.303     0.956250       273723        22.86
      52.159     0.962500       275513        26.67
      54.431     0.968750       277300        32.00
      55.775     0.971875       278198        35.56
      57.279     0.975000       279084        40.00
      58.975     0.978125       279983        45.71
      60.959     0.981250       280875        53.33
      63.167     0.984375       281775        64.00
      64.543     0.985938       282225        71.11
      65.983     0.987500       282673        80.00
      67.711     0.989062       283119        91.43
      69.695     0.990625       283571       106.67
      71.999     0.992188       284013       128.00
      73.343     0.992969       284233       142.22
      74.943     0.993750       284455       160.00
      76.799     0.994531       284676       182.86
      78.975     0.995313       284905       213.33
      81.279     0.996094       285124       256.00
      82.751     0.996484       285234       284.44
      84.671     0.996875       285347       320.00
      86.655     0.997266       285463       365.71
      88.703     0.997656       285570       426.67
      91.583     0.998047       285683       512.00
      92.991     0.998242       285738       568.89
      94.335     0.998437       285795       640.00
      95.999     0.998633       285851       731.43
      97.983     0.998828       285905       853.33
     100.479     0.999023       285962      1024.00
     102.399     0.999121       285989      1137.78
     104.575     0.999219       286019      1280.00
     106.175     0.999316       286045      1462.86
     108.095     0.999414       286073      1706.67
     110.207     0.999512       286102      2048.00
     111.551     0.999561       286115      2275.56
     113.023     0.999609       286129      2560.00
     114.303     0.999658       286143      2925.71
     116.031     0.999707       286157      3413.33
     119.103     0.999756       286171      4096.00
     120.127     0.999780       286178      4551.11
     121.727     0.999805       286185      5120.00
     123.647     0.999829       286192      5851.43
     126.399     0.999854       286199      6826.67
     129.471     0.999878       286206      8192.00
     130.111     0.999890       286209      9102.22
     133.631     0.999902       286213     10240.00
     134.655     0.999915       286216     11702.86
     139.263     0.999927       286220     13653.33
     141.055     0.999939       286224     16384.00
     142.079     0.999945       286225     18204.44
     144.767     0.999951       286227     20480.00
     146.687     0.999957       286228     23405.71
     150.399     0.999963       286230     27306.67
     153.727     0.999969       286232     32768.00
     161.023     0.999973       286233     36408.89
     161.151     0.999976       286234     40960.00
     161.151     0.999979       286234     46811.43
     162.943     0.999982       286235     54613.33
     164.479     0.999985       286236     65536.00
     164.735     0.999986       286237     72817.78
     164.735     0.999988       286237     81920.00
     164.735     0.999989       286237     93622.86
     184.575     0.999991       286238    109226.67
     184.575     0.999992       286238    131072.00
     189.695     0.999993       286239    145635.56
     189.695     0.999994       286239    163840.00
     189.695     0.999995       286239    187245.71
     189.695     0.999995       286239    218453.33
     189.695     0.999996       286239    262144.00
     244.735     0.999997       286240    291271.11
     244.735     1.000000       286240          inf
#[Mean    =       26.140, StdDeviation   =       11.676]
#[Max     =      244.608, Total count    =       286240]
#[Buckets =           27, SubBuckets     =         2048]
----------------------------------------------------------
  288656 requests in 20.00m, 3.61GB read
Requests/sec:    240.53
Transfer/sec:      3.08MB
