Running 20m test @ http://10.103.99.109:8080/wrk2-api/post/compose
  16 threads and 32 connections
  Thread calibration: mean lat.: 18.605ms, rate sampling interval: 59ms
  Thread calibration: mean lat.: 16.587ms, rate sampling interval: 38ms
  Thread calibration: mean lat.: 15.765ms, rate sampling interval: 37ms
  Thread calibration: mean lat.: 18.224ms, rate sampling interval: 44ms
  Thread calibration: mean lat.: 18.724ms, rate sampling interval: 48ms
  Thread calibration: mean lat.: 18.276ms, rate sampling interval: 43ms
  Thread calibration: mean lat.: 18.175ms, rate sampling interval: 50ms
  Thread calibration: mean lat.: 16.851ms, rate sampling interval: 38ms
  Thread calibration: mean lat.: 17.134ms, rate sampling interval: 45ms
  Thread calibration: mean lat.: 18.185ms, rate sampling interval: 44ms
  Thread calibration: mean lat.: 17.635ms, rate sampling interval: 44ms
  Thread calibration: mean lat.: 16.150ms, rate sampling interval: 37ms
  Thread calibration: mean lat.: 16.500ms, rate sampling interval: 38ms
  Thread calibration: mean lat.: 18.440ms, rate sampling interval: 48ms
  Thread calibration: mean lat.: 17.746ms, rate sampling interval: 45ms
  Thread calibration: mean lat.: 17.128ms, rate sampling interval: 45ms
  Thread Stats   Avg      Stdev     99%   +/- Stdev
    Latency    18.29ms    7.82ms  37.06ms   93.41%
    Req/Sec     2.97      8.30    27.00     87.81%
  Latency Distribution (HdrHistogram - Recorded Latency)
 50.000%   16.69ms
 75.000%   19.60ms
 90.000%   23.98ms
 99.000%   37.06ms
 99.900%   53.25ms
 99.990%  226.30ms
 99.999%  699.39ms
100.000%    1.06s 

  Detailed Percentile spectrum:
       Value   Percentile   TotalCount 1/(1-Percentile)

      11.343     0.000000            1         1.00
      14.375     0.100000         5721         1.11
      14.943     0.200000        11392         1.25
      15.455     0.300000        17151         1.43
      15.999     0.400000        22835         1.67
      16.687     0.500000        28512         2.00
      17.119     0.550000        31390         2.22
      17.599     0.600000        34206         2.50
      18.143     0.650000        37016         2.86
      18.799     0.700000        39849         3.33
      19.599     0.750000        42703         4.00
      20.063     0.775000        44129         4.44
      20.591     0.800000        45540         5.00
      21.183     0.825000        46955         5.71
      21.935     0.850000        48391         6.67
      22.815     0.875000        49808         8.00
      23.359     0.887500        50506         8.89
      23.983     0.900000        51227        10.00
      24.671     0.912500        51928        11.43
      25.471     0.925000        52645        13.33
      26.415     0.937500        53350        16.00
      27.007     0.943750        53713        17.78
      27.647     0.950000        54060        20.00
      28.367     0.956250        54421        22.86
      29.119     0.962500        54777        26.67
      30.095     0.968750        55130        32.00
      30.719     0.971875        55310        35.56
      31.375     0.975000        55486        40.00
      32.159     0.978125        55667        45.71
      33.151     0.981250        55841        53.33
      34.335     0.984375        56019        64.00
      34.911     0.985938        56105        71.11
      35.743     0.987500        56196        80.00
      36.511     0.989062        56283        91.43
      37.535     0.990625        56374       106.67
      38.655     0.992188        56461       128.00
      39.391     0.992969        56507       142.22
      40.031     0.993750        56550       160.00
      40.991     0.994531        56594       182.86
      42.111     0.995313        56639       213.33
      43.103     0.996094        56683       256.00
      43.743     0.996484        56705       284.44
      44.479     0.996875        56728       320.00
      45.471     0.997266        56750       365.71
      46.399     0.997656        56773       426.67
      47.999     0.998047        56794       512.00
      48.671     0.998242        56806       568.89
      49.439     0.998437        56817       640.00
      50.527     0.998633        56828       731.43
      51.711     0.998828        56839       853.33
      53.471     0.999023        56850      1024.00
      54.239     0.999121        56855      1137.78
      56.799     0.999219        56861      1280.00
      57.791     0.999316        56867      1462.86
      60.543     0.999414        56872      1706.67
      62.239     0.999512        56878      2048.00
      63.167     0.999561        56880      2275.56
      67.647     0.999609        56883      2560.00
      74.879     0.999658        56886      2925.71
     183.551     0.999707        56889      3413.33
     216.447     0.999756        56892      4096.00
     220.799     0.999780        56893      4551.11
     222.207     0.999805        56894      5120.00
     223.615     0.999829        56896      5851.43
     223.871     0.999854        56897      6826.67
     226.303     0.999878        56899      8192.00
     226.303     0.999890        56899      9102.22
     227.967     0.999902        56900     10240.00
     231.423     0.999915        56901     11702.86
     231.423     0.999927        56901     13653.33
     232.319     0.999939        56902     16384.00
     232.319     0.999945        56902     18204.44
     246.143     0.999951        56903     20480.00
     246.143     0.999957        56903     23405.71
     246.143     0.999963        56903     27306.67
     699.391     0.999969        56904     32768.00
     699.391     0.999973        56904     36408.89
     699.391     0.999976        56904     40960.00
     699.391     0.999979        56904     46811.43
     699.391     0.999982        56904     54613.33
    1057.791     0.999985        56905     65536.00
    1057.791     1.000000        56905          inf
#[Mean    =       18.295, StdDeviation   =        7.819]
#[Max     =     1056.768, Total count    =        56905]
#[Buckets =           27, SubBuckets     =         2048]
----------------------------------------------------------
  57428 requests in 20.00m, 11.78MB read
  Socket errors: connect 0, read 0, write 0, timeout 918
Requests/sec:     47.85
Transfer/sec:     10.05KB
