Running 20m test @ http://10.103.99.109:8080/wrk2-api/home-timeline/read
  16 threads and 32 connections
  Thread calibration: mean lat.: 15.322ms, rate sampling interval: 46ms
  Thread calibration: mean lat.: 16.191ms, rate sampling interval: 51ms
  Thread calibration: mean lat.: 14.973ms, rate sampling interval: 45ms
  Thread calibration: mean lat.: 12.805ms, rate sampling interval: 36ms
  Thread calibration: mean lat.: 15.248ms, rate sampling interval: 45ms
  Thread calibration: mean lat.: 14.556ms, rate sampling interval: 44ms
  Thread calibration: mean lat.: 14.774ms, rate sampling interval: 47ms
  Thread calibration: mean lat.: 15.903ms, rate sampling interval: 49ms
  Thread calibration: mean lat.: 13.539ms, rate sampling interval: 38ms
  Thread calibration: mean lat.: 15.422ms, rate sampling interval: 45ms
  Thread calibration: mean lat.: 13.878ms, rate sampling interval: 43ms
  Thread calibration: mean lat.: 14.130ms, rate sampling interval: 42ms
  Thread calibration: mean lat.: 16.190ms, rate sampling interval: 53ms
  Thread calibration: mean lat.: 15.418ms, rate sampling interval: 50ms
  Thread calibration: mean lat.: 14.277ms, rate sampling interval: 41ms
  Thread calibration: mean lat.: 15.146ms, rate sampling interval: 45ms
  Thread Stats   Avg      Stdev     99%   +/- Stdev
    Latency    15.35ms    6.76ms  38.97ms   84.45%
    Req/Sec    22.00     21.94    88.00     83.84%
  Latency Distribution (HdrHistogram - Recorded Latency)
 50.000%   13.61ms
 75.000%   17.79ms
 90.000%   23.44ms
 99.000%   38.97ms
 99.900%   58.78ms
 99.990%  108.86ms
 99.999%  227.20ms
100.000%  233.85ms

  Detailed Percentile spectrum:
       Value   Percentile   TotalCount 1/(1-Percentile)

       0.801     0.000000            1         1.00
       9.663     0.100000        42038         1.11
      10.583     0.200000        84023         1.25
      11.487     0.300000       126175         1.43
      12.479     0.400000       167931         1.67
      13.607     0.500000       209816         2.00
      14.247     0.550000       230866         2.22
      14.943     0.600000       251724         2.50
      15.743     0.650000       272765         2.86
      16.671     0.700000       293670         3.33
      17.791     0.750000       314700         4.00
      18.431     0.775000       325308         4.44
      19.135     0.800000       335610         5.00
      19.951     0.825000       346128         5.71
      20.911     0.850000       356689         6.67
      22.063     0.875000       367175         8.00
      22.703     0.887500       372333         8.89
      23.439     0.900000       377566        10.00
      24.287     0.912500       382870        11.43
      25.247     0.925000       388055        13.33
      26.431     0.937500       393296        16.00
      27.119     0.943750       395952        17.78
      27.871     0.950000       398562        20.00
      28.735     0.956250       401165        22.86
      29.759     0.962500       403789        26.67
      30.959     0.968750       406425        32.00
      31.663     0.971875       407716        35.56
      32.447     0.975000       409048        40.00
      33.375     0.978125       410358        45.71
      34.495     0.981250       411674        53.33
      35.839     0.984375       412966        64.00
      36.575     0.985938       413617        71.11
      37.375     0.987500       414287        80.00
      38.303     0.989062       414936        91.43
      39.423     0.990625       415575       106.67
      40.831     0.992188       416234       128.00
      41.663     0.992969       416565       142.22
      42.591     0.993750       416887       160.00
      43.615     0.994531       417212       182.86
      44.767     0.995313       417544       213.33
      46.111     0.996094       417870       256.00
      46.879     0.996484       418032       284.44
      47.903     0.996875       418198       320.00
      48.927     0.997266       418362       365.71
      50.303     0.997656       418523       426.67
      52.095     0.998047       418688       512.00
      53.183     0.998242       418768       568.89
      54.303     0.998437       418851       640.00
      55.615     0.998633       418932       731.43
      57.055     0.998828       419014       853.33
      59.007     0.999023       419098      1024.00
      59.903     0.999121       419137      1137.78
      61.343     0.999219       419179      1280.00
      63.039     0.999316       419219      1462.86
      65.087     0.999414       419260      1706.67
      66.943     0.999512       419301      2048.00
      68.095     0.999561       419321      2275.56
      69.887     0.999609       419342      2560.00
      72.575     0.999658       419363      2925.71
      75.327     0.999707       419383      3413.33
      78.015     0.999756       419403      4096.00
      80.063     0.999780       419414      4551.11
      81.919     0.999805       419424      5120.00
      86.463     0.999829       419434      5851.43
      91.071     0.999854       419444      6826.67
      98.239     0.999878       419454      8192.00
     104.767     0.999890       419459      9102.22
     111.935     0.999902       419465     10240.00
     125.887     0.999915       419470     11702.86
     138.111     0.999927       419475     13653.33
     146.559     0.999939       419480     16384.00
     161.279     0.999945       419482     18204.44
     173.055     0.999951       419485     20480.00
     180.223     0.999957       419488     23405.71
     205.567     0.999963       419490     27306.67
     216.575     0.999969       419493     32768.00
     216.831     0.999973       419494     36408.89
     217.727     0.999976       419495     40960.00
     218.879     0.999979       419497     46811.43
     221.567     0.999982       419498     54613.33
     222.207     0.999985       419499     65536.00
     224.511     0.999986       419500     72817.78
     224.511     0.999988       419500     81920.00
     227.199     0.999989       419502     93622.86
     227.199     0.999991       419502    109226.67
     227.199     0.999992       419502    131072.00
     228.351     0.999993       419503    145635.56
     228.351     0.999994       419503    163840.00
     228.351     0.999995       419503    187245.71
     231.551     0.999995       419504    218453.33
     231.551     0.999996       419504    262144.00
     231.551     0.999997       419504    291271.11
     231.551     0.999997       419504    327680.00
     231.551     0.999997       419504    374491.43
     233.855     0.999998       419505    436906.67
     233.855     1.000000       419505          inf
#[Mean    =       15.352, StdDeviation   =        6.759]
#[Max     =      233.728, Total count    =       419505]
#[Buckets =           27, SubBuckets     =         2048]
----------------------------------------------------------
  423026 requests in 20.00m, 4.96GB read
Requests/sec:    352.50
Transfer/sec:      4.23MB
