Running 20m test @ http://10.103.99.109:8080/wrk2-api/user-timeline/read
  16 threads and 32 connections
  Thread calibration: mean lat.: 22.502ms, rate sampling interval: 60ms
  Thread calibration: mean lat.: 25.760ms, rate sampling interval: 72ms
  Thread calibration: mean lat.: 24.852ms, rate sampling interval: 67ms
  Thread calibration: mean lat.: 23.164ms, rate sampling interval: 62ms
  Thread calibration: mean lat.: 23.297ms, rate sampling interval: 65ms
  Thread calibration: mean lat.: 25.526ms, rate sampling interval: 71ms
  Thread calibration: mean lat.: 22.872ms, rate sampling interval: 60ms
  Thread calibration: mean lat.: 24.375ms, rate sampling interval: 69ms
  Thread calibration: mean lat.: 23.827ms, rate sampling interval: 67ms
  Thread calibration: mean lat.: 24.605ms, rate sampling interval: 70ms
  Thread calibration: mean lat.: 24.832ms, rate sampling interval: 77ms
  Thread calibration: mean lat.: 23.065ms, rate sampling interval: 63ms
  Thread calibration: mean lat.: 24.627ms, rate sampling interval: 73ms
  Thread calibration: mean lat.: 23.175ms, rate sampling interval: 66ms
  Thread calibration: mean lat.: 22.591ms, rate sampling interval: 63ms
  Thread calibration: mean lat.: 24.501ms, rate sampling interval: 68ms
  Thread Stats   Avg      Stdev     99%   +/- Stdev
    Latency    23.61ms    8.41ms  53.22ms   77.44%
    Req/Sec    10.80     12.48    48.00     83.26%
  Latency Distribution (HdrHistogram - Recorded Latency)
 50.000%   21.98ms
 75.000%   26.94ms
 90.000%   33.82ms
 99.000%   53.22ms
 99.900%   73.02ms
 99.990%   99.14ms
 99.999%  167.81ms
100.000%  260.22ms

  Detailed Percentile spectrum:
       Value   Percentile   TotalCount 1/(1-Percentile)

       4.627     0.000000            1         1.00
      15.207     0.100000        20987         1.11
      17.423     0.200000        41950         1.25
      19.087     0.300000        63120         1.43
      20.543     0.400000        84038         1.67
      21.983     0.500000       104888         2.00
      22.767     0.550000       115480         2.22
      23.615     0.600000       125871         2.50
      24.575     0.650000       136406         2.86
      25.631     0.700000       146779         3.33
      26.943     0.750000       157323         4.00
      27.695     0.775000       162552         4.44
      28.543     0.800000       167803         5.00
      29.519     0.825000       173036         5.71
      30.639     0.850000       178215         6.67
      32.063     0.875000       183462         8.00
      32.895     0.887500       186151         8.89
      33.823     0.900000       188755        10.00
      34.879     0.912500       191340        11.43
      36.191     0.925000       193978        13.33
      37.663     0.937500       196609        16.00
      38.495     0.943750       197885        17.78
      39.519     0.950000       199191        20.00
      40.639     0.956250       200502        22.86
      41.983     0.962500       201819        26.67
      43.583     0.968750       203113        32.00
      44.447     0.971875       203782        35.56
      45.439     0.975000       204440        40.00
      46.463     0.978125       205083        45.71
      47.807     0.981250       205737        53.33
      49.343     0.984375       206395        64.00
      50.271     0.985938       206721        71.11
      51.295     0.987500       207042        80.00
      52.383     0.989062       207369        91.43
      53.695     0.990625       207699       106.67
      55.135     0.992188       208026       128.00
      55.967     0.992969       208188       142.22
      57.119     0.993750       208354       160.00
      58.335     0.994531       208517       182.86
      59.583     0.995313       208685       213.33
      61.215     0.996094       208848       256.00
      61.887     0.996484       208927       284.44
      63.039     0.996875       209011       320.00
      64.063     0.997266       209091       365.71
      65.599     0.997656       209173       426.67
      67.391     0.998047       209256       512.00
      68.223     0.998242       209294       568.89
      69.247     0.998437       209338       640.00
      70.399     0.998633       209376       731.43
      71.743     0.998828       209418       853.33
      73.535     0.999023       209459      1024.00
      74.623     0.999121       209479      1137.78
      75.839     0.999219       209501      1280.00
      77.183     0.999316       209520      1462.86
      78.399     0.999414       209540      1706.67
      79.743     0.999512       209560      2048.00
      81.215     0.999561       209570      2275.56
      81.791     0.999609       209581      2560.00
      82.687     0.999658       209591      2925.71
      85.055     0.999707       209601      3413.33
      86.847     0.999756       209611      4096.00
      88.447     0.999780       209616      4551.11
      89.599     0.999805       209622      5120.00
      90.495     0.999829       209627      5851.43
      93.503     0.999854       209632      6826.67
      95.039     0.999878       209637      8192.00
      98.815     0.999890       209640      9102.22
      99.903     0.999902       209642     10240.00
     101.887     0.999915       209645     11702.86
     102.399     0.999927       209647     13653.33
     106.751     0.999939       209650     16384.00
     107.647     0.999945       209651     18204.44
     107.775     0.999951       209652     20480.00
     110.783     0.999957       209654     23405.71
     116.159     0.999963       209655     27306.67
     116.351     0.999969       209656     32768.00
     119.039     0.999973       209657     36408.89
     119.039     0.999976       209657     40960.00
     121.727     0.999979       209658     46811.43
     132.991     0.999982       209659     54613.33
     132.991     0.999985       209659     65536.00
     167.807     0.999986       209660     72817.78
     167.807     0.999988       209660     81920.00
     167.807     0.999989       209660     93622.86
     228.479     0.999991       209661    109226.67
     228.479     0.999992       209661    131072.00
     228.479     0.999993       209661    145635.56
     228.479     0.999994       209661    163840.00
     228.479     0.999995       209661    187245.71
     260.223     0.999995       209662    218453.33
     260.223     1.000000       209662          inf
#[Mean    =       23.614, StdDeviation   =        8.408]
#[Max     =      260.096, Total count    =       209662]
#[Buckets =           27, SubBuckets     =         2048]
----------------------------------------------------------
  211439 requests in 20.00m, 2.72GB read
Requests/sec:    176.19
Transfer/sec:      2.32MB
