Running 20m test @ http://10.107.223.238:8080/wrk2-api/post/compose
  16 threads and 32 connections
  Thread calibration: mean lat.: 18.037ms, rate sampling interval: 43ms
  Thread calibration: mean lat.: 18.311ms, rate sampling interval: 46ms
  Thread calibration: mean lat.: 19.340ms, rate sampling interval: 46ms
  Thread calibration: mean lat.: 20.067ms, rate sampling interval: 48ms
  Thread calibration: mean lat.: 19.313ms, rate sampling interval: 48ms
  Thread calibration: mean lat.: 18.169ms, rate sampling interval: 44ms
  Thread calibration: mean lat.: 20.061ms, rate sampling interval: 55ms
  Thread calibration: mean lat.: 19.317ms, rate sampling interval: 51ms
  Thread calibration: mean lat.: 17.725ms, rate sampling interval: 44ms
  Thread calibration: mean lat.: 19.034ms, rate sampling interval: 50ms
  Thread calibration: mean lat.: 18.278ms, rate sampling interval: 46ms
  Thread calibration: mean lat.: 20.081ms, rate sampling interval: 54ms
  Thread calibration: mean lat.: 18.738ms, rate sampling interval: 47ms
  Thread calibration: mean lat.: 20.151ms, rate sampling interval: 67ms
  Thread calibration: mean lat.: 20.127ms, rate sampling interval: 52ms
  Thread calibration: mean lat.: 18.740ms, rate sampling interval: 43ms
  Thread Stats   Avg      Stdev     99%   +/- Stdev
    Latency    19.37ms    6.58ms  42.27ms   88.42%
    Req/Sec     3.96      8.99    40.00     82.26%
  Latency Distribution (HdrHistogram - Recorded Latency)
 50.000%   17.50ms
 75.000%   21.23ms
 90.000%   26.66ms
 99.000%   42.27ms
 99.900%   59.68ms
 99.990%  219.90ms
 99.999%  239.87ms
100.000%  244.10ms

  Detailed Percentile spectrum:
       Value   Percentile   TotalCount 1/(1-Percentile)

      11.351     0.000000            1         1.00
      14.367     0.100000         7648         1.11
      15.111     0.200000        15288         1.25
      15.799     0.300000        22956         1.43
      16.559     0.400000        30540         1.67
      17.503     0.500000        38128         2.00
      18.047     0.550000        41964         2.22
      18.671     0.600000        45830         2.50
      19.359     0.650000        49623         2.86
      20.191     0.700000        53386         3.33
      21.231     0.750000        57230         4.00
      21.807     0.775000        59115         4.44
      22.463     0.800000        61004         5.00
      23.279     0.825000        62905         5.71
      24.159     0.850000        64808         6.67
      25.279     0.875000        66723         8.00
      25.935     0.887500        67672         8.89
      26.655     0.900000        68627        10.00
      27.487     0.912500        69574        11.43
      28.415     0.925000        70537        13.33
      29.551     0.937500        71480        16.00
      30.271     0.943750        71953        17.78
      31.071     0.950000        72431        20.00
      31.935     0.956250        72909        22.86
      33.023     0.962500        73385        26.67
      34.239     0.968750        73863        32.00
      34.911     0.971875        74098        35.56
      35.743     0.975000        74342        40.00
      36.767     0.978125        74577        45.71
      37.695     0.981250        74815        53.33
      38.975     0.984375        75054        64.00
      39.935     0.985938        75173        71.11
      40.735     0.987500        75290        80.00
      41.631     0.989062        75409        91.43
      42.783     0.990625        75530       106.67
      44.127     0.992188        75646       128.00
      44.895     0.992969        75705       142.22
      45.759     0.993750        75767       160.00
      46.815     0.994531        75826       182.86
      47.871     0.995313        75884       213.33
      49.183     0.996094        75944       256.00
      49.919     0.996484        75973       284.44
      50.719     0.996875        76003       320.00
      51.743     0.997266        76034       365.71
      52.799     0.997656        76063       426.67
      54.463     0.998047        76094       512.00
      55.263     0.998242        76107       568.89
      56.255     0.998437        76122       640.00
      57.279     0.998633        76137       731.43
      57.855     0.998828        76152       853.33
      59.807     0.999023        76167      1024.00
      60.767     0.999121        76174      1137.78
      61.919     0.999219        76182      1280.00
      63.487     0.999316        76189      1462.86
      65.087     0.999414        76197      1706.67
      66.559     0.999512        76204      2048.00
      68.991     0.999561        76208      2275.56
      69.951     0.999609        76212      2560.00
      71.999     0.999658        76216      2925.71
      72.639     0.999707        76219      3413.33
      75.775     0.999756        76223      4096.00
     100.287     0.999780        76225      4551.11
     171.135     0.999805        76227      5120.00
     181.631     0.999829        76228      5851.43
     216.191     0.999854        76230      6826.67
     219.263     0.999878        76232      8192.00
     219.903     0.999890        76233      9102.22
     221.055     0.999902        76234     10240.00
     221.567     0.999915        76235     11702.86
     224.383     0.999927        76236     13653.33
     228.479     0.999939        76237     16384.00
     228.479     0.999945        76237     18204.44
     228.607     0.999951        76238     20480.00
     228.607     0.999957        76238     23405.71
     228.735     0.999963        76239     27306.67
     228.735     0.999969        76239     32768.00
     228.735     0.999973        76239     36408.89
     239.871     0.999976        76240     40960.00
     239.871     0.999979        76240     46811.43
     239.871     0.999982        76240     54613.33
     239.871     0.999985        76240     65536.00
     239.871     0.999986        76240     72817.78
     244.095     0.999988        76241     81920.00
     244.095     1.000000        76241          inf
#[Mean    =       19.372, StdDeviation   =        6.583]
#[Max     =      243.968, Total count    =        76241]
#[Buckets =           27, SubBuckets     =         2048]
----------------------------------------------------------
  76928 requests in 20.00m, 15.77MB read
  Socket errors: connect 0, read 0, write 0, timeout 351
Requests/sec:     64.10
Transfer/sec:     13.46KB
