Running 20m test @ http://10.107.223.238:8080/wrk2-api/home-timeline/read
  16 threads and 32 connections
  Thread calibration: mean lat.: 15.667ms, rate sampling interval: 53ms
  Thread calibration: mean lat.: 15.858ms, rate sampling interval: 48ms
  Thread calibration: mean lat.: 16.416ms, rate sampling interval: 51ms
  Thread calibration: mean lat.: 16.096ms, rate sampling interval: 52ms
  Thread calibration: mean lat.: 16.824ms, rate sampling interval: 51ms
  Thread calibration: mean lat.: 14.324ms, rate sampling interval: 42ms
  Thread calibration: mean lat.: 15.732ms, rate sampling interval: 49ms
  Thread calibration: mean lat.: 14.907ms, rate sampling interval: 43ms
  Thread calibration: mean lat.: 15.305ms, rate sampling interval: 48ms
  Thread calibration: mean lat.: 15.769ms, rate sampling interval: 50ms
  Thread calibration: mean lat.: 17.272ms, rate sampling interval: 61ms
  Thread calibration: mean lat.: 16.171ms, rate sampling interval: 51ms
  Thread calibration: mean lat.: 15.806ms, rate sampling interval: 47ms
  Thread calibration: mean lat.: 15.666ms, rate sampling interval: 48ms
  Thread calibration: mean lat.: 15.437ms, rate sampling interval: 52ms
  Thread calibration: mean lat.: 15.743ms, rate sampling interval: 50ms
  Thread Stats   Avg      Stdev     99%   +/- Stdev
    Latency    16.46ms    7.88ms  44.96ms   84.84%
    Req/Sec    25.98     22.44    86.00     59.84%
  Latency Distribution (HdrHistogram - Recorded Latency)
 50.000%   14.26ms
 75.000%   19.23ms
 90.000%   26.06ms
 99.000%   44.96ms
 99.900%   66.69ms
 99.990%   99.58ms
 99.999%  232.83ms
100.000%  249.60ms

  Detailed Percentile spectrum:
       Value   Percentile   TotalCount 1/(1-Percentile)

       0.654     0.000000            1         1.00
       9.759     0.100000        49907         1.11
      10.783     0.200000        99375         1.25
      11.823     0.300000       149005         1.43
      12.959     0.400000       198572         1.67
      14.263     0.500000       248112         2.00
      14.999     0.550000       272699         2.22
      15.839     0.600000       297544         2.50
      16.799     0.650000       322360         2.86
      17.919     0.700000       347276         3.33
      19.231     0.750000       371910         4.00
      19.999     0.775000       384470         4.44
      20.847     0.800000       396730         5.00
      21.839     0.825000       409164         5.71
      22.975     0.850000       421409         6.67
      24.351     0.875000       433831         8.00
      25.167     0.887500       440070         8.89
      26.063     0.900000       446253        10.00
      27.103     0.912500       452390        11.43
      28.303     0.925000       458577        13.33
      29.727     0.937500       464780        16.00
      30.543     0.943750       467880        17.78
      31.503     0.950000       471005        20.00
      32.575     0.956250       474087        22.86
      33.823     0.962500       477236        26.67
      35.295     0.968750       480293        32.00
      36.159     0.971875       481818        35.56
      37.151     0.975000       483392        40.00
      38.303     0.978125       484916        45.71
      39.615     0.981250       486475        53.33
      41.151     0.984375       488020        64.00
      42.079     0.985938       488799        71.11
      43.039     0.987500       489573        80.00
      44.223     0.989062       490342        91.43
      45.503     0.990625       491119       106.67
      47.199     0.992188       491904       128.00
      48.127     0.992969       492277       142.22
      49.183     0.993750       492658       160.00
      50.431     0.994531       493051       182.86
      51.775     0.995313       493432       213.33
      53.407     0.996094       493824       256.00
      54.463     0.996484       494013       284.44
      55.519     0.996875       494208       320.00
      56.895     0.997266       494404       365.71
      58.335     0.997656       494596       426.67
      60.095     0.998047       494790       512.00
      61.119     0.998242       494884       568.89
      62.175     0.998437       494981       640.00
      63.551     0.998633       495079       731.43
      65.247     0.998828       495176       853.33
      67.007     0.999023       495274      1024.00
      68.031     0.999121       495323      1137.78
      69.247     0.999219       495368      1280.00
      70.527     0.999316       495418      1462.86
      72.319     0.999414       495467      1706.67
      74.111     0.999512       495513      2048.00
      75.327     0.999561       495539      2275.56
      76.479     0.999609       495562      2560.00
      78.975     0.999658       495586      2925.71
      81.023     0.999707       495610      3413.33
      84.159     0.999756       495634      4096.00
      85.951     0.999780       495647      4551.11
      88.127     0.999805       495659      5120.00
      89.599     0.999829       495671      5851.43
      91.711     0.999854       495683      6826.67
      96.639     0.999878       495695      8192.00
      98.815     0.999890       495702      9102.22
     100.159     0.999902       495707     10240.00
     102.399     0.999915       495713     11702.86
     105.791     0.999927       495719     13653.33
     116.671     0.999939       495725     16384.00
     133.759     0.999945       495728     18204.44
     143.231     0.999951       495731     20480.00
     157.567     0.999957       495734     23405.71
     163.839     0.999963       495737     27306.67
     205.055     0.999969       495740     32768.00
     211.455     0.999973       495742     36408.89
     218.111     0.999976       495743     40960.00
     221.439     0.999979       495745     46811.43
     223.359     0.999982       495746     54613.33
     232.063     0.999985       495748     65536.00
     232.319     0.999986       495749     72817.78
     232.319     0.999988       495749     81920.00
     232.831     0.999989       495750     93622.86
     234.495     0.999991       495751    109226.67
     235.903     0.999992       495752    131072.00
     235.903     0.999993       495752    145635.56
     235.903     0.999994       495752    163840.00
     236.543     0.999995       495753    187245.71
     236.543     0.999995       495753    218453.33
     240.895     0.999996       495754    262144.00
     240.895     0.999997       495754    291271.11
     240.895     0.999997       495754    327680.00
     240.895     0.999997       495754    374491.43
     240.895     0.999998       495754    436906.67
     249.599     0.999998       495755    524288.00
     249.599     1.000000       495755          inf
#[Mean    =       16.457, StdDeviation   =        7.879]
#[Max     =      249.472, Total count    =       495755]
#[Buckets =           27, SubBuckets     =         2048]
----------------------------------------------------------
  499914 requests in 20.00m, 5.92GB read
Requests/sec:    416.57
Transfer/sec:      5.05MB
