Running 20m test @ http://10.107.223.238:8080/wrk2-api/user-timeline/read
  16 threads and 32 connections
  Thread calibration: mean lat.: 22.661ms, rate sampling interval: 68ms
  Thread calibration: mean lat.: 25.687ms, rate sampling interval: 78ms
  Thread calibration: mean lat.: 25.057ms, rate sampling interval: 73ms
  Thread calibration: mean lat.: 27.966ms, rate sampling interval: 90ms
  Thread calibration: mean lat.: 25.964ms, rate sampling interval: 78ms
  Thread calibration: mean lat.: 24.815ms, rate sampling interval: 76ms
  Thread calibration: mean lat.: 25.470ms, rate sampling interval: 75ms
  Thread calibration: mean lat.: 24.421ms, rate sampling interval: 66ms
  Thread calibration: mean lat.: 26.785ms, rate sampling interval: 82ms
  Thread calibration: mean lat.: 24.275ms, rate sampling interval: 67ms
  Thread calibration: mean lat.: 25.285ms, rate sampling interval: 77ms
  Thread calibration: mean lat.: 25.637ms, rate sampling interval: 75ms
  Thread calibration: mean lat.: 25.497ms, rate sampling interval: 71ms
  Thread calibration: mean lat.: 24.731ms, rate sampling interval: 72ms
  Thread calibration: mean lat.: 24.021ms, rate sampling interval: 73ms
  Thread calibration: mean lat.: 25.150ms, rate sampling interval: 75ms
  Thread Stats   Avg      Stdev     99%   +/- Stdev
    Latency    25.24ms   10.10ms  61.28ms   78.62%
    Req/Sec    12.78     12.82    51.00     83.62%
  Latency Distribution (HdrHistogram - Recorded Latency)
 50.000%   22.93ms
 75.000%   29.06ms
 90.000%   37.79ms
 99.000%   61.28ms
 99.900%   86.91ms
 99.990%  115.52ms
 99.999%  145.28ms
100.000%  245.25ms

  Detailed Percentile spectrum:
       Value   Percentile   TotalCount 1/(1-Percentile)

       0.788     0.000000            1         1.00
      15.551     0.100000        24798         1.11
      17.887     0.200000        49689         1.25
      19.631     0.300000        74475         1.43
      21.247     0.400000        99236         1.67
      22.927     0.500000       124075         2.00
      23.855     0.550000       136321         2.22
      24.895     0.600000       148760         2.50
      26.063     0.650000       161158         2.86
      27.423     0.700000       173492         3.33
      29.055     0.750000       185854         4.00
      30.015     0.775000       192075         4.44
      31.103     0.800000       198218         5.00
      32.367     0.825000       204438         5.71
      33.855     0.850000       210710         6.67
      35.583     0.875000       216868         8.00
      36.639     0.887500       219957         8.89
      37.791     0.900000       223042        10.00
      39.103     0.912500       226145        11.43
      40.607     0.925000       229217        13.33
      42.399     0.937500       232291        16.00
      43.487     0.943750       233818        17.78
      44.703     0.950000       235381        20.00
      45.983     0.956250       236911        22.86
      47.551     0.962500       238476        26.67
      49.343     0.968750       240013        32.00
      50.463     0.971875       240789        35.56
      51.711     0.975000       241577        40.00
      53.119     0.978125       242342        45.71
      54.655     0.981250       243114        53.33
      56.639     0.984375       243893        64.00
      57.663     0.985938       244276        71.11
      58.943     0.987500       244659        80.00
      60.383     0.989062       245050        91.43
      61.919     0.990625       245433       106.67
      63.935     0.992188       245822       128.00
      65.151     0.992969       246009       142.22
      66.367     0.993750       246204       160.00
      68.095     0.994531       246399       182.86
      69.823     0.995313       246592       213.33
      71.807     0.996094       246783       256.00
      73.023     0.996484       246886       284.44
      74.111     0.996875       246976       320.00
      75.647     0.997266       247078       365.71
      77.247     0.997656       247171       426.67
      79.167     0.998047       247270       512.00
      80.703     0.998242       247317       568.89
      81.855     0.998437       247364       640.00
      83.519     0.998633       247414       731.43
      85.375     0.998828       247461       853.33
      87.167     0.999023       247509      1024.00
      88.127     0.999121       247534      1137.78
      89.663     0.999219       247557      1280.00
      91.007     0.999316       247581      1462.86
      92.991     0.999414       247606      1706.67
      95.487     0.999512       247630      2048.00
      96.575     0.999561       247643      2275.56
      98.047     0.999609       247654      2560.00
      99.775     0.999658       247667      2925.71
     101.055     0.999707       247679      3413.33
     102.591     0.999756       247690      4096.00
     103.743     0.999780       247696      4551.11
     105.343     0.999805       247703      5120.00
     106.495     0.999829       247708      5851.43
     109.055     0.999854       247715      6826.67
     111.295     0.999878       247720      8192.00
     112.639     0.999890       247723      9102.22
     115.711     0.999902       247726     10240.00
     116.735     0.999915       247729     11702.86
     119.871     0.999927       247732     13653.33
     122.367     0.999939       247735     16384.00
     123.135     0.999945       247737     18204.44
     123.455     0.999951       247738     20480.00
     127.167     0.999957       247740     23405.71
     127.679     0.999963       247741     27306.67
     133.119     0.999969       247743     32768.00
     133.375     0.999973       247744     36408.89
     133.375     0.999976       247744     40960.00
     135.295     0.999979       247745     46811.43
     136.063     0.999982       247746     54613.33
     137.727     0.999985       247747     65536.00
     137.727     0.999986       247747     72817.78
     137.727     0.999988       247747     81920.00
     145.279     0.999989       247748     93622.86
     145.279     0.999991       247748    109226.67
     146.687     0.999992       247749    131072.00
     146.687     0.999993       247749    145635.56
     146.687     0.999994       247749    163840.00
     146.687     0.999995       247749    187245.71
     146.687     0.999995       247749    218453.33
     245.247     0.999996       247750    262144.00
     245.247     1.000000       247750          inf
#[Mean    =       25.245, StdDeviation   =       10.101]
#[Max     =      245.120, Total count    =       247750]
#[Buckets =           27, SubBuckets     =         2048]
----------------------------------------------------------
  249834 requests in 20.00m, 3.17GB read
Requests/sec:    208.18
Transfer/sec:      2.71MB
